0 0.3786211539740428 0.03326883573315294 0.24073882341604058 0.10094652382089274 
1 0.3786211539740428 0.03813364577559882 0.24210118744710554 0.1103970624508311 
2 0.3786211539740428 0.14168300095154235 0.25309850225964975 0.10070329137034056 
3 0.39447194538725017 0.046433261321460834 0.23828138299273255 0.10724080748736756 
4 0.39447194538725017 0.03979448968423519 0.2553919402518303 0.10871006441304903 
5 0.39447194538725017 0.06294694084051426 0.24647576683598224 0.11471693888102527 
6 0.39447194538725017 0.14168300095154235 0.23750704478725687 0.11279955382400486 
7 0.3999598146230914 0.05407452545709922 0.27254773217119566 0.11505115177658753 
8 0.3999598146230914 0.14168300095154235 0.2713035140469272 0.12000070155233786 
9 0.3999598146230914 0.043602460271749806 0.25425695389132225 0.12986251661082027 
10 0.3999598146230914 0.03114153326481084 0.2942537121841722 0.1269657149115053 
11 0.4080220843357954 0.07777412069022031 0.30039367864080585 0.11677897645302902 
12 0.4167474911989838 0.04815060560647721 0.26055343754738663 0.12596061210840587 
13 0.4167474911989838 0.03592147628427668 0.25784160483686863 0.12553527124111968 
14 0.4175269361213782 0.0320620300598605 0.28047867726641806 0.12536157525122807 
15 0.4175269361213782 0.13718024645600652 0.27015923254980884 0.12027062036329447 
16 0.4175269361213782 0.06684633802371767 0.2796460844634983 0.12771904226015485 
17 0.42157748192775574 0.05108323459262595 0.2727919144688836 0.13039561675841257 
18 0.42157748192775574 0.05550741511258517 0.2763112003889171 0.1274948917012178 
19 0.42157748192775574 0.03643424017712092 0.2703593440693697 0.13592792216255134 
20 0.42157748192775574 0.03283805246549095 0.2731105731047822 0.13272597845417605 
21 0.42157748192775574 0.03248092752232509 0.2368486690206419 0.1323042857302462 
22 0.42157748192775574 0.09416553897441059 0.25019224696440134 0.12973064376010437 
23 0.42157748192775574 0.06492423925219827 0.26058125047815045 0.13216694270282475 
24 0.42157748192775574 0.11979085889384426 0.2713602863040556 0.12910677496540324 
25 0.4240273427225836 0.03161335286183915 0.2760909700447336 0.1392457712314767 
26 0.4240273427225836 0.04165183526349357 0.2444220522593271 0.13254553863031224 
27 0.4240273427225836 0.14168300095154235 0.2696744505676361 0.12190316339029408 
28 0.4240273427225836 0.03456808027917867 0.23292481237016543 0.12339247679966288 
29 0.4240273427225836 0.029578868777010676 0.25270429141996226 0.13318681097315402 
30 0.4271150581432575 0.14168300095154235 0.27168727450299535 0.1329665528281192 
31 0.4271150581432575 0.05495823794602688 0.27008137084261036 0.1418725307993761 
32 0.4271150581432575 0.032409941048318305 0.25491913509233893 0.1380193633846115 
33 0.4271181663765101 0.13786658277173808 0.2636548792702584 0.13376371827545122 
34 0.4271181663765101 0.14168300095154235 0.278158059465856 0.1326646977682794 
35 0.4271181663765101 0.14168300095154235 0.2913538818769206 0.13185560276065883 
36 0.4271181663765101 0.03263238487489898 0.2859499569242661 0.1367068052059832 
37 0.42744779605236277 0.03174313654361862 0.2911157055375776 0.13814919859057445 
38 0.42744779605236277 0.14168300095154235 0.31385898948733026 0.12977976455136328 
39 0.42744779605236277 0.0848004363453451 0.2748851103982387 0.12924040782871044 
40 0.42744779605236277 0.11034422395731514 0.2791490009250154 0.13574275643023967 
41 0.42744779605236277 0.03244284408981818 0.27947823902168717 0.13830520268601756 
42 0.4279479917648595 0.1307848253722504 0.31463901530411004 0.12859059351858557 
43 0.4279479917648595 0.1307848253722504 0.26882698485288237 0.13510153212524312 
44 0.4279479917648595 0.04328964560379234 0.24590308467145833 0.13280842666466458 
45 0.4279479917648595 0.04596529271413814 0.26115214493565647 0.1321056918357598 
46 0.4279479917648595 0.04383751233168396 0.2528631745686592 0.13753007604651152 
47 0.4279479917648595 0.14168300095154235 0.2802735953449218 0.1366628755675412 
48 0.4279479917648595 0.11891203844932546 0.28263487069886073 0.1354970757116361 
49 0.4279479917648595 0.042025115029557476 0.28469986295996463 0.13542606034926236 
50 0.4279479917648595 0.11000776206681899 0.29559663821378157 0.13077060410218208 
51 0.4279479917648595 0.041270857210373095 0.26592695893618035 0.1358326813455117 
52 0.4279479917648595 0.04161254092553473 0.2855192455493499 0.13393137819886952 
53 0.4279479917648595 0.0830066788955565 0.26870903198379265 0.1292152992946774 
54 0.42830558034489 0.029410081076568548 0.2892198924926173 0.13060469844837436 
55 0.42830558034489 0.03515265850639116 0.2794179107650543 0.14150264779511107 
56 0.42830558034489 0.14168300095154235 0.2922788184240337 0.13594086101330277 
57 0.42830558034489 0.044191105853439 0.25752380210377435 0.13761281618426954 
58 0.42830558034489 0.04544000933133606 0.2595626609382995 0.1339996414991982 
59 0.42830558034489 0.07102411884941401 0.26591559775387485 0.1429225259173095 
60 0.42830558034489 0.0323581326444347 0.287974476324006 0.142705174982604 
61 0.42830558034489 0.028374054544013108 0.2600626834950029 0.1399944004895341 
62 0.42830558034489 0.14168300095154235 0.2986890221962024 0.13264126891206007 
63 0.42830558034489 0.030011877257518985 0.289957881988621 0.14011718631284104 
64 0.42830558034489 0.028443140004425063 0.2915546735056517 0.13741789941879642 
65 0.42830558034489 0.04506118688167542 0.2948840571221187 0.14006049395460662 
66 0.42830558034489 0.02832691070092557 0.3072716751728529 0.13696357324412556 
67 0.42830558034489 0.14168300095154235 0.2889816861700799 0.13761191407534695 
68 0.42830558034489 0.14168300095154235 0.26518147151384514 0.13668798791889164 
69 0.42830558034489 0.029836669608202096 0.2881973303045863 0.14400005227546395 
70 0.42830558034489 0.12030406518407286 0.2682070987127206 0.1435760062110932 
71 0.42830558034489 0.031911674407464875 0.2825360013677631 0.14613397202893044 
72 0.4317844675206678 0.0526632238371159 0.26929893561523427 0.13959928580617434 
73 0.4317844675206678 0.032379277074450145 0.2774843173818598 0.14168187372091418 
74 0.4317844675206678 0.10943536787544494 0.2808847654193967 0.13814509145415396 
75 0.4317844675206678 0.13512710631411431 0.28273644556481464 0.1352362603047129 
76 0.4317844675206678 0.13512710631411431 0.26707824820037446 0.13820026300610555 
77 0.4317844675206678 0.14168300095154235 0.3000249453269413 0.13361403719595805 
78 0.4317844675206678 0.04452846402682155 0.28220242774686166 0.13852458052981964 
79 0.4317844675206678 0.14168300095154235 0.29847250507069834 0.13068549805546004 
80 0.4317844675206678 0.14168300095154235 0.2878675126864291 0.1328052668203047 
81 0.4317844675206678 0.05528188047568618 0.27219777336624384 0.1425395791841185 
82 0.4317844675206678 0.14168300095154235 0.2837323052340449 0.13587438544978225 
83 0.4317844675206678 0.09381875868790818 0.2868267369680925 0.13748943165253819 
84 0.4317844675206678 0.050174287791856634 0.2554281858458576 0.1371482470838333 
85 0.4317844675206678 0.1408765728021868 0.2818138564034205 0.13585543468078165 
86 0.4317844675206678 0.14168300095154235 0.286005341125369 0.13599437425664063 
87 0.4333250811303308 0.037117237233292424 0.3068033816218526 0.1305031051303228 
88 0.4333250811303308 0.03881056533675678 0.29305478875497804 0.1361874031932603 
89 0.4333250811303308 0.0891817709687239 0.28176576742710685 0.13125756360238836 
90 0.4333250811303308 0.04165980023262976 0.2783797987726804 0.13499954726273278 
91 0.4333250811303308 0.10395977110936326 0.2557548971233896 0.12856865741798798 
92 0.4333250811303308 0.14168300095154235 0.27535117884375415 0.13638567284822645 
93 0.4333250811303308 0.07339794632244444 0.2549080333416391 0.14084615343720996 
94 0.4344538567403506 0.06694044353802037 0.2937009411157537 0.1448190329775209 
95 0.43776361761352295 0.031095358784401995 0.30725184552109325 0.1469092346450023 
96 0.43838436194415026 0.03275339406951276 0.3088695495434711 0.14370455041368257 
97 0.43838436194415026 0.04500942072323676 0.27729924698520125 0.14423437301142128 
98 0.43838436194415026 0.04700489652103414 0.2995540759103826 0.14364252857255716 
99 0.43838436194415026 0.14168300095154235 0.3112935919711043 0.1305674705130164 
100 0.43838436194415026 0.031718227956196964 0.27428343421515416 0.14414187456597316 
101 0.43838436194415026 0.06043948900882689 0.2809364746811501 0.141787187655944 
102 0.43838436194415026 0.041044589214154846 0.26767641100326933 0.14966386024942263 
103 0.43838436194415026 0.030457925770925137 0.24948810047412465 0.1445873152667324 
104 0.43838436194415026 0.028637236523056105 0.27066575121485414 0.14264174050813747 
105 0.43838436194415026 0.14168300095154235 0.27137866204152034 0.14212002415360087 
106 0.43838436194415026 0.14168300095154235 0.2848213950216266 0.1394261110635871 
107 0.43838436194415026 0.032148624421653324 0.28048158190836764 0.1434701782650318 
108 0.43838436194415026 0.12172280954263157 0.27657521447624167 0.13713613375083245 
109 0.43838436194415026 0.037378899610435744 0.2868878260471934 0.1421948827598355 
110 0.43838436194415026 0.031291025476895745 0.2970740966065359 0.14625554063306076 
111 0.43838436194415026 0.14168300095154235 0.2951515994991293 0.14027913412592702 
112 0.43838436194415026 0.029219868331818673 0.31597120534283324 0.14014852226951782 
113 0.43838436194415026 0.039620529802083665 0.3248944281620514 0.13216645091962123 
114 0.43838436194415026 0.053532327260345444 0.31041937585131146 0.14075300091955914 
115 0.43838436194415026 0.028584441385217117 0.27344793823614044 0.14942280038378458 
116 0.43838436194415026 0.0293224665069834 0.27754365356660515 0.1386515393503424 
117 0.4427656578545472 0.02983909699395178 0.2852859881171997 0.14115176337233334 
118 0.4427656578545472 0.09575095093884123 0.28445845702507483 0.13928895585401369 
119 0.4432849337383372 0.10860873722012403 0.31166071452974375 0.13975776509604548 
120 0.4432849337383372 0.037208314878686415 0.2827201729870168 0.14560004562816836 
121 0.4432849337383372 0.028984660350146844 0.304426680959095 0.1461385182671493 
122 0.4432849337383372 0.09817062266564305 0.25711156710948646 0.14429461743326127 
123 0.4488760315197624 0.07882116839841705 0.29345395326306295 0.14388641123780763 
124 0.4488760315197624 0.06637458673253968 0.29638852170454855 0.14243261584004183 
125 0.4488760315197624 0.04093366540931522 0.27561119832730385 0.14224087522313686 
126 0.4488760315197624 0.028938854041864946 0.2797644903006606 0.15094629315654828 
127 0.4488760315197624 0.03754731081085327 0.2907220794401791 0.15155577428079406 
128 0.4488760315197624 0.028370751655542013 0.318937104788429 0.14522704796781716 
129 0.4488760315197624 0.14168300095154235 0.3033706256506606 0.1443988047672371 
130 0.4488760315197624 0.030414015129769573 0.29014631799477575 0.14682588346510084 
131 0.4488760315197624 0.041205051768522426 0.297196227819281 0.1452283493394872 
132 0.4488760315197624 0.07751285479117101 0.2896241380770834 0.15441563238178518 
133 0.4488760315197624 0.030568657618238786 0.2968574561220546 0.15305958898091937 
134 0.4488760315197624 0.028486593254301334 0.2914200917552716 0.1483088258166697 
135 0.4490040942616271 0.14168300095154235 0.2844542813290858 0.14851860534037545 
136 0.45132732662958647 0.029312386787797573 0.2815308529714044 0.15405939428384344 
137 0.45132732662958647 0.028806430043327128 0.3189800143539055 0.14638010636818996 
138 0.45132732662958647 0.0345403763598709 0.28705232245908335 0.15475733986452844 
139 0.45132732662958647 0.051594800213596664 0.30155843428117046 0.14852876694061298 
140 0.45132732662958647 0.051594800213596664 0.2585873996373376 0.14373868509622892 
141 0.45259280952365133 0.051594800213596664 0.31984722850584796 0.14879270422442206 
142 0.45259280952365133 0.14168300095154235 0.31259686569776535 0.143038411014113 
143 0.45259280952365133 0.03646256812514391 0.257875420742144 0.1514079223641244 
144 0.45259280952365133 0.08156955191510078 0.266710141057231 0.1501582577378427 
145 0.45259280952365133 0.028341678443383558 0.29107171726079983 0.15760716145424955 
146 0.45259280952365133 0.14168300095154235 0.30348799303393004 0.14136592020565913 
147 0.45259280952365133 0.058105825890315044 0.29101088987876844 0.14518231092064676 
148 0.45259280952365133 0.035344604949010684 0.2727695677283871 0.14652572289293656 
149 0.48125312981190005 0.03578899038536134 0.3086086423013286 0.15492211673886247 
150 0.48125312981190005 0.03578899038536134 0.28249911016533374 0.15468200919693822 
151 0.48125312981190005 0.10845923712749161 0.293222134217393 0.14949881117984243 
152 0.48125312981190005 0.03797586242024314 0.31031015590194067 0.15011422209447253 
153 0.48125312981190005 0.14168300095154235 0.31479620000012665 0.1485583415396501 
154 0.48125312981190005 0.06245925549517901 0.33426382762651097 0.14942770669756433 
155 0.48125312981190005 0.02914813814062385 0.2692947663603652 0.1509239335744685 
156 0.48125312981190005 0.030513831277359776 0.2790569222165058 0.1627658673930714 
157 0.48125312981190005 0.029040361524815025 0.2732836727447612 0.1646767050898372 
158 0.48125312981190005 0.14168300095154235 0.30446349548428076 0.16153990390534945 
159 0.48125312981190005 0.06871602815126437 0.2935041928356457 0.162466207235777 
160 0.48125312981190005 0.14168300095154235 0.33237710015466504 0.1666000523798418 
161 0.48125312981190005 0.13936352478691597 0.33587903351958404 0.1593155232112733 
162 0.48125312981190005 0.03267142989938687 0.3259224269316649 0.16123119670484412 
163 0.48125312981190005 0.1055850884498994 0.3378170436557732 0.1499725537994899 
164 0.48125312981190005 0.05450061812303401 0.2886806610254839 0.15988626511203743 
165 0.48125312981190005 0.02950096748385593 0.29013948148927277 0.16212328794089792 
166 0.48125312981190005 0.03441752486237452 0.27273585684058876 0.169983775880176 
167 0.48125312981190005 0.032438272967162965 0.2996665771840735 0.16825471961188007 
168 0.48125312981190005 0.032977489498343976 0.28813491283103276 0.16889371788281063 
169 0.48125312981190005 0.08780833819091526 0.2776517197172459 0.16452383211930363 
170 0.48125312981190005 0.03095198394088475 0.32607473901981615 0.1662184831710652 
171 0.48125312981190005 0.14168300095154235 0.32615904343619617 0.1590039172727535 
172 0.48125312981190005 0.034636472895750225 0.3265196719696861 0.16656261305936568 
173 0.48125312981190005 0.029415988579413466 0.3176544970716577 0.16671623923466605 
174 0.48125312981190005 0.10784437534721728 0.28874863796223676 0.1573603925646606 
175 0.48125312981190005 0.036960346615291635 0.2849285478282638 0.1697169869240243 
176 0.48125312981190005 0.10784437534721728 0.3059813747500837 0.16619352542168284 
177 0.48125312981190005 0.14168300095154235 0.344080766461834 0.1534977017106726 
178 0.48125312981190005 0.14168300095154235 0.3201922490703129 0.16251685207542163 
179 0.48125312981190005 0.029204032282756524 0.3159588058556225 0.1659631353646321 
180 0.48125312981190005 0.1344814875618837 0.32109622650121855 0.1618531191265654 
181 0.48125312981190005 0.035028163979437754 0.3104025035957511 0.16099084126183022 
182 0.48125312981190005 0.029984021561725225 0.2723981638081311 0.16418052842149303 
183 0.48125312981190005 0.09903405607971436 0.29218125941085527 0.15819545354152206 
184 0.48125312981190005 0.06424839884387418 0.2879117278218887 0.15907969437764638 
185 0.48125312981190005 0.03292665698973995 0.2866257421569304 0.15624912994749984 
186 0.48125312981190005 0.028478420822493737 0.3030154218744738 0.1640203420741726 
187 0.48125312981190005 0.03448339920867713 0.3044110441270138 0.16192471368400388 
188 0.48125312981190005 0.14168300095154235 0.32790476839878635 0.15693372001580297 
189 0.48125312981190005 0.028413005699170754 0.32975637683598025 0.16684055312013218 
190 0.48125312981190005 0.14168300095154235 0.3427336813432441 0.15489805250677205 
191 0.48125312981190005 0.06157032499904142 0.3146887500748287 0.1578782956130987 
192 0.48125312981190005 0.14168300095154235 0.31103811284691313 0.16294608506407587 
193 0.48125312981190005 0.06286696099917163 0.2743885888526431 0.168247647819538 
194 0.48125312981190005 0.029016496647683784 0.29843722614758283 0.16350030873430585 
195 0.48125312981190005 0.058298498407916226 0.2995236608053827 0.16776701923295517 
196 0.48125312981190005 0.07567791385463137 0.27212564132679007 0.15766455052638845 
197 0.48125312981190005 0.03342517447134116 0.2776541270004985 0.1605402966235929 
198 0.48125312981190005 0.09582092372192046 0.2797645208772279 0.1566086167382012 
199 0.48125312981190005 0.05894775080161919 0.2788229788117466 0.1598717428761971 
200 0.48125312981190005 0.12407825477433661 0.2646923976875336 0.14934093557714526 
201 0.4898163178040575 0.07789820365015802 0.26798027312816675 0.1558421681250899 
202 0.4898163178040575 0.0984067318714322 0.29934913874195246 0.1547762498531288 
203 0.4898163178040575 0.12144612793180297 0.3437870381761462 0.15291905943498812 
204 0.4898163178040575 0.08796429406598825 0.31532885223169643 0.16018426927624724 
205 0.4952800411392085 0.07446174449429124 0.32846103596573845 0.16262316373985738 
206 0.4952800411392085 0.11128042786961317 0.320499016712172 0.16010769022889676 
207 0.49685466614630613 0.1099801753920557 0.35418832139784107 0.16050523607557388 
208 0.49685466614630613 0.1099801753920557 0.30036740449671884 0.16437552651273302 
209 0.5180603596051107 0.07287065828706511 0.3027259685266469 0.16344313678136618 
210 0.5180603596051107 0.028176245041967814 0.28644818587601545 0.1835238819542387 
211 0.5180603596051107 0.030149462242665747 0.27634417297229963 0.17809558734706274 
212 0.5180603596051107 0.04761316840998248 0.3117597405987558 0.1760284282678229 
213 0.5180603596051107 0.14168300095154235 0.31088728441229835 0.17448575575465727 
214 0.5180603596051107 0.034183416818546385 0.32373925536217807 0.18251750109722426 
215 0.5180603596051107 0.028357583683289944 0.3233427963263463 0.17819413179946056 
216 0.5180603596051107 0.14168300095154235 0.32375866813817233 0.16702622195226738 
217 0.5180603596051107 0.03566828386570647 0.3097408918313599 0.16930075201717523 
218 0.5180603596051107 0.14168300095154235 0.32402885311862983 0.16501736197451827 
219 0.5180603596051107 0.04073177259389858 0.27540668192300466 0.1729952708952297 
220 0.5180603596051107 0.13867290952061953 0.3206003674454679 0.17326931726971448 
221 0.5180603596051107 0.0335836028721737 0.28700418834280844 0.17827029837747033 
222 0.5180603596051107 0.14168300095154235 0.3068206462302909 0.17490593147417083 
223 0.5181991380134761 0.030910680948698692 0.31858147239573353 0.18423786845346718 
224 0.5181991380134761 0.14168300095154235 0.3347033829673529 0.17904334133473482 
225 0.5181991380134761 0.03690865206018629 0.3058307038283866 0.18432305841461336 
226 0.5181991380134761 0.02968575758970581 0.34700792068159614 0.17609638478595305 
227 0.5181991380134761 0.06680084198779017 0.31884285222084324 0.1802909728048054 
228 0.5181991380134761 0.14168300095154235 0.37171123477934764 0.17224095801815736 
229 0.5181991380134761 0.03479757190188618 0.3233667112314814 0.1777596552841324 
230 0.5181991380134761 0.03269294795650369 0.2857295415147544 0.177012870422501 
231 0.5181991380134761 0.028434000456851707 0.30248216221011426 0.18549982462682996 
232 0.5181991380134761 0.028434000456851707 0.3044481831744768 0.19052896390652538 
233 0.5181991380134761 0.036653418461480326 0.30041683342539316 0.18379079133700707 
234 0.5181991380134761 0.07788948138141129 0.3180576573219644 0.18304801636996698 
235 0.5181991380134761 0.07788948138141129 0.37704219661156657 0.17457045852369674 
236 0.5181991380134761 0.030280979284372865 0.30834022194050326 0.19009494753778308 
237 0.5181991380134761 0.03154651016755818 0.34563586326329104 0.18064370845803662 
238 0.5181991380134761 0.14168300095154235 0.3250572178351835 0.17246253785023544 
239 0.5181991380134761 0.14168300095154235 0.328963054546413 0.1711611926673104 
240 0.5181991380134761 0.14168300095154235 0.32835998957794693 0.16776454340207508 
241 0.5337967227513132 0.08464872416184131 0.34206706564519496 0.16944641977689284 
242 0.5337967227513132 0.03561675834800104 0.3519002124384078 0.17054571596914705 
243 0.5337967227513132 0.07683942996552381 0.31215183263927465 0.1776900328178139 
244 0.5337967227513132 0.03278885063867039 0.3334342825815671 0.17897247400833646 
245 0.5337967227513132 0.050686712111528955 0.29632989451672676 0.17888617018298658 
246 0.5337967227513132 0.05130024308976503 0.31075972240403765 0.1700889109739836 
247 0.5337967227513132 0.03030326496720822 0.29760969615676297 0.18439457298029568 
248 0.5337967227513132 0.14168300095154235 0.3353754572141062 0.18266628506511218 
249 0.5337967227513132 0.04079211406565328 0.34208836117752356 0.18721710295550753 
250 0.5337967227513132 0.14168300095154235 0.3397288886059639 0.1827063206183792 
251 0.5337967227513132 0.03445752019410672 0.3325341679516821 0.18977934343644642 
252 0.5337967227513132 0.028193153253951657 0.3066207348040226 0.19293271198745462 
253 0.5337967227513132 0.0362792171693441 0.32190525762527067 0.1930886228535247 
254 0.5337967227513132 0.029789859374673072 0.31048227672556816 0.19054569790796497 
255 0.5337967227513132 0.10770587985169071 0.34629745654902 0.18497234451203792 
256 0.5337967227513132 0.14168300095154235 0.37495315830365245 0.1812886467115963 
257 0.5337967227513132 0.14168300095154235 0.2971765878689872 0.18299336706493144 
258 0.5337967227513132 0.03399059730377786 0.28400756059298843 0.19192528151566218 
259 0.5337967227513132 0.0285300476961867 0.28296609377318255 0.19305229911788005 
260 0.5337967227513132 0.028656841717185147 0.2639676356621448 0.18169821647380333 
261 0.5337967227513132 0.12311820838702392 0.3007266167310557 0.18162023092309834 
262 0.5337967227513132 0.04534209673571157 0.30153444428631304 0.19207528428085466 
263 0.5337967227513132 0.044357295714258865 0.31859217397097594 0.19278545423771934 
264 0.5337967227513132 0.07764072343145413 0.31580004513387194 0.18464576722099152 
265 0.5337967227513132 0.029199862694112733 0.3797490631596779 0.16950418605472675 
266 0.5337967227513132 0.028666585851841668 0.3224302710696753 0.18879470273237764 
267 0.5337967227513132 0.14168300095154235 0.3514630003474913 0.1752446061323201 
268 0.5337967227513132 0.0848254597117528 0.3665851372170368 0.17071027496784208 
269 0.5337967227513132 0.047197583064810054 0.3330978732567189 0.16629785432630823 
270 0.5337967227513132 0.03580570481998228 0.2760923226370488 0.16234994490842772 
271 0.5337967227513132 0.04009876590785637 0.28372079669575484 0.17077040468259985 
272 0.5337967227513132 0.12553673072673047 0.3093203202336421 0.17201082414299373 
273 0.5337967227513132 0.03390253655795863 0.33585283512666686 0.1900444527718188 
274 0.5337967227513132 0.14168300095154235 0.35524846402127164 0.18659374036492296 
275 0.5337967227513132 0.14168300095154235 0.35129368816907963 0.18563868990818147 
276 0.5337967227513132 0.06101588178096189 0.31878271747188464 0.1913844816582828 
277 0.5337967227513132 0.06672652477196761 0.37100030725964583 0.18165688328351454 
278 0.5337967227513132 0.06672652477196761 0.3351183017047474 0.1879275819647515 
279 0.5337967227513132 0.14168300095154235 0.3001422554908332 0.1854801008687568 
280 0.5337967227513132 0.03279335930814791 0.3194356539465971 0.1936644310773514 
281 0.5337967227513132 0.035839566412442715 0.35033037335795264 0.18916796008988102 
282 0.5337967227513132 0.04175438473427204 0.33312855764630867 0.18768578382251727 
283 0.5337967227513132 0.058646083858351614 0.31619402327029866 0.18937229795316088 
284 0.5337967227513132 0.04801690314185326 0.30476487453403645 0.18887255120244406 
285 0.5337967227513132 0.059323887655503574 0.2823765284691625 0.1908683888795165 
286 0.5337967227513132 0.11225057820930141 0.2879318886251784 0.1859388696454782 
287 0.5337967227513132 0.03178574107082201 0.33438052907353366 0.19912229223947564 
288 0.5337967227513132 0.046487178800668716 0.31636310491649233 0.19432470686890016 
289 0.5337967227513132 0.14168300095154235 0.29415140425005715 0.17969765760957798 
290 0.5337967227513132 0.07402122383369003 0.31304290329519 0.182053748149811 
291 0.5337967227513132 0.14168300095154235 0.3517619562279497 0.1774111446771236 
292 0.5337967227513132 0.03340763980183776 0.2922202992785652 0.18388545848948779 
293 0.5337967227513132 0.03699276024053005 0.30339908650255915 0.18898404163938917 
294 0.5337967227513132 0.03349676762581877 0.31500051128469764 0.18210836516432655 
295 0.5337967227513132 0.0956072480891048 0.34823200398283893 0.17809948924665156 
296 0.5337967227513132 0.12300697018966071 0.3567572924402197 0.16609103075545756 
297 0.5337967227513132 0.05229663628783824 0.31431357031464047 0.18265838373505186 
298 0.5337967227513132 0.12448186361330169 0.3503267147349972 0.1845256308166051 
299 0.5337967227513132 0.10299524343348275 0.35879565080674575 0.18243278161141324 
300 0.5337967227513132 0.14168300095154235 0.349076627607582 0.1840237581789336 
301 0.5337967227513132 0.10184283396521367 0.3171473055430044 0.18996965824057907 
302 0.5362640580237557 0.040012930763914996 0.2824701831559283 0.18683663461682054 
303 0.5362640580237557 0.028757762317047138 0.3020157042473801 0.18284651077061162 
304 0.5362640580237557 0.03163395269055312 0.3404188213313229 0.18852342587301044 
305 0.5362640580237557 0.030253856197043617 0.3450181550180581 0.1945967874622644 
306 0.5362640580237557 0.0296810525965358 0.3123232621852775 0.1923085483721043 
307 0.5362640580237557 0.04594926912350341 0.29600238471432383 0.1864751083370055 
308 0.5362640580237557 0.05170949967204699 0.30288753246474964 0.18723859031004836 
309 0.5362640580237557 0.14168300095154235 0.31927425354659206 0.18123573122368666 
310 0.5362640580237557 0.028279330879201408 0.3153844209307185 0.18968712952650002 
311 0.5362640580237557 0.03281841176064823 0.29956095760985907 0.18327879741589623 
312 0.5362640580237557 0.0299612474804551 0.3052765892410739 0.19229136840563685 
313 0.5362640580237557 0.04338542284382134 0.344563467181648 0.19361750979255604 
314 0.5396502935662789 0.030328739680964445 0.3207685316497446 0.1958465747190529 
315 0.5396502935662789 0.14168300095154235 0.3566278173697513 0.17871148168737905 
316 0.5396502935662789 0.0675128583838603 0.28066730441521087 0.17711181137858242 
317 0.5396502935662789 0.07742711086773416 0.31395684135347623 0.18814936251526637 
318 0.5430725909254279 0.0321230304601454 0.3208682395483094 0.18289104248913785 
319 0.5430725909254279 0.0420095145250751 0.3152928950477238 0.18307453202374352 
320 0.5430725909254279 0.10765465452876294 0.34704816374909525 0.1878013399751688 
321 0.5430725909254279 0.1088352263623791 0.3203179352868829 0.19392549995038003 
322 0.5430725909254279 0.029498437598211177 0.31055393909360823 0.19326734591199118 
323 0.5430725909254279 0.035226785935661684 0.33598875377666276 0.2003616042938271 
324 0.5430725909254279 0.028805251588813426 0.30961399592150696 0.1952291588532941 
325 0.5430725909254279 0.03773281546880256 0.3128367399556619 0.1854520414383142 
326 0.5430725909254279 0.03326290589669542 0.3142894298075338 0.19693235982739418 
327 0.5455566520882986 0.08117151467767914 0.3735896456115638 0.19055982452092995 
328 0.5455566520882986 0.03511923299828869 0.36351131522784386 0.18741603342065064 
329 0.5455566520882986 0.14168300095154235 0.3482844516760591 0.1812223268725145 
330 0.5455566520882986 0.14168300095154235 0.3581492829620184 0.1740884149247769 
331 0.5455566520882986 0.03433561948776557 0.34457200322554726 0.18007941292810858 
332 0.5455566520882986 0.14168300095154235 0.3333880261235454 0.18318630751488751 
333 0.5455566520882986 0.0576880047220083 0.33250873405526254 0.19873541050166585 
334 0.5455566520882986 0.05125987693560796 0.3541249246670069 0.19976939868124344 
335 0.5455566520882986 0.03798821271391548 0.3556322725109849 0.19930095243019777 
336 0.5455566520882986 0.0363826697032915 0.31131600335312687 0.19697068034750004 
337 0.5455566520882986 0.07090866002574793 0.39316833750329816 0.19001551407301218 
338 0.5455566520882986 0.14168300095154235 0.34755317684788584 0.19641904805066787 
339 0.5455566520882986 0.1020078897255878 0.32942799652077015 0.19684737353310297 
340 0.5455566520882986 0.029436065024333515 0.35394949550898 0.19898542946135125 
341 0.5455566520882986 0.029436065024333515 0.316602681877589 0.20079054693988224 
342 0.5455566520882986 0.08639581208851527 0.35558143274281373 0.19070010793326186 
343 0.5455566520882986 0.14168300095154235 0.34807136026867813 0.19658641289941328 
344 0.5455566520882986 0.029470330075651842 0.3212575205028801 0.1949596747441385 
345 0.5455566520882986 0.07327978963089637 0.3471174533829261 0.1927114008897955 
346 0.5455566520882986 0.029019369230561445 0.3388251105549098 0.20237141959044605 
347 0.5455566520882986 0.07836043156925905 0.3301294597002444 0.18908296557650323 
348 0.5455566520882986 0.09200176789721269 0.3083090664199774 0.19711150313941417 
349 0.5455566520882986 0.14168300095154235 0.3686720014163293 0.1852984084526545 
350 0.5455566520882986 0.048028390510796146 0.3577643219081317 0.188991821921991 
351 0.5464815294383923 0.14168300095154235 0.3441720643926833 0.19052774209907353 
352 0.5464815294383923 0.03245621743072849 0.33689812180529227 0.19751474207323644 
353 0.5464815294383923 0.0315274399883018 0.3229228968899636 0.19297912056987923 
354 0.5464815294383923 0.06863629474029902 0.30864393016858327 0.18464673195787631 
355 0.5464815294383923 0.03046957085202783 0.2852091194232709 0.18840010028756862 
356 0.5473035806464738 0.04269877259095837 0.35388664917639345 0.1946476975316978 
357 0.5473035806464738 0.03253220858671307 0.3422117158424427 0.20056798700789896 
358 0.5473035806464738 0.04289425381144777 0.3746931411239852 0.19108389686221652 
359 0.5473035806464738 0.06852700735802957 0.3460315270490644 0.18655197589114847 
360 0.5473035806464738 0.06852700735802957 0.3212748850407822 0.19148110779063077 
361 0.5473035806464738 0.030958911279737468 0.38747313916043624 0.18761299042760074 
362 0.5473035806464738 0.14168300095154235 0.32933569980428506 0.18749718947107336 
363 0.5473035806464738 0.030784145286332987 0.32325334907175207 0.18772434901179882 
364 0.5473035806464738 0.03625196647220152 0.3053886938563929 0.19896953759274844 
365 0.5473035806464738 0.06957159305667517 0.35900213217135846 0.1894736494149558 
366 0.5473035806464738 0.07777150518497428 0.3438830492175249 0.19071660980794555 
367 0.5473035806464738 0.04386695700050214 0.3059262017646771 0.19265635569142292 
368 0.5473035806464738 0.03347104848988755 0.33888836932933997 0.1926128985738534 
369 0.5473035806464738 0.14168300095154235 0.3406946004988809 0.18675688870301532 
370 0.5473035806464738 0.03679123061897614 0.3365640218204686 0.1816204339374018 
371 0.5473035806464738 0.07057802742564605 0.351438021780065 0.1947318352882763 
372 0.5550193413164565 0.03630022619367569 0.36523014663673076 0.19105043659732057 
373 0.5550193413164565 0.04635008754709748 0.34000545481831196 0.19602888261060616 
374 0.5550193413164565 0.03136745968901005 0.3817756417050989 0.18607817622701464 
375 0.5550193413164565 0.05122044806632469 0.33715564596910497 0.19299550765819873 
376 0.5550193413164565 0.039320659895201435 0.3660001769322504 0.20176211242150938 
377 0.5550193413164565 0.029751187266633044 0.35596153601681263 0.19653509255728846 
378 0.5550193413164565 0.14168300095154235 0.3379594228378642 0.1916782008837626 
379 0.5550193413164565 0.02873785435517311 0.3367022502905579 0.19185087848350518 
380 0.5550193413164565 0.040240623533049816 0.3288657427348324 0.19037044671772585 
381 0.5550193413164565 0.07797363837305264 0.3302615898683277 0.19541379295164957 
382 0.5550193413164565 0.03328398992231371 0.27791200765086554 0.19184595775963353 
383 0.5550193413164565 0.054431412347901845 0.29340490288398935 0.19713613716949227 
384 0.5550193413164565 0.028697482741465923 0.31697074915955853 0.20494659265845314 
385 0.5806335200474734 0.13626605068354514 0.4036339063475957 0.1789334270868023 
386 0.5806335200474734 0.033590148717088514 0.33404019096068976 0.1914160885289895 
387 0.5806335200474734 0.03572478109751554 0.36663987412805366 0.19070606366034326 
388 0.5806335200474734 0.14168300095154235 0.3844189787422057 0.19269271072395003 
389 0.5806335200474734 0.03115332736803277 0.3698886237752206 0.19456029957438403 
390 0.5893767017641925 0.05477570806598965 0.3344763326737957 0.19761331962787695 
391 0.5893767017641925 0.14168300095154235 0.36841785224661106 0.19347045972221216 
392 0.5893767017641925 0.13518690898240318 0.36088177018577344 0.19481796331934603 
393 0.5893767017641925 0.06589392452194084 0.3313305859661141 0.20416838790432418 
394 0.5893767017641925 0.03554480834164311 0.33278025945327916 0.22347988738990146 
395 0.5893767017641925 0.028094384961242707 0.34816948878808274 0.2114566222015162 
396 0.5893767017641925 0.03360451565068928 0.3906973764647393 0.1998493275022647 
397 0.5893767017641925 0.03360451565068928 0.34254580289144354 0.21346252561413867 
398 0.6009357804116136 0.13201052809153285 0.4109540002528301 0.20289618610087934 
399 0.6009357804116136 0.04443930512937648 0.3844324784330724 0.20802770134049606 
400 0.6009357804116136 0.03241169730971876 0.33967593641557375 0.2272118218884006 
401 0.6009357804116136 0.028303280519218696 0.36099359493928507 0.2243736301424991 
402 0.6009357804116136 0.028303280519218696 0.3487736300335283 0.22620954967056786 
403 0.6009357804116136 0.14168300095154235 0.3480522674538692 0.22133088635211484 
404 0.6009357804116136 0.044799443898376014 0.3311650504565883 0.22169670963371516 
405 0.6009357804116136 0.030785971318253457 0.30549156401897126 0.2172305003973515 
406 0.6009357804116136 0.14168300095154235 0.3585627659194064 0.21597805616183705 
407 0.6009357804116136 0.14168300095154235 0.3913965958875828 0.21023519090590045 
408 0.6009357804116136 0.028744851130100387 0.3264127619645557 0.22119355694612267 
409 0.6009357804116136 0.03304955588498189 0.35053448047204294 0.2155066107666683 
410 0.6009357804116136 0.031797255644068094 0.4314642634317841 0.19328783981634653 
411 0.6009357804116136 0.03788924108830214 0.3705062474658959 0.21514702414244777 
412 0.6009357804116136 0.03618143342030222 0.3295240499241092 0.2060420676915576 
413 0.6009357804116136 0.09690978119841949 0.30077961296722744 0.2051343706013142 
414 0.6009357804116136 0.03085860196612308 0.34842122486799176 0.22163041761366878 
415 0.6009357804116136 0.04737954891248644 0.4069696508314796 0.2034305153095029 
416 0.6009357804116136 0.041010643231354976 0.36187806604601064 0.22067890069554472 
417 0.6009357804116136 0.051237993155099935 0.342200153598133 0.21826717894913786 
418 0.6009357804116136 0.14168300095154235 0.34376705800131024 0.21241041273225172 
419 0.6009357804116136 0.037766002578323334 0.3508878970109387 0.20874966845168405 
420 0.6009357804116136 0.034055926943665264 0.34831597121852237 0.21991380346389527 
421 0.6091274197757355 0.030971388923743924 0.3461177681639054 0.21947259732596727 
422 0.6091274197757355 0.03816061504223823 0.3556705797657052 0.21622341641464127 
423 0.6091274197757355 0.10703210471716562 0.3799621369901097 0.21848363469385276 
424 0.6091274197757355 0.06054623933812412 0.34640358062565524 0.21529913057141978 
425 0.6091274197757355 0.042968697516680254 0.33637329857069087 0.2248263833132839 
426 0.6091274197757355 0.03408570480679852 0.3400923159877057 0.2253882003773399 
427 0.6091274197757355 0.128636179499404 0.3527564040659551 0.2168779719596382 
428 0.6091274197757355 0.14168300095154235 0.37283325074493745 0.2248426047506314 
429 0.6091274197757355 0.037833252509594455 0.3908582733092241 0.22199113818222174 
430 0.6091274197757355 0.03414487655337762 0.3753998502044341 0.2344923909860834 
431 0.6091274197757355 0.03414487655337762 0.3402997113006692 0.2306734127495266 
432 0.6091274197757355 0.04027734563974442 0.32000995861028436 0.21979989048782692 
433 0.6091274197757355 0.14168300095154235 0.3592524580221958 0.22032303030947892 
434 0.6091274197757355 0.02905371004835702 0.3804474227931752 0.23159455309204435 
435 0.6091274197757355 0.035850186360407106 0.31044776383740474 0.22940970359135915 
436 0.6091274197757355 0.04316180683404403 0.3612577120158967 0.23241376405832892 
437 0.6091274197757355 0.033056418202934 0.3999488275853871 0.22861187208925604 
438 0.619694645533782 0.14168300095154235 0.37476316364299905 0.22731778973495947 
439 0.619694645533782 0.03742033319546135 0.36022001008692944 0.23557768686883887 
440 0.619694645533782 0.038962177288673454 0.3755903939113367 0.2273914305855528 
441 0.619694645533782 0.02887215493642425 0.34794150746022623 0.22677448459599428 
442 0.619694645533782 0.03767409825732782 0.3805645170936376 0.2216045646410844 
443 0.619694645533782 0.04775923215610418 0.3603408534173448 0.23317638988379408 
444 0.619694645533782 0.033003808781058644 0.3928906252843442 0.206928790482425 
445 0.619694645533782 0.11311613427570116 0.39866591991934514 0.20945291047169864 
446 0.619694645533782 0.04351882422884544 0.38281906518688447 0.22352462882214716 
447 0.619694645533782 0.034274308579705495 0.3809970678416888 0.2267036588720158 
448 0.619694645533782 0.041157063649972896 0.41626763773712383 0.22080518624218656 
449 0.619694645533782 0.09316622850869322 0.3373722713151813 0.22808309883794128 
450 0.619694645533782 0.09316622850869322 0.3377151081891234 0.21676207726975008 
451 0.619694645533782 0.06030939407790913 0.3425404709818097 0.22634619290250305 
452 0.619694645533782 0.09840062658674022 0.3769320510222054 0.20940691485240126 
453 0.619694645533782 0.10039992209391989 0.35193612007099606 0.20988198463208618 
454 0.619694645533782 0.14168300095154235 0.37368206926402475 0.21090443404030645 
455 0.619694645533782 0.03162754671101172 0.3350140474086689 0.2289953063755543 
456 0.619694645533782 0.040868097495171056 0.3053046691639633 0.22235062031474678 
457 0.619694645533782 0.04181694519433568 0.32166271612846925 0.22698805840097444 
458 0.62987547299195 0.03203854057610527 0.39499037036101003 0.2266476742342434 
459 0.62987547299195 0.09857727047580572 0.3793881897152239 0.21915234922452168 
460 0.62987547299195 0.0434603691723102 0.4012132644032423 0.22072787515862552 
461 0.62987547299195 0.03122170203182635 0.36247234258643607 0.231692552149362 
462 0.62987547299195 0.06800004417015484 0.4068160578788284 0.22886269651445493 
463 0.62987547299195 0.03078699503095859 0.3954669929806001 0.23250851829163022 
464 0.62987547299195 0.04255772918214096 0.3461357359746835 0.22879470469169458 
465 0.62987547299195 0.028963379086695367 0.3695473957690822 0.2351526349831361 
466 0.62987547299195 0.044193836153426216 0.3966035976282342 0.23815951401221724 
467 0.62987547299195 0.06802242351131545 0.3785507927067163 0.23944620324786567 
468 0.62987547299195 0.04080463422954103 0.37514461311209735 0.24267301126268176 
469 0.62987547299195 0.040899279869374444 0.3562392235531525 0.23241048074018952 
470 0.62987547299195 0.07902980563947178 0.3713807187417038 0.22961343772756856 
471 0.62987547299195 0.02913547379264378 0.37730064209570285 0.23645810043001794 
472 0.62987547299195 0.029087551735960265 0.32425563593912876 0.22919992337700315 
473 0.62987547299195 0.042445972065961554 0.3882454363468612 0.24203185888759096 
474 0.6310723584241725 0.14168300095154235 0.45947255951409594 0.21095902100121572 
475 0.6310723584241725 0.14168300095154235 0.43066261888516794 0.2237605990269514 
476 0.6310723584241725 0.049000695381960536 0.4038377459359887 0.23249678699634943 
477 0.6310723584241725 0.028828971263277957 0.38785507257138047 0.23742443119267667 
478 0.6310723584241725 0.03439937144171963 0.3558504473000713 0.23921754673538995 
479 0.6310723584241725 0.1064291858980461 0.38779454989905243 0.23776845836881294 
480 0.6310723584241725 0.04205275174751265 0.3916127315566629 0.2334204932707724 
481 0.6310723584241725 0.04205275174751265 0.38637489200555886 0.23902985498657953 
482 0.6310723584241725 0.14168300095154235 0.3764083687050205 0.2286136501634034 
483 0.6310723584241725 0.030083193381381435 0.3626549138529858 0.24079921830697926 
484 0.6310723584241725 0.10799699726307144 0.3829675087304469 0.24216148224060402 
485 0.6310723584241725 0.07868816807245518 0.3928113478116067 0.2383094052565126 
486 0.6310723584241725 0.04030395175688132 0.39941866843972923 0.23074459513169754 
487 0.6328411240832647 0.10348272601719671 0.43124461357753474 0.2279058187313635 
488 0.6328411240832647 0.14168300095154235 0.43956028961763227 0.21790155317736634 
489 0.6328411240832647 0.08269427328773105 0.3991509896580763 0.23091408506336553 
490 0.6328411240832647 0.0281825912594127 0.39427973596097965 0.23024610324273073 
491 0.6328411240832647 0.02850965617628922 0.37568637068763877 0.23291197209523284 
492 0.6328411240832647 0.03890067187132688 0.3716259263802992 0.23593213834729315 
493 0.6328411240832647 0.1146597552012624 0.3721646629870906 0.23606183537797368 
494 0.6328411240832647 0.14168300095154235 0.40401261154760004 0.23040602739065583 
495 0.6328411240832647 0.03560998266246273 0.37077099731845364 0.24297154052131853 
496 0.6328411240832647 0.06174928358654438 0.3569642622515113 0.2394991910435934 
497 0.6328411240832647 0.061292844520067453 0.3904206550541654 0.2402048283404162 
498 0.6328411240832647 0.04676565842921027 0.417325618144874 0.23467878694802735 
499 0.6328411240832647 0.030552332641646293 0.39910963193152765 0.22982179632970573 
500 0.6328411240832647 0.0868953580477241 0.4190589785875623 0.2258121129354069 
501 0.6328411240832647 0.03631936219466004 0.333989751917589 0.23105714156729718 
502 0.6328411240832647 0.05464251220484054 0.3396938274975163 0.23679293709713062 
503 0.6328411240832647 0.07929364152736641 0.36822025395835395 0.23774724006273756 
504 0.6328411240832647 0.07929364152736641 0.35580601196114015 0.24079217926692817 
505 0.6328411240832647 0.14168300095154235 0.3943833112461779 0.23636614748261492 
506 0.6328411240832647 0.07650866032611786 0.40062782405492064 0.22980488709257646 
507 0.6328411240832647 0.02992106296979767 0.3914400780625806 0.24536210084142268 
508 0.6328411240832647 0.13282982800452636 0.4111012775287083 0.235806884350251 
509 0.6328411240832647 0.02831235938894248 0.39753687846406793 0.24316685124648027 
510 0.6328411240832647 0.028725476837192072 0.3807640341132371 0.24056311677711595 
511 0.6328411240832647 0.03179436895763815 0.34029306526089775 0.24078415218980914 
512 0.6328411240832647 0.028196691845738243 0.37615076115537377 0.24844749068444613 
513 0.6328411240832647 0.042107213597437514 0.37016504286806906 0.24083286206011806 
514 0.6328411240832647 0.04250918450893805 0.36820987111103903 0.24392262913397705 
515 0.6328411240832647 0.05299032481672574 0.42375069317851055 0.2341950458478719 
516 0.6328411240832647 0.03577166074328958 0.38342526834537966 0.23107580635718195 
517 0.6328411240832647 0.028376149128027325 0.3814012185283903 0.23133803450698484 
518 0.6328411240832647 0.038805222049189174 0.3774353879981855 0.23713495661697037 
519 0.6328411240832647 0.05255455097711153 0.35863203101102353 0.2356644541339471 
520 0.6328411240832647 0.03979826418639051 0.345956930459601 0.23332582689581227 
521 0.6328411240832647 0.033177847068253975 0.3590902072270785 0.23071273302718825 
522 0.6328411240832647 0.14168300095154235 0.37188774007144815 0.23078405703951604 
523 0.6328411240832647 0.14168300095154235 0.37601584842593305 0.23522811687062395 
524 0.6328411240832647 0.028713369733589466 0.3906945052096091 0.23964658074582937 
525 0.6328411240832647 0.02863552843960451 0.36141553324852027 0.23049699582934355 
526 0.6328411240832647 0.047247870318349164 0.36803438191362353 0.2243941897819253 
527 0.6328411240832647 0.04516420047916176 0.33546857570766797 0.23032469969357036 
528 0.6328411240832647 0.14168300095154235 0.33166443324492767 0.2271400913421309 
529 0.6328411240832647 0.06829707713777058 0.42627776811063955 0.2264037685779163 
530 0.6328411240832647 0.033560950880274686 0.35952266351443163 0.2403782585649684 
531 0.6328411240832647 0.03594100478439515 0.36048477325913214 0.23263826634398735 
532 0.6328411240832647 0.029238588087900697 0.33154639777176315 0.23120767300623124 
533 0.6445971308476107 0.0607082080083455 0.4180773115789697 0.2311463586862827 
534 0.6445971308476107 0.09481425504351222 0.4116040313511108 0.2230753901276624 
535 0.6445971308476107 0.09481425504351222 0.3805644702530302 0.22416478998659617 
536 0.6445971308476107 0.032989193766090934 0.38437979840308256 0.2393619030830851 
537 0.6445971308476107 0.07366721460871772 0.3924990658883561 0.23542095264023769 
538 0.6445971308476107 0.04897790228998733 0.40717202241158684 0.23972347400626326 
539 0.6445971308476107 0.030149939891950927 0.37682699299949846 0.23721380469651696 
540 0.6445971308476107 0.04992694407422552 0.36467513804906054 0.23492258375702313 
541 0.6445971308476107 0.07307825687222115 0.3739545712091885 0.22609194720590914 
542 0.6445971308476107 0.14168300095154235 0.3761341608024728 0.22459330184926404 
543 0.6445971308476107 0.04677363565108559 0.4122881908416271 0.23686833636769594 
544 0.6445971308476107 0.04937648629811753 0.39391455272359077 0.23644201843686616 
545 0.6445971308476107 0.05086987018966563 0.4272811000703595 0.24185944565651238 
546 0.6445971308476107 0.06816916742279051 0.3743370014441401 0.23848620131738557 
547 0.6445971308476107 0.14168300095154235 0.4490721914999009 0.22968942441676604 
548 0.6445971308476107 0.14168300095154235 0.405841281744756 0.23940817261351677 
549 0.6445971308476107 0.03129395849599136 0.3864672107594075 0.2475210930286152 
550 0.6445971308476107 0.12594237015276738 0.34827661054015 0.23324770595426242 
551 0.6445971308476107 0.03620543318105541 0.34303869487999733 0.23643402796519677 
552 0.6445971308476107 0.033288153134806764 0.3403864810524302 0.24535471084384153 
553 0.6445971308476107 0.030578666698244897 0.34735616318224544 0.24635259980609855 
554 0.6445971308476107 0.0317185005573157 0.420169632641222 0.24566429987489677 
555 0.6445971308476107 0.14168300095154235 0.41246675062135424 0.23544592383527324 
556 0.6445971308476107 0.036047153720235404 0.44549705502778025 0.2435789713773516 
557 0.6445971308476107 0.14168300095154235 0.39402007523495863 0.2427290793629505 
558 0.6445971308476107 0.13282080323463197 0.39717802913682837 0.23812827079294305 
559 0.6445971308476107 0.05028334466303627 0.3923533870709898 0.2436658618688931 
560 0.6589771148466772 0.03142101283421276 0.42315771574156735 0.23532122348762946 
561 0.6589771148466772 0.04180331365994375 0.4187160486227108 0.24069211870802235 
562 0.6589771148466772 0.031809679615716735 0.37517336581687055 0.24031639593916976 
563 0.6589771148466772 0.028531565632282506 0.44086577081292744 0.23073179618662282 
564 0.6617242024101335 0.14168300095154235 0.4077885822439412 0.23895362661643324 
565 0.6617242024101335 0.13272609727448276 0.3720953025561461 0.23922045835214603 
566 0.6617242024101335 0.07111366052635895 0.3826278513945889 0.24348821644281943 
567 0.6617242024101335 0.02968627970002498 0.41060317123842 0.24886872589913744 
568 0.6617242024101335 0.037753285665244114 0.3804414165012684 0.25537209691523843 
569 0.6617242024101335 0.02813943052093274 0.3340346663334488 0.24933245860983713 
570 0.6617242024101335 0.14168300095154235 0.4160670176466411 0.25065699802179686 
571 0.6617242024101335 0.12884280637080417 0.37265850535777795 0.24543036063008403 
572 0.6617242024101335 0.02938270785794456 0.3859607466845962 0.2560885970333673 
573 0.6617242024101335 0.10532799034414055 0.40456827278447377 0.25049773095410777 
574 0.6617242024101335 0.14168300095154235 0.39207308533878393 0.2510530864105763 
575 0.6663451241433621 0.06339205550041288 0.4086404161639757 0.2535103480694801 
576 0.6663451241433621 0.029306746101639247 0.4246932897047805 0.2466428737131462 
577 0.6663451241433621 0.14168300095154235 0.3805676914418227 0.2437312545884211 
578 0.6663451241433621 0.14168300095154235 0.4107355798184908 0.2390007655904551 
579 0.6663451241433621 0.034181042708666176 0.4287741490593791 0.24118670068248343 
580 0.6663451241433621 0.04019573169912609 0.39040314635424056 0.2545453852392541 
581 0.6663451241433621 0.045616675498947115 0.37256285683932105 0.25864772364191535 
582 0.6663451241433621 0.046000572422742074 0.44860812212371315 0.2513964616496484 
583 0.6663451241433621 0.033006826035971305 0.41248078237744823 0.26519534157254887 
584 0.6663451241433621 0.044792939096443184 0.40988597011031247 0.25461329520224957 
585 0.6663451241433621 0.10668549050120442 0.41754097456234845 0.25014085908191236 
586 0.6663451241433621 0.029053665895275114 0.41292344329656705 0.24998794362421997 
587 0.6663451241433621 0.029053665895275114 0.39613699734740554 0.2540264399390117 
588 0.6663451241433621 0.05557320026995564 0.3974174407658832 0.2548908157778365 
589 0.6663451241433621 0.05387646238201242 0.4079754987857079 0.2592673855214928 
590 0.6663451241433621 0.0288208417587289 0.44222108862208004 0.2566831977155442 
591 0.6663451241433621 0.031954549315589865 0.43536725078521765 0.250635175948472 
592 0.6663451241433621 0.03535653409059621 0.3851197114384805 0.24483511257453616 
593 0.6663451241433621 0.10533363647719095 0.39831797960029286 0.2559544813475041 
594 0.6663451241433621 0.14168300095154235 0.4028968138391051 0.2392609639102591 
595 0.6663451241433621 0.03206885216073433 0.3815622508611557 0.24733138527254153 
596 0.6663451241433621 0.03862489694091197 0.39857020873402405 0.2519560769064952 
597 0.6663451241433621 0.030515891499007516 0.3992216825223855 0.25782007869919715 
598 0.6769193894753328 0.03122587482210724 0.3840804726828787 0.25368578320670154 
599 0.6769193894753328 0.030470324137207135 0.43209979882031563 0.24883282042253907 
600 0.677849577473861 0.028353639171835664 0.3532506316354408 0.25450225951286315 
601 0.677849577473861 0.028796828777746912 0.38114024392382906 0.25332557953665286 
602 0.677849577473861 0.09942147635140568 0.37454621787816705 0.25691533621964935 
603 0.677849577473861 0.04756819507329878 0.4284199513249197 0.25954069415695813 
604 0.677849577473861 0.02888586235975477 0.38432971372701163 0.27006147025592686 
605 0.677849577473861 0.04615674123195982 0.400323555235019 0.2616884948377931 
606 0.677849577473861 0.07192580290133663 0.3896837074995703 0.263299795114902 
607 0.677849577473861 0.07572058988714515 0.42905822549385914 0.25330610569996476 
608 0.677849577473861 0.041300659743100154 0.45097534091114905 0.25445127442932847 
609 0.677849577473861 0.054157820907587084 0.43628816528653264 0.24337298610051583 
610 0.677849577473861 0.04991813880742884 0.4450195273604389 0.24866377910747914 
611 0.677849577473861 0.028802641419152137 0.47687525535928565 0.24695710517214592 
612 0.677849577473861 0.033388307577964405 0.4417414619879769 0.2543074435665035 
613 0.677849577473861 0.02992893024005436 0.42109957332504927 0.2524138990296746 
614 0.677849577473861 0.03897334092614422 0.39385825696881305 0.24423179626147332 
615 0.677849577473861 0.0286636500186636 0.40545395425307384 0.2636604311298168 
616 0.677849577473861 0.06820918542167569 0.4113919881380191 0.24701330129343216 
617 0.677849577473861 0.0477299784592545 0.40444288565117475 0.2587906086461728 
618 0.677849577473861 0.03712591327738946 0.370165276670962 0.24998899097142302 
619 0.677849577473861 0.12913951777178106 0.36503289259041244 0.2455926530134834 
620 0.677849577473861 0.03201858702564403 0.4067852752921489 0.24986741545927132 
621 0.6907900886881446 0.041955724986334646 0.3885358055703812 0.2538092066181979 
622 0.6907900886881446 0.04851454514945051 0.42838132372413423 0.26844617691650746 
623 0.6907900886881446 0.041582168892807726 0.3744496889133925 0.2602165347841224 
624 0.6907900886881446 0.02890645584602969 0.38558678448910655 0.25723585397348875 
625 0.6907900886881446 0.14168300095154235 0.46717992055213625 0.24790362380408212 
626 0.6907900886881446 0.14168300095154235 0.4235402240404685 0.26779352725135563 
627 0.6907900886881446 0.03251771134899479 0.3700019290668939 0.26461518517406724 
628 0.6907900886881446 0.06171310688697867 0.3897962391771013 0.24588774948839956 
629 0.6907900886881446 0.14168300095154235 0.40740472685111584 0.24892026306571968 
630 0.6907900886881446 0.14168300095154235 0.4251529203561542 0.2595936264282673 
631 0.6907900886881446 0.05520143213351623 0.41532077199886697 0.26337075650136743 
632 0.6907900886881446 0.14168300095154235 0.43077380707187884 0.2594783539872596 
633 0.7153946288671704 0.14168300095154235 0.46911782876168434 0.24564898113100267 
634 0.7153946288671704 0.034155971393517594 0.3946704728160259 0.2675006173297659 
635 0.7153946288671704 0.057467818444929146 0.4081660749349591 0.27497110056532925 
636 0.7153946288671704 0.04100762136981134 0.3675286350303012 0.25936298849460715 
637 0.7339468505873284 0.11377647415394022 0.4201218119584737 0.26222450684375825 
638 0.7339468505873284 0.033534692857919025 0.40393262820392634 0.2696093985029864 
639 0.7339468505873284 0.04073138177701247 0.4192922449314459 0.26345194890935564 
640 0.7339468505873284 0.0351911882302735 0.4307450633260462 0.27696587806190004 
641 0.7339468505873284 0.028386319063572037 0.4845779146162348 0.26523629186690967 
642 0.7339468505873284 0.028875863980214262 0.45445291800360504 0.27002712178785687 
643 0.7339468505873284 0.028426581840514498 0.41437835055785954 0.2818163701338973 
644 0.7339468505873284 0.0794092137639231 0.41327192726395323 0.2910309235462088 
645 0.7339468505873284 0.0620285621132997 0.39351309893556485 0.271809093047773 
646 0.7339468505873284 0.02869721820937125 0.34152361197288494 0.2732219830182787 
647 0.7377571098744464 0.03186486022343061 0.51361249523541 0.2808205195680945 
648 0.7377571098744464 0.033576968617021384 0.4526173332036526 0.28648762586101073 
649 0.7377571098744464 0.035230119887025055 0.4223225566182451 0.2761527677922738 
650 0.7377571098744464 0.03554111837215808 0.428153251562542 0.28244259163742236 
651 0.7377571098744464 0.08593720309173301 0.4259669241140604 0.2870687468365406 
652 0.7378409766460182 0.05397114411296886 0.4285193138774023 0.29154840029897916 
653 0.7378409766460182 0.04335879017553256 0.5123100411726657 0.27253124592231404 
654 0.7378409766460182 0.14168300095154235 0.4049195349004067 0.2679133915477421 
655 0.7378409766460182 0.03725006774283147 0.40661731759880504 0.2877389282824733 
656 0.7378409766460182 0.03897323295910487 0.3945635507004821 0.28692080081210564 
657 0.7378409766460182 0.13961505860848547 0.43859402640099204 0.27951292251951315 
658 0.7378409766460182 0.0506555619464265 0.4227326632163859 0.2813437929280588 
659 0.7378409766460182 0.04950627737203407 0.4494215731029261 0.2779104937582081 
660 0.7378409766460182 0.03281322460479602 0.3984369102617975 0.2889913033890773 
661 0.7378409766460182 0.14168300095154235 0.5056431983251601 0.25965115856267373 
662 0.7378409766460182 0.03624120298774368 0.4275141059766642 0.26597697605905707 
663 0.7378409766460182 0.03162170829600323 0.39271039384021234 0.2632340904350101 
664 0.7378409766460182 0.04248381804872317 0.4161916932901239 0.2767472292797939 
665 0.7378409766460182 0.028957708631814592 0.42977274817476363 0.28223585848545935 
666 0.7378409766460182 0.08424114857467538 0.45688094555621245 0.26562788064468157 
667 0.7378409766460182 0.14168300095154235 0.40081294510726057 0.2826456265805038 
668 0.7378409766460182 0.028826417491750658 0.4271046944213764 0.2865355326694567 
669 0.7378409766460182 0.03567594458681382 0.4192639515962591 0.27366372773188447 
670 0.7378409766460182 0.036529097792165725 0.4004142151151825 0.2905217653184584 
671 0.7378409766460182 0.14168300095154235 0.5560214733213095 0.2540331030273746 
672 0.7379509563423464 0.04221963683088982 0.43473073308357446 0.2903063686710623 
673 0.7379509563423464 0.031386974034625696 0.47129007404807133 0.28488714105707064 
674 0.7379509563423464 0.048238690956205546 0.4311528047810969 0.2853488424493528 
675 0.7379509563423464 0.03323485384585876 0.4082573730381413 0.28585170953167405 
676 0.7379509563423464 0.02921775372639466 0.3945454525808941 0.26772064170184484 
677 0.7379509563423464 0.03286201482253939 0.42168333819588444 0.2849413719135718 
678 0.7379509563423464 0.05600047560273236 0.4525898717622585 0.27955008039264473 
679 0.7379509563423464 0.09201489946338212 0.44496851379282976 0.2692531974867953 
680 0.7379509563423464 0.04858905303073889 0.407452793565045 0.2812395168005766 
681 0.7379509563423464 0.030575640044358542 0.4194014669572723 0.2891212441506176 
682 0.7379509563423464 0.0285139224075691 0.4377067914132891 0.29098867423315 
683 0.7379509563423464 0.030857761995803052 0.4684253182371718 0.29288521682179874 
684 0.7379509563423464 0.041411273786086736 0.3746547872527961 0.2758100161915021 
685 0.7379509563423464 0.10335895470956155 0.4260217876981748 0.28745479487781106 
686 0.7379509563423464 0.03874957934290794 0.45590540234143345 0.2941104440395488 
687 0.7379509563423464 0.031776642309132686 0.41026825684165286 0.2873532999938427 
688 0.7379509563423464 0.028341391061651643 0.4400840633482725 0.2814400486443077 
689 0.7379509563423464 0.028375094492268018 0.40236691967988103 0.29717484993661736 
690 0.7379509563423464 0.14168300095154235 0.4472480172887442 0.28509427972582174 
691 0.7379509563423464 0.0887254571442176 0.47270650266759934 0.28242298119198395 
692 0.7379509563423464 0.14168300095154235 0.4280875774403174 0.2794717175071645 
693 0.7379509563423464 0.04975256499257629 0.5270012806386856 0.2767002473482686 
694 0.7379509563423464 0.061303444536295 0.434521749962645 0.3007457327334869 
695 0.7379509563423464 0.08341747189087398 0.4573001314049444 0.28722813387853546 
696 0.7379509563423464 0.14168300095154235 0.4791597426696291 0.2747875941203153 
697 0.7379509563423464 0.0368475914528666 0.42088652388158176 0.2877388973593476 
698 0.7379509563423464 0.06868359580490566 0.47256069515023963 0.28095306479768517 
699 0.7379509563423464 0.14168300095154235 0.4535467371535245 0.274811650990193 
700 0.7379509563423464 0.059132639193933925 0.4656187589618043 0.2784920259727006 
701 0.7379509563423464 0.05010051891892097 0.46448660184354473 0.29153341320688403 
702 0.7379509563423464 0.04984009777280605 0.452802749730525 0.2942315071876639 
703 0.7379509563423464 0.07737830139819293 0.5041722600664932 0.27802776128669704 
704 0.7379509563423464 0.07776001584305506 0.470443684693417 0.28319257494046607 
705 0.7379509563423464 0.056780645725953045 0.4669806759981 0.2900668128190586 
706 0.7379509563423464 0.056780645725953045 0.4712167850809187 0.2876500283694967 
707 0.7379509563423464 0.03347861742816536 0.4637964701288618 0.2878445582824909 
708 0.7379509563423464 0.03347861742816536 0.3473580132703633 0.2739433848834862 
709 0.7379509563423464 0.14168300095154235 0.40162446353773207 0.2807839254703289 
710 0.7379509563423464 0.058756327669162826 0.4453489138026283 0.291654653530241 
711 0.7379509563423464 0.03395215894631165 0.431096404307115 0.2889392619028362 
712 0.7379509563423464 0.06262236543792495 0.4775242909818977 0.289108861125781 
713 0.7381255130046426 0.14168300095154235 0.4474367220755415 0.2866184341271502 
714 0.7381255130046426 0.08955052537359781 0.42593839860084104 0.28590108680057136 
715 0.7381255130046426 0.046484792432594034 0.4721393777155971 0.28741590365516057 
716 0.7381255130046426 0.05831282202224329 0.48887904713967856 0.28214287150447087 
717 0.7381255130046426 0.10973426526438027 0.4496629945364013 0.2847558719354571 
718 0.7381255130046426 0.02869038277111802 0.4316389090902264 0.2971897462726189 
719 0.7381255130046426 0.0346270536057268 0.43838754684390585 0.29787972370410665 
720 0.7381255130046426 0.02887679084259581 0.46469877604311083 0.2975608083539452 
721 0.7381255130046426 0.06340311870327629 0.4642020335469708 0.28760068515831433 
722 0.7381255130046426 0.028217569789947765 0.3718762938508276 0.2794333595465873 
723 0.7381255130046426 0.05763996752194749 0.417212199733416 0.27906519409675506 
724 0.7381255130046426 0.028421789232317866 0.43775470182585824 0.2856316529272043 
725 0.7381255130046426 0.04537156991133201 0.4306637578232274 0.2907754921844523 
726 0.7381255130046426 0.03454768773100569 0.46990449271128737 0.28631302197447983 
727 0.7381255130046426 0.02895451457726632 0.40701917802227133 0.29479317950913436 
728 0.7381255130046426 0.028317080599995513 0.4730156261324539 0.28311897771308125 
729 0.7381255130046426 0.10742184078884576 0.42359139731120116 0.2868947130795081 
730 0.7381255130046426 0.07125753730150518 0.39129240336897647 0.28024601646017455 
731 0.7381255130046426 0.033636052874153326 0.4499359835511484 0.28403246912071944 
732 0.7381255130046426 0.04157112923095637 0.39522972657333766 0.2963114741859159 
733 0.7381255130046426 0.12317681329712658 0.39064627068152347 0.2745660483032347 
734 0.7381255130046426 0.14168300095154235 0.46932058602164123 0.2796387220602588 
735 0.7381255130046426 0.09461814207770439 0.43929951155924846 0.2828303754178089 
736 0.7381255130046426 0.03286517391762924 0.4035864853501827 0.28852330867650944 
737 0.7463931225897722 0.042025678284689894 0.3996915030786443 0.2848645240394918 
738 0.7463931225897722 0.10396058798607015 0.39720693852189404 0.274254166891026 
739 0.7463931225897722 0.10041581056799612 0.4460515163667278 0.27654673638783317 
740 0.7463982936362746 0.04583704389207954 0.42856563108870105 0.2916149460547495 
741 0.7463982936362746 0.02832140884723563 0.4380504923538136 0.2970854856516689 
742 0.7463982936362746 0.13286332376274146 0.44852980204707343 0.26487477423418887 
743 0.7463982936362746 0.04324964737471965 0.39842837121609515 0.27388723171719614 
744 0.7463982936362746 0.05199101008955833 0.36671504460368354 0.27956675086173527 
745 0.7463982936362746 0.08327128536259445 0.4161403732111077 0.2882075792382622 
746 0.7463982936362746 0.051961184944368966 0.42836967178252805 0.2866837478140126 
747 0.7463982936362746 0.03064883368781442 0.4764881125605799 0.2849185281504793 
748 0.7463982936362746 0.14168300095154235 0.4734003869822889 0.2720482468804365 
749 0.7463982936362746 0.07642470790205687 0.4449480166952378 0.2791706613626532 
750 0.7463982936362746 0.07923407734114857 0.4144171229134442 0.2946125563108236 
751 0.7463982936362746 0.028489708428657095 0.44287178867008353 0.2970025178570011 
752 0.7463982936362746 0.14168300095154235 0.4372082956597533 0.2807351481189763 
753 0.7463982936362746 0.0442183789736422 0.39967318298727117 0.2894708352757414 
754 0.7463982936362746 0.03847750992580367 0.3758243181308869 0.2908270448410173 
755 0.748540598324319 0.07085562806283713 0.44472736754818665 0.29844349711786133 
756 0.748540598324319 0.13022288290695946 0.4132442998894901 0.300716264388272 
757 0.748540598324319 0.07725845026651189 0.37370780478027377 0.28467364084764135 
758 0.748540598324319 0.033279723524617846 0.4525436943414131 0.28779448011983233 
759 0.748540598324319 0.14168300095154235 0.4196533730988315 0.2815060540239035 
760 0.748540598324319 0.03486127088161974 0.4546538376188614 0.2958090012632281 
761 0.748540598324319 0.056011745675707485 0.40624504624310964 0.29200099651520905 
762 0.748540598324319 0.04489594810791695 0.401823318479757 0.2851776782107465 
763 0.748540598324319 0.14168300095154235 0.4238462292516795 0.2776140737100289 
764 0.748540598324319 0.051695381220103996 0.46600210830825434 0.2810024133847096 
765 0.748540598324319 0.03863771273535385 0.42687656488705034 0.2839230122290947 
766 0.748540598324319 0.14168300095154235 0.410792023802779 0.29210246413932406 
767 0.748540598324319 0.028931376067475773 0.4403384482753591 0.28173157669148036 
768 0.748540598324319 0.14168300095154235 0.4356314356989029 0.28137007220928695 
769 0.748540598324319 0.029423644584598133 0.4192272208818656 0.29015255255514205 
770 0.748540598324319 0.04613016962968573 0.4104752299030654 0.30105561504762657 
771 0.748540598324319 0.028475925796034144 0.3920810499674761 0.30966626870825387 
772 0.748540598324319 0.060893081940092866 0.35667214162993477 0.2813135589513829 
773 0.748540598324319 0.03590486199605523 0.41687203570809916 0.29823293408578294 
774 0.748540598324319 0.03316425715499542 0.4539245702649071 0.3014644861308257 
775 0.748540598324319 0.03482389213818165 0.44276537339137395 0.30275529789481875 
776 0.748540598324319 0.03952740346494046 0.4137953130665404 0.3049476499158296 
777 0.748540598324319 0.030871930802792023 0.4569905681837312 0.3099675664797423 
778 0.748540598324319 0.11063871716465686 0.39766123304816936 0.2872027193627512 
779 0.748540598324319 0.06873212142398012 0.4193513098632595 0.29742453859157725 
780 0.748540598324319 0.036817027113176415 0.47029800793119036 0.29516480349239427 
781 0.7714623822413099 0.06128359433395378 0.43525565080073736 0.2911836012170472 
782 0.7714623822413099 0.04331629857817692 0.4485420336757774 0.2979225647233173 
783 0.7714623822413099 0.03352465925892058 0.45183343879130766 0.2859590582904444 
784 0.7714623822413099 0.05296268047803604 0.3774721573248176 0.28472931179107885 
785 0.7714623822413099 0.14168300095154235 0.3966996949321761 0.2830895620748936 
786 0.7771618830819125 0.04219504438946628 0.4287589130314697 0.29527400246033664 
787 0.7771618830819125 0.02983521030446167 0.45019406045169164 0.302470030228078 
788 0.7771618830819125 0.09514757070212973 0.4237762139632676 0.30247472741509396 
789 0.7771618830819125 0.02912962857356824 0.4706734878142561 0.3060988000806266 
790 0.7771618830819125 0.03068778409246784 0.42405439303539355 0.3030593628065371 
791 0.7771618830819125 0.14168300095154235 0.444792053429612 0.30432254942062226 
792 0.7771618830819125 0.03756196396844272 0.41207038923096057 0.2988653894380482 
793 0.7771618830819125 0.0414434679942971 0.388006039477501 0.2946253167827916 
794 0.7771618830819125 0.041202678721675504 0.4216473082008433 0.28987861322656605 
795 0.7771618830819125 0.14168300095154235 0.44290019063303393 0.30210973194402235 
796 0.7771618830819125 0.14168300095154235 0.3908916419852536 0.2845983153590937 
797 0.7771618830819125 0.14168300095154235 0.4095296407814033 0.293963649689404 
798 0.7771618830819125 0.14168300095154235 0.42373391678527855 0.2938100869270413 
799 0.7771618830819125 0.0332705357287454 0.40817367382703124 0.3020382592132264 
800 0.7771618830819125 0.14168300095154235 0.4397134150020819 0.30193358069190157 
801 0.7771618830819125 0.037043355124948996 0.41588456333379636 0.31234576909097594 
802 0.7771618830819125 0.14168300095154235 0.42566324443743225 0.3066922793129622 
803 0.7771618830819125 0.10326462497952874 0.5179277298151902 0.2996036810466237 
804 0.7771618830819125 0.04041143100097298 0.4544162159094896 0.30293227235127024 
805 0.7851602441731975 0.033947754395106625 0.42288973048395206 0.3025974591140379 
806 0.7851602441731975 0.12405249257684686 0.41423311271798186 0.3031001620305319 
807 0.7851602441731975 0.05789185947928876 0.45938386131024445 0.3058052302218916 
808 0.7851602441731975 0.035707904308911596 0.5075484354605335 0.2982539892275342 
809 0.7851602441731975 0.0285489510657746 0.47906068658212536 0.29496128503961855 
810 0.7851602441731975 0.033539674411647284 0.4100429670574271 0.3086920139800077 
811 0.7851602441731975 0.04462221539109714 0.4336606415942195 0.3204073758325011 
812 0.7851602441731975 0.10700180367568198 0.4578384456706691 0.29218278100246636 
813 0.7851602441731975 0.04167188829851455 0.501600756917074 0.2877421981282644 
814 0.7851602441731975 0.03511580184967375 0.4121451850443618 0.2959122917586641 
815 0.7925186094720202 0.04824900786544872 0.4417491891084876 0.30278010485264667 
816 0.7925186094720202 0.14168300095154235 0.4297142015148219 0.29688784993328277 
817 0.7925186094720202 0.07838743804688539 0.42030432624423875 0.30045438771718913 
818 0.7925186094720202 0.04847468170773478 0.4940738513890147 0.3008473820725576 
819 0.7925186094720202 0.11550444176269045 0.47635466419787675 0.3123112594657353 
820 0.7925186094720202 0.03887592984423514 0.49465785902440584 0.306658176669468 
821 0.7925186094720202 0.09179298756658293 0.4766616187471374 0.3078559291773819 
822 0.7925186094720202 0.054684623532283844 0.46950177828716594 0.3204475331629502 
823 0.7925186094720202 0.14168300095154235 0.49078467294332556 0.3175086543077948 
824 0.7925186094720202 0.05822080093895711 0.43722445228785806 0.3074753262001915 
825 0.7925186094720202 0.09132628605426096 0.48456444920782105 0.30750532608899367 
826 0.7925186094720202 0.14168300095154235 0.3922599445662384 0.3024885059991799 
827 0.7925186094720202 0.040295214110673355 0.48027844059669245 0.3123234791943422 
828 0.7925186094720202 0.033265927771264005 0.5210946426895908 0.31479238650554014 
829 0.7925186094720202 0.029497293035809845 0.46382830378784473 0.32663167690432987 
830 0.7925186094720202 0.028192872650509904 0.42979183472394766 0.3206089867813508 
831 0.8277451689766275 0.030852752467033583 0.4848565506863026 0.3118914692311055 
832 0.8277451689766275 0.03785098116898584 0.48435882666177404 0.3083995722416755 
833 0.8277451689766275 0.030898699858355062 0.45894908810414875 0.32051606125966714 
834 0.8277451689766275 0.14168300095154235 0.46747659649015577 0.3162971062809037 
835 0.8277451689766275 0.03941314963653351 0.44001612549488767 0.31299592155867073 
836 0.8277451689766275 0.05401155465581949 0.4426846244633029 0.3188842820591827 
837 0.8277451689766275 0.044130466687029454 0.4824028860598378 0.3238018251046604 
838 0.8277451689766275 0.042621208043160205 0.4828590332561048 0.334924545786642 
839 0.8277451689766275 0.028450254205420744 0.5307709790785994 0.33109574550127696 
840 0.8277451689766275 0.14168300095154235 0.5176233514354214 0.31143434350345256 
841 0.8277451689766275 0.042564201700050146 0.48590363112938484 0.32887003941413784 
842 0.8277451689766275 0.04941498456781545 0.47416659331695227 0.3299077400445019 
843 0.8277451689766275 0.029963629263378293 0.46418448065207857 0.32530432187185504 
844 0.8277451689766275 0.052491035338619034 0.4272261077241337 0.3285317985179879 
845 0.8384877657442261 0.033395868626496905 0.44696682030681856 0.3362521134995607 
846 0.8384877657442261 0.09118379757686658 0.4843526225257308 0.3376621267847656 
847 0.8384877657442261 0.03461538804041347 0.4835379424233487 0.33671971726835737 
848 0.8384877657442261 0.12264491238541347 0.5114822050985703 0.33514991526889415 
849 0.8384877657442261 0.029624265984330926 0.5211642237603843 0.33657415680943376 
850 0.8384877657442261 0.033680038099146714 0.4894587785224269 0.3379392027975098 
851 0.8384877657442261 0.03155090501615503 0.5121131196492391 0.3433892251316927 
852 0.8384877657442261 0.14168300095154235 0.5288855937087514 0.3388019434975432 
853 0.8384877657442261 0.09846836698905138 0.4934971930176812 0.3449993138368829 
854 0.8384877657442261 0.02990023425614473 0.47192903575855616 0.3385204788590235 
855 0.8384877657442261 0.04478234011624071 0.4084752831284491 0.332396110044092 
856 0.8384877657442261 0.02962898085619215 0.4924318114499683 0.3367874234518681 
857 0.8384877657442261 0.13347963389408413 0.4853059792747748 0.3336093061663049 
858 0.8384877657442261 0.11384289541401049 0.5040493599966119 0.33350296000075574 
859 0.8609246737954748 0.14168300095154235 0.5651683889416061 0.325077561948279 
860 0.8609246737954748 0.05510309971105503 0.4478385793927794 0.3402036626150811 
861 0.8609246737954748 0.06731396932676287 0.41836308646039916 0.3296847177841929 
862 0.8609246737954748 0.031150365851109748 0.4798265032602298 0.34800427651586846 
863 0.8609246737954748 0.14168300095154235 0.591402948552057 0.30092259096696705 
864 0.8609246737954748 0.03889965855543243 0.5107988145298296 0.3416883369790255 
865 0.8609246737954748 0.04462311978246329 0.5624913149130957 0.3151987195372244 
866 0.8609246737954748 0.031121210639818816 0.5512244432128617 0.32950992043996835 
867 0.8609246737954748 0.04245795067463668 0.49105724153210917 0.362985175994531 
868 0.8609246737954748 0.0586158046809182 0.47161177102716706 0.3632688956390312 
869 0.8609246737954748 0.07666591920852879 0.4690518105848623 0.3427908443286622 
870 0.8609246737954748 0.04208677275872415 0.5347578555821818 0.35345890530620083 
871 0.8609246737954748 0.14168300095154235 0.4786383308271734 0.3422827687997386 
872 0.8609246737954748 0.06144023278976984 0.4911528344578492 0.3542538352046818 
873 0.8609246737954748 0.08174295558370809 0.5257076552297224 0.3431070132037561 
874 0.8609246737954748 0.042383616155263475 0.49206278425424255 0.3564790578041428 
875 0.8609246737954748 0.047245531564644824 0.49518851158010135 0.3520037486793474 
876 0.8609246737954748 0.03063632003008195 0.4838053899061331 0.3509041488839612 
877 0.8609246737954748 0.03185854972314474 0.43811940905484315 0.35573194060362734 
878 0.8609246737954748 0.03380098468590251 0.4272222188155179 0.3508357590595356 
879 0.8609246737954748 0.02975716348675257 0.5061650463413222 0.3486426594516584 
880 0.8609246737954748 0.0987099059807751 0.512603428176728 0.34974024470446446 
881 0.8609246737954748 0.037169453756284325 0.3989476412201393 0.3301860744607177 
882 0.8609246737954748 0.038057315862713624 0.514627138457946 0.3471440585224737 
883 0.8780675913750602 0.029049844138983615 0.45477264895935743 0.3577824699527803 
884 0.8780675913750602 0.028654290079238705 0.5274639161318808 0.33676742038654534 
885 0.8780675913750602 0.05204888355507095 0.4975262113363242 0.34406364431512965 
886 0.8780675913750602 0.03252022229328324 0.521435038069495 0.35423311149630615 
887 0.8780675913750602 0.033566460011358316 0.4598709773287094 0.34575583468397564 
888 0.8780675913750602 0.07535876347513838 0.4908931950441721 0.3468816814516905 
889 0.8780675913750602 0.04338003256695314 0.4921064930744983 0.343565656176718 
890 0.8780675913750602 0.06068445911163181 0.44566693668752755 0.34416968850770996 
891 0.8780675913750602 0.0326240380051031 0.4225651231179609 0.3507188251598327 
892 0.8780675913750602 0.04351746064059249 0.40600189392587444 0.34947481361849453 
893 0.8780675913750602 0.0281649102220328 0.5545285281675689 0.3464582114106766 
894 0.8780675913750602 0.029641334008650662 0.5380299176217258 0.35597018519492374 
895 0.8780675913750602 0.06805946238106365 0.5059614489993934 0.348197357524186 
896 0.8780675913750602 0.031804713688550174 0.5119247844865904 0.3372729047109393 
897 0.8780675913750602 0.14168300095154235 0.45828964742111583 0.3443763130154001 
898 0.9020140099241236 0.12215728573243761 0.46623377321976306 0.34438644317090356 
899 0.9020140099241236 0.08935204425926051 0.5246362486789666 0.35777330705805893 
900 0.9020140099241236 0.032747795338658306 0.5094930399600416 0.3590217888506225 
901 0.9020140099241236 0.09375333839667592 0.4543175786775671 0.3508414810584762 
902 0.9020140099241236 0.06402914001854376 0.46564552192537395 0.35685099196483167 
903 0.9020140099241236 0.06074001129821789 0.4442539635885111 0.34466451242535 
904 0.9020140099241236 0.04531420738248656 0.499626325196643 0.35273323995899325 
905 0.9020140099241236 0.038102663032525186 0.5655119331247438 0.3587011104954348 
906 0.9020140099241236 0.05588777589360378 0.5123409182727113 0.37081835577930594 
907 0.9020140099241236 0.14168300095154235 0.5807383055299536 0.35186447640696916 
908 0.9020140099241236 0.03682588997938386 0.48559553551004964 0.3670453474256818 
909 0.9020140099241236 0.028232573995411007 0.45481781025227147 0.3638170306135871 
910 0.9020140099241236 0.03801259237669102 0.5335402560257049 0.36503177240396567 
911 0.9020140099241236 0.03152593310615572 0.5447982896576338 0.3733143783591562 
912 0.9020140099241236 0.03223635610356856 0.4844272102318097 0.3685598856304342 
913 0.9020140099241236 0.03223635610356856 0.47805198887640565 0.3585581614265341 
914 0.9020140099241236 0.04698635996963966 0.5599894086013246 0.36957485473995494 
915 0.9020140099241236 0.031573399549256524 0.4686880590882832 0.36460466888130755 
916 0.9020140099241236 0.05866180149075201 0.4844701679311968 0.3703220986428738 
917 0.9020140099241236 0.14168300095154235 0.5498774979047453 0.3683241239831194 
918 0.9020140099241236 0.14168300095154235 0.5992670750811233 0.3433940611533481 
919 0.9020140099241236 0.03627573782412082 0.5282151120759667 0.34350158349772203 
920 0.9020140099241236 0.14168300095154235 0.5860531281351887 0.3565647090454792 
921 0.9020140099241236 0.03390461735515579 0.5435121158689713 0.3681348753563561 
922 0.9020140099241236 0.03613275834591498 0.5280870735340749 0.374600436669166 
923 0.9020140099241236 0.03092916159723837 0.6048608865198776 0.3589878932662634 
924 0.9020140099241236 0.03515437734802614 0.5025689590107528 0.37065709549653697 
925 0.9020140099241236 0.11263808265685514 0.4875029951124063 0.3755585297687257 
926 0.9020140099241236 0.03977689566107371 0.48789523455477907 0.3661153782747727 
927 0.9020140099241236 0.03147138592418378 0.5581959598046891 0.350422868733625 
928 0.9020140099241236 0.029059182202693087 0.502719729519609 0.35484829503374027 
929 0.9020140099241236 0.03529018704360589 0.5180883209013223 0.3696534836377209 
930 0.9020140099241236 0.030415718667872828 0.5331156032030343 0.37502397764864287 
931 0.9020140099241236 0.032207035972858435 0.5607864962580618 0.36651211174473103 
932 0.9020140099241236 0.04007674522543763 0.5591786549890845 0.3530715920303168 
933 0.9020140099241236 0.03881766189414335 0.5583018315777454 0.35864385630576423 
934 0.9020140099241236 0.03279340963663998 0.498512219730919 0.37183811288288515 
935 0.9020140099241236 0.14168300095154235 0.592399965444796 0.35345248078248304 
936 0.9020140099241236 0.09577502465614456 0.44061104517992555 0.3615847287226019 
937 0.9020140099241236 0.03541356724443357 0.5257979781062357 0.3664722003336377 
938 0.9020140099241236 0.02853488651767899 0.522512583735754 0.3742123231742746 
939 0.9020140099241236 0.028590083493769763 0.4616501980805178 0.37986388259962245 
940 0.9028578542301748 0.14168300095154235 0.5735645633959109 0.3617089579485066 
941 0.9028578542301748 0.06531025819603112 0.4833220159282069 0.3700433096201621 
942 0.9028578542301748 0.10538380501944337 0.5490195824734598 0.36752920724497573 
943 0.9028578542301748 0.03982640576781568 0.5521491556490612 0.3602974561715031 
944 0.9028578542301748 0.14168300095154235 0.5572571812512275 0.34214588129124207 
945 0.9028578542301748 0.02830040402398765 0.48887722218556096 0.35352594418547106 
946 0.9028578542301748 0.03513036241570386 0.5332518296102233 0.347259788716207 
947 0.9028578542301748 0.10423043952778681 0.49058162244787307 0.3577439092455374 
948 0.9028578542301748 0.030896606504450707 0.5384695802610793 0.358830189716073 
949 0.9028578542301748 0.14168300095154235 0.494645067615255 0.3583584173794251 
950 0.9028578542301748 0.04553202759961905 0.5490902744560037 0.3661100693574057 
951 0.9028578542301748 0.14168300095154235 0.5829489378280679 0.360657043692278 
952 0.9028578542301748 0.031617254445661346 0.536614338225021 0.3739145687620699 
953 0.9028578542301748 0.02809791709521569 0.4649172096723547 0.3635226139444494 
954 0.9089370750515753 0.03862091566202549 0.5064366414595627 0.36713765480432503 
955 0.9089370750515753 0.03862091566202549 0.5104565433113105 0.3736285435339497 
956 0.9089370750515753 0.03574529473082008 0.49593740689073845 0.38367359260765216 
957 0.9089370750515753 0.030355941689354543 0.5464079682333949 0.3794483431378584 
958 0.9089370750515753 0.028331690406744825 0.5371367252413995 0.3776367516104592 
959 0.9089370750515753 0.032849834050154 0.5493205010891313 0.3786799184615338 
960 0.9089370750515753 0.051516160370111086 0.5151794184803408 0.3809578334042965 
961 0.9089370750515753 0.14168300095154235 0.57951966141679 0.37496852404126146 
962 0.9089370750515753 0.02853470511253278 0.5112514818337103 0.36626963710666005 
963 0.9089370750515753 0.04156440045504009 0.49029007271666764 0.37000623099160207 
964 0.9089370750515753 0.07437512602159618 0.5958465114015857 0.36193298725289774 
965 0.9089370750515753 0.11932479605441676 0.529196803012778 0.33988413337323636 
966 0.9089370750515753 0.058507930770175326 0.5596951692073314 0.361172542892737 
967 0.9089370750515753 0.06742785038565122 0.46467037978591297 0.37339367426732417 
968 0.9089370750515753 0.04206190614836691 0.4270243449767968 0.37128556768584514 
969 0.9089370750515753 0.04173184180230449 0.49389457993403796 0.373053571280756 
970 0.9089370750515753 0.029183130881640443 0.4962711569758515 0.35836168473351115 
971 0.9089370750515753 0.03363507132855528 0.4945394746484157 0.37119507486066083 
972 0.9089370750515753 0.05891307457136303 0.5273478040424975 0.3662633286173753 
973 0.9089370750515753 0.0302430918785803 0.5204648785563692 0.37405229211190627 
974 0.9089370750515753 0.14168300095154235 0.5616000288672489 0.359534936434992 
975 0.9089370750515753 0.14168300095154235 0.5566735727902148 0.36993145929581367 
976 0.9089370750515753 0.09579138724570178 0.6018963641389887 0.3581865861722015 
977 0.9268598778443651 0.03995234693085683 0.5495419098235279 0.3733756098701978 
978 0.9268598778443651 0.031143697822207064 0.4623175825061212 0.3823288342709089 
979 0.9268598778443651 0.08948856379119201 0.5540651073692398 0.36557773600368204 
980 0.9268598778443651 0.0857946953606471 0.5565401778033116 0.3614379743459044 
981 0.9268598778443651 0.14168300095154235 0.5518344067583465 0.3751066604327733 
982 0.9268598778443651 0.06777261589270898 0.5144251388811525 0.3714581460671746 
983 0.9268598778443651 0.14168300095154235 0.5199722617289 0.3690559182337846 
984 0.9268598778443651 0.04346711305538125 0.553099785624915 0.3731046685889766 
985 0.9268598778443651 0.14168300095154235 0.6165159067160733 0.36463882084936267 
986 0.9268598778443651 0.14168300095154235 0.569195786080041 0.3720724060566637 
987 0.9268598778443651 0.035471789411552865 0.5126975660507987 0.3921876852621228 
988 0.9268598778443651 0.14168300095154235 0.552189396559739 0.3689564063455103 
989 0.9268598778443651 0.11072153089290637 0.5374313390087047 0.3809378400525261 
990 0.9268598778443651 0.14168300095154235 0.49699989341751627 0.38779250683375815 
991 0.9268598778443651 0.030690992405033347 0.583669891700543 0.37704643954888484 
992 0.9268598778443651 0.08929351970805596 0.5425450665831575 0.3787664847378477 
993 0.9268598778443651 0.02873247687633525 0.47693991482481957 0.3849419361366385 
994 0.9392905658967728 0.03437130329906817 0.5198207612189821 0.3771887685697179 
995 0.9392905658967728 0.028837531871169282 0.5060892855990053 0.36561751460832304 
996 0.9392905658967728 0.14168300095154235 0.48839496690545453 0.35937671060353954 
997 0.9392905658967728 0.04118856911569548 0.47052520599338965 0.3608366168957999 
998 0.9392905658967728 0.03753480055445519 0.4989019954104321 0.3739806801628904 
999 0.9392905658967728 0.08997072306791863 0.5150237165584683 0.37519007929257053 
