0 0.3786211539740429 0.1500581724748952 0.2783008867541451 0.058410138111477015 
1 0.3786211539740429 0.038877172688181874 0.28443160895171943 0.0657091227420896 
2 0.3786211539740429 0.052940995981634854 0.26712245803944384 0.08154569853976679 
3 0.3835597327487962 0.029911595575399328 0.26138528910043723 0.09619909410923692 
4 0.3835597327487962 0.03579955653308786 0.2805104348110668 0.08927846336073045 
5 0.3835597327487962 0.03306967641857824 0.28657682387632105 0.07605460815872715 
6 0.3835597327487962 0.10394576598511908 0.28204870437815555 0.06609625342790795 
7 0.3835597327487962 0.07921232563506969 0.2852319713312165 0.07342288301618421 
8 0.3835597327487962 0.07140728047146783 0.2753972047687376 0.08506081525699076 
9 0.3835597327487962 0.08010793070573632 0.2960169261376998 0.07944127721844983 
10 0.3835597327487962 0.033126469563498295 0.29074631038366344 0.09733344952398454 
11 0.38609473044411907 0.03408956701204345 0.3090442675242677 0.08766742768911065 
12 0.3921187310118173 0.08628781917289663 0.3281455979366002 0.06549623705184307 
13 0.4061300364924847 0.18230271780976534 0.3317008756834171 0.053214364990548164 
14 0.40652764050678414 0.04128085001003477 0.3253049610555918 0.06878483063767868 
15 0.40652764050678414 0.04357145661077179 0.33066949807735085 0.0767841748610765 
16 0.40652764050678414 0.08834811048265835 0.3307579908034249 0.07938870709799688 
17 0.4281873860995488 0.18297559632848712 0.33680440956311525 0.07351879832423279 
18 0.4281873860995488 0.16255384624524108 0.3379486456465835 0.07092229341887522 
19 0.4281873860995488 0.18332270670478568 0.3437507319623864 0.07062451037494864 
20 0.43087466284380666 0.0804249963084266 0.3363514113808873 0.08856077467863795 
21 0.43996781002539403 0.1416762459076791 0.35156168195950044 0.07287554426820046 
22 0.43996781002539403 0.09474610886034193 0.34997149044594844 0.07760134915810456 
23 0.43996781002539403 0.029782228337532333 0.3547743989067866 0.07559189381575004 
24 0.4852881583978754 0.02930837238126344 0.3598067972953309 0.0912818884724919 
25 0.4852881583978754 0.19149731776696322 0.37311432184976573 0.0638122883038254 
26 0.4852881583978754 0.20587944576179404 0.3595100636981346 0.08016820018812701 
27 0.5066209709054508 0.04553388270712735 0.3490200177824301 0.10297983059828852 
28 0.5066209709054508 0.030900532423711425 0.3615579176714658 0.10806953740851952 
29 0.5066209709054508 0.02949991665386048 0.34697408793848417 0.11792174917012277 
30 0.5226766529612279 0.09051262088167758 0.3785915813998533 0.09059209935083486 
31 0.5226766529612279 0.03981836442928066 0.3808564088221281 0.1023425822506704 
32 0.5226766529612279 0.20402909118534404 0.38033875206071976 0.09128282442824212 
33 0.538918364936748 0.04652808533135095 0.40173704383783 0.10590682362905897 
34 0.538918364936748 0.07690886531759397 0.3920169532244567 0.106425945248139 
35 0.5540602785909946 0.030238436504525585 0.4125573153185908 0.11626067407874234 
36 0.5540602785909946 0.20614157584746534 0.40121383999898097 0.0980315556739592 
37 0.5540602785909946 0.08933203705928947 0.39942103667697837 0.11248731876840277 
38 0.5575308779502791 0.04081741421807516 0.40453781265747113 0.1255036679217134 
39 0.5575308779502791 0.09081851259625631 0.40054871702623374 0.12316338965687207 
40 0.5579275435745282 0.1359981487642828 0.4156044889535485 0.10321259820694689 
41 0.5617949402081357 0.04652922133142354 0.4160424445303582 0.1226777579826194 
42 0.5685951153119219 0.03854358984808806 0.41420642888255954 0.12939270838179354 
43 0.5869401613343523 0.02931903822193768 0.40636977086869047 0.13867138345684013 
44 0.5869401613343523 0.17765640536040647 0.4350420328068893 0.126464219769736 
45 0.5869401613343523 0.053258346327623565 0.42333114856394405 0.12482647441518477 
46 0.5869401613343523 0.10514090074915419 0.4458151818449495 0.12424688629709618 
47 0.5971580638424239 0.035283449325605315 0.4180813593960622 0.13567948164770668 
48 0.611641320167232 0.035123832531725116 0.4208483999898969 0.13035233004645716 
49 0.6349286200847869 0.05608477187001022 0.4272306656813758 0.13744599448425066 
50 0.6349286200847869 0.03731787444556284 0.3934741279423045 0.14848550666856195 
51 0.6349286200847869 0.029194386713173162 0.41741336719465927 0.16184725949549653 
52 0.6436751849095504 0.1477818182485886 0.4393279600054681 0.14582272123418427 
53 0.6436751849095504 0.039410580183557004 0.4450830316093184 0.14850123923479372 
54 0.6436751849095504 0.13344549924069227 0.46413250404021633 0.13451114153134922 
55 0.6466419954372031 0.21351602744225728 0.4984153966616413 0.1200789220559491 
56 0.6466419954372031 0.18773902590667815 0.48869502003198195 0.13740486147056974 
57 0.6466419954372031 0.18736567302739762 0.4687717251646585 0.14174692952000148 
58 0.6470916302581485 0.05993703829321945 0.49695764532017306 0.1462383985865708 
59 0.6473131200082209 0.04176933211023286 0.4577697626454589 0.17211303908803877 
60 0.6502587217651743 0.1883241671509841 0.5159482268016903 0.12683094545470755 
61 0.6614626818790798 0.03674902501632088 0.49794201521756304 0.15934707483491042 
62 0.6614626818790798 0.029310472171433583 0.45373968352472355 0.18400272823390917 
63 0.6743924260756207 0.12705741459623596 0.47612503019631247 0.16802930601021268 
64 0.6743924260756207 0.05708343249498515 0.44864687312873497 0.17414216904934207 
65 0.6764856840617635 0.054049206303680764 0.4548452188606907 0.18115225708093033 
66 0.6833602286692712 0.04204000010776812 0.46863359673995125 0.17211265114472227 
67 0.6833602286692712 0.028488427784047133 0.4779105405398327 0.16416307162873184 
68 0.6833602286692712 0.0317084284657937 0.45414369420052964 0.1813032328518935 
69 0.6833602286692712 0.029891619599979127 0.4655653981945579 0.20027184703819384 
70 0.6835070454642077 0.029987961302123032 0.5003815401465633 0.17743076413609546 
71 0.698725295807327 0.108663641585942 0.5041754726156393 0.17531351945641885 
72 0.698725295807327 0.028519679229337146 0.49312562294045326 0.18543163203331547 
73 0.698725295807327 0.16885556293576146 0.5211881902859299 0.15397221618731557 
74 0.698725295807327 0.18844870737029285 0.4984141350233727 0.1547721646441479 
75 0.7350696965043573 0.06489867357998566 0.48400340638360057 0.1891076558587964 
76 0.7350696965043573 0.06531931188893117 0.5401748616300199 0.17209817804388666 
77 0.7350696965043573 0.12254303977126378 0.5325572679601629 0.17321933252933816 
78 0.744907317961543 0.041883960643545944 0.5261349500207031 0.18632134086830168 
79 0.7516625818958569 0.1417449629014572 0.5503983913068148 0.1625028386036124 
80 0.754130822705012 0.028174441988937978 0.49196271831257443 0.1938074748317115 
81 0.754130822705012 0.03958967297170505 0.513228666404075 0.20216825119856668 
82 0.7647528313142293 0.10398021684007087 0.5599810861185054 0.15656017525643742 
83 0.7667881972232286 0.07290217001306508 0.489150934673643 0.19902478562336756 
84 0.7667881972232286 0.07892020070650414 0.5127327641313816 0.19753521299544005 
85 0.7788137414606956 0.18921098585321494 0.5550480738802888 0.1652893224385658 
86 0.7788137414606956 0.06415595844669429 0.5530686051272807 0.18227750595203637 
87 0.8151684808674627 0.06325127123755736 0.5432548409154668 0.21199732304959987 
88 0.8151684808674627 0.07227977733888664 0.5468461709225694 0.2078952784173596 
89 0.8151684808674627 0.04629590406138488 0.5608473686470965 0.2052220721277804 
90 0.8151684808674627 0.06274719488018687 0.4989870941311446 0.25062108192641513 
91 0.8170800098983757 0.19200740373170902 0.5821018882230606 0.23072144972615005 
92 0.8170800098983757 0.16352919098181626 0.6043364237125775 0.18964795782562024 
93 0.8170800098983757 0.08765916468732281 0.5844796064881816 0.21138633817666133 
94 0.8170800098983757 0.05186595531109259 0.506571278836647 0.22596614940785645 
95 0.8170800098983757 0.04786740586051441 0.5541850324200097 0.22592461513484222 
96 0.8170800098983757 0.057775173287199874 0.5505197897654577 0.23421499375948712 
97 0.8170800098983757 0.06952734336276234 0.6114465506828967 0.23000050457853047 
98 0.8170800098983757 0.05956807665907702 0.5691674484479051 0.24803740163119553 
99 0.8170800098983757 0.03827052639279546 0.5697513080641985 0.2299854258009915 
100 0.8309441484885366 0.23243477883950847 0.6332153739637807 0.18843048364057144 
101 0.8309441484885366 0.08999762926705542 0.5818804143362054 0.22318422436041038 
102 0.8309441484885366 0.09620057343696824 0.5841020785626225 0.23807646634777352 
103 0.8309441484885366 0.10847017292205809 0.6034287247075963 0.2308218870043326 
104 0.8311415921209921 0.06282526045959302 0.6001426353309155 0.2310464585021841 
105 0.8320380398185483 0.11847006699952223 0.6188664340769061 0.21826420504380564 
106 0.8320380398185483 0.056456994716174456 0.5636748863854671 0.2512349931649872 
107 0.859248812244896 0.065835612727858 0.5667691165423032 0.240698667146981 
108 0.859248812244896 0.05072699312753024 0.5753196765359067 0.23461099459349002 
109 0.859248812244896 0.07498440157376253 0.577763990566049 0.22065770928310807 
110 0.859248812244896 0.07763175797019875 0.5629703207714006 0.24307004680267635 
111 0.8752377242248969 0.07419754742465241 0.5992502171794752 0.24488909775679532 
112 0.8752377242248969 0.047500528206225995 0.6095602025904324 0.2624077589939592 
113 0.8752377242248969 0.06383791550401462 0.6208792404092478 0.2375023254765978 
114 0.8856359996904085 0.03668009731725634 0.595898710437015 0.23004981145576936 
115 0.8856359996904085 0.030977924056492714 0.6100082318017204 0.24716869697663302 
116 0.8856359996904085 0.1509868520171515 0.5903290955812165 0.24800113547102196 
117 0.8856359996904085 0.03742832078263636 0.5532046915601462 0.26706770905702926 
118 0.9314856957609939 0.05428557432459045 0.5916150164673222 0.2583919033071459 
119 0.9314856957609939 0.08239785801822619 0.5868395563041381 0.23536299936680552 
120 0.9314856957609939 0.07926437308369659 0.6306470397109998 0.23787714098924662 
121 0.9314856957609939 0.1519141218565834 0.6445525243087808 0.24867884097880508 
122 0.9314856957609939 0.035005505672755066 0.67261880730546 0.26931983436258083 
123 0.9647699709551487 0.08948493724571265 0.6570180172517011 0.24458577266624643 
124 0.9647699709551487 0.05846804129206836 0.6586770335883567 0.26532347485179164 
125 0.9647699709551487 0.16240384542006123 0.635271345262347 0.24692360024071552 
126 0.9647699709551487 0.031837200626415894 0.6296371964779612 0.2642044601805419 
127 1.0095181623404181 0.07699756659279998 0.6545782750218684 0.29338029106358915 
128 1.0095181623404181 0.05056621750118093 0.6528667797129437 0.2980631960214346 
129 1.0095181623404181 0.042067477994922116 0.6276545818198341 0.30616674412510636 
130 1.0209650742280283 0.18735070909962698 0.6747371772033515 0.2737037906609903 
131 1.0209650742280283 0.0660231431827793 0.6839077431768643 0.29862980382907967 
132 1.0209650742280283 0.05425780542209831 0.679985087226091 0.3219233491425198 
133 1.0209650742280283 0.10126437511642733 0.6723588838860539 0.32475010924179837 
134 1.0369903789159165 0.1599387700879761 0.645955410050604 0.30655258438070376 
135 1.0369903789159165 0.053863323333475065 0.6321207492392603 0.29859510838018005 
136 1.0369903789159165 0.07881424183215673 0.6468351091701936 0.29253136881013053 
137 1.0369903789159165 0.034390171289402756 0.6478989609948985 0.33670102492667625 
138 1.0369903789159165 0.14664205464862465 0.6664328321056414 0.3085150999424244 
139 1.0369903789159165 0.18407688500342614 0.6599787409991626 0.30192648428342 
140 1.0369903789159165 0.037583039061203374 0.6756428147077428 0.325934098830598 
141 1.0369903789159165 0.040752059897343186 0.7141940112050076 0.3419958195068949 
142 1.0369903789159165 0.1297068455999633 0.6832226277207151 0.33243252436910736 
143 1.0369903789159165 0.035989558230056166 0.6995296113921836 0.3458177698499885 
144 1.0369903789159165 0.07271296311530506 0.7563917034423601 0.3110042635596048 
145 1.052714370485434 0.06637809557461052 0.6400174288151214 0.3232227617366466 
146 1.052714370485434 0.0370457996149832 0.6730031466413902 0.33800196383287845 
147 1.052714370485434 0.02894248956383926 0.6781547923272906 0.367005532145194 
148 1.052714370485434 0.03230718736986411 0.6972367760890629 0.33258509221984023 
149 1.0596775497345179 0.04703392248358081 0.7791269073608801 0.30851190083794827 
150 1.0724493047235044 0.12085162187223178 0.7220513411856293 0.32448838245109535 
151 1.0724493047235044 0.06285718642920554 0.6879812444991991 0.3646286726267649 
152 1.0724493047235044 0.12306049668121227 0.7039032070645964 0.3442135046607882 
153 1.0809362053189233 0.1414094199797738 0.6820643278766778 0.3429014980796291 
154 1.0809362053189233 0.06624780175485806 0.7347927665780231 0.3426088367082796 
155 1.1146229060392263 0.11848511607133252 0.7611887917369766 0.35769989182945694 
156 1.1254710380981225 0.14073234716367364 0.7651787677147895 0.3669991050279198 
157 1.1477053766658414 0.06318930658894319 0.8473559274398554 0.3198603146286197 
158 1.1477053766658414 0.04795806751909983 0.7246044989014988 0.37497083884346066 
159 1.1477053766658414 0.03469238665574957 0.7439697990093845 0.39469187985394766 
160 1.1519719821535488 0.05519694832607369 0.7290302909999462 0.4047472138093593 
161 1.1519719821535488 0.05569339932432312 0.7277724053991955 0.3753602346886288 
162 1.1519719821535488 0.09259370474489423 0.7137399020093139 0.36772131206867503 
163 1.1519719821535488 0.11617825102508884 0.7844995462053947 0.36257704231964544 
164 1.181139959912576 0.12970349761640135 0.7595919847788266 0.36701301364118627 
165 1.181139959912576 0.06241965908218955 0.7506522342815661 0.40294245294191056 
166 1.181139959912576 0.03277795090279394 0.8122778712122132 0.41307905921983534 
167 1.181139959912576 0.036792981615852254 0.7038611943314171 0.41178036603816737 
168 1.181139959912576 0.12771686531362275 0.7425444598182853 0.39440165958026063 
169 1.181139959912576 0.05899042852058996 0.7733157947663636 0.37590547630166765 
170 1.181139959912576 0.1060390554160289 0.8159446853119523 0.38165186874695245 
171 1.1832085467936229 0.11591507935869357 0.8664044276356306 0.3575687139557406 
172 1.1832085467936229 0.04694283268456463 0.8413916330931441 0.3875134266999155 
173 1.1832085467936229 0.22081270735089487 0.8121465758725984 0.3822992035393625 
174 1.2363065254443584 0.07636474390960349 0.7474971852107366 0.4215755611048468 
175 1.2363065254443584 0.04763026642487587 0.7873168962607839 0.3847429427500863 
176 1.2363065254443584 0.1075522839375022 0.8099343204771923 0.3674439667831432 
177 1.2363065254443584 0.09813122917563236 0.7677073002308271 0.39279998527293264 
178 1.2363065254443584 0.05367579270037701 0.8138216058538098 0.39317375498030543 
179 1.2363065254443584 0.0932565174595213 0.8803891254223871 0.40160343240515894 
180 1.2363065254443584 0.08129859303637679 0.8587302639727092 0.37026184736683143 
181 1.2363065254443584 0.17303376814037025 0.854871600407546 0.39268195343618223 
182 1.267826109917291 0.07315514665418625 0.8350360963172782 0.43489225264274417 
183 1.267826109917291 0.1707858760415057 0.8740833725474484 0.38689500447815817 
184 1.267826109917291 0.038745829817991184 0.8085558446069958 0.4333241077145223 
185 1.267826109917291 0.05281105762226916 0.8483653881325102 0.3998216892642927 
186 1.2678733403650342 0.03679396782960742 0.8161020015909333 0.4280816182113472 
187 1.2678733403650342 0.18913377821514626 0.8575353024041659 0.4017594000934681 
188 1.2678733403650342 0.18934874736110893 0.9965999643018756 0.3481448601174935 
189 1.2729955794419765 0.04350193313798717 0.8983065438010518 0.4266531172198139 
190 1.2729955794419765 0.03590981816214479 0.7807284354798525 0.42466512939977014 
191 1.2729955794419765 0.17993276350880774 0.7955685162712569 0.4173532943417409 
192 1.2729955794419765 0.051457808322352555 0.8364059607663077 0.4125878528492817 
193 1.2729955794419765 0.0365235103869961 0.8660390063764647 0.43524170915439353 
194 1.2729955794419765 0.033780785118944064 0.8479497492162907 0.42341413575330056 
195 1.2729955794419765 0.11421263927644586 0.9166126707525994 0.4057877576297456 
196 1.2729955794419765 0.1715425517486159 0.9128464363918659 0.3888221403224977 
197 1.2729955794419765 0.09034656647217242 0.7931068132240143 0.4281174531391976 
198 1.281692728335414 0.057452265890069965 0.8209781350528899 0.41728006789969546 
199 1.281692728335414 0.029197136293256012 0.8421078106737068 0.4166929094427896 
200 1.281692728335414 0.028346754240021185 0.9044753848817213 0.409633651029484 
201 1.2824000755488567 0.043232411789121 0.9053028745361048 0.43518798251227225 
202 1.2824000755488567 0.03733466928449049 0.9049827581604794 0.4118751145661251 
203 1.2824000755488567 0.04954213060229461 0.7222903479811635 0.3980033381679252 
204 1.2824000755488567 0.06395500842917251 0.7919370380936738 0.4157984460776163 
205 1.2827105026346906 0.03536659101702061 0.8982282404248371 0.43164746120547626 
206 1.2827105026346906 0.08347343503259239 0.9178032399216557 0.42550291907382 
207 1.2827105026346906 0.062210433781627855 0.825676365284364 0.44481782616112225 
208 1.2827105026346906 0.03658134042121654 0.8375357855687112 0.4538785073663642 
209 1.2827105026346906 0.1386455658129842 0.9076131077390515 0.4225186514049559 
210 1.2827105026346906 0.04189360692131091 0.8980465417018245 0.4241028248411889 
211 1.2827105026346906 0.06218233392403122 0.8843013081236718 0.433356799024649 
212 1.2829302706298245 0.097987514610644 0.8697166411500452 0.4385724342665319 
213 1.2829302706298245 0.08586303672683082 0.9125966839233637 0.4287741867108633 
214 1.290907162400618 0.06479190188995759 0.9525658781482284 0.3796954820887992 
215 1.290907162400618 0.03807931812786705 0.8280560242126991 0.43407822285307723 
216 1.2974142447015964 0.17559738171372546 0.8361043175685265 0.4670228472115212 
217 1.2974142447015964 0.1322779120006185 0.8800264073616382 0.4472467975468299 
218 1.3093156809838158 0.03871846582170451 0.9735300441989023 0.40700933865562433 
219 1.3131632845780963 0.05093890586065503 0.9139486697902914 0.432409178890895 
220 1.3131632845780963 0.0679020569597143 0.8227652621695092 0.43019481316119695 
221 1.3131632845780963 0.04354328317542192 0.8695648960356118 0.44317177901199023 
222 1.3131632845780963 0.06859173011205787 0.90463663534253 0.3969957111679757 
223 1.3131632845780963 0.16436438883549206 0.9634837306324721 0.4240210348291821 
224 1.3131632845780963 0.07720311501947334 0.9425702666852296 0.3931798889765357 
225 1.3131632845780963 0.03241077164678914 0.8660512164460279 0.4548711046188371 
226 1.3131632845780963 0.08840884562984015 0.9827130629152339 0.40140439176208087 
227 1.3131632845780963 0.05868644502869616 0.995194980749071 0.40521215407369066 
228 1.3131632845780963 0.03268063078788898 1.0243390648580544 0.4065698562724516 
229 1.3131632845780963 0.05149646086092421 0.8486552488234355 0.4610061721183616 
230 1.3131632845780963 0.040403406004883166 0.8886999972552494 0.43839938775359605 
231 1.3131632845780963 0.07287920021915649 0.7311649644743203 0.43580986903318847 
232 1.3131632845780963 0.0750519764931508 0.7794467999138411 0.41213911876117565 
233 1.3190316611948394 0.04539009093597425 0.7836692296674141 0.46400867216490815 
234 1.3190316611948394 0.052266221519624734 0.843244788706915 0.47120466691755003 
235 1.3190316611948394 0.049767498528749954 0.8029414426554348 0.4439884417466385 
236 1.344831473100247 0.056176247218561876 0.8524046533899093 0.4584595716839691 
237 1.344831473100247 0.05324489784820519 0.8617468850221756 0.44611807258509134 
238 1.344831473100247 0.10211180364682401 0.8621140998832787 0.4560636454485306 
239 1.344831473100247 0.06734808819971658 0.9889062935367712 0.43192101237391833 
240 1.344831473100247 0.06905329498088827 0.9362188613707224 0.4499766742319922 
241 1.344831473100247 0.028987861604525253 0.7157400036490515 0.4545585935302485 
242 1.344831473100247 0.03283338017301106 0.847809165196095 0.45680052805627364 
243 1.344831473100247 0.06623162865670135 0.8666418790602578 0.4631517644823068 
244 1.344831473100247 0.18460146037809333 0.9473876381442388 0.40879881231240106 
245 1.344831473100247 0.03685934108265411 0.9106711126021108 0.4694485979597134 
246 1.344831473100247 0.10214134341257147 0.8779784572907597 0.44555618743534564 
247 1.344831473100247 0.059457275830453085 0.9057678703862275 0.4541122670623524 
248 1.344831473100247 0.049427825402005666 0.9027328166648124 0.45483507195006684 
249 1.344831473100247 0.03150502096539944 0.9009918616692735 0.4093602936209988 
250 1.344831473100247 0.031499989115075455 0.8751575933572195 0.4058029817800386 
251 1.344831473100247 0.05281202704694138 0.7520862486231793 0.4465599701758649 
252 1.344831473100247 0.13321176260169676 0.9035385722224358 0.427245646176281 
253 1.344831473100247 0.0436494672556683 0.8134564060131496 0.45873289407748014 
254 1.344831473100247 0.1714207183215367 0.8840164082008185 0.4517019230489795 
255 1.344831473100247 0.1809096120054621 0.9714193506486424 0.4021014095711239 
256 1.3491884100464904 0.06413078726788558 0.8583351055706889 0.5120448432638449 
257 1.3491884100464904 0.031163075210515794 0.9372411714027875 0.4541548506807847 
258 1.3491884100464904 0.07721675748704131 0.9591355931100416 0.4532366447358721 
259 1.3725194857211256 0.02979130688414825 0.8265174481172484 0.4735459086415291 
260 1.3725194857211256 0.06301125216279355 0.8359168737088397 0.46763778661907524 
261 1.3725194857211256 0.13876586002448532 0.9017227065326854 0.43110591286246885 
262 1.3725550066692223 0.09770162504483379 0.8452141673578963 0.4928715266982313 
263 1.3725550066692223 0.04408928257029558 0.8728630876938352 0.4821633971845115 
264 1.3725550066692223 0.04424558932803455 0.8613694275662481 0.48732181142471936 
265 1.3725550066692223 0.03048328436310124 0.9871029472572629 0.46635133566269144 
266 1.3725550066692223 0.0503926438327476 1.0361396674197643 0.43145863652761385 
267 1.3725550066692223 0.03128950119770686 0.963749210494766 0.4498973271744639 
268 1.3725550066692223 0.047774531037772835 0.9998303425124704 0.4455961617542137 
269 1.3725550066692223 0.06714985198240377 0.9384610297382862 0.4545484814898217 
270 1.3725550066692223 0.03190047371277769 0.888398361511209 0.5006785324315886 
271 1.3725550066692223 0.037348941501809584 0.9149779600220889 0.4801117187011714 
272 1.3725550066692223 0.04709829330756617 0.8836460434947793 0.48978872569646653 
273 1.3725550066692223 0.06260586853797939 0.9316432934802041 0.48468906048539206 
274 1.3725550066692223 0.05228227702641842 0.9603219505805245 0.46760592616375635 
275 1.3725550066692223 0.054918822749183686 0.9709632741458616 0.4972129444777602 
276 1.3725550066692223 0.029449986750286723 0.9843550444793701 0.4981582010016689 
277 1.3725550066692223 0.04379027264792024 0.9816985777914031 0.4854353072045525 
278 1.3725550066692223 0.03678869756634853 0.9921669460603747 0.46412751223242626 
279 1.3725550066692223 0.11405870197376153 0.9900067774454175 0.4370304833995213 
280 1.3725550066692223 0.0678310047365475 0.9221570355052143 0.45635270385405835 
281 1.3725550066692223 0.10687147334345871 0.9284087438219646 0.4581949898031144 
282 1.3725550066692223 0.032620902108411155 0.7867182393487275 0.48164619748582443 
283 1.3725550066692223 0.03123373767945058 1.0021652766337232 0.4495314871216078 
284 1.3725550066692223 0.14930269422317102 1.0162413240162995 0.4587879639322431 
285 1.3725550066692223 0.032230326109793525 0.8952023632833448 0.4773404824363424 
286 1.3725550066692223 0.03613387288366155 0.8779992409146236 0.4941484808812533 
287 1.3725550066692223 0.13031081653367235 0.969938619372502 0.4029185339146977 
288 1.3850366810540775 0.13577456671980326 1.001923502758538 0.39740687589485285 
289 1.3850366810540775 0.18626547870870028 0.9104320586956411 0.4273884412703209 
290 1.3850366810540775 0.08311837192690408 0.887171333209202 0.46631929939543937 
291 1.4091789804446786 0.045993022595692115 0.9022735572789574 0.4567332378742402 
292 1.4091789804446786 0.10076629586864683 0.9097671144180824 0.4576859790050003 
293 1.4091789804446786 0.03677160500161898 0.7927954765392957 0.49811163704965805 
294 1.4091789804446786 0.08407255269715552 0.864417940024718 0.4812954655863277 
295 1.4091789804446786 0.0769940899009965 0.9062608784307046 0.4682343440719661 
296 1.4091789804446786 0.05919018122113446 0.9924142676182653 0.4472881618476696 
297 1.4091789804446786 0.06514417588640875 0.9161107111802086 0.4700545443622904 
298 1.4091789804446786 0.03690419838782735 0.9370722194277422 0.4658369119147356 
299 1.4091789804446786 0.18361583543079357 0.8952696648333414 0.44384903224167216 
300 1.4091789804446786 0.03890591350018936 0.9493598567725893 0.44947450235183933 
301 1.422020753481115 0.03597880940474268 0.7886053872698924 0.49486548200589814 
302 1.422020753481115 0.09045951218887856 0.8859394736059273 0.49454088662963924 
303 1.422020753481115 0.03005207052033777 0.7563412705925019 0.5114597379838224 
304 1.422020753481115 0.060290664659494696 0.8298498849810307 0.47710271397606424 
305 1.4227040916189413 0.05697808277369215 0.8454952143410381 0.5000468104393243 
306 1.4227040916189413 0.0458078197869762 0.9246651281591766 0.5026425050953641 
307 1.4227040916189413 0.048291702448293214 0.9858978574427609 0.48925226814145767 
308 1.4227040916189413 0.06262545988534056 0.9906375876651963 0.5143398985544455 
309 1.4227040916189413 0.19403252933779924 0.9964630988009102 0.4447574831717471 
310 1.4227040916189413 0.10252619010170873 0.9458976846004339 0.4982004162501751 
311 1.4227040916189413 0.08758600654730891 1.018193815596437 0.44090792910539106 
312 1.4227040916189413 0.17713094915329144 0.8705968062762638 0.4898800066874563 
313 1.4227040916189413 0.04385685266729014 0.818978260731969 0.49838269268904867 
314 1.4227040916189413 0.18233180961718043 0.7704206262032801 0.44784896727259677 
