0 1.1783138148768573 0.08922895551738112 0.3033876204102437 0.14752668491639923 
1 1.1783138148768573 0.05837965838409697 0.3842451944537662 0.29091712688277704 
2 8.605189021530137 0.10075265208625094 0.6617626754945868 1.1839438738397023 
3 8.605189021530137 0.10820863567979333 1.360401260292048 2.269542753992092 
4 13.37697307627051 0.06426845505815035 3.941489221438895 3.891196157979527 
5 13.37697307627051 0.1741934049837077 6.097581478489762 3.7165652748536817 
6 22.442920730332965 0.10460286257787463 7.422197683920206 4.212251017344969 
7 22.442920730332965 0.17830215631142154 8.091697771500533 5.077235977506345 
8 22.442920730332965 0.2338890731701519 7.367643317367454 6.183991361279549 
9 26.443431465109814 0.26851946373794106 9.3451736939859 7.738252369218468 
10 26.443431465109814 0.1881084159179811 11.097521883879228 9.44648192881622 
11 26.443431465109814 0.21487997422086383 11.896951660408188 9.391802423572413 
12 30.637725995018705 0.22946812005892697 12.267682532832062 9.525924041499437 
13 30.637725995018705 0.30704654890002037 15.092081205375354 8.164430969669597 
14 36.69213674975796 0.05887916616732843 15.038271747188693 10.562995232291534 
15 36.69213674975796 0.05683541989216549 17.693648942494512 11.535847232481682 
16 38.65305657601319 0.08130697451065055 19.237225055409393 13.851991822296462 
17 38.65305657601319 0.15274233879111346 21.57752467230366 15.210626002990972 
18 38.65305657601319 0.1694801378600314 24.80881669363483 14.653074352664278 
19 43.80873257674191 0.2072267548647809 25.530299385452604 14.758504967204384 
20 43.80873257674191 0.2823358270891772 26.05503188602028 14.285348387739186 
21 43.80873257674191 0.03168059056551781 24.66681537226704 14.542522603307741 
22 43.80873257674191 0.0441973884827917 27.226098986816833 15.822693424800692 
23 43.80873257674191 0.08915924629592073 23.47131442150959 16.376052897958996 
24 43.80873257674191 0.1212153436750728 25.71703224148335 17.340840376448707 
25 43.80873257674191 0.19545811077636696 25.65585972318275 17.422527304382253 
26 43.80873257674191 0.114366570016055 24.822141757413686 19.591220332160937 
27 51.9514512635656 0.15492215678169666 27.80303749232009 18.69468538636661 
28 52.23276801961006 0.15286824011907885 33.219683500938324 16.93571334209863 
29 52.23276801961006 0.07232504648905176 29.270859721022653 19.69191005425717 
30 52.23276801961006 0.2865106691432581 30.980361916292246 19.85815571876033 
31 52.23276801961006 0.04903007046173972 33.044605292125524 19.739001123227062 
32 52.23276801961006 0.08049859793093879 33.68750130498161 20.715735865888757 
33 52.23276801961006 0.08708492796902978 34.991234737542165 20.94124334628006 
34 52.23276801961006 0.18863444463862944 35.736268853717895 21.677501922253622 
35 52.23276801961006 0.1213104066573802 34.66510763011736 22.046361907437788 
36 55.66241350008251 0.09701194904208592 38.819314383711536 21.472817049806654 
37 55.66241350008251 0.26280320180401084 41.082710749149285 19.187145953094078 
38 55.66241350008251 0.04844347866651154 39.9323582714107 19.74054478123637 
39 55.66241350008251 0.316674379433016 37.27000445215336 20.436764885411886 
40 55.66241350008251 0.0354070548051164 39.62814181397057 19.341784712610806 
41 55.66241350008251 0.11633131418677424 39.46354523558579 17.87338461112916 
42 56.59160809441118 0.06096690966082102 36.80767572821067 20.83271154880595 
43 56.59160809441118 0.21838468258957233 37.62366186379733 20.065905161647382 
44 57.49483189147874 0.13754567758008177 34.93825732595034 20.738309739415236 
45 57.49483189147874 0.29060466271964747 32.1835445009431 23.14128237868851 
46 57.49483189147874 0.168943100789758 35.12811802722354 22.955779886343873 
47 57.49483189147874 0.06767839927510919 33.967899157025656 25.116450670698065 
48 57.49483189147874 0.2351963666853159 37.847087502008506 25.030755512022594 
49 57.49483189147874 0.05658017574851072 39.69953719005871 23.75627162336545 
50 57.998023121353164 0.15916879187369318 43.1988351702281 23.032734847998867 
51 57.998023121353164 0.3857956752130008 43.729864326545766 22.44060558710984 
52 57.998023121353164 0.13909730549626712 39.340837589040305 25.278071874070942 
53 57.998023121353164 0.08841785007789643 39.72272527026733 23.99601694653727 
54 57.998023121353164 0.2821712712816208 36.15847772045126 23.86062602408266 
55 57.998023121353164 0.0942461469509676 36.13454681646617 26.434443411909207 
56 58.00648117016195 0.1445461732994699 43.02861663946716 23.780730255695097 
57 58.00648117016195 0.22023955219383248 44.0738011618856 22.80325138090969 
58 58.00648117016195 0.044729128871322583 43.27785100582557 23.65013240590898 
59 58.00648117016195 0.16099575711343633 39.62103961408348 25.18541540756696 
60 58.00648117016195 0.21636793111076233 45.957213733341625 21.12521834837787 
61 58.25372929427859 0.03925829358609698 40.07990217885962 25.422343798067995 
62 58.25372929427859 0.07016282175059117 38.92812863821423 24.689446222768908 
63 58.25372929427859 0.17438963744463762 38.07393042689274 23.824057262788134 
64 58.25372929427859 0.37452832337444913 37.035034714716396 23.517680330650098 
65 58.25372929427859 0.06246155236896726 38.33386167280297 24.538225653273667 
66 58.25372929427859 0.06705544452056081 39.035261789159776 23.870837010785525 
67 58.25372929427859 0.1420326028211947 35.95946127367372 24.45980995948175 
68 58.25372929427859 0.07875509950646993 37.93665763945341 24.650510316511564 
69 58.50494835907183 0.094821113172651 37.199202187364875 25.83866895304274 
70 61.19519832886833 0.09683675390183469 43.81025133660133 23.3180178516909 
71 61.19519832886833 0.10655511909227271 41.064923129746326 24.04028644177532 
72 61.19519832886833 0.1010550169315174 41.338499408408815 23.472359962933073 
73 61.19519832886833 0.05216189856532097 36.91160409818764 25.266232873566153 
74 61.19519832886833 0.1434079451378357 43.95951322155757 21.97518258667271 
75 61.70291520676555 0.07551562085143439 39.87395046947431 25.75927582547622 
76 61.787868405773736 0.3716073652474722 44.077079648998726 24.41441979217859 
77 61.787868405773736 0.4021921333655115 40.45160496232755 25.85790469726292 
78 61.787868405773736 0.09200880917511892 41.131620892906845 26.490346971401646 
79 61.81394279947713 0.34057202869438447 43.88347790227074 25.214207121744447 
80 62.29294667729193 0.37004841183134296 46.42308140341658 23.59717945124147 
81 62.29294667729193 0.06419335248372224 48.49241922225155 23.057255659654903 
82 62.31470041513742 0.3408157351189053 45.08217049910596 24.756721163640915 
83 62.31470041513742 0.051971960272661114 40.30881003790377 27.287813568647344 
84 62.31470041513742 0.2275083052670252 48.036000300783606 24.050793323563354 
85 62.41130423219915 0.28114670122421065 48.211586967613115 23.627110892172503 
86 62.41130423219915 0.05394531450913121 41.357305941098566 28.610713204746144 
87 62.41130423219915 0.1162862043917489 45.70288392044001 25.517102712177927 
88 62.476989746391205 0.06534596069580514 48.70239248031347 23.601383500294922 
89 62.476989746391205 0.1701873844641187 46.386781235243504 25.34882027841969 
90 62.476989746391205 0.17764156108982007 49.723876753268 23.960998557604626 
91 62.476989746391205 0.5634205016811497 51.26363879249947 21.45147621930739 
92 62.476989746391205 0.05757099856373113 45.04036860630508 24.82090783334383 
93 62.476989746391205 0.10237653472923261 42.08277916010949 26.018588525586363 
94 62.89443930798038 0.11507994929821219 41.880653573172474 26.292717145266238 
95 63.751770650768016 0.1656989469260295 44.99271975270609 26.403686355426842 
96 63.751770650768016 0.05911773998893064 40.95231813976568 27.187992885508656 
97 63.751770650768016 0.17985253205217733 37.67999388442832 28.90973813381893 
98 63.751770650768016 0.17943856361624064 41.262466488020394 28.66831725404186 
99 63.751770650768016 0.1873899965971484 47.3005351432915 25.464971411214798 
100 63.80803261933751 0.03843972035336442 44.23595596367438 26.995294271172025 
101 63.80803261933751 0.276987352089811 44.39338249853276 25.998922800605275 
102 63.80803261933751 0.03712478997132695 45.3084681313131 26.91452110399778 
103 63.80803261933751 0.10381046911099 47.18381362781785 25.675447193774886 
104 63.80803261933751 0.0747949948549335 49.59443388464753 24.267926221040472 
105 63.80803261933751 0.2573158051785245 43.56266555390914 27.30235606142865 
106 63.80803261933751 0.056553576714626866 43.32980522481136 26.962858322242994 
107 63.80803261933751 0.19129598511709034 53.58168058138972 20.05162598772743 
108 63.80803261933751 0.06127794314299843 45.08832197652508 25.506877717551045 
109 63.80803261933751 0.038505428949554124 42.63812040853558 27.13539272678075 
110 63.809727702014904 0.09533556461787451 46.438674520421515 25.677152267998178 
111 63.809727702014904 0.13133625085232264 42.60610983772364 28.32310197726639 
112 63.809727702014904 0.1348653076212624 47.01803777676643 24.370718779210776 
113 63.809727702014904 0.07901937025402613 43.239811976914275 27.117047153592985 
114 63.809727702014904 0.2630477324657118 43.34758259861307 27.420879980626164 
115 63.809727702014904 0.17297021636381849 46.756425328793355 27.75153028523049 
116 63.809727702014904 0.30679307756912366 50.54935020800651 23.38290192087625 
117 63.809727702014904 0.187044177329305 45.7971339346077 26.39303075766625 
118 63.809727702014904 0.21381997899395389 43.76512333544417 28.17051401650677 
119 63.809727702014904 0.06787703159339921 44.69886406616013 27.4606750378536 
120 63.809727702014904 0.27708434646643754 43.879995202085745 27.99170051536814 
121 63.809727702014904 0.20238059051464266 43.03561001441996 27.696145667590834 
122 63.809727702014904 0.23517497976150054 44.45850309652732 26.93250863096909 
123 63.809727702014904 0.0537117506184521 42.72476704922174 28.444407875754862 
124 63.809727702014904 0.07887836764268012 43.20309854256046 27.880638231620402 
125 63.809727702014904 0.31429902680942373 45.07969633549653 25.85200694007069 
126 64.11227578695473 0.10549107181135872 42.65007675006799 27.520221584183748 
127 64.11227578695473 0.39555698164271064 46.34337297599372 26.021557095894938 
128 65.21093273417453 0.062265337141676494 43.214051554381854 27.96094490050086 
129 65.21093273417453 0.10058359566914486 42.53295087234171 26.21510339143876 
130 65.21093273417453 0.06542033978501617 49.35352707079065 22.066337419167862 
131 65.21093273417453 0.0543306375420012 43.56392140523303 27.06350018353198 
132 65.21093273417453 0.13010662927684108 43.6978247840359 25.843678832923583 
133 65.21093273417453 0.06343075364504043 45.599346331641485 23.775744407487576 
134 65.21093273417453 0.051011532092052156 39.85757887650276 27.889842069454343 
135 65.21093273417453 0.0796976315573892 47.39735215697511 23.874571130078838 
136 65.56005709046708 0.11719135342799937 46.82047153613072 26.028546543505666 
137 65.56005709046708 0.1064641156884513 48.40960753090235 25.65748031361413 
138 65.56005709046708 0.22609793064326217 47.49179522452675 26.415015172217995 
139 65.56005709046708 0.25981063401103804 47.68165189258321 27.24065898441799 
140 65.79820762345135 0.04180725200608885 43.538398488760635 27.95552054858513 
141 66.25292429822287 0.08520075597884894 43.11287501762263 28.63944055299037 
142 66.25292429822287 0.13247939090913244 48.821336201648556 26.020969087237916 
143 66.98748067082991 0.06170023488999242 49.313889056572265 26.88589373133337 
144 66.98748067082991 0.1089443390280036 46.292817042037875 27.985838721920278 
145 66.98748067082991 0.07671702457416929 48.212962966869064 26.69402966144628 
146 66.98748067082991 0.14509053262182245 49.32168859333671 27.066550785924843 
147 66.98748067082991 0.2762477388806214 54.72635332865744 22.678138857980937 
148 67.55762957183201 0.11043220848609958 47.07183728028189 28.580842470720413 
149 67.55762957183201 0.055734034390322 47.76285805346628 27.147323779917315 
150 69.88206915978988 0.1866220134257567 44.00042048449517 28.685293708764846 
151 69.88206915978988 0.03122341914052238 46.17831248406824 28.210660665746605 
152 69.88206915978988 0.21917773566615362 49.48586254491608 26.79946583507531 
153 69.88206915978988 0.1977788469368144 50.52517452683644 26.668691525864023 
154 69.88206915978988 0.04314143018448252 50.142168693362684 27.659312262111317 
155 69.88206915978988 0.05520898921030141 44.83079449844861 31.485540937604853 
156 69.88206915978988 0.1190078840159271 48.134172199134916 29.647564480394266 
157 70.04026011073381 0.2800596216261023 54.52409727760433 26.146904285277213 
158 70.04026011073381 0.055874874083023454 50.782503592947855 28.683778658530564 
159 70.04026011073381 0.03296433015600771 49.475227078922174 29.30206892911286 
160 70.04026011073381 0.0922726149875911 51.16983130687639 29.659062135705895 
161 70.04026011073381 0.2019809741615711 51.776309069606505 29.99193593934925 
162 70.04026011073381 0.21006554211628733 48.8849711342633 30.672318565611544 
163 70.25922712720856 0.1443722602320646 42.55062797540821 32.59444611018649 
164 70.5771112856541 0.41493218830895656 51.30856646627953 29.171291237840457 
165 70.5771112856541 0.12312296416487338 55.78852648629477 26.090365643715096 
166 70.5771112856541 0.10913421029698903 50.86208279520405 28.22092337424666 
167 70.5771112856541 0.23864552191230867 52.97686198059647 28.13099792718024 
168 70.5771112856541 0.18452971402938742 50.933986124417274 29.380616707363174 
169 72.63588011549012 0.21030189608842445 54.95636814007873 26.86730592042349 
170 72.63588011549012 0.07687936305171024 50.979755891370665 29.28462697555852 
171 72.63588011549012 0.2120202226875527 51.43231065973571 28.643481891090936 
172 72.63588011549012 0.1781723488737517 48.56643259571021 30.887831711907307 
173 72.63588011549012 0.18842924693637528 50.71349103761631 29.76559835041252 
174 72.63588011549012 0.21656573856102 51.06202311419508 29.51625102657511 
175 72.63588011549012 0.05943122735778773 55.55042231041875 26.422780633027365 
176 72.63588011549012 0.20125615715825398 50.45230866546524 30.663130923496414 
177 72.63588011549012 0.12834986824252909 45.40747836323399 32.27568024889472 
178 72.63588011549012 0.04400435824854401 51.91303593355519 30.663801082872173 
179 72.63588011549012 0.17645231374223883 49.953254348035905 30.77866778809108 
180 72.63588011549012 0.05081242428219465 47.542479924410856 32.24452601219877 
181 72.63588011549012 0.247863244000765 54.16997867994215 29.631758350796503 
182 72.63588011549012 0.19275808316283066 58.303299374867215 27.150202354491594 
183 72.63588011549012 0.05468461279054006 53.72598748645108 30.567484327008987 
184 72.63588011549012 0.2578091502669766 50.81063966955367 32.19294138953224 
185 72.63588011549012 0.14737158680966025 58.00080167068514 26.93411689757542 
186 72.63588011549012 0.30334481707045113 53.87126958360357 29.479217783009126 
187 72.63588011549012 0.2100558080175619 60.079814887744504 24.470698283103694 
188 72.63588011549012 0.2305471543301045 49.34108320953011 30.008877300280062 
189 72.63588011549012 0.2794768292353025 48.424837167704815 31.74025180156706 
190 72.63588011549012 0.13241903008306413 43.70055468482961 33.48373328303359 
191 72.63588011549012 0.05924549923147574 58.247362308968256 26.579105955426936 
192 72.63588011549012 0.21109064235770178 52.08158418000618 28.776167071469384 
193 72.63588011549012 0.07770306575300787 48.31417667355239 30.398893797758713 
194 72.63588011549012 0.053554596582685465 49.62464450028677 29.89386416470493 
195 72.63588011549012 0.2954596090873687 49.41937165206461 29.725237941748233 
196 72.63588011549012 0.05952896894536917 45.8467621284484 32.42284311899092 
197 72.63588011549012 0.04487251261036297 48.76481956419687 30.851078459653028 
198 72.63588011549012 0.12255155181008796 58.44821916017534 26.237769665790353 
199 72.63588011549012 0.13275807929910063 54.91015252287568 29.18399486410233 
200 72.63588011549012 0.07562623357269388 53.27318448041474 28.86852090981415 
201 72.63588011549012 0.24139120639869954 47.19395727237396 31.640400908307843 
202 72.63588011549012 0.053648557642275975 51.51270968735571 31.191527445443818 
203 72.63588011549012 0.1878185435209629 54.80134699833069 27.866562897260735 
204 72.63588011549012 0.1885067837093707 53.234375654832846 29.053669944546403 
205 72.63588011549012 0.03767995773942591 51.62727679362936 31.630790248911214 
206 72.63588011549012 0.20247284336049368 47.22777144933111 32.8043905679905 
207 72.63588011549012 0.22494673841417687 53.61973796034444 28.588326812346605 
208 72.63588011549012 0.23828215108320597 51.50962731290816 30.490999798639436 
209 72.63588011549012 0.16201524126620762 50.711686575413765 29.419865062688576 
210 72.63588011549012 0.18673360848103757 54.13795874505895 26.192736565451806 
211 72.63588011549012 0.3827397407369554 61.80154037878239 22.492833826388647 
212 72.63588011549012 0.06558525467116692 51.29347771373266 30.673737142528033 
213 72.63588011549012 0.15502952508159995 53.029813963130316 29.18927974410312 
214 72.63588011549012 0.07064431237629809 49.50775928228328 33.16610691068434 
215 72.63588011549012 0.1871619675741181 51.05363013605935 30.7079994169747 
216 72.63588011549012 0.07749802252008176 49.752449808498454 32.265314160865984 
217 72.63588011549012 0.1066619697516812 49.6452333544301 32.38112630965397 
218 72.63588011549012 0.1755738192209067 51.9210602739227 31.402417809534494 
219 72.63588011549012 0.09534619729897688 57.277515532321566 27.319932919890487 
220 72.63588011549012 0.08992298648194706 55.47075289143959 29.671568642413227 
221 72.63588011549012 0.12238228803097391 51.791606451959304 29.007080541899025 
222 72.63588011549012 0.1379676823381816 47.44262125847239 33.270613084713055 
223 72.63588011549012 0.06657879452082792 51.138698388827486 31.371800755452107 
224 72.63588011549012 0.07721887348862405 52.77720380738236 29.788277369325726 
225 72.63588011549012 0.4476699531314927 56.41215606069872 28.982946597581616 
226 72.63588011549012 0.18466951259347422 56.43594659764175 29.389112672024286 
227 72.63588011549012 0.2181722982088456 57.44887659319538 26.746236061458795 
228 72.63588011549012 0.18279789476511515 49.82941584354327 31.956404550648287 
