0 0.3786211539740429 0.030588504680175033 0.26566004634131335 0.07458880200691005 
1 0.3836703895017208 0.030576626132475134 0.2679639167875328 0.08887852436761846 
2 0.3836703895017208 0.029450694856238187 0.27924329920332575 0.08289326259074704 
3 0.38375756887403495 0.04547460065152932 0.3049661196555659 0.06578967474143334 
4 0.38375756887403495 0.02895618986518547 0.3033104553529435 0.07220954466582462 
5 0.38375756887403495 0.1987137735086097 0.3220433995652723 0.050996837194439724 
6 0.38759639804193247 0.10554847748830264 0.32038520231855316 0.06457867765809591 
7 0.38759639804193247 0.19983209533617874 0.3172020127504301 0.061212604672327725 
8 0.39782018311482 0.051189851962780246 0.3247573877691682 0.07025035199432726 
9 0.39782018311482 0.19383588112544703 0.3413053232906088 0.059349038082481625 
10 0.39782018311482 0.09170831627944888 0.34118768200360616 0.0673973307998285 
11 0.39782018311482 0.22663153399848707 0.35535354817014386 0.043815401935532856 
12 0.4026897663434246 0.19262846112900267 0.3616076635843894 0.05360132636593718 
13 0.4026897663434246 0.11301260698233244 0.36486319468139466 0.05645737829811399 
14 0.4061955213896146 0.25222015426895594 0.3721579012442128 0.040673437979355284 
15 0.4061955213896146 0.2711434504436698 0.3723955619819735 0.04283858826432811 
16 0.4102735565311267 0.1887674397376148 0.36671967523748744 0.05467340830256385 
17 0.4102735565311267 0.047918290379640884 0.34781387819485743 0.09379620955857389 
18 0.4102735565311267 0.02935518272306582 0.3499804576406195 0.08556989576646051 
19 0.4102735565311267 0.029204573230500817 0.3363756357143488 0.09237862277180571 
20 0.41242849096430995 0.1066962953408981 0.3549062233746187 0.06944758117061438 
21 0.4178472853184656 0.18272363403751943 0.3646874972252211 0.05520564208278037 
22 0.4178472853184656 0.08651922907526435 0.3547877534626913 0.07120731622490763 
23 0.4284227665767056 0.037467652430580554 0.36209039264158427 0.07892074446164128 
24 0.4284227665767056 0.03575866359018877 0.35713763866342985 0.08825392444057086 
25 0.43507214601014976 0.03608740499381288 0.3618335370112092 0.08963771128259003 
26 0.4414381305456537 0.13154042097667262 0.3757572776153963 0.06929594602166701 
27 0.4453770641256802 0.1572758820391925 0.3730862752889064 0.06820564309356934 
28 0.4453770641256802 0.03685696252258993 0.358221264336473 0.09113634672373241 
29 0.4453770641256802 0.18251847373823257 0.38479076807120793 0.05843751611802793 
30 0.45886747308159503 0.029048884338067415 0.3537971361141582 0.100652884710578 
31 0.45886747308159503 0.028350496056115518 0.3764274339204574 0.08946771056427077 
32 0.45886747308159503 0.07267180957879865 0.38984415856020144 0.07176431740014277 
33 0.4734472629414265 0.08821538235689753 0.3976804773238113 0.0727460659203686 
34 0.4734472629414265 0.1297575947443681 0.39747466410898125 0.06918041569035956 
35 0.4734472629414265 0.06263524344100331 0.38539167561453563 0.08293675243944887 
36 0.4734472629414265 0.11385493217017989 0.3953746540266776 0.07355502057724292 
37 0.4734472629414265 0.052809407824237105 0.3703843100024566 0.0897299858806032 
38 0.4734472629414265 0.06323854466747375 0.37645695452998446 0.07971007940384517 
39 0.4734472629414265 0.08446300204979465 0.3881486892261136 0.0871517893327823 
40 0.4734472629414265 0.049417932824117966 0.39124222185133534 0.0849212331377581 
41 0.4734472629414265 0.14828446365540754 0.40171268111982783 0.06806484268264301 
42 0.4734472629414265 0.06127882739794843 0.38605816813258836 0.10552695735221347 
43 0.4734472629414265 0.17957435019997084 0.38191668895708947 0.09204205619029453 
44 0.4734472629414265 0.10400476169516716 0.3842207591238862 0.09418474063390299 
45 0.47456360715664736 0.1445719375172014 0.37538709885225746 0.08232540952921268 
46 0.47456360715664736 0.03879545153918489 0.39124465704459005 0.11613767644175868 
47 0.47456360715664736 0.03268849235435045 0.3869024115172969 0.12418016292213892 
48 0.47456360715664736 0.16354415672539957 0.4079250197707244 0.08719879542808422 
49 0.47456360715664736 0.16354415672539957 0.4004961498754899 0.09635419757758322 
50 0.506962436568698 0.08349249433775195 0.4063046865263272 0.10051601625541043 
51 0.506962436568698 0.06213172067745567 0.3911552093312845 0.10399115109822464 
52 0.5105767271886241 0.17890553710883472 0.40334280119111815 0.09545709391553163 
53 0.5133009886031518 0.02818196152202653 0.42285374001675097 0.1078075833263643 
54 0.5133009886031518 0.028187555563154297 0.42320322592294607 0.10549775267504716 
55 0.5133009886031518 0.1853040603316434 0.43069923807063787 0.09793660383659555 
56 0.5274812478807863 0.11318117810110259 0.4254288559429008 0.10770753671405885 
57 0.5274812478807863 0.08706571399778554 0.4442597342439072 0.10193283469301047 
58 0.5274812478807863 0.2013079091040849 0.45586474223928364 0.09033826878621017 
59 0.5294307294895114 0.03354797442885117 0.4569558542132563 0.12074950529452234 
60 0.5315740538466602 0.20488686544067686 0.45633602840569937 0.0987677778204681 
61 0.5315740538466602 0.02835366790726906 0.43731865768337563 0.1346306548294324 
62 0.5336224574596928 0.0650350597641071 0.43445169411859347 0.12679578598195837 
63 0.5336224574596928 0.12725783495448298 0.44338368641206605 0.11043412725023105 
64 0.5578270545866612 0.03717008406376431 0.4550388785664039 0.10710923295039272 
65 0.5578270545866612 0.25561620162901616 0.46979592331473063 0.07541344047710083 
66 0.5639572135855863 0.07088539204606542 0.4602073378554162 0.1160046917581185 
67 0.5639572135855863 0.029177720744772533 0.4181622499386854 0.16331077998773608 
68 0.5659993472776071 0.03074560020727591 0.4640710934592802 0.1352619712098639 
69 0.5659993472776071 0.029910792676656372 0.42947564406498184 0.16472890207848992 
70 0.6056209325331564 0.18703087960831768 0.47334634850542645 0.11050176741104405 
71 0.6056209325331564 0.049763873777974844 0.47161144661995813 0.11795337348680693 
72 0.6151655093536754 0.07584850169920877 0.4675190194561464 0.1215978990197139 
73 0.6286482841270696 0.15442801228417408 0.47210371121918115 0.1271500636993553 
74 0.6429327221121977 0.1902497418384497 0.5099707172230329 0.11750285842129413 
75 0.6465048387343242 0.03693503054141443 0.4908867758253036 0.14223935759776804 
76 0.6465048387343242 0.035988387810680075 0.5111223227960033 0.16432886586452733 
77 0.6465048387343242 0.08033400470178949 0.5256269982856318 0.14387226019057597 
78 0.6465048387343242 0.03581993902048543 0.5069807636580974 0.15507522942070562 
79 0.6480109396515817 0.044078289945491095 0.5294528311273046 0.14703509896114517 
80 0.6821772283085605 0.19407673524650942 0.5640578917136424 0.11921632895378606 
81 0.6821772283085605 0.0735032652307569 0.5542399956038502 0.12329311995567464 
82 0.6821772283085605 0.07817731661226068 0.5721418349655074 0.13987060356777403 
83 0.6982741382373481 0.042555212792752 0.5725428123313339 0.15031704472290278 
84 0.7188347325746033 0.03706693733185727 0.5541340196018246 0.1688157550092892 
85 0.7188347325746033 0.18824053498045243 0.5700872323604186 0.13925507972589132 
86 0.7371948827750655 0.18229278282823455 0.5838058604224635 0.1460028264707487 
87 0.7371948827750655 0.21949620060455785 0.6116183337071118 0.1400114871680411 
88 0.7832649763687572 0.19938374539837886 0.6307538965976176 0.1424432064063517 
89 0.7832649763687572 0.07862262854704971 0.6413857691017099 0.1494020804903238 
90 0.7832649763687572 0.19961124803811367 0.6520385579495501 0.15838391331169926 
91 0.7869426718904678 0.3061172392381558 0.6673291082624591 0.13733278406228078 
92 0.7869426718904678 0.04274883726528141 0.6522547221838262 0.16998527971545777 
93 0.7869426718904678 0.05749669792528576 0.6672793519784117 0.183529800445495 
94 0.7869426718904678 0.19595453471423002 0.6962324213291111 0.1519411236805365 
95 0.7922915444805361 0.029535680449280007 0.6591679409200761 0.19132061616572757 
96 0.7922915444805361 0.052848794341672806 0.7077044249842044 0.14623206056386606 
97 0.805817726652617 0.1928701883233112 0.6654181884902884 0.16796530291612696 
98 0.805817726652617 0.06433751753838594 0.6464008878455945 0.20910742204105992 
99 0.805817726652617 0.18661964618094887 0.6564278471436862 0.18386988593053294 
100 0.8110827878393083 0.2985133300602849 0.6706401535450796 0.17407523239171133 
101 0.8110827878393083 0.05672440822709598 0.6139208424320108 0.2197387178957355 
102 0.8110827878393083 0.04034075533301549 0.6270212837894008 0.2275748070819177 
103 0.8110827878393083 0.10828953045451511 0.6581898549791364 0.20951780973686537 
104 0.8110827878393083 0.030171588991988706 0.6933588476536122 0.18438008558723074 
105 0.8113426152528092 0.18810674918103987 0.687423908175053 0.18330646971324377 
106 0.8113426152528092 0.2009039276129809 0.6861920230622225 0.16779934440584274 
107 0.8113426152528092 0.030322699739364724 0.6587533404092375 0.1917261382798006 
108 0.8113426152528092 0.1090996309662908 0.6807452240922403 0.16310924494803944 
109 0.8392054202659589 0.07771488741904847 0.6534977835734961 0.19049746685171925 
110 0.8392054202659589 0.08251343727292729 0.7002552225323059 0.1960055442650941 
111 0.8392054202659589 0.2446544950270248 0.7482720249344961 0.13519339272672998 
112 0.8392054202659589 0.08931041033665583 0.7041300444800048 0.18586467844943003 
113 0.8392054202659589 0.02829174937194703 0.6777123750846183 0.19589547947125752 
114 0.8484741738793727 0.21665049985482515 0.6618007955213882 0.2018544217704653 
115 0.8484741738793727 0.08388591622519757 0.6475147752940381 0.2165951914045178 
116 0.8484741738793727 0.18593024228527147 0.7034933419103915 0.19527670447772952 
117 0.8484741738793727 0.028430472818296876 0.6662816222261488 0.24689233932471177 
118 0.8504230326035814 0.09207340504975513 0.6814610174323771 0.22802419215884703 
119 0.8504230326035814 0.030612520128193675 0.7274033774725162 0.18439215614495988 
120 0.874186740983529 0.16058580536129333 0.7195086141084255 0.19272101930578037 
121 0.874186740983529 0.06818533798287421 0.6982769702665776 0.20960211929568137 
122 0.874186740983529 0.04003797777828055 0.6420895164842618 0.22421260203324436 
123 0.8773107443727021 0.06370756783810735 0.6501937977825419 0.2245425017697217 
124 0.8773107443727021 0.18428177757810804 0.6786775365900805 0.21897429340722735 
125 0.8773107443727021 0.03778094914905914 0.7001191844437515 0.2069761154984956 
126 0.8773107443727021 0.1419157170128319 0.7339242984806746 0.19098164371216428 
127 0.8846407537265569 0.04991185849139906 0.7124238869125316 0.2285249811713752 
128 0.8846407537265569 0.19252349460254883 0.7019734747080967 0.21995472969243982 
129 0.8846407537265569 0.03198120709944719 0.7272957317403966 0.22005763925526303 
130 0.8846407537265569 0.0444822980802598 0.7455985921916409 0.21701405281458025 
131 0.8870504775936269 0.036379956168472415 0.7402299486855328 0.22634455998958145 
132 0.8896214588468049 0.044565337900016155 0.7191507215175007 0.2497645156623998 
133 0.8896214588468049 0.05487523189439833 0.6955091026130602 0.24410603508071083 
134 0.8896214588468049 0.15453696860877025 0.7443149990299861 0.2173979721466069 
135 0.8896214588468049 0.12777729960975806 0.7687690806858645 0.18543989240224196 
136 0.9313796272646151 0.04911131828975986 0.709384172478688 0.23712048452176793 
137 0.9313796272646151 0.04082244116995465 0.7691126486150149 0.20288788714947134 
138 0.9313796272646151 0.031092034270495093 0.7241968061545804 0.2657357986407348 
139 0.9313796272646151 0.1882633506880152 0.7873414070338237 0.21330997723271566 
140 0.9313796272646151 0.07809270066649136 0.8013333726077627 0.21423505977910007 
141 0.9313796272646151 0.05146485599543227 0.7866465434367907 0.23585721883344396 
142 0.9313796272646151 0.32101784846250697 0.8173080476412495 0.1986334793666007 
143 0.9313796272646151 0.06552596801081638 0.7594885471678322 0.26981112886163267 
144 0.9313796272646151 0.02864906890672235 0.7552211666885758 0.2472436349266062 
145 0.9313796272646151 0.055232088329063685 0.7307307567962393 0.2509742948577535 
146 0.9636500142206508 0.1489009967363579 0.7320769721278396 0.25321689657812296 
147 0.9636500142206508 0.1840470796371151 0.7146494014984464 0.2608765766144895 
148 0.9636500142206508 0.1909941449866034 0.7262321788301532 0.24408813556874567 
149 0.9636500142206508 0.19670208308174097 0.7553518678211282 0.23033041815178362 
150 0.9636500142206508 0.03962920213268232 0.7262379037977357 0.27729652980002345 
151 0.9636500142206508 0.05086437340087116 0.7127206629825834 0.28915552223028956 
152 0.9645893592718111 0.08388319547527591 0.7301157325490006 0.29591858217466993 
153 0.9645893592718111 0.04609021353051102 0.7633510300453717 0.29601663521066673 
154 0.9645893592718111 0.06920237301958089 0.8304320022893923 0.2512175336337934 
155 0.9652185558285261 0.185825824994091 0.8245543157940064 0.24878955199265326 
156 0.9652185558285261 0.1853940772843935 0.8129642301661932 0.25315911143840314 
157 0.965760752382571 0.043864820027175684 0.8131469631707351 0.25205557166905274 
158 0.9675903516665325 0.06352116162445247 0.7849754525202578 0.28091977026538584 
159 0.9675903516665325 0.10245258645756296 0.8208848635909505 0.2110649395747415 
160 0.9675903516665325 0.029121152395124802 0.7713571983908687 0.2589719128417952 
161 0.9835311292820599 0.1128325476196835 0.7128393732527674 0.29548914655481734 
162 0.990193015765711 0.052082100993804004 0.7788598986770143 0.27591259993704287 
163 0.990193015765711 0.18236284167318073 0.7482359574408892 0.2853225498292802 
164 0.990193015765711 0.18272837113895338 0.7913787570668016 0.26771531118516867 
165 0.990193015765711 0.06347215964307204 0.7834977321621697 0.2798133654314889 
166 0.990193015765711 0.18178205128517244 0.8047531830725472 0.26913774956364644 
167 0.9910072096397025 0.1868152648504426 0.8345837694572443 0.2443226393967717 
168 0.9914453294377663 0.03906210404554588 0.8071489306168119 0.2745595156897028 
169 0.9914453294377663 0.056929622167248214 0.7840857012459312 0.2642069146502416 
170 0.9927549096319422 0.02860200080179222 0.8169820463310009 0.27349538145953245 
171 0.9927549096319422 0.17390541294214495 0.751534743998929 0.30080537927494305 
172 0.9927549096319422 0.1226286091426427 0.7322086514169828 0.26517913317641545 
173 0.9927549096319422 0.2146542515172924 0.7715299099943945 0.26689416101517627 
174 0.9927549096319422 0.05897967878286503 0.7138887206911951 0.31205496578954767 
175 0.9958136664283712 0.03481997541239334 0.7984008141426209 0.2986536851316825 
176 0.9968419852251289 0.20640745176280823 0.780363706360003 0.2833269684114072 
177 0.9968419852251289 0.03536391306116537 0.7928785575534449 0.2923857141024057 
178 1.0018459097111125 0.10327774048946482 0.8241466828582881 0.29311109247392203 
179 1.0018459097111125 0.24959894446130967 0.9095791939235945 0.20200189570157343 
180 1.0018459097111125 0.0511851707477882 0.8393833638312193 0.2800786034197006 
181 1.0042215959185565 0.182579287238702 0.8581069853290801 0.2302691082937725 
182 1.0042215959185565 0.04996486687332537 0.8321979377054295 0.2772062192872254 
183 1.0042215959185565 0.07050171416409559 0.851733167179427 0.2363287778114283 
184 1.0042215959185565 0.16467234320878715 0.7727931366915306 0.27643830834375943 
185 1.0042215959185565 0.04010125047746912 0.7884797780334464 0.27551114835616636 
186 1.0042215959185565 0.049964858945237584 0.812807119118131 0.24411398491627592 
187 1.0042215959185565 0.19614690353625797 0.8383586517546976 0.21888177736634118 
188 1.0049228003273456 0.03358259207786818 0.7936085287149953 0.27338846875747524 
189 1.0059243585362465 0.18670814264749655 0.8021990670678095 0.2848394041478031 
190 1.0512123555051298 0.10245841882763926 0.9069507484363425 0.22905136336121137 
191 1.0512123555051298 0.04286239718585847 0.8482339177260828 0.30735811581562417 
192 1.0512123555051298 0.16368301950730918 0.844874566287165 0.2952188199458783 
193 1.0512123555051298 0.1722013168775837 0.8189377387424663 0.31469456351339564 
194 1.0632354678038827 0.03852290661136663 0.8389852144868951 0.30819493817404314 
195 1.0632354678038827 0.030064563783446865 0.8032534131070934 0.3244510657776029 
196 1.0632354678038827 0.03549482394419183 0.8057597797125062 0.3180412247686765 
197 1.0632354678038827 0.03321883629893452 0.7941044621326061 0.32709624728395204 
198 1.0632354678038827 0.07498227962732162 0.791407803268648 0.3200636697645941 
199 1.0677281676601384 0.10951296683089515 0.8262430227568096 0.31491900771775794 
200 1.0677281676601384 0.18801236240500305 0.8824860015879399 0.2813134496107491 
201 1.073772396039412 0.1016148225544322 0.8754825178441574 0.29621559699660743 
202 1.073772396039412 0.09129646009999494 0.9237075655415985 0.26559515105881587 
203 1.073772396039412 0.07034526303026457 0.8863487405273779 0.2838983719082315 
204 1.073772396039412 0.08181659085152436 0.7820725299452129 0.34696384827929494 
205 1.073772396039412 0.03022432439878838 0.7825949305297902 0.3597861086453527 
206 1.0786643339724635 0.04950928586336763 0.8537529566540243 0.3115251051617514 
207 1.0786643339724635 0.11410225328954753 0.8363264074624925 0.2963691105189612 
208 1.0786643339724635 0.06452898159365908 0.8262586172290971 0.3261717917740757 
209 1.0793812321635388 0.05035592286261811 0.7976998037706815 0.3592877035573249 
210 1.0793812321635388 0.08565205925694203 0.8782782850267388 0.3272860305387872 
211 1.0793812321635388 0.11999884612172872 0.8977525191130891 0.2873069122626726 
212 1.0793812321635388 0.19235936676484663 0.840902947307277 0.2933195372403353 
213 1.0793812321635388 0.1625381867926939 0.833199193163402 0.31199999957780356 
214 1.0793812321635388 0.09730712809167211 0.7576681012478479 0.3669023776143893 
215 1.0793812321635388 0.10425440572345276 0.823074970417996 0.33110516891196806 
216 1.0793812321635388 0.13986159734534687 0.8830781111621142 0.3135459992778317 
217 1.1271716895877921 0.16345017568335254 0.8958086065965227 0.28522018224270734 
218 1.1271716895877921 0.056102644877305194 0.8448728681664212 0.33969104649498605 
219 1.1271716895877921 0.07968592412284183 0.8702365191126918 0.2896656036532937 
220 1.1271716895877921 0.11238123430306411 0.8447511917710304 0.3299917711929812 
221 1.1788270083057386 0.08119315404382045 0.8867933139313575 0.3228581172184945 
222 1.1788270083057386 0.22571668024927005 0.9780511583154762 0.22281649103083828 
223 1.183902287045912 0.18138092728547636 0.9467496373707809 0.2754322612134825 
224 1.183902287045912 0.03328174446758858 0.90638841064959 0.3481478029120545 
225 1.183902287045912 0.1577413336751169 0.906745239518426 0.3195380850796387 
226 1.2062011680689406 0.10771597593342414 0.9789762832734438 0.2806855259279531 
227 1.2062011680689406 0.22159664312825694 0.9765444394365251 0.2999367491698058 
228 1.2062011680689406 0.23474532582801258 0.9574851486486868 0.3096668437846807 
229 1.2062011680689406 0.09871473829853394 0.8513700977377783 0.3754762333530309 
230 1.2175952764564428 0.16987968935333775 0.8640179430912721 0.38676304405038386 
231 1.2175952764564428 0.14909182554111478 0.988559986710145 0.324664710177 
232 1.2175952764564428 0.06661784254058235 0.9623177572683796 0.3466817191984163 
233 1.2175952764564428 0.19400280915745013 0.9713128718746519 0.3357729959914798 
234 1.2175952764564428 0.29226749797789464 0.9721405244192703 0.31343341926077384 
235 1.2175952764564428 0.08584739796769736 0.9273445457001745 0.3492206194151104 
236 1.2175952764564428 0.04365919874832822 0.891198862806013 0.39704919972148833 
237 1.2175952764564428 0.13193098422054347 0.9292302762065918 0.3610941627647503 
238 1.2175952764564428 0.20375262308130151 0.9832382101235476 0.31971520955081917 
239 1.2175952764564428 0.03643605091635553 0.983096031628087 0.3854435177934503 
240 1.217631754961555 0.18312254947157222 1.065818132490331 0.27617740681484404 
241 1.217631754961555 0.20440246761800837 1.070391063596981 0.2921068265781942 
242 1.217631754961555 0.13713244424810592 0.9956445140862703 0.3738990253742379 
243 1.217631754961555 0.1896711427470149 0.9733847048307182 0.3529524390946197 
244 1.2186004093683942 0.02996243994882062 0.9401361739331151 0.40267750368808186 
245 1.2186004093683942 0.062278446724651146 0.8912371327792913 0.3633066053113666 
246 1.2186004093683942 0.058617989510500325 0.9148732471603236 0.3876565918914741 
247 1.2186004093683942 0.14540200517231336 1.0076899589942896 0.34804756824498745 
248 1.2186004093683942 0.045668781820829674 1.0052583713586654 0.35130637515073493 
249 1.2186004093683942 0.08378200384597673 0.9882036021561933 0.35669560741511 
250 1.2186004093683942 0.04816647749492345 0.997498694876868 0.3686495552056743 
251 1.2429174769984541 0.05708495103052594 1.003317043446704 0.35006782377648404 
252 1.2429174769984541 0.059225012079654346 0.9564538788560619 0.3680573109776216 
253 1.2429174769984541 0.060619702872620806 0.9069894869244585 0.3946084146169722 
254 1.2429174769984541 0.06382928793547213 0.9095613745752172 0.39584576272332234 
255 1.2429174769984541 0.09883989154144254 0.965421116468909 0.37214333901012325 
256 1.2429174769984541 0.045833171025222656 0.89380825059495 0.4147128140517672 
257 1.247220436505744 0.06217675103330457 0.99720612802384 0.3678754737735896 
258 1.247220436505744 0.09395415679840946 0.9386004058087397 0.4093292090586463 
259 1.247220436505744 0.14676645184177917 1.0793960749442433 0.30131782110915156 
260 1.2574728976307026 0.0400019017343066 0.8881312360852219 0.4493405228125622 
261 1.2574728976307026 0.06466651158635586 1.0060574837301413 0.3685364031196258 
262 1.2574728976307026 0.15273591131363537 0.9916457239864678 0.3807162300341702 
263 1.2574728976307026 0.13841176660518606 1.0637685384642492 0.34096063124216724 
264 1.261765692428538 0.06544411498301043 0.9528454797926768 0.41686257590658804 
265 1.261765692428538 0.07569802146831331 0.9133417644459743 0.431874873873311 
266 1.261765692428538 0.028093613884612102 0.96830502950118 0.38192014242287337 
267 1.2680555145417522 0.06519937064288177 0.9650553214906664 0.4017546093735111 
268 1.2680555145417522 0.05901194707563633 0.8805527984891376 0.4123960497638701 
269 1.2680555145417522 0.10340888367325071 0.9596720773576384 0.40627680644010755 
270 1.2680555145417522 0.042154543171769664 1.0267222244470438 0.40624613344937305 
271 1.2680555145417522 0.029817384473020278 1.0362346419534068 0.371658679563846 
272 1.2680555145417522 0.04749295663529533 0.998742942923161 0.4139141520847914 
273 1.2680555145417522 0.12605586055233783 0.9580208202705907 0.42906417143676145 
274 1.2680555145417522 0.03766263226258745 0.978837126073157 0.40204697743389256 
275 1.2680555145417522 0.18042976207582043 0.9152805963197478 0.43114589346634763 
276 1.2899871701825754 0.0578958666661488 0.993418995704192 0.39895019409570825 
277 1.2899871701825754 0.0677242253767943 1.0153840811426433 0.3766039371935366 
278 1.2954296678333355 0.17257701696627106 1.0323296601246357 0.3723032622145822 
279 1.3014498463597832 0.052332203505306006 1.1136643312935581 0.3442656805585467 
280 1.3014498463597832 0.16121290460162233 1.0872810877490842 0.3820910256139575 
281 1.3014498463597832 0.1674322265130733 1.0813600323664048 0.3636800613580621 
282 1.3014498463597832 0.05445405952702943 0.9912086353770829 0.43764561129405016 
283 1.3163328178128109 0.05047628289142402 1.0413594858519357 0.4161289529726365 
284 1.3163328178128109 0.07589254713104543 1.089835557488734 0.3772380438726275 
285 1.3163328178128109 0.0896521809833672 1.0476735547495744 0.41707238998312207 
286 1.3163328178128109 0.21295289409050303 1.073137303804336 0.36889704070942514 
287 1.3163328178128109 0.09460224988155753 1.0566266097340187 0.388788972607316 
288 1.3163328178128109 0.06342421469883222 1.134450025654076 0.3379818960927316 
289 1.3179186755847954 0.041826229906969305 1.1323380472034335 0.33662235763621307 
290 1.3371231474710943 0.07331691308349926 1.1756331622532676 0.31386983700810595 
291 1.3371231474710943 0.04564841434855342 1.1443951679430895 0.3776724095934315 
292 1.3371231474710943 0.06889108665728219 1.0589655223281513 0.4198237296723125 
293 1.3371231474710943 0.21201866994719695 1.1843190142452664 0.28970053737862356 
294 1.3371231474710943 0.040850179658502524 1.1101988296415504 0.38286312709767184 
295 1.3371231474710943 0.18613255864723566 1.069429554096892 0.3937380174740988 
296 1.3435330160604873 0.02939792995763024 1.0981882487041035 0.39019727018568723 
297 1.3435826538440163 0.02932980515800966 0.9762762590605021 0.4475074288159664 
298 1.3523122068732891 0.05843757025589542 0.9431249552872281 0.48375560559774383 
299 1.3523122068732891 0.046056151759621695 0.9338348831402679 0.46729012719872604 
300 1.3523122068732891 0.07799512273749508 0.9951510362806789 0.45378149641472426 
301 1.3523122068732891 0.16683014645567604 1.0322229494449784 0.40567907452830293 
302 1.3523122068732891 0.03982035981444326 0.9647865911042127 0.4571716730319325 
303 1.3523122068732891 0.17004861321624107 1.1260586113175028 0.3617718748775742 
304 1.3523122068732891 0.03040815872008445 1.0366733906174745 0.4556234883835457 
305 1.3523122068732891 0.043489938176006715 1.080577492255472 0.44476065558871725 
306 1.3523122068732891 0.06791934199147737 1.07309812968068 0.44491828260850763 
307 1.355920305664332 0.20724669472450763 1.1918748415088216 0.3188379827202106 
308 1.355920305664332 0.06737348223398783 1.0731321113819505 0.4456390748758474 
309 1.355920305664332 0.04259950289265661 0.9765043963896858 0.48736768918690804 
310 1.355920305664332 0.04723150294064857 0.9889647358463501 0.471242893003276 
311 1.355920305664332 0.07525918165027026 1.0393986748228161 0.42758185068228033 
312 1.355920305664332 0.07817066742022341 1.0219334860216813 0.44258415080832875 
313 1.355920305664332 0.058882807776979296 1.1097155709596949 0.421725830293209 
314 1.3591948996693302 0.09044639457244899 1.2040142210795919 0.3095711873162893 
315 1.3591948996693302 0.062124683905371576 1.135322296634499 0.38936263988421554 
316 1.3591948996693302 0.272317968849196 1.1361218692728954 0.38285692649890574 
317 1.3591948996693302 0.07444009894324857 1.1313559331140497 0.3577576120338883 
318 1.3591948996693302 0.10010069979156867 0.958249974094646 0.45360164276743703 
319 1.3591948996693302 0.16097116535514122 1.0625483576439758 0.4402506141106259 
320 1.3591948996693302 0.02867352786399584 1.0849222850638176 0.4399645717530297 
321 1.3591948996693302 0.13863711699727213 1.0517279727028805 0.4669577797824998 
322 1.3591948996693302 0.16153557953764236 1.0795165447747097 0.39785138232766876 
323 1.3591948996693302 0.063405601692584 1.0386098818098173 0.4305944521201151 
324 1.3591948996693302 0.05632695472169484 0.985434019807603 0.46466771163922566 
325 1.3594304011914735 0.18803617554955102 1.0619636512805466 0.40672573125280753 
326 1.3594304011914735 0.053221875098875174 1.127717044934023 0.3780365639570284 
327 1.3594304011914735 0.029196431033828726 1.1001428361939782 0.4279203249079256 
328 1.3594304011914735 0.034558184908946604 1.0633262095216958 0.4295259643583245 
329 1.3594304011914735 0.038160110383107085 1.0515391066220707 0.42643780173846896 
330 1.3594304011914735 0.1873188601710592 1.0146380934466543 0.4199723033612265 
331 1.3615742308643648 0.031332203844623145 1.0999706829289384 0.4085755225288023 
332 1.3637628824047288 0.07763904842437706 1.0836760578947051 0.40432786312395774 
333 1.3637628824047288 0.04740163283635157 1.118007992315464 0.3828717161290659 
334 1.3637628824047288 0.03971440843615912 1.0739308891266728 0.4481744183367953 
335 1.3637628824047288 0.03722023618621188 1.125904368415649 0.38827683759712234 
336 1.3637628824047288 0.04127386598499527 1.0270024904115853 0.44217560175399856 
337 1.3637628824047288 0.046502511457917325 1.0340939154058946 0.46191815620766097 
338 1.3650065199449959 0.07985168801581795 1.0873397196668342 0.4314416953872833 
339 1.3655992051799857 0.032076599537744464 1.108307846474493 0.3933452231251523 
340 1.3655992051799857 0.03089330670330632 1.1267217981504205 0.42710902719002786 
341 1.3655992051799857 0.19616128028394195 1.0864397534708579 0.431032990753218 
342 1.3655992051799857 0.049757223694683855 1.0021751178753235 0.4655505460996069 
343 1.3655992051799857 0.07117814824135776 0.9877211756083809 0.4493908890793458 
344 1.3655992051799857 0.06066821210236227 0.9552751862127071 0.45081649957505787 
345 1.3655992051799857 0.09830311373255814 0.9944521019821375 0.4600469074379039 
346 1.3655992051799857 0.05875991604757456 0.9451674507221005 0.4772044980834037 
347 1.3655992051799857 0.08869495520585174 1.0476478248919248 0.39319710474656855 
348 1.3655992051799857 0.19565199109922315 1.1046348183013452 0.344857570925143 
349 1.3655992051799857 0.18654765185855207 1.1877199669721947 0.31722643905943215 
350 1.3655992051799857 0.03641090409860763 1.1198768040093137 0.4133779497412146 
351 1.3655992051799857 0.19716531623698055 1.228906386952233 0.2853963648874959 
352 1.3669045858475968 0.22038503276994234 1.12288449404056 0.38199578396066236 
353 1.3669045858475968 0.19224866536376783 1.095000243023393 0.416457311942301 
354 1.3669045858475968 0.17245537575911546 1.1123048078734585 0.38580085859456553 
355 1.3692325652981565 0.15066772960362615 1.021726052199248 0.4906969048701905 
356 1.3692325652981565 0.19524514903692744 1.1378115687492196 0.3707843848654615 
357 1.3692325652981565 0.08073835285910543 1.0527073390073018 0.4667944623222119 
358 1.3692325652981565 0.04367552573703115 1.0693185192255676 0.44690707114001366 
359 1.3692325652981565 0.11558445127453405 1.0451867868176614 0.4592192252952072 
360 1.3692325652981565 0.07673139479771761 1.0270896794500035 0.4933763426378149 
361 1.3692325652981565 0.07599393943362615 1.0011500555879098 0.47372188589646974 
362 1.3692325652981565 0.038420361385224554 1.057141712749669 0.4490402525403661 
363 1.3692325652981565 0.0406871029900139 1.1165199205292542 0.42890928299730846 
364 1.3711472544462477 0.2037775634933773 1.0989327910571178 0.41324579843698417 
365 1.3711472544462477 0.03369812098317483 1.1214389865750556 0.4304008146455117 
366 1.375586547934916 0.15375597023627732 1.1396537566532885 0.4100642295958131 
367 1.375586547934916 0.04938582033880533 1.1283153494800209 0.4307282880155636 
368 1.375586547934916 0.044501468231757685 1.039127466881487 0.46998870835742335 
369 1.375586547934916 0.048353641519286845 1.1148959195182508 0.37481700904696774 
370 1.375586547934916 0.029454793241309004 1.0388560953654247 0.44791451547517636 
371 1.375586547934916 0.19320437917798994 1.1038630839781 0.37978834277389145 
372 1.375586547934916 0.11875582142254693 0.9911466443478028 0.47877346202647336 
373 1.375586547934916 0.1877273224231954 1.072659616906289 0.4769255325010839 
374 1.3788192297047164 0.081343277465179 1.095305204247552 0.44963472470048194 
375 1.3795069086783684 0.15019196036500426 1.064485934968411 0.4385296388417315 
376 1.3804465931851386 0.04817472779220691 1.111837811449841 0.39709903447937717 
377 1.3804465931851386 0.198621611971513 1.0670661953104434 0.39873947945798793 
378 1.3804465931851386 0.1373717935595536 1.059277786951108 0.40704901068664373 
379 1.3804465931851386 0.053514910984815686 0.9859227965274096 0.4449969232625447 
380 1.3855389552045554 0.051116708246310906 0.8924091378119818 0.4769429779437763 
381 1.3855389552045554 0.09361030318753981 0.9284794244983381 0.4474182493304074 
382 1.3855389552045554 0.08689295293721895 1.015620451822786 0.4033741061990835 
383 1.3855389552045554 0.09461223648314084 1.0633344308480501 0.418317778781537 
384 1.3855389552045554 0.06305128449796692 0.9890665727432886 0.4688916524016867 
385 1.3855389552045554 0.028236528171832937 1.060305122647343 0.43713778019425253 
386 1.3895343251964167 0.13482677141419058 1.0830832797348569 0.42614416988476134 
387 1.3895343251964167 0.04431536948112635 1.0349824698410486 0.459343401531153 
388 1.3895343251964167 0.08805120759097491 1.0556794758155914 0.4642314207600847 
389 1.3895343251964167 0.1846682123492938 1.0023984957695833 0.47743266571105497 
390 1.3895343251964167 0.02928525404877533 1.0245121071769459 0.48495749023247126 
391 1.3895343251964167 0.0357339795217277 1.0124967804550076 0.4882019968673253 
392 1.3895343251964167 0.028410217573330048 1.053746653902842 0.47352236113638263 
393 1.3895343251964167 0.08628787076021345 1.0910807961531677 0.4380130670972539 
394 1.3895343251964167 0.18576689644513553 1.1073893719449317 0.4429787999349052 
395 1.3895343251964167 0.10867036886999036 1.0397041653102355 0.474765392936789 
396 1.3895343251964167 0.07533032956837843 1.091317255541683 0.42625034698065895 
397 1.390714859200936 0.14333929735229098 1.1554362940115122 0.358024266445443 
398 1.390714859200936 0.11354415376991121 1.0820490664388835 0.43443017049971117 
399 1.390714859200936 0.07311998099823688 1.0392735126780162 0.47958414348811773 
400 1.390714859200936 0.041060428083097414 1.090463530690336 0.4599401907968411 
401 1.3975406553757286 0.08476811091736337 1.128629665581782 0.42963715956259335 
402 1.3975406553757286 0.1958277402939464 1.1213492020209115 0.40851563513969 
403 1.3975406553757286 0.04920067351433321 1.0111994647478086 0.47900564248442157 
404 1.3975406553757286 0.07762792387691411 1.1401387218681325 0.43368429303706874 
405 1.3975406553757286 0.11375638996886245 1.1246699145311274 0.44067452618328135 
406 1.3986370688082277 0.036029864080714735 1.0726546736617355 0.46276296846010606 
407 1.3986370688082277 0.0972694243791279 1.1742329979855044 0.36312373113026597 
408 1.3986370688082277 0.02830020848681226 0.98644371924206 0.5101913247788141 
409 1.3986370688082277 0.058770801109951545 1.0631670288057777 0.45367176909895734 
410 1.3986370688082277 0.21325462867437855 1.1823309666317823 0.3505835067221384 
411 1.3986370688082277 0.08141188020583412 1.1815712181109395 0.3896286751050332 
412 1.3987423828309822 0.02991238607834788 1.096473963902901 0.46452325855430227 
413 1.3989964432718829 0.18060814711594772 1.130654595165849 0.4294634686892829 
414 1.3989964432718829 0.06445439934924929 1.1340625708405456 0.43852851207538723 
415 1.4005811483658055 0.03562060391173034 1.035153752396751 0.4695468815996034 
416 1.4005811483658055 0.048518507311174325 1.096474743094159 0.4486677322520512 
417 1.4014837998594272 0.04952027037144012 1.0883454807801771 0.4636692221022651 
418 1.4014837998594272 0.18558222920675888 1.1121209394082736 0.4432883261050391 
419 1.4014837998594272 0.030883167295102657 1.0221061451253415 0.47972574048092054 
420 1.4092989666316003 0.14140812945700984 1.0582376357730412 0.4636452189287984 
421 1.4092989666316003 0.055193229279429226 1.0328146690265125 0.5214410166188558 
422 1.4092989666316003 0.20322538791020253 1.1298056626727688 0.45119428660973604 
423 1.4105377753306143 0.18636577242164643 1.1553356465060316 0.4273613065317119 
424 1.4105377753306143 0.04904626081576691 1.0558532758461252 0.4996562508653005 
425 1.4105377753306143 0.10242451578120683 1.0401930318220116 0.4955465331178739 
426 1.4147227914084097 0.03704650755662771 1.1682778425070843 0.39616324265563524 
427 1.4147227914084097 0.05890094311984589 1.1067380521878663 0.437797385200591 
428 1.4147227914084097 0.18631923147171156 1.0729936698504015 0.46805908285618547 
429 1.4147227914084097 0.1839474921541238 1.1330788375910563 0.4449663818826649 
430 1.4147227914084097 0.11060210087985732 1.1033020876258504 0.48212590685513124 
431 1.4147227914084097 0.07679283593584503 1.0988683058444442 0.46797839791647755 
432 1.4147227914084097 0.11434836379212038 1.0724707069195085 0.46656711103084414 
433 1.4147227914084097 0.18325332027604743 1.2012653794947186 0.3836002277144063 
434 1.4147227914084097 0.09447647658006679 1.118186081394317 0.4475547965798133 
435 1.4236630028610398 0.11133091094799 1.0984360101083182 0.4752464435999995 
436 1.4236630028610398 0.0693211221449492 1.1181250194399088 0.45890540450489287 
437 1.4236630028610398 0.06628678429508854 1.1402198315381287 0.4810066579048487 
438 1.4236630028610398 0.2243594927162889 1.1997354378467728 0.40120278496088213 
439 1.4236630028610398 0.08564140634339798 1.0538689757451802 0.48745962817015703 
440 1.4236630028610398 0.09019407144239129 1.1902152298978304 0.42442098406458395 
441 1.4236630028610398 0.03488020163508815 1.2115354753756706 0.398680394878818 
442 1.4236630028610398 0.05808738276709044 1.1750451212588484 0.4296399880231574 
443 1.4236630028610398 0.124365697684744 1.1115995146265865 0.48415894934513637 
444 1.4236630028610398 0.07275631376862755 1.209586870678348 0.40504752743612343 
445 1.4236630028610398 0.1882557688728152 1.23377677602529 0.3569391407018608 
446 1.4385918439010876 0.09767214347516241 1.072634574495845 0.48735734666355257 
447 1.4385918439010876 0.059225588089959806 1.0959273729821595 0.4938951120886145 
448 1.4385918439010876 0.18524626288258042 1.172009193596322 0.40686396953432796 
449 1.4385918439010876 0.08563164916640671 1.0976944527814576 0.4688291902924965 
450 1.4385918439010876 0.08887593285285027 1.059721008795973 0.5012265310010319 
451 1.4385918439010876 0.031417427940856016 1.1446414664912532 0.44966641341540387 
452 1.4389463910619926 0.0431534388731421 1.1425478656356836 0.4664115625300299 
453 1.4389524921911676 0.18058730742309823 1.2224458804334033 0.360847418561092 
454 1.4389524921911676 0.04260862290590197 1.1630913730724968 0.4674430393264395 
455 1.4389524921911676 0.24783078463735264 1.1642254670619918 0.4175246393675755 
456 1.4389524921911676 0.11823450667976865 1.1734319752187725 0.45385332613870066 
457 1.4389524921911676 0.06549450352242847 1.147179408178175 0.4524406531140472 
458 1.4389524921911676 0.18343862529616994 1.0859767054262823 0.4413812705414123 
459 1.4389524921911676 0.0676070272791831 1.0698198335157985 0.47245911332072255 
460 1.440555227347264 0.07751264862916557 1.1545832374571847 0.45626777683881964 
461 1.440555227347264 0.09385475847201766 1.0995438011422145 0.47658984454408854 
462 1.440555227347264 0.17867731632677497 1.2529297837698594 0.3416828322337407 
463 1.440555227347264 0.18539473901493642 1.1051877765666187 0.46249025422904466 
464 1.440555227347264 0.12943737328004126 1.255571451816457 0.36611781567370816 
465 1.4416728583942058 0.14494966027321307 1.2525465270340468 0.3837707464159749 
466 1.4433491026675491 0.03163417408311257 1.1268958362176975 0.4837005076738314 
467 1.4433491026675491 0.07855557912529607 1.1485160776751087 0.43530580368464705 
468 1.4433491026675491 0.09641816545613452 1.1726123735396514 0.44623006674637516 
469 1.4433491026675491 0.028836802822523308 1.0819626507971667 0.5017264441472051 
470 1.4433491026675491 0.04330685429732854 1.0463896582838388 0.5306564027570289 
471 1.443357332038289 0.0760891793158353 1.1500563929223775 0.44853223957465055 
472 1.443357332038289 0.05051040784266461 1.0864486771152921 0.4923124370669423 
473 1.443357332038289 0.08074236412388318 1.0981264607116994 0.4801351076166427 
474 1.443357332038289 0.0902376977734359 1.1055681180167871 0.4542662008671693 
475 1.443357332038289 0.11748975661317436 1.1743451504075324 0.4073279269707106 
476 1.4455405528902792 0.05112994172635693 1.1062634337957813 0.5012180002724447 
477 1.4455405528902792 0.099334901488642 1.1966326262519873 0.4364153580971067 
478 1.4455405528902792 0.04891876694980394 1.2323160297670925 0.4036445952679756 
479 1.4455646001612046 0.06523553869081664 1.1245245499577623 0.47952348961138225 
480 1.4455646001612046 0.04111400625157366 1.0606154535596912 0.5137451796419464 
481 1.4455646001612046 0.035256368265820445 1.1665796791682177 0.43268640741452674 
482 1.4455646001612046 0.07131725870616436 1.1646248425385037 0.4345222054213113 
483 1.4455646001612046 0.19752132078160162 1.14954041653435 0.3924543100231616 
484 1.4455646001612046 0.07842819013259952 1.169369886257041 0.39616226584785147 
485 1.4455646001612046 0.1473805989002779 1.0779055157707413 0.46450136416377574 
486 1.4455646001612046 0.06580576174914346 1.1591490130295323 0.4391979152496401 
487 1.4455646001612046 0.1559084955182046 1.2215532447571715 0.40743050021644694 
488 1.4455646001612046 0.05081414453415963 1.138634915260672 0.4871638778449329 
489 1.4455646001612046 0.08340073940079214 1.1512321396391523 0.46528530070687457 
490 1.4455646001612046 0.029417700166265316 1.1054289694867594 0.48627622303510776 
491 1.4455646001612046 0.06552550327881905 1.1591533387929762 0.4518328707352711 
492 1.4455646001612046 0.17625422812903446 1.0785204660012697 0.4741042055545479 
493 1.4455646001612046 0.02894657722728223 1.0564404359664405 0.5140235761042616 
494 1.4455646001612046 0.04133209143820953 1.0171164981819412 0.4766967688826187 
495 1.4455646001612046 0.14371177199233512 1.0513445502970034 0.4782311497293826 
496 1.4455646001612046 0.06898452361365835 1.0422316959237166 0.49277619100334863 
497 1.4482673595896292 0.05467664992083384 1.1970872474506637 0.4372924915776703 
498 1.4482673595896292 0.05244546867257916 1.1533885057209565 0.4888403042322717 
499 1.4482673595896292 0.04664819981884444 1.1361155777336802 0.48739155142751467 
500 1.4482673595896292 0.1909331586924242 1.1450819228010438 0.46053210409653594 
501 1.4482673595896292 0.03640537598395995 1.0602164110967813 0.5193717798201999 
502 1.4482673595896292 0.10512145225552076 1.2063730656877538 0.40090577939571265 
503 1.4493446425367758 0.029100896954287053 1.1113065193830252 0.46194440477980875 
504 1.4493446425367758 0.22784155714790327 1.2202183593499405 0.36972457988745283 
505 1.4493446425367758 0.07302722321043478 1.1989988037262425 0.4287805384746979 
506 1.4493446425367758 0.07832186211996442 1.1419726525438436 0.45457065139087666 
507 1.4493446425367758 0.028520411337831147 1.0223189652154725 0.4961269017346239 
508 1.4493446425367758 0.07064004767675007 1.0074588957131092 0.5272643925134756 
509 1.4493446425367758 0.0677551397157212 1.1610985197182162 0.46349353181734 
510 1.4493446425367758 0.07005234026731731 1.1177616800200438 0.4892914655200856 
511 1.4493446425367758 0.14391705625832585 1.1363556656006986 0.4601055189276174 
512 1.4493446425367758 0.10402948284716472 1.214205206124082 0.396265885340818 
513 1.4493446425367758 0.17118513160193508 1.160322304894167 0.4567078615276383 
514 1.4493446425367758 0.17118513160193508 1.1786161236945605 0.4251481092960759 
515 1.45454957627203 0.03469529662128969 1.1732801584522596 0.4498973762278922 
516 1.45454957627203 0.0628678559328628 1.249495918015317 0.42533102087731967 
517 1.45454957627203 0.05626650541721157 1.1553782166070192 0.4991433912530721 
518 1.45454957627203 0.030796213781101166 1.1494367841466036 0.5199106072234247 
519 1.4551481156884685 0.10865445110410807 1.2210509852082299 0.43150931592362624 
520 1.4551481156884685 0.05014931840901552 1.0790048394097005 0.5513463598506724 
521 1.459466316991047 0.0725175379801455 1.1194521272527616 0.49320689989528765 
522 1.459466316991047 0.09799064965402893 1.2362650040225622 0.422664771747391 
523 1.4825154692940132 0.11256833140637426 1.2861061963881641 0.3837456671999441 
524 1.4825154692940132 0.14436606999166676 1.1433282900648658 0.47926986741646344 
525 1.4835147662657913 0.07690363910280658 1.1647303605788415 0.459157243765277 
526 1.4835147662657913 0.15434701428617995 1.1647831241727489 0.4320224959271131 
527 1.4835147662657913 0.07470510442661757 1.1951685457105587 0.42448894978245366 
528 1.4835147662657913 0.09066282816951414 1.0771536957758712 0.48278213801700776 
529 1.4835147662657913 0.05690456266997058 1.0780989323121608 0.49738328763284756 
530 1.4835147662657913 0.13554679750264276 1.1372658591981641 0.47616453590772234 
531 1.4835147662657913 0.06388353777074025 1.1578114587997352 0.46715008024494975 
532 1.4838234409728075 0.042446234815418364 1.2424313944904624 0.41314377597393626 
533 1.485941814689789 0.06368318418711943 1.2664274472300407 0.4205251529829459 
534 1.485941814689789 0.08865363438338705 1.118801187837959 0.49423118208187206 
535 1.485941814689789 0.05064510696798643 1.2087828270541598 0.44367080887995275 
536 1.485941814689789 0.028684939220663078 1.179882000466599 0.4766092679894479 
537 1.485941814689789 0.09154600763861862 1.1449535569458644 0.4832155898693079 
538 1.485941814689789 0.045493343175632944 1.1180429530072011 0.5100367262489953 
539 1.485941814689789 0.08187387708418953 1.1271409423458125 0.47496099082773485 
540 1.485941814689789 0.037899665189547294 1.1642163319308614 0.46340349681571 
541 1.485941814689789 0.10193247129867797 1.1204732156584098 0.4809677973141926 
542 1.485941814689789 0.18741164424338846 1.1141490573724735 0.5067003120885998 
543 1.485941814689789 0.04107338584414103 1.1912500288269028 0.4853995110874227 
544 1.485941814689789 0.1857174431157658 1.1288683060745979 0.4918917071131088 
545 1.485941814689789 0.05411610242465437 1.1371893883106379 0.5201255887247943 
546 1.485941814689789 0.05475664778003681 1.1863065468169522 0.47834970127165205 
547 1.4966474931391949 0.053749218574270584 1.200256372875573 0.48493299918459454 
548 1.4966474931391949 0.18778673417605346 1.0304397523347477 0.5701822872607334 
549 1.4966474931391949 0.19024876585463538 1.1526278114716062 0.5014374951403275 
550 1.4966474931391949 0.13530610507448992 1.265185016503342 0.40057713079673135 
551 1.4966474931391949 0.10201998279306118 1.162740142153585 0.4958688032922583 
552 1.4966474931391949 0.06718881500691361 1.1040997315120114 0.49251688675234406 
553 1.4966474931391949 0.11914770160774137 1.179267638200567 0.439534207140274 
554 1.4966474931391949 0.03600884954277555 1.1478865966840215 0.4629700461818256 
555 1.4966474931391949 0.05178603140924074 1.0472893735931743 0.5143061739272661 
556 1.4966474931391949 0.05677911742866174 1.1316403927498757 0.4920404550480976 
557 1.4966474931391949 0.04225044874683803 1.1269197668856572 0.5183814495485591 
558 1.5210232345298031 0.10216559954039821 1.1704799343600905 0.4975583255798053 
559 1.5210232345298031 0.07363776019907237 1.2096823618282875 0.49512844440710757 
560 1.5359878750923657 0.03707672266708444 1.2252233690645726 0.48690427304798745 
561 1.5359878750923657 0.17338837044634378 1.243111974675371 0.45718513296165963 
562 1.5359878750923657 0.05345964272992558 1.1415483404761941 0.4907893779316253 
563 1.5359878750923657 0.07986439712015332 1.1934688893739183 0.49281329469191476 
564 1.5359878750923657 0.03503035918341244 1.2326181256685986 0.47890310833141403 
565 1.5359878750923657 0.030261680691342982 1.111165433729056 0.548693569712861 
566 1.5393901118032556 0.34329336398402455 1.244070104549909 0.38172140075083066 
567 1.5393901118032556 0.04398831006641584 1.1721408293822804 0.4720437788295514 
568 1.5393901118032556 0.04924384517035615 1.1873714562738977 0.5308056981905928 
569 1.5393901118032556 0.1377567312813753 1.205374063395365 0.5103102130687617 
570 1.5393901118032556 0.07293586561094756 1.1874604290243813 0.519696117130923 
571 1.5393901118032556 0.09033981704154345 1.2056746299849515 0.5141587470724825 
572 1.5393901118032556 0.0831349245871627 1.2035434211033977 0.5366520188460217 
573 1.5393901118032556 0.1435291411489431 1.263223971926402 0.4674591514556594 
574 1.5393901118032556 0.23203007007533352 1.2752890708560944 0.4545710731612468 
575 1.5393901118032556 0.1928440273469688 1.233880331059867 0.4637194367839533 
576 1.5393901118032556 0.06054922671890421 1.145509316825278 0.5068485490737693 
577 1.5393901118032556 0.06559987284842134 1.1708300718562212 0.5218138539046958 
578 1.5393901118032556 0.03890522529728097 1.179306417019278 0.4909410329243346 
579 1.5393901118032556 0.030099863407006322 1.3000302354514384 0.4797722067592223 
580 1.5393901118032556 0.07750121330829335 1.2141484541454088 0.5197413557314048 
581 1.5393901118032556 0.06907555098962906 1.3506555029640321 0.42245986551916415 
582 1.5495941453610487 0.034475939670550626 1.19587366577548 0.5322425715645663 
583 1.5495941453610487 0.20527401216945024 1.1452520032532099 0.49532934087984565 
584 1.5495941453610487 0.07671410807642531 1.1332334493092084 0.5419142834830047 
585 1.5527552707192283 0.049560152152283696 1.0940187667334276 0.5618407381638889 
586 1.5527552707192283 0.1335564697857134 1.1893354900432724 0.5144225036634537 
587 1.5527552707192283 0.2155021138490444 1.3379131629793526 0.3859053906993028 
588 1.5527552707192283 0.055874688917712315 1.3343950387911259 0.43362858590423875 
589 1.5527552707192283 0.18244190131296062 1.2300412184664264 0.5045005416299055 
590 1.5527552707192283 0.05894044988745495 1.2103108081480143 0.5169627356095678 
591 1.5527552707192283 0.5299799119708619 1.3570237830903353 0.35621272992671277 
592 1.5527552707192283 0.13872388113132553 1.2703695433993711 0.45463277846508443 
593 1.5527552707192283 0.1814850913626006 1.2611429237233338 0.4816702371661997 
594 1.5527552707192283 0.028205384641318405 1.2181902388537387 0.5384373409283527 
595 1.5527552707192283 0.03476615913702277 1.0873332976903622 0.5900903922745877 
596 1.5527552707192283 0.04528173764192038 1.2599795285529196 0.481945057333968 
597 1.5527552707192283 0.08469325705235013 1.264523981237513 0.48681732177480325 
598 1.5527552707192283 0.05440132782854127 1.2879004099614095 0.4709051806642699 
599 1.5527552707192283 0.07213854190397671 1.143699442215768 0.5616013677449886 
600 1.5527552707192283 0.08547332267898128 1.232548357708795 0.4928536495104296 
601 1.5527552707192283 0.05909221311428962 1.1065495866714916 0.5542743284788973 
602 1.5527552707192283 0.15458595975016184 1.2173251061436206 0.5065876339214954 
603 1.5574888022985558 0.08588058301724949 1.2929225113088163 0.4415258749429008 
604 1.5574888022985558 0.032098922835496056 1.1070730623208271 0.5485893603099928 
605 1.5574888022985558 0.05289035850693695 1.0898679158231266 0.49807294200834257 
606 1.5574888022985558 0.17966860744567603 1.1979786763586668 0.48735524846786343 
607 1.5574888022985558 0.04347278507530236 1.2718938456815774 0.4477033456825357 
608 1.5574888022985558 0.04016489355826029 1.0974299336500073 0.5752327875287349 
609 1.5650246634016292 0.10732150394006444 1.1197732176442485 0.5617589300785242 
610 1.5650246634016292 0.06650499923458653 1.1734590227453894 0.5673031942104957 
611 1.5650246634016292 0.08048794015749204 1.372730125520023 0.41523029912798237 
612 1.566349468156452 0.04758645521364039 1.244016516206397 0.5193107775794541 
613 1.566349468156452 0.1210004535481873 1.3253935198942615 0.44896612783437023 
614 1.5689635860832831 0.06661404775185183 1.2473140286727635 0.5277458775844487 
615 1.5745146882546481 0.04918843308190298 1.3140248520982196 0.4581383121898202 
616 1.5745146882546481 0.1813861120907696 1.3398987256747175 0.41311190648575213 
617 1.5745146882546481 0.09361972152949356 1.2105009529950121 0.5268820670362184 
618 1.5745146882546481 0.1253576904892643 1.1265582236717018 0.5244126685060855 
619 1.5748557488596893 0.1054968096302663 1.1683092879170311 0.5224043927805231 
620 1.5765835027117285 0.04915090786798832 1.1538741623406932 0.5499813547978704 
621 1.5765835027117285 0.0294626320031278 1.0943250313567947 0.5539021818581165 
622 1.5765835027117285 0.04723486493332722 1.2582583861254109 0.4745254760440735 
623 1.5765835027117285 0.04171830110114918 1.2154134325534585 0.506325863850165 
624 1.5765835027117285 0.18237365195900462 1.1391086797930987 0.5366789502349776 
625 1.5765835027117285 0.18237779625195005 1.170093343178353 0.5118888385675336 
626 1.5765835027117285 0.1693491242260507 1.226943696867358 0.48845850076110775 
627 1.5765835027117285 0.25703186099254843 1.314921116229881 0.41295182193309815 
628 1.5786882874567105 0.18444424209716567 1.162398033488587 0.5346274481396408 
629 1.5786882874567105 0.07817372960246949 1.245113061569561 0.46598321800902426 
630 1.5786882874567105 0.15454669744752142 1.1948292379951195 0.5259820517305973 
631 1.5786882874567105 0.05377660000944019 1.221380374911269 0.5380293814701677 
632 1.5786882874567105 0.05353971320062461 1.2434717998729377 0.5347271952166422 
633 1.5808986496093522 0.037268052379513604 1.3064393756343617 0.4772642765909835 
634 1.5808986496093522 0.061110121177002576 1.255193825532511 0.48844550055831043 
635 1.5808986496093522 0.10398946963725907 1.2464880364605202 0.498995465150932 
636 1.5808986496093522 0.0907603561104214 1.2034293921300612 0.5386222575540108 
637 1.5808986496093522 0.03153932628559235 1.2091444092411348 0.5521777375876504 
638 1.5808986496093522 0.18297157274597367 1.2941027730329444 0.48638649798296185 
639 1.5808986496093522 0.06563669996231346 1.1556339855558975 0.545025778898574 
640 1.5808986496093522 0.0970455549551378 1.1741323645859885 0.5497230037638628 
641 1.5808986496093522 0.053360524641819916 1.1339628759971638 0.5650998450865542 
642 1.5808986496093522 0.030965456143557436 1.1054952884210552 0.5421834195533337 
643 1.5808986496093522 0.03274593844239782 1.293731855655364 0.46758605864877933 
644 1.58174740238105 0.029499285058578868 1.1630513178455328 0.5440433217109394 
645 1.58174740238105 0.1494672139072492 1.193297245942134 0.5051092685212271 
646 1.58174740238105 0.18489938771415737 1.157825379945812 0.5201684228363749 
647 1.58174740238105 0.07286298004843166 1.1706042684608267 0.5206753843400684 
648 1.58174740238105 0.02984659137240507 1.1216483862512194 0.5783069747500078 
649 1.58174740238105 0.06613575538824117 1.118022847549109 0.5421947858098161 
650 1.58174740238105 0.15950916188980774 1.1137675961183588 0.5491337202284017 
651 1.58174740238105 0.08861083589203705 1.115915180540405 0.5613825509079892 
652 1.58174740238105 0.06531419060509121 1.3654805598064337 0.39316032151083236 
653 1.58174740238105 0.10291362347154394 1.2343586473108206 0.5506028932098826 
654 1.58174740238105 0.07680545381067855 1.3010101166493813 0.4799183398972665 
655 1.583466670825931 0.04126195000673008 1.2712562233541456 0.509070785918065 
656 1.583466670825931 0.10708080445667625 1.3421522197967937 0.4094308530300428 
657 1.583466670825931 0.031208319056541093 1.2346105585631313 0.5098175390084532 
658 1.583466670825931 0.1335235061337673 1.3070800609793436 0.463318254077331 
659 1.583466670825931 0.0286040059922874 1.1586971276027465 0.5396721682021617 
660 1.583466670825931 0.14806718517622872 1.168052682407421 0.47519526024855996 
661 1.583466670825931 0.16926552156237853 1.238488837357581 0.5032119187264842 
662 1.583466670825931 0.03237398233394764 1.1490980549252099 0.5618101815027519 
663 1.583466670825931 0.10254790386187086 1.2802890027643061 0.47333612307142475 
664 1.583466670825931 0.03547414299095744 1.231308529247908 0.5268295998388741 
665 1.583466670825931 0.10341892473280177 1.3225855259971386 0.45533199457698575 
666 1.5958054431418094 0.06074075181644688 1.2696206404706685 0.5150776178911306 
667 1.5958054431418094 0.032620792771619875 1.2401535304109335 0.5195237010244991 
668 1.5958054431418094 0.050731263287573804 1.2985212916108781 0.5078447305336277 
669 1.5958054431418094 0.0768022250565781 1.274800495772538 0.5102500030317372 
670 1.5958054431418094 0.06451992774936086 1.195108139635076 0.5496631531353025 
671 1.5992452670433344 0.04097151565051966 1.1726968462648761 0.5557258486479568 
672 1.5992452670433344 0.19417384457897616 1.1821252014547552 0.5088234112074118 
673 1.5992452670433344 0.09715025052414904 1.297101020633407 0.48977061217127177 
674 1.5992452670433344 0.03995568670115234 1.1714063088313096 0.5461506205314421 
675 1.5992452670433344 0.059977632201297454 1.0851174493586897 0.5969402470612759 
676 1.5992452670433344 0.04923644062374848 1.127859721803954 0.5792341480542115 
677 1.5992452670433344 0.10211686544166604 1.290874403562369 0.537306526839347 
678 1.5992452670433344 0.03330657051854353 1.2257789067607876 0.5390374156637029 
679 1.609826182359699 0.08338850890007461 1.2965280592593875 0.5186742082232186 
680 1.609826182359699 0.05294286310127125 1.2024507823594321 0.573637481332406 
681 1.609826182359699 0.22363600386015728 1.302822541419304 0.5001411811800275 
682 1.609826182359699 0.03141731557588078 1.2874622534927065 0.4993879578211716 
683 1.609826182359699 0.1844409286826281 1.3744113317713627 0.4359198664700959 
684 1.609826182359699 0.06059300053788967 1.3170952769310509 0.4940453875687613 
685 1.609826182359699 0.0658424528584802 1.2260283124668974 0.5295978468700132 
686 1.609826182359699 0.1849066803473123 1.2411553152669106 0.5170679448135695 
687 1.6099021934717477 0.18271988373784415 1.2201356228577342 0.5102734937995654 
688 1.6099021934717477 0.18514120609904883 1.2687109351976282 0.48427451817396633 
689 1.6099021934717477 0.18428590081557245 1.3941445341445808 0.434973745269213 
690 1.6099021934717477 0.08307986995005581 1.3828136978438055 0.44592985340888774 
691 1.6099021934717477 0.08076009603448492 1.2213102406945147 0.5416416879311515 
692 1.6099021934717477 0.06983489878370082 1.2630693430025917 0.4776391890928398 
693 1.6099021934717477 0.03331386044927792 1.242762453786301 0.5214258536725765 
694 1.6099021934717477 0.08471198291374954 1.3088231270997936 0.5054523736087905 
695 1.6099021934717477 0.06301065234547273 1.2601893803445288 0.49894160746864863 
696 1.6099021934717477 0.05288613554738902 1.227068554353567 0.5257495171400042 
697 1.6099021934717477 0.03619082580627924 1.314807355048872 0.5167008003930725 
698 1.6099021934717477 0.04468009467267748 1.3900038092104003 0.43382863545401107 
699 1.6099021934717477 0.0286282525424436 1.3222326153775716 0.5207104816272061 
700 1.6099021934717477 0.24712351734103477 1.4082632305401899 0.4043300873627765 
701 1.6189591461389101 0.043102279170937174 1.270778575201498 0.560812651715664 
702 1.6189591461389101 0.03412751041569009 1.2905900786745166 0.44689014932046867 
703 1.6257761463603306 0.08259407400759203 1.2742760406765639 0.48265459099339886 
704 1.6257761463603306 0.1852172494444505 1.2680143512686581 0.5186398963128609 
705 1.6257761463603306 0.11669226690889746 1.3568732507359529 0.5064521069489054 
706 1.6257761463603306 0.048452846956858024 1.225822890458273 0.5571146838326128 
707 1.6257761463603306 0.048452846956858024 1.1917925768823312 0.5932309345731426 
708 1.6257761463603306 0.1992727537337921 1.3211339250847953 0.45737043976019526 
709 1.628427263125751 0.10135241246533487 1.258898896564811 0.4904988095722429 
710 1.628427263125751 0.03728991651512293 1.3024795313366744 0.46774435834243117 
711 1.628427263125751 0.028390343731472662 1.2655530667872468 0.5212120016474482 
712 1.628427263125751 0.07308155557860097 1.1973011468247032 0.5595553698576969 
713 1.628427263125751 0.06205681920439249 1.1349309044313327 0.5903886443178736 
714 1.628427263125751 0.1661734627685055 1.2772374384203269 0.5079167224721914 
715 1.6287791042673927 0.18419586115682948 1.3003052256232195 0.5169607161113802 
716 1.6287791042673927 0.10937762473882717 1.2356379618454203 0.5264518962896968 
717 1.6287791042673927 0.10937762473882717 1.271358349760176 0.552044026261161 
718 1.6287791042673927 0.1321407014094285 1.3033699724988113 0.5373009084532181 
719 1.6354678913893799 0.07757576236752459 1.2933923823843179 0.541245881658261 
720 1.6354678913893799 0.185665663487964 1.3260205080146352 0.479939207374675 
721 1.6354678913893799 0.054031520698905613 1.191372548096594 0.5675283040125904 
722 1.6354678913893799 0.08890636855911341 1.2275936261411808 0.5505812613630303 
723 1.6354678913893799 0.15015827677972018 1.3215033986414255 0.5068804047764556 
724 1.6354678913893799 0.061274820206625065 1.2834595981437045 0.5185961485155672 
725 1.6354678913893799 0.07091743580692174 1.237308313351838 0.5545863266178058 
726 1.6354678913893799 0.04681716041076641 1.2598138365864722 0.5498253699325659 
727 1.6354678913893799 0.13087522234174076 1.3233295712809705 0.4849865092144919 
728 1.6354678913893799 0.29961770634226087 1.3742394289075401 0.41228178180212444 
729 1.6354678913893799 0.1833024164350837 1.2068523998292178 0.5655899015941992 
730 1.6354678913893799 0.058386400033024075 1.2129088610878989 0.5594934099275096 
731 1.6354678913893799 0.04348121100571993 1.3023706934747457 0.5155748150568599 
732 1.6354678913893799 0.08280054910505033 1.1887842383840606 0.5732871284487241 
733 1.6354678913893799 0.18221186644125487 1.241677534078158 0.5227064409989567 
734 1.6354678913893799 0.07461547917986248 1.2701622811827087 0.5278633015255063 
735 1.6354678913893799 0.06680146065308763 1.3567101882167485 0.5051149820118336 
736 1.6354678913893799 0.06100791866327766 1.260841141525975 0.5420262368013086 
737 1.6354678913893799 0.04001431227898707 1.2535273788012982 0.5669498586045673 
738 1.6354678913893799 0.18343947431544094 1.341198555029198 0.46749639816649285 
739 1.6354678913893799 0.08837273880774771 1.3456511340081754 0.47305493804035725 
740 1.6354678913893799 0.2491428648028925 1.2962248747225895 0.4828668712109833 
741 1.6354678913893799 0.1106977371564996 1.3035354000747634 0.47520929656030436 
742 1.6354678913893799 0.05351345444782872 1.2951490850486143 0.49427686314935926 
743 1.6354678913893799 0.1333713943703425 1.4218643704417877 0.4087039430809347 
744 1.6354678913893799 0.1333713943703425 1.3002098719812474 0.47571129114805305 
745 1.6354678913893799 0.10595811905058596 1.3486304744108346 0.47203741328937027 
746 1.6354678913893799 0.3004434801192712 1.3815590946138487 0.417383407579768 
747 1.6354678913893799 0.24712291905465503 1.352744410887762 0.4528712783498013 
748 1.6354678913893799 0.21928418943267985 1.298809762404703 0.4844307641148504 
749 1.6354678913893799 0.1044828360888748 1.1301650463144193 0.6203418476072001 
750 1.6354678913893799 0.05687353739302755 1.249535006108641 0.5962337077466585 
751 1.6354678913893799 0.10493870173354773 1.3937009526462254 0.45102007188040166 
752 1.6354678913893799 0.0810568818198385 1.2432711410463058 0.5706906690234479 
753 1.6354678913893799 0.08485607004683574 1.2716299574229006 0.5178498951992169 
754 1.6354678913893799 0.029418793446338975 1.266156783513728 0.533904301448724 
755 1.6354678913893799 0.14786574524695395 1.3492150089824724 0.46323009599285725 
756 1.6354678913893799 0.04417476568858215 1.2742722758320868 0.5270226516712384 
757 1.6354678913893799 0.18923996590438052 1.3009285028404582 0.5029412544173286 
758 1.6354678913893799 0.06938011704869523 1.2951755325677954 0.5287801338008417 
759 1.6354678913893799 0.04567906758560758 1.2979700025244487 0.5262359830894479 
760 1.6354678913893799 0.10729208150108287 1.2197424496979095 0.5664705770819727 
761 1.6354678913893799 0.03886819505443973 1.2140892990514618 0.6146346775035594 
762 1.6354678913893799 0.09246077092182423 1.211972121852103 0.569837471993024 
763 1.6354678913893799 0.16476520918212187 1.2988903144058475 0.5200961741623182 
