0 0.3786211539740429 0.18315704651824408 0.26256872166286094 0.04942509029543292 
1 0.36192230505311446 0.14313718243463958 0.2607493368459136 0.04840860999620827 
2 0.36192230505311446 0.12393190471225703 0.23480839072813114 0.056789815320642464 
3 0.35295090338290086 0.05960511651238281 0.23140560400183702 0.07147848907619007 
4 0.33981992877327677 0.0398401067448092 0.22351194217207657 0.07678414473451073 
5 0.33981992877327677 0.0398401067448092 0.227114573940839 0.0693660557568517 
6 0.3412719711094784 0.02850535528464766 0.21959972027978023 0.07413207041376628 
7 0.33981992877327677 0.02850535528464766 0.21185709700654815 0.0756057812660199 
8 0.32629125888711435 0.028185251346104775 0.20391637355006498 0.07380054297195189 
9 0.31863539880601893 0.028185251346104775 0.20567750986294026 0.06981446019157363 
10 0.3269393905582894 0.028283189173682527 0.19152829159830972 0.08490160213530115 
11 0.3269393905582894 0.028283189173682527 0.18568904384519114 0.08877716546987387 
12 0.34210690292520424 0.02818500789074695 0.17516170226394004 0.08829324694470174 
13 0.32376358751075424 0.028283189173682527 0.1767775183442956 0.08383443301391871 
14 0.34124949502201335 0.028120529852325608 0.17913623155615271 0.09288744435671276 
15 0.3115199756417616 0.028139821269382952 0.15151100401037113 0.09546351597230358 
16 0.3115199756417616 0.028103484458821836 0.11405674964183185 0.09381317609312324 
17 0.3389308469888567 0.028103484458821836 0.11969733183313787 0.09370870679059168 
18 0.32076531375706746 0.0281074039312878 0.11167986092743189 0.08294524019026507 
19 0.2764172824282135 0.02810820255403667 0.10176676122093557 0.07465582280926407 
20 0.3035368949017128 0.028093872337039607 0.11283277631442294 0.08059835492651185 
21 0.3100526880081449 0.028092373151549745 0.11074901671024612 0.08824291848563506 
22 0.36004770527603747 0.028093872337039607 0.12357096248585196 0.09081720015257091 
23 0.3677534567427622 0.028093872337039607 0.12956792071999523 0.09862831098417878 
24 0.3677534567427622 0.028093872337039607 0.13890940173673025 0.0969984780333 
25 0.30525912959275386 0.028093872337039607 0.11313146727611442 0.08899737442206197 
26 0.3041832810049293 0.028096622431840794 0.09268486589759867 0.0874782728859845 
27 0.3041832810049293 0.028091629718263452 0.10467418915040715 0.09312995044067988 
28 0.3064720376151941 0.02809116490476576 0.09246506821247917 0.08682075063116193 
29 0.3064720376151941 0.028096622431840794 0.11835165665671496 0.09648661439541384 
30 0.33905982013705654 0.02809205891167145 0.08650945567050328 0.08470679853748027 
31 0.33905982013705654 0.028094540091088388 0.0952562779267961 0.09254092737993086 
32 0.33905982013705654 0.0281333302416981 0.09512450824964061 0.08174130748766366 
33 0.36970908993317353 0.02811820073561445 0.11901904324633968 0.09483361987687079 
34 0.36970908993317353 0.028139670322887885 0.11162316680541137 0.09285094012704445 
35 0.2996766770567214 0.028133001270908887 0.09202829940639118 0.08166654277595915 
36 0.2749485551268189 0.028133001270908887 0.07792251641396256 0.0682079020460663 
37 0.27392831471388235 0.028118637791236176 0.09045416668495815 0.0725298182032464 
38 0.26083570356153163 0.02811666301098312 0.08598018710852423 0.06942721564448993 
39 0.358059879691392 0.02825324609987311 0.09864138646347521 0.08428670709787861 
40 0.3447996769908258 0.028190889993618875 0.10143046301471094 0.09185087648950276 
41 0.3097591987900373 0.028139802955530483 0.10034844562073965 0.08989550868966857 
42 0.3097591987900373 0.028139802955530483 0.09456795682676855 0.08818438205256166 
43 0.3097591987900373 0.028094502796345903 0.09664052900829699 0.08897894374488723 
44 0.3097591987900373 0.028358994956991332 0.0971813779779667 0.08570362661153767 
45 0.28762397989505034 0.028220525861739235 0.09148708431581393 0.07608371888180045 
46 0.342914784122125 0.028220525861739235 0.10093706037269247 0.08877031206290921 
47 0.342914784122125 0.028369138043843677 0.08909996031615935 0.07748990953473359 
48 0.29490626192082836 0.028926156175496306 0.08919848581805079 0.07053535150156376 
49 0.29490626192082836 0.028321056474531762 0.11919820620289262 0.08515581791776362 
50 0.2767299546190933 0.028809040399583027 0.13306445007264983 0.0862465253537207 
51 0.2767299546190933 0.030070762893726795 0.1298357961304555 0.07944455370038811 
52 0.26787740868403187 0.028297165941346302 0.1352389382056782 0.08206634910677842 
53 0.264135561551861 0.028297165941346302 0.11301391381163098 0.07573643679690034 
54 0.264135561551861 0.028297165941346302 0.12715385948566058 0.08303917623666142 
55 0.2800075989070276 0.02847776744617838 0.13866671276397427 0.0794498759666447 
56 0.29145112908390414 0.02847776744617838 0.13423395243157837 0.07897946369582957 
57 0.24601596933252803 0.02912674333769667 0.12933364133942643 0.07247948885210306 
58 0.24601596933252803 0.029399844061956667 0.1298414226209992 0.07001320178348279 
59 0.26454947347869934 0.028101459282345212 0.11611014589205727 0.07241710987796524 
60 0.26454947347869934 0.028851658494348356 0.135735801495975 0.07391063963167085 
61 0.2679141530486401 0.029409182796361198 0.13661491161325984 0.07774557010679606 
62 0.26454947347869934 0.02825324407649068 0.127341604652703 0.0792147060568823 
63 0.3032275037443802 0.02813414278654815 0.1196678652105272 0.07792423609365234 
64 0.26454947347869934 0.028090606804171258 0.10173653451125222 0.07006269963219161 
65 0.26454947347869934 0.028215469337614076 0.0988494507853841 0.07899719972482463 
66 0.26454947347869934 0.0281500090593767 0.10101955880077741 0.0729349297226115 
67 0.26454947347869934 0.028095574606531365 0.10457348100967713 0.06598870325485423 
68 0.2676883010145231 0.0281500090593767 0.11845527961183672 0.07525094377913755 
69 0.2676883010145231 0.0281500090593767 0.1072606067572161 0.0734489557539512 
70 0.25165512612464663 0.028090348997538643 0.1099241394738565 0.07322555723992727 
71 0.25165512612464663 0.02809293171499001 0.11573970256929013 0.07388401877646442 
72 0.20509661782553143 0.02809293171499001 0.1085247438732926 0.06865506166987187 
73 0.2482463743812857 0.028207657463197935 0.11549119133889127 0.07344882472844075 
74 0.2482463743812857 0.02918821047436313 0.10923083256647528 0.07164255830830711 
75 0.2514517791585322 0.028845511778618615 0.13172564223281888 0.06968353342242484 
76 0.2514517791585322 0.028106477541049144 0.14004259561695115 0.07182328173109857 
77 0.2514517791585322 0.028106477541049144 0.1459866320983854 0.06788784554428641 
78 0.2395352279137275 0.028106477541049144 0.14315669058891067 0.06811150879690317 
79 0.2454831009850149 0.02813124874655044 0.15313075884945831 0.0672041434816402 
80 0.26900281868796744 0.02813124874655044 0.1532466962658951 0.06279769484905945 
81 0.26900281868796744 0.02813124874655044 0.16064904450671993 0.059968979754826915 
82 0.303802719854639 0.02809501060285882 0.15513498247865837 0.06937571639275882 
83 0.22876371172931234 0.028092838597477725 0.13179294975123815 0.07077925702662673 
84 0.25901239740289683 0.028097909765046166 0.12964942651965805 0.0752765490408161 
85 0.24150856409594218 0.028111901068788317 0.14026427237349456 0.07166830539974618 
86 0.23814604243591042 0.028096758854419673 0.14133695895191312 0.06673286644502996 
87 0.3113298029980675 0.028096758854419673 0.1371891463008235 0.0713551564030151 
88 0.21597951574450963 0.028140052169683426 0.14089761423583902 0.06746175103050504 
89 0.25608700099024895 0.028140052169683426 0.13984586712063346 0.06987142480152084 
90 0.21597951574450963 0.028140052169683426 0.13246510104398357 0.07091455074815707 
91 0.2286476224018397 0.028140052169683426 0.11876477209951398 0.06994982486797817 
92 0.21352589118407964 0.028258905833391953 0.10170285746087991 0.0645956296170921 
93 0.2122076618188705 0.028127137470100524 0.10172770985903523 0.06094043337657872 
94 0.21108524092216113 0.028099822976185615 0.0940832376543831 0.060238858128394884 
95 0.21284093084972064 0.028099822976185615 0.08733369068468047 0.0576954639316681 
96 0.20472817085996206 0.028113672222212473 0.09616155116557251 0.0593339541258512 
97 0.20069968845858532 0.028105324632536132 0.10164052628887209 0.05738461562203942 
98 0.24980978911453228 0.028090501189092155 0.09237158474441805 0.058971448917968475 
99 0.24980978911453228 0.028091716472761825 0.10845055204378576 0.06331739843132053 
100 0.24980978911453228 0.028145935781573917 0.11151780811005739 0.06932874678834207 
101 0.24980978911453228 0.02941682935827483 0.10154535029836784 0.06413362740373489 
102 0.24980978911453228 0.028766907605510747 0.12291019146753132 0.0739437979017583 
103 0.24980978911453228 0.028100993211559015 0.1338349907778957 0.06966707693594087 
104 0.26153188091505175 0.028100993211559015 0.15095845804079677 0.0657904491971876 
105 0.26153188091505175 0.02941682935827483 0.15599902755269918 0.0640922468351881 
106 0.2750212532475879 0.02941682935827483 0.17025758097825244 0.06811812436273901 
107 0.2750212532475879 0.02974253612795797 0.16562050781940274 0.06864695164043491 
108 0.306371988908047 0.03158502934254849 0.17362155120067407 0.06415612050572428 
109 0.321331878516842 0.04077752660520603 0.18363244044356047 0.05527239910276687 
110 0.321331878516842 0.035595747475925775 0.17372422990549904 0.056036877236865186 
111 0.313595208170133 0.043372793974395946 0.1763894826633547 0.05903596598053002 
112 0.26153188091505175 0.044053512357546044 0.17377623088544852 0.04154988632797082 
113 0.26305114341529356 0.09218891051055242 0.1760104015891206 0.03835510716815572 
114 0.3015596323752898 0.046283973297828705 0.1817780321936777 0.04327174166236097 
115 0.27234754627357033 0.10251161731375517 0.18204840842484238 0.035382286414313215 
116 0.35048702027517287 0.07562281354240445 0.18138209448107762 0.04975575568575581 
117 0.29930412993550953 0.08235061703783937 0.18197289005235337 0.04099222954654557 
118 0.29930412993550953 0.08432092396527953 0.18446328512006097 0.04036426820665544 
119 0.2448175974915003 0.08432092396527953 0.17644173948649067 0.032984112074872604 
120 0.25231419062140564 0.07635068649709072 0.17566710106560754 0.03512080835706317 
121 0.28285809741078705 0.03883164296223074 0.18108213001824552 0.034043649637263515 
122 0.20854624211968226 0.02809260977554581 0.17208386980031906 0.036645745153571205 
123 0.20854624211968226 0.05559213161551078 0.17524169545590199 0.031509878800214434 
124 0.20166563123074963 0.05559213161551078 0.16654799662924852 0.04290976169310398 
125 0.22133166696850623 0.05809952064422116 0.17432411932759126 0.032188534433931625 
126 0.20407993993115153 0.05809952064422116 0.17178139709362228 0.03572907265588616 
127 0.2143790149290621 0.05809952064422116 0.17514812893684978 0.03254935658206253 
128 0.2224861003408018 0.050858542259771475 0.18036636023083835 0.03246381836151934 
129 0.2666593825408742 0.028864361375529897 0.18378744465121682 0.03498979475139709 
130 0.27679729655074703 0.05855117057492614 0.19373536329340896 0.029752222474268297 
131 0.2790865968124877 0.07289719858810692 0.1958744072780491 0.03247098231388699 
132 0.2504248380235333 0.05954858832557071 0.18651176255222024 0.031353150312032105 
133 0.2504248380235333 0.1342167467768753 0.19123340133889896 0.01905930540693573 
134 0.25687227745586116 0.15595251706492705 0.18940888196156672 0.018123578767829888 
135 0.2624746648541179 0.18128103763412143 0.19116259457475604 0.01601106466748129 
136 0.2624746648541179 0.09407728471433305 0.1902946275979076 0.02347543123981046 
137 0.2624746648541179 0.07921406834814208 0.18908501972799457 0.03402729440032135 
138 0.2435858025047995 0.08014205201871748 0.1799853035908902 0.038602094663384885 
139 0.2435858025047995 0.05867371806944024 0.17929348537924225 0.03695291855990329 
140 0.2435858025047995 0.05867371806944024 0.17109943418490664 0.03888284175072144 
141 0.23887774441091902 0.05607676419587376 0.17627305570384288 0.03339023334138026 
142 0.2532796756943596 0.048839241610785164 0.1742376678375139 0.03878550129573143 
143 0.2532796756943596 0.031500947196077655 0.17984622380050494 0.04041252408086719 
144 0.2532796756943596 0.031500947196077655 0.18120796676731568 0.03411650864015914 
145 0.2532796756943596 0.06862343890936332 0.18619756985143307 0.027601511983632324 
146 0.2532796756943596 0.05004746873834834 0.17939616547184464 0.032255381003991314 
147 0.2532796756943596 0.04452202575509373 0.17665003818539837 0.03654448086881353 
148 0.29389090948891233 0.04452202575509373 0.17889858751690674 0.03842344500497839 
149 0.29389090948891233 0.028776064510043522 0.18238584616280784 0.046130737750600476 
150 0.23974996106635668 0.044913833507303484 0.17672402871232773 0.040431597492486836 
151 0.2309859899489232 0.04997518755153231 0.18290515220706047 0.02988020916025697 
152 0.2756145884925284 0.04997518755153231 0.18481991580795734 0.04134634280868407 
153 0.28128732241094273 0.03808873595360198 0.18395885282056407 0.04844866199916367 
154 0.28128732241094273 0.07430026505875517 0.19562410556527937 0.04037481963053871 
155 0.2824859322231732 0.05102399109259867 0.18685267868043143 0.055435063308124255 
156 0.2824859322231732 0.02974933516389387 0.1899080394175649 0.04819031661809382 
157 0.2824859322231732 0.050424320796582774 0.1870657370419613 0.05602648907384163 
158 0.2824817759809097 0.07129885955620756 0.19091386886961073 0.04566488434299522 
159 0.3058578354072037 0.030686910079661334 0.18416318568157702 0.05536322910458887 
160 0.3058578354072037 0.03225465973262389 0.16835105981951282 0.06173811024843588 
161 0.31060042810784755 0.02943763417589569 0.1755882509245174 0.05818561522215998 
162 0.31456780154737124 0.03263661887113435 0.19413657262826706 0.051921863158390175 
163 0.3155112546775661 0.033055802718413865 0.19757681278776046 0.04728581235617349 
164 0.3155112546775661 0.033055802718413865 0.19234206359026887 0.04480509438967176 
165 0.3155112546775661 0.05001710218541102 0.18867506653201208 0.04590526445094918 
166 0.3155112546775661 0.04725540017374807 0.18233027787581804 0.055608487611478644 
167 0.3155112546775661 0.05171218731705231 0.19390876201659496 0.045372465452310065 
168 0.3027336589719827 0.05171218731705231 0.1859564174430502 0.047623596723361444 
169 0.23765402857883602 0.04205821980284664 0.18337418868842656 0.04149888060840564 
170 0.24828223085664497 0.06786835292404454 0.18989807171151918 0.0343757536245304 
171 0.2954270575358646 0.06007119782158445 0.18475917654342802 0.04441416853188855 
172 0.2954270575358646 0.07848941080079865 0.19520114638714456 0.0339879230711815 
173 0.25260668131939223 0.028229209437547784 0.18269220507378192 0.03647625337855638 
174 0.2750910638474279 0.02822790761189498 0.17368015849559154 0.051383530310283226 
175 0.25260668131939223 0.02822790761189498 0.17055162734452625 0.045986343009007204 
176 0.25260668131939223 0.02822790761189498 0.17176780468963798 0.05063436789148927 
177 0.305367747196051 0.028497420164469513 0.171641813547414 0.052186881449856067 
178 0.2708035121664537 0.05266217263747649 0.17968931306266847 0.02865414797026006 
179 0.2708035121664537 0.05266217263747649 0.1732138695346793 0.039865852970532974 
180 0.2507120362250121 0.05266217263747649 0.17042887820337718 0.04109869224607614 
181 0.2507120362250121 0.051048228037664456 0.17357215935077971 0.03709164209681486 
182 0.2507120362250121 0.05241860908439374 0.18175711713245601 0.03488743038794955 
183 0.2507120362250121 0.06234104096949512 0.17776498678623598 0.040215804023820245 
184 0.24606697318232137 0.06034179135461058 0.17784261972302523 0.03762056374061786 
185 0.2310584314717968 0.06589292821965895 0.17781880514250542 0.03479578042760904 
186 0.22876778995281508 0.06235918847834785 0.18374928358613649 0.034348182319486706 
187 0.23779066880452823 0.028408768566473685 0.19111900432095574 0.028882450597305064 
188 0.340073956168581 0.028408768566473685 0.18621394935256466 0.046000011955380456 
189 0.340073956168581 0.028408768566473685 0.19313548569819947 0.03629778481041428 
190 0.340073956168581 0.0591776157719267 0.19560258140594344 0.04037398872058518 
191 0.3482620706318357 0.05853734593701402 0.193768071613246 0.04893918554879735 
192 0.340073956168581 0.05548581715845834 0.18809310405570598 0.043612922186821036 
193 0.340073956168581 0.04020876694947703 0.18662746925847457 0.05737010258730141 
194 0.3533020270079304 0.06062286231318255 0.19838323408383995 0.059804523011052484 
195 0.3533020270079304 0.09246507797416871 0.20277372641233096 0.05323361383163714 
196 0.3533020270079304 0.08009554921377207 0.20363985763273268 0.06447744673020765 
197 0.37032231013767053 0.08009554921377207 0.20670281250146602 0.06567470814072762 
198 0.4414616071043358 0.05709635073221067 0.21290091350582435 0.0800166024429581 
199 0.35362010377706504 0.08540391078194819 0.22268585450028097 0.06568668737413835 
200 0.35362010377706504 0.034839030993369234 0.21914116429433242 0.07807993507358964 
201 0.36299850100399095 0.08779296950016036 0.23787376798222665 0.07425126702448259 
202 0.36299850100399095 0.10222698394513496 0.22508616360038028 0.06486817881275031 
203 0.36299850100399095 0.09068806154749204 0.23878068012758097 0.07108086934704477 
204 0.36299850100399095 0.07090933092295411 0.23325623606577464 0.05484643677855531 
205 0.35362010377706504 0.10778504854633675 0.22437730017763796 0.05587902499780401 
206 0.3066183577536073 0.10778504854633675 0.21117717847360853 0.04426771874352608 
207 0.3066183577536073 0.08640762815938635 0.2104486942854846 0.05461754166825081 
208 0.33064513418063224 0.041945905606011295 0.20986237225398224 0.05154079161531795 
209 0.368399168760045 0.03139968628178835 0.2123160273406764 0.05625079857085648 
210 0.368399168760045 0.03666606222688625 0.20463049023824464 0.0625489013523448 
211 0.368399168760045 0.06587010931424764 0.21746140904274053 0.06415190305619813 
212 0.37972697927016097 0.06514431373046006 0.21689322942637615 0.055447141249334406 
213 0.37972697927016097 0.06514431373046006 0.21347233966076562 0.057514684854279546 
214 0.37972697927016097 0.06094013011185626 0.21421828507610516 0.05789946973720199 
215 0.35882495709488194 0.08809188938927154 0.212143667266711 0.05184980074137267 
216 0.3448736455198898 0.05580319784100278 0.21171558020575557 0.06345220260316353 
217 0.3448736455198898 0.09296000403936076 0.2214223268610015 0.05340664520965528 
218 0.3490147581196179 0.09296000403936076 0.22719632556716768 0.06521601970103301 
219 0.3490147581196179 0.1137562600517567 0.22494558983497465 0.059431241115786904 
220 0.3482636911633202 0.10893615613918561 0.21763568703671363 0.05755952591287265 
221 0.39298184690429977 0.04788684183595601 0.21590117399339284 0.06830801951985725 
222 0.39298184690429977 0.036401238895284044 0.1971870107929083 0.07838819398806487 
223 0.42972607365795346 0.04189865011209715 0.21617973752362815 0.0752739327773037 
224 0.42972607365795346 0.10142016611021394 0.2389744428595143 0.07001907093366673 
225 0.42972607365795346 0.07790563106953127 0.2392363994269265 0.08510780044658835 
226 0.42972607365795346 0.07790563106953127 0.24924162205740685 0.0804123790945813 
227 0.42972607365795346 0.10834699369387882 0.22639572585667236 0.07730779670155162 
228 0.3913657152339329 0.07703579772110321 0.22633683776313068 0.07237936347122831 
229 0.393575708998366 0.046003163852345125 0.21306457180283045 0.07843065541496802 
230 0.393575708998366 0.05131213905170576 0.23936523765826914 0.07594381315579425 
231 0.400042901328093 0.09528430475613822 0.2539064858400295 0.07082695139604983 
232 0.400042901328093 0.06400264903216728 0.24106127643136746 0.08635935040247222 
233 0.400042901328093 0.06400264903216728 0.25662862560061106 0.09256281483291544 
234 0.400042901328093 0.06410759687871544 0.253221199123814 0.08196826611202516 
235 0.400042901328093 0.02943165061739352 0.2333396147637079 0.08623530403504413 
236 0.42608143550201516 0.05988880243946146 0.23746050060321103 0.0812727663517812 
237 0.4530889457318909 0.08010672278287988 0.23728283502157382 0.07377861442779425 
238 0.4530889457318909 0.07763050038595133 0.23990097334983965 0.08386534926012748 
239 0.4530889457318909 0.03214694497294167 0.22202532913317083 0.0981973652343707 
240 0.4530889457318909 0.0430065132949283 0.21066353203216406 0.08700134493375304 
241 0.4530889457318909 0.03887109278600011 0.21654988396002975 0.08519330393592754 
242 0.4530889457318909 0.03887109278600011 0.23890700188324618 0.09492165811900981 
243 0.4530889457318909 0.05859634539149745 0.24177670919232994 0.08234681727293086 
244 0.39075482118739885 0.03250124341946164 0.23596968551252412 0.07550868711532051 
245 0.43797632794741415 0.03250124341946164 0.2496015931026832 0.08280424457804238 
246 0.41948658876701667 0.03250124341946164 0.2550404986522326 0.08298904556378409 
247 0.4075966248230288 0.04549456247167405 0.2563342536201898 0.0853262486246694 
248 0.4075966248230288 0.03627143624705297 0.2560516452265404 0.10555519974086221 
249 0.40416165947594374 0.04867308656796939 0.27887719612082656 0.08205273921919436 
250 0.4121786080983893 0.04729512462500989 0.2776464886387732 0.09058259631130651 
251 0.4825101050440045 0.03908577046620952 0.28240027985977484 0.0992355749979851 
252 0.46740622276229804 0.03908577046620952 0.28887325952996157 0.09104106555151242 
253 0.46751190798597514 0.06009813818294151 0.2991766294220753 0.08116614618088969 
254 0.44380704230097595 0.045498415303006884 0.28857788336264983 0.07884533044110936 
255 0.44398835666854247 0.11041656385068448 0.30091247905391866 0.08642921550977593 
256 0.44380704230097595 0.04700076026877414 0.28111118226031934 0.07951154833781975 
257 0.4206713289332672 0.035544270804862735 0.2584323878068633 0.09130179002197678 
258 0.3964506856952911 0.040868833934750486 0.24268300197359477 0.08458876966142881 
259 0.3964506856952911 0.08907818211571886 0.2662280228344115 0.07044694239622114 
260 0.4180119013091754 0.08907818211571886 0.26752114077921896 0.07389196622995041 
261 0.4180119013091754 0.10218886510148213 0.26626091860551465 0.06690672806395644 
262 0.3843487461917742 0.13794766776611997 0.2478718634436508 0.052954442902194254 
263 0.36617495606195855 0.09462899388903609 0.2271486531253892 0.055119532059879656 
264 0.4209297144651085 0.1234619648267566 0.2351486406274397 0.051672557256786815 
265 0.3711664460911188 0.04790068745195426 0.22657097638985416 0.05616623793091691 
266 0.5853127383203082 0.08513132434604068 0.24093098562048343 0.07169348436962437 
267 0.5853127383203082 0.10523558183053619 0.24246076652506543 0.07066494239626746 
268 0.5853127383203082 0.05234043928446772 0.2383615964230636 0.09299977502164981 
269 0.5863676725122399 0.03548246101936974 0.25759939640279766 0.13718316170234432 
270 0.5853127383203082 0.03548246101936974 0.28007995831158383 0.15687627964925815 
271 0.5853127383203082 0.06218256305516662 0.3129325295982289 0.17104020784945928 
272 0.5853127383203082 0.04583270778036118 0.3613120056744024 0.18294209329266092 
273 0.5853127383203082 0.04583270778036118 0.35797764446294394 0.18247960507269737 
274 0.5853127383203082 0.03728444450891132 0.3123835321924773 0.17662371246850428 
275 0.5445406515017611 0.053435296503345234 0.3228091124771576 0.15745224719430004 
276 0.5418150687262008 0.06229438823708373 0.30812276763957736 0.13592726646475817 
277 0.5524361933830584 0.042540816371315446 0.34739930890789517 0.14054093391138697 
278 0.5524361933830584 0.07444820084043623 0.3874511351594171 0.14837833207516452 
279 0.547745416652967 0.10184064822204451 0.38548607589349665 0.14181943547183284 
280 0.5421012372261323 0.0486919609788729 0.3615418507618777 0.15903428326072305 
281 0.5453683128213251 0.0486919609788729 0.3664713327529485 0.16232415386239318 
282 0.5495219667461508 0.0486919609788729 0.37879179487634046 0.15717274386165814 
283 0.5421012372261323 0.06859232630511647 0.3603339848489042 0.16489876266371412 
284 0.5421012372261323 0.06842150143684286 0.37909561798654257 0.15277466940332685 
285 0.5421012372261323 0.06769730166868201 0.3951075533331538 0.14550680162254337 
286 0.5367691858918138 0.12440400109608087 0.41392052018600073 0.12212872182614887 
287 0.5609811461154041 0.20031000773997223 0.4238427559514744 0.10107569857674611 
288 0.5610754305960524 0.1962492477865605 0.40859586238141143 0.11861310048586031 
289 0.5610754305960524 0.09196435835993598 0.4186952854054973 0.11950895042675223 
290 0.5658881674443279 0.17974633114317626 0.43196352898482293 0.12162231623484705 
291 0.5610754305960524 0.18258696217841547 0.43702695195765356 0.11375897751530609 
292 0.5610419041216634 0.07113918307136557 0.40303035949549104 0.11977720886347674 
293 0.5479916679491309 0.15107013425019195 0.4010381754237754 0.11255171730399238 
294 0.5425775183399725 0.05252904668356987 0.3729889686645806 0.1313994419726385 
295 0.5425775183399725 0.05252904668356987 0.3723817862301748 0.13236810648996414 
296 0.5425775183399725 0.029991101167102643 0.3530148962065288 0.12064723625066295 
297 0.5425775183399725 0.029991101167102643 0.3370251566477806 0.12373910672983314 
298 0.5495283268800049 0.03798184354970246 0.3064268060012959 0.1169020226882314 
299 0.5495283268800049 0.03135457952219244 0.3231657784826073 0.12618170622779237 
300 0.5495283268800049 0.09726227113010226 0.3617832344107739 0.11120706324493473 
301 0.5495283268800049 0.06785658856591362 0.3501077969536509 0.13158854179793184 
302 0.5495283268800049 0.09726227113010226 0.34025840227082943 0.12417148004693629 
303 0.5495283268800049 0.057583685473334284 0.36156573920178925 0.13482341046593704 
304 0.5495283268800049 0.057583685473334284 0.37148375114841997 0.13038605934973121 
305 0.5509429763285935 0.1892979780923754 0.38475898513407114 0.1183895517628485 
306 0.5495283268800049 0.1058188482514588 0.3502162569312179 0.10574677928766998 
307 0.5405806614436023 0.12795442973961446 0.33372502415941674 0.10250959989161479 
308 0.5597192441876987 0.05012607228209476 0.3350833954558681 0.12558731852333607 
309 0.5495283268800049 0.11983456233924358 0.3286649951535819 0.11871147770894107 
310 0.5495283268800049 0.18141762328769803 0.3471929111185903 0.1153283083225834 
311 0.5497800837115302 0.21627614883820379 0.3426952495451191 0.1100729171186076 
312 0.5497800837115302 0.04248866057558471 0.35624079623945726 0.1353040227466464 
313 0.5593228350051808 0.04248866057558471 0.3749470648727844 0.13201324785667837 
314 0.5533873879505162 0.04188123061346051 0.371047414343558 0.12731438969123318 
315 0.5533873879505162 0.04188123061346051 0.3709236635774167 0.14980439595157524 
316 0.5886984563364549 0.08320416698404744 0.42768613661099697 0.11998210318717835 
317 0.5886984563364549 0.1919747694190769 0.44001543810704435 0.10752585569565258 
318 0.5392153261534576 0.11576698807758652 0.4092010528284738 0.11557433742421917 
319 0.5582176055799096 0.12281759230954231 0.41996559720315924 0.11689829789635818 
320 0.5617179504263747 0.1889207987197362 0.4233709002533527 0.10994547263408562 
321 0.5549262986949781 0.10270696050890478 0.3823292907914962 0.12102761113144454 
322 0.5549262986949781 0.12627862867451745 0.3636799074557375 0.1230195695488071 
323 0.5340333027589174 0.13997737098761182 0.3851040732245839 0.10742981134115667 
324 0.5622457709682982 0.041079358530581304 0.3854672245340812 0.11024970981706751 
325 0.5622457709682982 0.09045895139338674 0.3928723164170596 0.10689699846598127 
326 0.6039942310980325 0.07478813207036457 0.37772065667631477 0.11847815573954316 
327 0.5622457709682982 0.07383487946445948 0.3554195624504039 0.12538423068186574 
328 0.5623185431874558 0.04673353099644529 0.36752088645369785 0.14347722287073145 
329 0.5623185431874558 0.04465797979307261 0.3540445984879424 0.14739706653297685 
330 0.6080788849849206 0.09076647834357619 0.37373162872277255 0.14218462632419326 
331 0.5600456510066331 0.18237444012886783 0.39545182044199895 0.1263267636872597 
332 0.6603857715036973 0.0957200584702321 0.4028859244860433 0.12743849398402202 
333 0.6325273883970465 0.0957200584702321 0.3920673823607731 0.14839171214706065 
334 0.6494238318366835 0.0957200584702321 0.43408661656642195 0.14449510908206067 
335 0.6494238318366835 0.0816640722126068 0.4249862940284477 0.15447489988007154 
336 0.6494238318366835 0.05067757173441263 0.42981044489325504 0.1511206821304146 
337 0.6494238318366835 0.029274284453713932 0.4042115922277443 0.14842664786422777 
338 0.672345775988292 0.029274284453713932 0.4289911588475548 0.15444761436253088 
339 0.672345775988292 0.0689734385602279 0.43852781074635616 0.14952022644432714 
340 0.672345775988292 0.0689734385602279 0.4540357432064 0.15787438550518754 
341 0.7405102742468019 0.05426805255279014 0.43429350273259565 0.17436075649375352 
342 0.7405102742468019 0.06745562643567136 0.4801435513890604 0.13861151764263568 
343 0.7405102742468019 0.055420747436413155 0.47398016093408885 0.16928262310254355 
344 0.7405102742468019 0.14137445241926894 0.497590514357544 0.1446825180403648 
345 0.7405102742468019 0.04963408833195783 0.523678812438481 0.16344570833673203 
346 0.7405102742468019 0.12247171366799477 0.5130648966332976 0.1596277355758057 
347 0.6987053430673921 0.031186998316526528 0.5006564995328665 0.15325460270299923 
348 0.7193521779344132 0.032058727271138586 0.4556141380753314 0.20058748609231714 
349 0.7193521779344132 0.056665990639904476 0.5001442862251101 0.16956143683237457 
350 0.7193521779344132 0.04058045922516203 0.47761138568759304 0.18463806895300341 
351 0.7344447139225497 0.09319161201802548 0.469662747658948 0.17055405546048824 
352 0.7307366369770493 0.09319161201802548 0.48715815956059505 0.19159575484201946 
353 0.7225951446365326 0.030083920321782552 0.473160907088528 0.21091514470584904 
354 0.7225951446365326 0.04785443700124666 0.5291174081493311 0.17167795090415022 
355 0.7422926281173542 0.04785443700124666 0.5204693862547763 0.195254526702323 
356 0.7433059774353694 0.14509082985380903 0.5259179181358703 0.19367747365849522 
357 0.7433059774353694 0.12015732985976924 0.5318950734721543 0.19641859023892824 
358 0.7433059774353694 0.04151532371975952 0.5684078704534248 0.19434934700168452 
359 0.7593539402359917 0.14227648219422395 0.5964041186993148 0.1665075075974543 
360 0.7593539402359917 0.09326521652470218 0.5505980057905235 0.20254039427410092 
361 0.7593539402359917 0.057485585327639546 0.5593902868823732 0.19913113496260787 
362 0.7593539402359917 0.1374884621727268 0.5607642979179674 0.17991121324212164 
363 0.7567721578408111 0.0564837063959662 0.5818459165328005 0.1594861061641483 
364 0.758638848133041 0.09218196544572162 0.5700099350201002 0.17751989980422866 
365 0.7810238908266008 0.0477911716185795 0.51497410917803 0.2082898973912194 
366 0.7648213095545986 0.1338069763694319 0.49656487770185925 0.18975252464786538 
367 0.7648213095545986 0.17712397402618288 0.5511390137559992 0.1930418109833775 
368 0.7648213095545986 0.05751272016768826 0.5386179233499915 0.20331959476852426 
369 0.7648213095545986 0.11715260854563611 0.5478261172948108 0.22510264171327635 
370 0.7648213095545986 0.05136770692424738 0.5801616835188738 0.21309714629175572 
371 0.7792448558485392 0.18150925531561352 0.6274364326873454 0.167558886851331 
372 0.757835463219553 0.22757627629473348 0.6182574187240183 0.17387423246088735 
373 0.7762423900876825 0.04900164670117775 0.6207009070445049 0.19865956968353157 
374 0.7762423900876825 0.17801657647679778 0.633173861829619 0.1800123683507057 
375 0.7762423900876825 0.14429636348110972 0.63943979793861 0.17411257056385795 
376 0.8800562508361257 0.08026744797662284 0.6607621458819962 0.1472848957230428 
377 0.8800562508361257 0.08026744797662284 0.6413938987216687 0.17337382393827283 
378 0.8800562508361257 0.0353110499976925 0.6372095131375024 0.1939441893453685 
379 0.8800562508361257 0.05620881587164153 0.6045425318656077 0.22831416547073752 
380 0.8800562508361257 0.0990035777278571 0.6462986126762171 0.18992938628936562 
381 0.8800562508361257 0.04172792185212191 0.5761662492140392 0.21052944889301364 
382 0.8800562508361257 0.16028754995476652 0.5632317235824911 0.21033753495960883 
383 0.8800562508361257 0.16028754995476652 0.5848483401277702 0.21184405869187103 
384 0.8800562508361257 0.1829471182928421 0.5881707736379698 0.19205955451840934 
385 0.8800562508361257 0.1829471182928421 0.5794268386603414 0.22222998591870607 
386 0.8800562508361257 0.17815405306995383 0.6189015298158375 0.21079647595373777 
387 0.8800562508361257 0.030993361604893604 0.6232728497962581 0.1989788073083044 
388 0.8800562508361257 0.2541851493949529 0.6094922569955469 0.18572680436948522 
389 0.8800562508361257 0.07131589413356694 0.566181267225703 0.2276449163037687 
390 0.8800562508361257 0.09706768616450039 0.6069914926496465 0.23458549684123356 
391 0.919263363248474 0.06781276808669845 0.5653968881304621 0.25219925005298516 
392 0.9369998959062238 0.1818010243315454 0.5839696500057276 0.22581995608017763 
393 0.8732610347115615 0.13834470694801654 0.5727049377094381 0.21532175900848535 
394 0.8732610347115615 0.07293030248700122 0.5890977432878043 0.20263781620944066 
395 0.8732610347115615 0.0665925420283876 0.5676000189447133 0.20121080065623476 
396 0.8732610347115615 0.0665925420283876 0.6067047694015038 0.1946429970965997 
397 0.8732610347115615 0.07925071272894543 0.6075098137722509 0.16331818702604256 
398 0.8732610347115615 0.1561867572696963 0.5849797079060541 0.1883963240981077 
399 0.9323349635358813 0.1561867572696963 0.5439794343753486 0.20810905024705542 
400 0.9323349635358813 0.035465750386818526 0.5189271642493942 0.2029894993094501 
401 0.9323349635358813 0.04050650705281366 0.538695867405199 0.229952558517892 
402 0.9323349635358813 0.05891133870176411 0.5640139156870654 0.24353287793609085 
403 0.949702090322511 0.2156219678642161 0.6241608998535557 0.21737110040830482 
404 0.949702090322511 0.1173207320267074 0.6839274337991001 0.2219060124636173 
405 0.949702090322511 0.18337395557312677 0.6478526947446729 0.2356750648975488 
406 0.949702090322511 0.18337395557312677 0.6453662826570403 0.23544205687548184 
407 0.949702090322511 0.09091459827235952 0.6550278668318609 0.23534675808234157 
408 0.949702090322511 0.19810090967934144 0.6548556022506603 0.2187687374948052 
409 0.8808450788502794 0.19853203240504752 0.6571852143618122 0.21854013444199943 
410 0.8796586594752328 0.2254377706560474 0.6823470446985905 0.22072278083467464 
411 0.8796586594752328 0.0493031359497698 0.6394071620073167 0.2633224161654777 
412 0.8796586594752328 0.06591792661041825 0.5907717573267425 0.25919981687590654 
413 0.8796586594752328 0.13067877395755503 0.6666326468800734 0.22668197706365562 
414 0.8796586594752328 0.06576968010457498 0.6215830206718749 0.22356541704107957 
415 0.8796586594752328 0.07886991787500312 0.5897052621635741 0.26342140782619206 
416 0.8732610347115615 0.08381053806687487 0.607509884601539 0.24881739429084074 
417 0.8732610347115615 0.051273615534792615 0.6047902708469847 0.27262019283050287 
418 0.8776022965405199 0.11682382953776795 0.6423056320479722 0.26717719719638566 
419 0.8732610347115615 0.07685723326269625 0.6349460656812665 0.24113338457869452 
420 0.8782926584555717 0.07685723326269625 0.6150817305158968 0.25487017245338167 
421 0.9270223591773534 0.02851804873729022 0.6077166659386968 0.27440410326381587 
422 0.9594715359696483 0.05435181737340166 0.6940387538820675 0.25477922683026677 
423 0.9594715359696483 0.0951431841784407 0.69450584398001 0.24464217118800693 
424 0.9594715359696483 0.17088304590269637 0.7259269615274658 0.1937075995074477 
425 0.9614173639960103 0.14224694113282765 0.6914095780109002 0.24659796488814398 
426 0.9840411036092264 0.14224694113282765 0.6611025644848529 0.2685967157548041 
427 1.0429703515088549 0.10863020787103339 0.6725885303021759 0.273597753126341 
428 1.0429703515088549 0.07616338559201048 0.6731035375869426 0.30309388192772446 
429 1.0429703515088549 0.0854663013605285 0.6761582320216797 0.2774799680109789 
430 1.0429703515088549 0.08972723636650712 0.7373049313090554 0.2811601465194416 
431 1.0153195611414074 0.1536693623903297 0.732299442463296 0.2581199931913822 
432 1.0159240592166296 0.04468782252889112 0.725814450980287 0.27478037209350437 
433 1.0496811678647213 0.05059341852460941 0.7376943322558519 0.2821453877411189 
434 1.0496811678647213 0.10030953376540354 0.7469428239001672 0.2720308746429966 
435 1.0931111567581708 0.10030953376540354 0.7788543884848795 0.27726609270471264 
436 1.0571960155939384 0.08459887030748073 0.8147662166761926 0.2449696335311891 
437 1.0571960155939384 0.06114328610850949 0.7847975682416455 0.24819531385360888 
438 1.0571960155939384 0.0500042295628566 0.7520529925353479 0.2855539291081719 
439 1.077609867253465 0.1275593331391659 0.7677795760727584 0.2835124324260378 
440 1.0675274759747173 0.20545780032979832 0.7826599851870303 0.2525138524385019 
441 1.0675274759747173 0.14096627967560554 0.7532380711914948 0.2956850971685692 
442 1.0818662686625427 0.04222656833071638 0.7964458182674572 0.27358416922139867 
443 1.1619862352629908 0.06460047154264471 0.7920217550977835 0.2954758879411226 
444 1.1202410644815475 0.2508265863815203 0.8558987150577877 0.24520940033354505 
445 1.0828995501824048 0.04234895589411965 0.8488279491273901 0.2859242107567322 
446 1.0835641098036037 0.13552458721247068 0.8543074627852334 0.3049501565859289 
447 1.0934529067844434 0.08672757462960147 0.9035665494354492 0.27944795357304675 
448 1.0934529067844434 0.18850012837613034 0.8762643940901895 0.2551320257962245 
449 1.0788978952424777 0.05477930850704572 0.8393550657501502 0.28546171503613876 
450 1.0788978952424777 0.17295701914629105 0.820837437963323 0.2975532662227503 
451 1.0780457592567945 0.07533676501083261 0.810880725305122 0.3139219202378503 
452 1.0854348747846003 0.18939699660903941 0.8237569778843442 0.27397702264464896 
453 1.0854348747846003 0.1810197515327969 0.8024514209769017 0.29425766666674935 
454 1.094725274944165 0.23221984673043014 0.8375239806494548 0.28146395496959836 
455 1.1040737296453098 0.1835615528003751 0.8516333367008255 0.2855517243412209 
456 1.106806095953103 0.16633378564252357 0.8567821107106841 0.2855343730947925 
457 1.106806095953103 0.07402441666481306 0.9519758942789946 0.21846527768320212 
458 1.106806095953103 0.18128976646958103 0.9110523277536292 0.2684738398197596 
459 1.106806095953103 0.06726194217136432 0.887314515915112 0.2868038627422502 
460 1.106806095953103 0.14831482532226192 0.9317361378845825 0.23926911048944038 
461 1.106806095953103 0.22379135179408877 0.8553839987499299 0.28944281174304626 
462 1.1181362595552522 0.07858089234477958 0.8534331335127019 0.3221350354644416 
463 1.106806095953103 0.0719995278821066 0.8840533909822628 0.3072635823475447 
464 1.106806095953103 0.1810169939785797 0.8983480669140536 0.26111959811204183 
465 1.094725274944165 0.055479603052002543 0.8583793802687079 0.30434095727426386 
466 1.094725274944165 0.07259968472599995 0.9433155198961749 0.2602593552393283 
467 1.094725274944165 0.1818561552021011 0.9051333342529049 0.2687559418115448 
468 1.0875062729545961 0.060612162716387134 0.8722531333292266 0.31470263798119164 
469 1.0877809289037188 0.27904363967584417 0.9049823439101132 0.24890462323094129 
470 1.0936550214989162 0.11618683076260854 0.83979651663382 0.31447568750525307 
471 1.0965948679437318 0.11421753329302918 0.933520735446453 0.25139838562426975 
472 1.0877809289037188 0.1649195985472006 0.9112521508247772 0.26455963131852794 
473 1.1026658956745852 0.2185529279375337 0.8535397880705099 0.27902156039630377 
474 1.1026658956745852 0.29149898626907594 0.8871807032108948 0.2486672311294319 
475 1.0936600756753612 0.18501205170297175 0.8496884048652322 0.3017223943428483 
476 1.0936600756753612 0.21093535496086016 0.8569558814725409 0.30028583672203096 
477 1.0975392636843089 0.15569897818533146 0.8735426689602297 0.29038768314576313 
478 1.1303245177574537 0.18289814937274426 0.9101812245687705 0.2650433685961526 
479 1.1303245177574537 0.0659340388069703 0.8796685739617376 0.29983161079674037 
480 1.1019295223159264 0.10008559040427714 0.8584520415742067 0.2928782534143506 
481 1.104673568981038 0.18248958231152138 0.8326666631696558 0.3185096643621199 
482 1.104673568981038 0.22381135148854003 0.9487289759927129 0.22444320654020333 
483 1.106662745584562 0.0754605740281244 0.8824571772870804 0.28244582743401 
484 1.104673568981038 0.18483829055123893 0.8836936233990299 0.2902522597725297 
485 1.104673568981038 0.12335521149889521 0.8750531765129634 0.299979312159028 
486 1.104673568981038 0.374644554793562 1.0049329217748242 0.1396509754746263 
487 1.104673568981038 0.03236996788109284 0.8976773889355987 0.3173907579790708 
488 1.104673568981038 0.10732322941957112 0.8792553254583256 0.2897131456495998 
489 1.104673568981038 0.1912705818087316 0.9332492782069242 0.2378882846063704 
490 1.104673568981038 0.12612804400482341 0.9135510063423804 0.2747341851247585 
491 1.106662745584562 0.15772377771299376 0.9052106671627217 0.28065877204198575 
492 1.1091691595234412 0.0704366167390916 0.8635610002496219 0.3258214242696867 
493 1.1091426077148518 0.11751308525994641 0.8551211780823098 0.3174926318244428 
494 1.1066657994849989 0.11286947493504723 0.8018439540665359 0.3497438680142378 
495 1.1271769508621399 0.18346333752237565 0.8839048052018655 0.3000030376368379 
496 1.1066657994849989 0.1930541392600515 0.888693268820205 0.27604283455669776 
497 1.1066657994849989 0.18790318714211135 0.8817687858849472 0.29218782519498976 
498 1.131540115749353 0.3421811223093985 0.9737270020050122 0.21922585867553926 
499 1.113427547194335 0.08664088849972248 0.9175231272710417 0.27599112354244293 
500 1.1116042006726523 0.17140058490323967 0.8843239868601734 0.30309385162162833 
501 1.1271929471942823 0.052491385049911174 0.8828040618982597 0.33296572836401644 
502 1.1271929471942823 0.070656295572828 0.9110213965823382 0.316678608552205 
503 1.1434811500047188 0.19526393931993136 0.9238636491514186 0.27927714995770947 
504 1.1368104533330843 0.09958173349615038 0.879888227074304 0.2732685187929486 
505 1.1072974450611193 0.09465244554516368 0.8332989732097474 0.3103760131037866 
506 1.1072974450611193 0.14822324647880006 0.941250198664464 0.23990331063785036 
507 1.1159049249601747 0.18680247476377873 0.9141690446165883 0.27959231009362956 
508 1.1159049249601747 0.05603114016565309 0.9725234943001735 0.20929136874114806 
509 1.1159049249601747 0.20739805305727715 0.9103380044704406 0.2649206068090493 
510 1.1082941574986822 0.3210612547535805 0.9546574024452175 0.21938999408465198 
511 1.1086763820284244 0.06946425633966621 0.8420584805235186 0.3340816819071914 
512 1.1086763820284244 0.11911991114387838 0.794790810777923 0.34762133509851934 
513 1.108407161534509 0.12961058931226566 0.8550157975959333 0.3019293635302074 
514 1.1072974450611193 0.04573248742958664 0.8564056063807465 0.32024681359362306 
515 1.1072974450611193 0.05156256376939223 0.8822876177408142 0.3141565413348116 
516 1.1086763820284244 0.1094726625528921 0.8486443210469078 0.30460458584040945 
517 1.1162586186285128 0.2659290210932944 0.9137777352056629 0.2655151755239971 
518 1.1162586186285128 0.06215890900878149 0.801961562726314 0.36801691111059465 
519 1.1162586186285128 0.17479177231871346 0.8928357532547184 0.3380273482508308 
520 1.1364419140151485 0.18895726075233393 0.9209737576110063 0.2892059992980895 
521 1.1364419140151485 0.21490126266313722 0.9597295276003401 0.2474041223733553 
522 1.1194462345176726 0.1882418667918272 0.9188722791918749 0.28025222323932053 
523 1.1072974450611193 0.20530421221632644 0.9022655296655937 0.30428687939343724 
524 1.1072974450611193 0.18716954832887156 0.8688823862370539 0.3437468961616744 
525 1.1069038400493485 0.10806043123876906 0.8387957176921641 0.35829580384918486 
526 1.1083656653646552 0.1812797303234949 0.8877040808162131 0.29377656264054036 
527 1.1109269152782264 0.10024546486642814 0.8344420918841409 0.35831038482743005 
528 1.108462253127866 0.06554927718381574 0.9020151394270511 0.3081903488540449 
529 1.1083656653646552 0.202160041251939 0.8967677182798804 0.26798109275803766 
530 1.1083656653646552 0.04600695643871395 0.9347785426299497 0.2434374814324083 
531 1.108462253127866 0.0675242334709535 0.9212142995837975 0.26932493189559037 
532 1.108462253127866 0.18376837740346377 0.9458947785034114 0.2781784302595755 
533 1.1083656653646552 0.09653881256843667 0.8616093463605916 0.3348458381330655 
534 1.1089103415144885 0.18485801038107103 0.8787849257977748 0.3308278774647373 
535 1.1083656653646552 0.2044447853655372 0.8844084659618314 0.31229162103619734 
536 1.1085195636048373 0.048084233188442745 0.899421444584383 0.3274321299285972 
537 1.0985507874136158 0.07019756942834404 0.8416798200909239 0.3500523697759759 
538 1.0985507874136158 0.08899432181049176 0.8145108641350738 0.35305335684101313 
539 1.0980402305939194 0.05458214984452567 0.8587754106560509 0.3189009716970286 
540 1.0980402305939194 0.21855692535365434 0.8972881838059009 0.28297817565430095 
541 1.098162738627354 0.1544205568236664 0.8763169053076573 0.3075606176524924 
542 1.1005644877311536 0.06137801906645877 0.8860202865299078 0.30864674021430244 
543 1.1545211932163102 0.16653650681306548 0.9110287229705507 0.3062995658523033 
544 1.1107665492067065 0.1631154368205507 0.9149777178919865 0.2993746240868582 
545 1.1107665492067065 0.18173699177960756 0.9959282114516014 0.20824754664919076 
546 1.1005644877311536 0.0816179684120699 0.9231510490354887 0.31584451647408 
547 1.103100337482965 0.10100042474403213 0.9210968861648315 0.29499840252546894 
548 1.103100337482965 0.21051494659846665 0.8638130590975422 0.32301779392826735 
549 1.1005644877311536 0.11582973735220513 0.8241320473535688 0.3278880127066617 
550 1.10177384080713 0.06673590630379929 0.9242440246167225 0.3036719820642631 
551 1.10177384080713 0.13925700886135414 0.8582497619778124 0.31373112892253946 
552 1.1206718739949355 0.1387696053388642 0.8610124812100003 0.3331307191720053 
553 1.1127230524604175 0.0778323748874104 0.9023318003121533 0.2868851271817253 
554 1.127931711519308 0.0917660757867702 0.9000250350063522 0.3092153880714553 
555 1.127931711519308 0.0630584776556209 0.7961168249538458 0.3726226460920814 
556 1.127931711519308 0.08423429404891755 0.8574478521757738 0.332923881611518 
557 1.1279802012761786 0.11797256753974909 0.8908453646644734 0.32856193109638193 
558 1.1279802012761786 0.22990170272457905 0.9554519758502656 0.2782645740945784 
559 1.1279802012761786 0.2217214782511058 0.9610304008130421 0.25689887503395015 
560 1.130093789894379 0.2347955403403767 0.9726014711794145 0.2725623154626949 
561 1.130093789894379 0.13619326979362972 0.9667139271627765 0.28366416370893716 
562 1.1438840985602527 0.1868109037727973 0.9081103264594194 0.3321771220364169 
563 1.1456311006207471 0.1859734274929459 0.9076848326799566 0.32392028461213873 
564 1.1456311006207471 0.2956981055380804 0.977723118971976 0.24766344385267883 
565 1.1456311006207471 0.20441029279632308 0.9113170524477414 0.3249712081157862 
566 1.1475931037779823 0.045073407064062244 0.924787545073696 0.3018046922519759 
567 1.1475931037779823 0.08249933576635736 0.8993048380186083 0.3159325100208792 
568 1.1475931037779823 0.20110932981908272 0.9715054424608149 0.276693042013021 
569 1.1368123482942138 0.1937819132345635 0.940698711632453 0.2831204685453361 
570 1.1418949297453216 0.19721336176098225 0.8962346186826253 0.28836751945638084 
571 1.1369296538147873 0.11353328987722874 0.916604253020235 0.31230507312900646 
572 1.148503931561952 0.06865779771397887 0.9502207534612164 0.2893242722189684 
573 1.1444525828746237 0.1495467597311909 0.8996391250995579 0.3041536675565141 
574 1.1581950615412915 0.3429083022908509 0.9761599381423753 0.22260263984267384 
575 1.1381528791095528 0.09586935852063175 0.9925931557330586 0.24372632968866195 
576 1.153427335202681 0.18750795355316593 0.9351706727894057 0.28785523360808546 
577 1.153427335202681 0.1435802460521102 0.9112484158904409 0.3006655364863245 
578 1.153427335202681 0.1590988233795468 0.8860770253793411 0.3152358642037183 
579 1.153427335202681 0.046906742066201115 0.8732395721904379 0.33884006460122595 
580 1.1542761581129946 0.03510059138221637 0.8024510259168381 0.3853055358311495 
581 1.153427335202681 0.15713636740616174 0.9310475195232295 0.2921518862073049 
582 1.1547907357727658 0.23696706557631167 0.9296304046230861 0.2761920667882986 
583 1.1547907357727658 0.20193904846429522 0.9010341048401824 0.2990773796987559 
584 1.121447592522778 0.20995573204110296 0.873684631938596 0.3158684949408826 
585 1.121447592522778 0.20852799097518593 0.8942784826062365 0.3044243432256312 
586 1.1434279027785432 0.17200642427084864 0.8725763799697793 0.3114248495800707 
587 1.1434279027785432 0.21320970727822355 0.8728509142251278 0.304091244802996 
588 1.1434279027785432 0.21374264450218 0.903910564965786 0.2671503601460614 
589 1.1434279027785432 0.04872526631633215 0.9036949404263234 0.31070394565636483 
590 1.1434279027785432 0.15081081602931765 0.934368711601476 0.30346703963585203 
591 1.1434279027785432 0.1878688142187017 0.8877860132671169 0.32393474996545124 
592 1.1450842879395096 0.12346352339326191 0.9289447478367984 0.30144716379649644 
593 1.1434279027785432 0.1832062231434547 0.8791122617960174 0.3066752385440815 
594 1.1434279027785432 0.100066448054026 0.8896931173074828 0.3119926806109271 
595 1.1434279027785432 0.19818540245001015 0.9519828200953705 0.2687186046576949 
596 1.1434279027785432 0.07430416318011425 0.9713223908083839 0.2789162854921361 
597 1.14659560459596 0.11528669434842373 0.9559891499610149 0.26793565571660505 
598 1.146210995331766 0.20527594701193594 0.9900812412182562 0.24517164186421642 
599 1.1535107370548148 0.2102976505946806 0.9708867425426402 0.28128180944568765 
600 1.1535107370548148 0.04679506392346194 0.8750700860703057 0.3658054962903917 
601 1.1547526477075079 0.04679506392346194 0.8916130448287666 0.3466122123373262 
602 1.1547526477075079 0.06521968689883635 0.9390417657995868 0.2933084383315437 
603 1.1435996492360607 0.09153994352652534 0.9342305389156451 0.3100139648383003 
604 1.1435996492360607 0.054684426688101945 0.8805281336822469 0.3334335391745304 
605 1.1505198535125447 0.054684426688101945 0.9163532411704972 0.3137659843837265 
606 1.1505198535125447 0.19808744235679077 0.9468586068538877 0.24904550375095735 
607 1.1535691970433761 0.0719450653878785 0.9509355431633411 0.31201209521519185 
608 1.1535691970433761 0.14787678286950046 0.9500304884555866 0.2867952177491644 
609 1.1535691970433761 0.07609880819190354 0.9257812646154526 0.31037543795205125 
610 1.1580945436697159 0.21166121735078544 0.9522044549018583 0.2464101648335249 
611 1.1535691970433761 0.0772679163371744 0.9517917696545182 0.26850899576121107 
612 1.1535691970433761 0.19022618439993025 0.8473451269736145 0.34418585047773864 
613 1.1535691970433761 0.12498227014694605 0.9271186388816927 0.3133902473605961 
614 1.1554585370560668 0.21106962077534988 0.939883109170128 0.30110758741701815 
615 1.1550511082056345 0.067530285433022 0.9656338875401226 0.28686199645205007 
616 1.1550511082056345 0.058007338596196785 0.8595836957465662 0.36697072273071485 
617 1.1533317902109443 0.058007338596196785 0.9116773633046881 0.3215114590746316 
618 1.160833284415811 0.20233151518828266 0.9270724513710665 0.3135269499684613 
619 1.1783964180800333 0.1911784679672443 0.8776201946194443 0.3273969278227548 
620 1.1783964180800333 0.14573693165366136 0.9242339093754628 0.32360654186260474 
621 1.161575934768845 0.12720094080909686 0.9522525089397187 0.316252340822068 
622 1.1627373804689976 0.1823154926340957 0.9409740336258037 0.33543796197787823 
623 1.1542384585982726 0.24877121397496751 0.9932209538219994 0.28279892232989945 
624 1.1527306135589415 0.04689513223279588 0.9333898624951255 0.316328641731397 
625 1.155077477689944 0.09171629370074856 0.9793958156642131 0.28141097220800426 
626 1.1604436504665236 0.14321400340535737 0.8933766248245298 0.3434637877139108 
627 1.1755290409230308 0.06321932527318389 0.8714373219155654 0.3582493708586254 
628 1.161471546965731 0.05267662309556803 0.9295970907574935 0.3414098330542933 
629 1.161471546965731 0.16384482969081543 0.922486256640339 0.3273080201753082 
630 1.161471546965731 0.08334120358707904 0.9417611350817208 0.335933970443759 
631 1.161471546965731 0.04123860423046399 0.9462698453385575 0.3321256292912777 
632 1.162252072750643 0.05731477220610519 0.9901731127000957 0.30178967151985636 
633 1.162252072750643 0.11637050149335891 0.9619328589753581 0.3099507308193301 
634 1.162252072750643 0.18662199392480536 0.9204102364557781 0.3160060357571396 
635 1.1692136054538542 0.06765208249625018 0.8834189010246516 0.3452797738179262 
636 1.1692136054538542 0.09408864766706368 0.8190647792228163 0.35997849327023806 
637 1.1692136054538542 0.18764659460539698 0.8378621381146497 0.35183341176677124 
638 1.1692136054538542 0.1900759900676143 0.9388314534870262 0.28129512486611813 
639 1.1692136054538542 0.0968085093274978 0.9261134640900752 0.316790354112747 
640 1.160791503122714 0.1820028652354618 0.9475428111903039 0.30885567914750117 
641 1.160791503122714 0.04414059204021045 0.9432908090603392 0.32453696354243666 
642 1.1636312522261487 0.06794652854791498 0.9501350290062492 0.3027298469062908 
643 1.1636312522261487 0.058969083998042085 0.9198508489687232 0.33832323255469604 
644 1.2517953292139261 0.18938872579518787 0.9922873777895013 0.26683410668256136 
645 1.2517953292139261 0.046930330773753116 0.970938967957622 0.2790228350827099 
646 1.2517953292139261 0.030600156165462605 0.9343781448050983 0.3424661502303805 
647 1.2618771734229326 0.06097104201253061 1.001382425906199 0.2757749594101276 
648 1.2618771734229326 0.11267461443533752 0.958688220641791 0.3132557243879966 
649 1.1616991743845786 0.18773879303050056 0.9770000590896086 0.29991944022126205 
650 1.2763246262682977 0.14865233989285379 0.9514750092339168 0.3171589748328051 
651 1.2044209606245604 0.23675141699320745 0.9348759195215973 0.3038437769905205 
652 1.1599157877982071 0.21889365020480953 0.9464593732054029 0.27116369048818983 
653 1.1598449069628283 0.16725099139479493 0.9703538261678156 0.22355233687106393 
654 1.1598449069628283 0.1353613933300767 0.8805093105182557 0.32249697490622486 
655 1.1598449069628283 0.14623242559504163 0.9470192313047139 0.2797194107306904 
656 1.1598565719123524 0.06472080972883407 0.8688150704166426 0.3529844897449709 
657 1.1650551895748489 0.05876246291139918 0.8895693916105836 0.3183148959077025 
658 1.1650551895748489 0.20195567564185826 0.8837474456327001 0.28818934340376723 
659 1.1652295026651547 0.20476337637080763 0.9258808396882914 0.28882504574084916 
660 1.1906907505250066 0.19235657879087226 0.9425904459652893 0.3085639394892229 
661 1.1827165923746474 0.11507342208297318 0.9852850679653484 0.272787134870657 
662 1.2091116485718623 0.075872369671432 0.9420301681071434 0.3060390275801255 
663 1.2771409459639511 0.11734627992998682 0.951996204488855 0.27379194820683667 
664 1.2745881416218907 0.18312493678836492 0.9018600293062691 0.32407374836139474 
665 1.2745881416218907 0.09000870000466599 0.8876759782222489 0.3594315758327311 
666 1.2745881416218907 0.07951863093825567 0.885480776456747 0.36251245152564 
667 1.276928333653054 0.10253346219200336 1.0128793272315482 0.2891342772952864 
668 1.2771409459639511 0.2055301721470927 0.9770758594728574 0.3194080894653901 
669 1.2797747599690175 0.07330386564637799 1.0144908966179909 0.326813983046874 
670 1.2776523810861262 0.06689252228023806 1.047473265355078 0.3286423366993208 
671 1.2776523810861262 0.15636601586062399 1.0713091194918172 0.28160383078215334 
672 1.2776523810861262 0.10833023286926922 1.0632770849900623 0.3203244061958919 
673 1.2776504527743364 0.057305749783839 1.0742482103124824 0.3368381333677511 
674 1.2777774884751787 0.03501555766847199 1.0336749788816912 0.3985724932723242 
675 1.2777774884751787 0.11477417099019259 1.0159469573218005 0.36412315471786605 
676 1.297467854644521 0.05868004013299855 1.0107230304553754 0.37743083847101777 
677 1.2777774884751787 0.11569822979166863 1.0523636632436735 0.35028092384846554 
678 1.2777774884751787 0.13932206149408877 1.045403679154395 0.34205059638316754 
679 1.2816662331942068 0.08077917817062492 0.9813537931123505 0.39989182491418057 
680 1.2816662331942068 0.036028461192081154 1.023542547289163 0.38847569757906447 
681 1.2816662331942068 0.15898283666088983 1.0738692814633504 0.34765607443274565 
682 1.2975792982695802 0.07435305830474594 1.0528917284853694 0.3848643510849054 
683 1.2984723231381021 0.0764216997396136 1.092576592636409 0.35763757110351974 
684 1.2984723231381021 0.11588275152791198 1.1199765820522622 0.3512131097424605 
685 1.2895676857353704 0.040109862822531775 1.1211734451378583 0.3677980546643364 
686 1.2895676857353704 0.16708822929233585 1.0722433962456086 0.381442888848862 
687 1.282097178660069 0.14161575188899223 1.0589278496902366 0.3654641963785654 
688 1.2818507386532365 0.14161575188899223 1.1433827366218912 0.27283342415863315 
689 1.2818507386532365 0.06387902353753673 1.0508761625588359 0.3718464024023512 
690 1.2926279293195462 0.06750320086936155 1.0464530618192966 0.3944619691846505 
691 1.3008929942379066 0.05970893126052022 0.9711507873546665 0.40833727736211517 
692 1.2926279293195462 0.05970893126052022 1.0629533857243814 0.4066864929587287 
693 1.2926279293195462 0.057687024525075715 1.001160537411439 0.40460837604079347 
694 1.2949371212561775 0.10830682993187182 1.0414477225469971 0.36916666180409496 
695 1.3265104901025446 0.07637237955197543 1.0224877619857522 0.3883058259788807 
696 1.3265104901025446 0.14407689457770329 1.0525112922535675 0.3802830384585329 
697 1.3265104901025446 0.09295345969777995 1.0188192018801732 0.4182850292840793 
698 1.3265104901025446 0.20003788242643225 1.1154379925900502 0.33726062565332643 
699 1.3265104901025446 0.05668361713557193 1.0348488970451035 0.3934103101022847 
700 1.3190648362676387 0.09594669525723118 0.9767130646633446 0.4297802335844052 
701 1.3190648362676387 0.1689401743464231 1.030015783537317 0.3721509330294935 
702 1.3418676541260683 0.1689401743464231 1.0020064058545408 0.3949728098469059 
703 1.3418676541260683 0.06479205823105204 1.08568647977381 0.35809151269605766 
704 1.3190648362676387 0.058804965375218905 0.9712918793594116 0.42312747250974286 
705 1.292726543146736 0.17542156166282935 1.1042464515574462 0.28020241864884976 
706 1.3162920230245956 0.20479865748646223 1.0950851559992825 0.3045034239510866 
707 1.3162920230245956 0.2146992509583837 1.0541909244942145 0.3471913783695553 
708 1.3168232043723536 0.25165973929229457 1.1353004733542464 0.30003281610695487 
709 1.3168232043723536 0.0965802006146913 1.0469889033500897 0.36596474142954044 
710 1.3168232043723536 0.18617916537489973 1.1231242326619393 0.31389047497374933 
711 1.3168232043723536 0.06450480270495171 1.0560254091637815 0.3881889773786601 
712 1.3168232043723536 0.17102325399997492 1.0460884453046853 0.35304563895969987 
713 1.3168232043723536 0.26951177694259004 1.049857902187249 0.3417395241607617 
714 1.3350768175696737 0.08578549764769472 1.0245497083899406 0.38753336360635504 
715 1.3182057309464073 0.0506931168819344 1.0892995605046834 0.3449369362306269 
716 1.3168232043723536 0.06540486307030074 1.0378433153399582 0.334904738258329 
717 1.3350768175696737 0.031438281256095504 1.0176854474249495 0.4014038260593922 
718 1.3350768175696737 0.031438281256095504 1.0588216535255894 0.3994946472607643 
719 1.3350768175696737 0.03403495846851051 1.0327839132780647 0.4311979871496653 
720 1.3350768175696737 0.09189086255122482 1.1062540996044772 0.3629700489636165 
721 1.3350768175696737 0.15236359614817743 1.078926795777707 0.3891497320776807 
722 1.3350768175696737 0.11921975975928524 1.1050721240036214 0.35803676608812096 
723 1.3168279038585116 0.1906138006585287 1.0850624484595017 0.35579145065962486 
724 1.3168279038585116 0.19325470034154138 1.1200904478578224 0.30321456761822235 
725 1.333673273107507 0.08855738603995854 1.111655629549925 0.34554358291964016 
726 1.3336707624998512 0.04882625964050906 1.0622913656494501 0.4070207227201404 
727 1.3336707624998512 0.11730680344331788 1.0243718901732135 0.39679471373834485 
728 1.3350768175696737 0.09675209737542585 1.0926488828362706 0.3519894295898461 
729 1.3350768175696737 0.1227500739391399 1.0291541836470297 0.3720140502709911 
730 1.3350768175696737 0.052707345368213004 1.0713445492541571 0.33870316762063735 
731 1.3350768175696737 0.11706050843078461 1.0385858978394018 0.35753175886014893 
732 1.3350875239983089 0.06512543320385825 0.9873143525164948 0.42937158017018284 
733 1.3350875239983089 0.09696117535633805 1.0602401770732242 0.3655076054401192 
734 1.3350875239983089 0.05927646227061554 1.0999981835374568 0.37794858651347835 
735 1.375873223076543 0.06643659931197601 1.082581199530337 0.38183574466197273 
736 1.375873223076543 0.11239587764666886 1.0533818041522423 0.41867532170731586 
737 1.375873223076543 0.24938612748703104 1.07962832467552 0.3794100736604621 
738 1.375873223076543 0.032925964473870514 1.0900746003558963 0.3949836674632813 
739 1.375873223076543 0.032925964473870514 1.0660172758284097 0.4127971869677142 
740 1.375873223076543 0.09551055574340997 1.0202124951260314 0.453722651699819 
741 1.3373857916566803 0.09551055574340997 1.0734480488041709 0.4174793472623538 
742 1.3373857916566803 0.19345833638707632 1.0726287021014898 0.3877814392064334 
743 1.3350709437007464 0.18394811951284304 1.1137999515092638 0.35403683119001583 
744 1.3350709437007464 0.1131056595868402 0.9945393690471345 0.43286139511350485 
745 1.3350875239983089 0.1131056595868402 1.004220446695638 0.425667564318145 
746 1.3397985655363855 0.041001901274146685 1.0178894698015652 0.4232593235584456 
747 1.333673273107507 0.038993808531352335 1.0688070974104689 0.40592160935702254 
748 1.3743056475035755 0.23109887616392039 1.1292099928424426 0.32086142873653184 
749 1.333673273107507 0.06848226305350963 1.1094000953312384 0.3601487333119436 
750 1.333673273107507 0.040147885019215346 1.0005292763845535 0.4420728590361528 
751 1.3256381121750187 0.055472524639747514 1.075973588903379 0.3866207499208367 
752 1.3256381121750187 0.053984746157620375 0.9900657718248684 0.4558216831042043 
753 1.325608895012634 0.042662213295448795 1.0640008261737093 0.4171617158512688 
754 1.3420585038406894 0.0852378964295046 1.0640180488416915 0.42502336822268927 
755 1.3420585038406894 0.11655304120033767 1.1877644568852832 0.2913510560528754 
756 1.3420585038406894 0.10287930852109069 1.2069653213597902 0.2832939063683888 
757 1.3420585038406894 0.0637572745966511 1.07213607017472 0.4090784231057531 
758 1.3420585038406894 0.03797526596137285 1.0434465878920733 0.44032766017964353 
759 1.3420585038406894 0.08518982839098446 1.0704395109162923 0.4240898723375149 
760 1.3420585038406894 0.20221776367409125 1.106647270664396 0.3550371276941865 
761 1.3447220281383632 0.0725521175517254 1.1218247911946568 0.3492304213993695 
762 1.3420585038406894 0.16716084141979023 1.0391416318010331 0.42658062857010925 
763 1.3420585038406894 0.1702664874885421 1.1583182646726993 0.31269218765488876 
764 1.3420585038406894 0.0652327222219115 1.0828311006458895 0.40045550076241454 
765 1.3420585038406894 0.17096759914081439 1.1794226755528312 0.3196930265458104 
766 1.3420585038406894 0.16490260786831223 1.1207077341213585 0.36148233375429484 
767 1.3602244146175495 0.08193866779342908 1.0160342553726063 0.4228514791474504 
768 1.3420585038406894 0.28033454470310537 1.115407178430356 0.3251141461218172 
769 1.3420585038406894 0.12683609150089842 1.1132019536005808 0.37838735042082416 
770 1.3420585038406894 0.04679253521230123 1.11509852198007 0.34794557848312574 
771 1.3420585038406894 0.15640534292650723 1.064370826655739 0.3830236538542001 
772 1.3348273266278488 0.03750277612367403 1.097868311846295 0.3808386797775958 
773 1.3341138174092393 0.10851459694277098 1.0818468842658417 0.4090577474564305 
774 1.3341138174092393 0.09849026565915103 1.0521170452471105 0.40794708581505684 
775 1.3420585038406894 0.20723780617400284 1.101193433985455 0.33667756311492086 
776 1.3420585038406894 0.07878475294322781 1.1021454118070062 0.3522078792909744 
777 1.3341138174092393 0.13494929160524788 1.0346956180143163 0.4038303805455078 
778 1.3341138174092393 0.09523516245273672 0.9932323914836064 0.4347187645524845 
779 1.3341138174092393 0.09365174093060459 1.0370155953823972 0.4061166248752498 
780 1.3293192815763044 0.20329720759434533 1.11898593143563 0.33189496205830227 
781 1.3437541411565241 0.04766363952591409 1.089032052716629 0.3705093880812672 
782 1.3255852886391917 0.09138158332841066 1.1191427375962273 0.34411922468976125 
783 1.3255852886391917 0.07141624643456237 1.0462465341874951 0.38679592796896783 
784 1.3218540821583846 0.24297378784041593 1.1413306951610083 0.26511091547384186 
785 1.32788183932909 0.1877652493385753 1.1668826217539006 0.253901140418675 
786 1.3293192815763044 0.04274669898436912 1.0387125867558582 0.42875393327683536 
787 1.3293192815763044 0.1105869260655321 1.0177532796675763 0.4092777738388079 
788 1.3364852433095513 0.0841757918007605 1.0397951851337253 0.3891840052699604 
789 1.3437541411565241 0.2703342843651048 1.154206641361855 0.26338556419131937 
790 1.3437541411565241 0.09361646585642493 1.0460827318512793 0.3974314547657676 
791 1.3437541411565241 0.21328324793261028 1.1061622647589227 0.34846128009433536 
792 1.3437541411565241 0.21328324793261028 1.1355295786548991 0.2966480316066975 
793 1.3437541411565241 0.04955101121730652 1.007281333286504 0.44091717850472095 
794 1.339044439774052 0.05694090053188188 1.0967741892809715 0.3807585627419985 
795 1.339044439774052 0.04611657234951653 1.098109735926853 0.3417770798786448 
796 1.339044439774052 0.08217229440822343 1.0967264555936898 0.3715060968899813 
797 1.3342769938554009 0.05109996153114501 1.0932635483730786 0.390694250623691 
798 1.4582288392947271 0.042349094962851205 1.0072032383375837 0.4250109086413662 
799 1.5080225439554737 0.22634383081158954 1.1119672638574287 0.3666435319773173 
800 1.5080225439554737 0.04009875992041092 1.1055632754800873 0.40845985949951386 
801 1.481761832618875 0.07910696592086078 1.0245955126897122 0.43051634057582816 
802 1.481761832618875 0.18910868946790618 1.0839149834318353 0.338776690758432 
803 1.3461190437467905 0.07822786743259379 1.0141847342354402 0.38182551513483914 
804 1.3461190437467905 0.07240529323353101 1.0335622506313622 0.38692377928049543 
805 1.3461190437467905 0.052715521245092586 0.912827385181653 0.444654973826538 
806 1.3461190437467905 0.07800991160474606 0.9989786055494996 0.422444575837995 
807 1.3461190437467905 0.09061569249023886 1.047592213052421 0.4089603412270989 
808 1.3461190437467905 0.04316959066746053 0.9887215539870383 0.45040746962785977 
809 1.3461190437467905 0.057078165922141225 1.0286037725138202 0.4030117688704557 
810 1.3461190437467905 0.057078165922141225 1.1373992886235464 0.3695375171959555 
811 1.3461190437467905 0.0762922099296536 1.0658288824327804 0.4161952071905358 
812 1.3404858537269757 0.3006571383331536 1.1027188116666409 0.32745939647356237 
813 1.3404858537269757 0.182518119725067 1.0738812521828844 0.37251251010686337 
814 1.3404858537269757 0.09981252103812668 1.1097368857864365 0.37951615146020473 
815 1.3404858537269757 0.04609045760251397 1.016850080726425 0.4470038643620421 
816 1.3461190437467905 0.0689282105360624 1.0986901274515017 0.39136008567146957 
817 1.3461190437467905 0.09716070753087028 1.147195744046188 0.3306694855501445 
818 1.3571551747975468 0.1107271591524742 1.0971474970162824 0.3883925033307758 
819 1.355195375870239 0.12507156604747705 1.0896896715090825 0.40329662095669566 
820 1.3522180739910943 0.10788001318173471 1.0731860783177136 0.3864382433386722 
821 1.3522180739910943 0.21839827991252278 1.0984045403588323 0.3745925770130227 
822 1.3544349124705504 0.04910478328549635 1.107417593705624 0.3729794033489564 
823 1.3522180739910943 0.1301231915988053 1.067385137804057 0.4099994546480958 
824 1.3544349124705504 0.05178454631364393 1.0733415070579535 0.4289073392487638 
825 1.3522180739910943 0.060283415328135345 1.0512585565834436 0.4293731593271476 
826 1.3562402839564538 0.04694536874050018 1.0748790857888264 0.4198652816651539 
827 1.3562402839564538 0.1794503133242191 1.093658565567296 0.4104002717605371 
828 1.3428453198450951 0.029553912642753935 1.0993790507888594 0.38859188864478345 
829 1.3372868314114186 0.07144393189848063 0.9832600713867046 0.4598877823596638 
830 1.3544349124705504 0.09452478162013683 1.091616088248467 0.38867872617041055 
831 1.3362888484504818 0.04777333285891801 1.0983130407340733 0.3553673256465778 
832 1.3362888484504818 0.045950686791109446 0.9532212193816468 0.46347175013523134 
833 1.3362888484504818 0.04483367846160831 1.0057532613145754 0.41546710140508714 
834 1.3362888484504818 0.1730940687424769 1.0402653816428935 0.3889797580436196 
835 1.3234468653768001 0.268367426524264 1.0632190559275432 0.33871771462893513 
836 1.3218622892178997 0.10908236065388902 1.0534562294972232 0.3448643008814849 
837 1.3234406019350973 0.1354749901152966 1.0251500995316076 0.41011648068347234 
838 1.3234406019350973 0.1817666246982227 1.1627853139538624 0.26853916731086885 
839 1.3757159288650787 0.09835695968636494 1.0277127741454803 0.404732190871447 
840 1.3757159288650787 0.17706819490191972 1.1514091886500866 0.3227446909032695 
841 1.3757159288650787 0.07162630279142965 1.1544825912585486 0.32024322760347923 
842 1.3757159288650787 0.07000401809300373 1.0040585593951832 0.4147688252627322 
843 1.3937935910174437 0.04729618113286566 0.9381601117815722 0.46909780748780283 
844 1.3757159288650787 0.06965249367242755 1.0401281715716284 0.4236179092024258 
845 1.3757159288650787 0.10934712080380657 1.0576619979780653 0.42617840824275965 
846 1.3757159288650787 0.05727310057353677 1.0898490030645718 0.39622117066592477 
847 1.3757159288650787 0.03526389888448473 0.9645365368477459 0.4770628799069026 
848 1.3757159288650787 0.18287995836087045 1.0348992129807415 0.42800883450652355 
849 1.3995780704858831 0.07258318118643749 1.0466544244558418 0.43953135213263655 
850 1.3757159288650787 0.1373915375448727 1.0707458487000758 0.410020393384845 
851 1.3757159288650787 0.043129208766558506 1.0938789338172648 0.3688123829748267 
852 1.3810037348726856 0.10961130941140178 1.116207754960656 0.35202854539634615 
853 1.3926871377669519 0.17637421155022912 1.0765889197017373 0.3706896385710779 
854 1.3642021987519979 0.08516868163719125 1.0369499436177363 0.42884706350419594 
855 1.3258918197359977 0.09891709939058203 1.0558129740854747 0.3828853214520061 
856 1.360663364670871 0.08337645057878311 1.0250017200631862 0.39797344850428784 
857 1.369255283311248 0.1681866553370638 1.143884331527052 0.34307811490343465 
858 1.3770490619077436 0.1816230554849868 1.1152459175887786 0.37523759628920433 
859 1.3770490619077436 0.12254806962180409 1.058823652102275 0.3757487050685002 
860 1.3770490619077436 0.21904548713738545 1.0395206656132054 0.38152554385996473 
861 1.5643851327428322 0.10389229571161329 1.0835578231061738 0.3911072853805267 
862 1.5106430017863 0.14305982854503882 1.1306968421258203 0.36982569374660895 
863 1.4412702735362777 0.04251638845203084 0.9585073962481071 0.48878821186631516 
864 1.3856078419664977 0.04251638845203084 0.9885670224723554 0.46498539305706155 
865 1.3856078419664977 0.15182079805544818 1.1006787406154688 0.3579054057070962 
866 1.623872286146454 0.09504274431453368 1.086200052422921 0.4093767945543812 
867 1.623872286146454 0.053859521046274096 1.0811132718868914 0.4410654686236573 
868 1.623872286146454 0.17315154266407048 1.090904933900122 0.4415572204994929 
869 1.623872286146454 0.0917785085525428 1.078969886649199 0.4789140743115085 
870 1.623872286146454 0.0744583367152751 1.1004773461238553 0.47552775913964107 
871 1.623872286146454 0.06149419183425523 1.0646715395604773 0.5168463312279005 
872 1.6936814090619994 0.2126070524792843 1.278422248505578 0.341886460929258 
873 1.6936814090619994 0.12667840570125874 1.138042764631783 0.46777254957491127 
874 1.7178700818344086 0.03801900494636648 1.2164237746717814 0.4532985939424982 
875 1.7178700818344086 0.03508413097704908 1.1695680682279777 0.5027075934533495 
876 1.7178700818344086 0.07043288224929226 1.198217663125673 0.47840647374588313 
877 1.7821883432353118 0.1475808813048138 1.2035984807180322 0.5169067287439523 
878 1.7178700818344086 0.03412302948530967 1.2024306329505101 0.5967356551268171 
879 1.7178700818344086 0.062391163885650476 1.2600767760320257 0.5335226128094018 
880 1.7178700818344086 0.11196464708450954 1.3517561518347838 0.5307819974552698 
881 1.7178700818344086 0.06607376199324501 1.4360422757414666 0.47803821994891144 
882 1.7907134754810314 0.04105861918484428 1.4316505439437477 0.47979377856629635 
883 1.7671102128360896 0.22772164506976245 1.3849491702641121 0.4942803092339965 
884 1.7671102128360896 0.11268977637884499 1.3119192664773547 0.5748176169732556 
885 1.7888862089703137 0.1831164617978484 1.3986067665433182 0.4799600042514638 
886 1.7907134754810314 0.18806200233083278 1.4448264925930514 0.4554542326774375 
887 1.790408103448813 0.11187102585940067 1.4993331891568755 0.40739846796064166 
888 1.790408103448813 0.14127623188245594 1.4002792093849754 0.48153682217294447 
889 1.790408103448813 0.07540827970346678 1.325833359866965 0.574407425744591 
890 1.790408103448813 0.18816552077129944 1.4424955756701385 0.48288749899353184 
891 1.7538768845675203 0.05679401277363696 1.447587739178078 0.49326563094477627 
892 1.7538768845675203 0.09062403036906751 1.3367282005564154 0.5376625942156124 
893 1.7538768845675203 0.03575250646325628 1.2002700520258553 0.6503152767872113 
894 1.826736099463513 0.1248348514460931 1.4936640846392448 0.4198514109915945 
895 1.826736099463513 0.08243130166897368 1.3808851330803331 0.5561665121902191 
896 1.826736099463513 0.09222235756873534 1.5398108416550318 0.42315942880803364 
897 1.826736099463513 0.15581741210343883 1.344676483607255 0.577890439861798 
898 1.7323547096070582 0.10467802374324624 1.510941331724993 0.447176452739012 
899 1.729333648315495 0.11826928848623364 1.4347031085911235 0.5115211423092636 
900 1.756648609321357 0.04316499618872464 1.2756635114059547 0.6576621949998261 
901 1.7768128238442067 0.07964782810665377 1.3804511394322527 0.5856159800852331 
902 1.765458102894121 0.07847190758411081 1.5421809597167833 0.4288430760401065 
903 1.765458102894121 0.047372308476494276 1.388221386219672 0.5911624602158658 
904 1.7988916570490212 0.09138959206408247 1.4595793889580055 0.4867380446772977 
905 1.7352841486542474 0.13135721776391474 1.5465365475912902 0.3643087150479696 
906 1.7352841486542474 0.24285096099483008 1.4364943678125002 0.4656431536474165 
907 1.7778344577303244 0.0374712192308441 1.3954627270044406 0.5032931891600163 
908 1.7627640449059145 0.06637426484028312 1.268603810317278 0.6060351060762114 
909 1.7892079416253068 0.05058760977596792 1.4455949952285936 0.49045501305971134 
910 1.7688770635994906 0.05683353328165044 1.395993304940704 0.5241650193442976 
911 1.7753680300883496 0.08077869835630862 1.3639135366703883 0.5726356416529513 
912 1.7753680300883496 0.04491408962952929 1.3600145929201708 0.5648143411108857 
913 1.820389326558255 0.055146316483305445 1.2463398152329235 0.5930759861002489 
914 1.820389326558255 0.25315820026966623 1.413519164420559 0.4789751528456224 
915 1.820389326558255 0.10648486854354895 1.4448750109383588 0.4837978304052458 
916 1.8005895188743555 0.08003261450571084 1.3770451549278595 0.5950190547781848 
917 1.7875655962763772 0.09793255970674429 1.4352236093556217 0.5087466586132982 
918 1.7992624820088343 0.034554875011485915 1.4150107312732594 0.5370188591465043 
919 1.7992624820088343 0.16793898550752057 1.3480212584575957 0.5691607732516618 
920 1.7992624820088343 0.12997791789538893 1.3173698663794229 0.591833706797239 
921 1.7992624820088343 0.05734048737672039 1.4556348303107156 0.5403279105216937 
922 1.7970120476106788 0.19746668573569484 1.429571880068895 0.5550884569026714 
923 1.8380126592877657 0.06762252739935393 1.389739359041863 0.5746361333810871 
924 1.8380126592877657 0.16589472765478147 1.4399210541745557 0.5383760712707992 
925 1.8380126592877657 0.18584223765035537 1.4566740237946034 0.52971494203372 
926 1.8380126592877657 0.20336904335497494 1.3707089049146002 0.5354945614416502 
927 1.8380126592877657 0.1916673357833548 1.3995996409408813 0.5654609174244843 
928 1.8380126592877657 0.11735792463506599 1.4281660968937582 0.5653984145146165 
929 1.8412702184679957 0.03342889834291194 1.3184247422725262 0.6222616173084353 
930 1.8333672979008484 0.059748528180991266 1.5470418223133753 0.4281528572928502 
931 1.8333672979008484 0.14059283899018368 1.4968173147435329 0.5068995822579306 
932 1.8333672979008484 0.07079961524540496 1.4110322161923534 0.5979381031417718 
933 1.8333672979008484 0.2958768107580117 1.565426327865651 0.4342256722302352 
934 1.8333672979008484 0.1267361859618066 1.4689047979162038 0.552682093521722 
935 2.04954264301939 0.08514562663899593 1.5041269150999297 0.5752999784552693 
936 1.9931864515163797 0.053481748719085453 1.3374060928584572 0.6429573199376658 
937 1.8852369823767285 0.08632602330688906 1.4957943862729666 0.5407689952390156 
938 1.8852369823767285 0.09696878161876694 1.4845477865693213 0.5837608948293773 
939 1.8636567688268078 0.08143414968111218 1.3800653317532425 0.6625730135609555 
940 1.8852369823767285 0.08284250216276623 1.3851936810583103 0.6243204559494379 
941 1.8636567688268078 0.05549682169802001 1.4385054772687635 0.608467451928801 
942 1.8636567688268078 0.04813157347736597 1.410185213352349 0.6332890583722137 
943 1.8636567688268078 0.12905129383849237 1.4973206906457954 0.5516558046413856 
944 1.8636567688268078 0.0768005123177255 1.5113308557909073 0.5448037262090819 
945 1.8636567688268078 0.1607802050529895 1.4567449265111714 0.5640357574663472 
946 1.868422680710381 0.07467232100241249 1.5039575578300561 0.5290629318244593 
947 1.868422680710381 0.10829045939764215 1.510687325914024 0.5927022979694557 
948 1.868422680710381 0.08351681474384161 1.5247550369909268 0.6061785582548432 
949 1.8636567688268078 0.11829861889698615 1.5226003701849118 0.562138897416464 
950 1.879303390942761 0.06785553397108203 1.6792321068378842 0.45386960167831525 
951 1.8636567688268078 0.08262306973211565 1.6218659930441182 0.5038438001065463 
952 1.8974904929873126 0.03790697613983 1.483235832347865 0.6147234764884657 
953 1.8974904929873126 0.07729375216943395 1.4437912225977259 0.6148304245724298 
954 1.8974904929873126 0.14687216152652915 1.4583331691856718 0.6053092505687918 
955 1.9091605730432624 0.09758047895691431 1.499168147053751 0.5604393089492825 
956 1.9406044041793424 0.09712785560398995 1.6044200649055758 0.4493492438115687 
957 1.8925642396756683 0.1269822811986791 1.5367124618579655 0.5641976670542338 
958 2.0698632564161037 0.2437016841810482 1.584175250760177 0.5125948334319543 
959 1.9201434015536696 0.06265711569934397 1.5718431294381712 0.5179013636176588 
960 1.9201434015536696 0.10915646105056544 1.5265838104709641 0.5623291304474431 
961 1.897339132659938 0.09440332858344726 1.4627121722252225 0.5997040321723293 
962 1.897339132659938 0.0807443496921212 1.5073786724906886 0.6181651673100705 
963 1.909868156847646 0.1429459269334049 1.5630649238401597 0.5449634376310072 
964 1.9139669321964077 0.15322944923112375 1.5198312212758662 0.6041484907782269 
965 1.9381814708967173 0.1190923586835321 1.6484493718622983 0.49053613454782613 
966 1.9381814708967173 0.07850381510992184 1.5579342535957619 0.5528801524701465 
967 1.8943494992772119 0.03930580420104877 1.3826895406267106 0.691522407390467 
968 1.8943494992772119 0.07144688109806384 1.5406805117691107 0.5539333022304849 
969 1.91666428297392 0.1900923266788208 1.5709158267336352 0.5517111996635049 
970 1.8943494992772119 0.04891839049303816 1.5415263882118813 0.5595090932493597 
971 1.8943494992772119 0.04423311814694684 1.509040180718878 0.5909971844398697 
972 1.9243880929247676 0.18550048125319712 1.4777157167710173 0.6204061516371834 
973 1.9263583126085153 0.14537643904815076 1.5018557124223333 0.5787751881059289 
974 1.9263583126085153 0.0943535862186334 1.6077100148173133 0.5278762730627911 
975 1.9724528310432994 0.08333074462668053 1.704739940686869 0.455140175620373 
976 1.9724528310432994 0.04918065104530959 1.4074842645092052 0.6742171621668391 
977 1.9873119302741344 0.10174058024568441 1.6142324786599866 0.582730496320051 
978 1.9873119302741344 0.07388462493311562 1.5560336306242404 0.5565671045800814 
979 1.9724528310432994 0.07221067917799522 1.6096286516457934 0.5776842621865806 
980 1.9873119302741344 0.1856102504676486 1.6146202307657123 0.5376373195423987 
981 1.9724528310432994 0.062285137757186075 1.589480338096943 0.5543435275430433 
982 2.208713771392826 0.03264152021291374 1.6148453445084283 0.5563523174148904 
983 2.1635740370489454 0.04290777009098883 1.4696009466267694 0.6621836210133745 
984 2.1635740370489454 0.19526519597731268 1.6068565156379613 0.5226475684886467 
985 2.1635740370489454 0.09755020317461938 1.5393743028637101 0.632593263847622 
986 2.1944856032420854 0.14689800467761646 1.635600688486695 0.5364884632076463 
987 2.1944856032420854 0.1901294157417611 1.6168088734629222 0.618471732344853 
988 2.1944856032420854 0.13459293996135455 1.5377282753414174 0.6841013197209157 
989 2.2203116384498345 0.05849896821611016 1.758927520542945 0.516718004100854 
990 2.2348114864443835 0.19561389704111812 1.7942272844081435 0.5273598672648904 
991 2.238046360881874 0.06759547476464305 1.6184377078266503 0.7255770977405254 
992 2.238046360881874 0.04254242015205252 1.8227781253048638 0.6168444156255611 
993 2.238046360881874 0.18536038374372285 1.820790241999647 0.523827805849989 
994 2.2449915149958497 0.27695973973559895 1.8044648237532226 0.5463191254637174 
995 2.238046360881874 0.060029059542165454 1.8477065401656458 0.5802333885994432 
996 2.238046360881874 0.1920884657531299 1.7618072012672221 0.71072654936512 
997 2.266350284342397 0.09883029230353625 1.9201031914818425 0.6188090978294108 
998 2.267468938912498 0.1190503088543061 1.8481498895876942 0.6981729484056548 
999 2.269810918566592 0.05312651388676657 2.005296971117545 0.5757197557691159 
