0 0.387075381959179 0.18451648077264007 0.28764478175404523 0.05402211536860361 
1 0.387075381959179 0.033443696975836115 0.2807110354901813 0.07058712451969044 
2 0.387075381959179 0.16870824742189366 0.2925197409804873 0.06016741187901589 
3 0.387075381959179 0.04359714580311784 0.3054110253157692 0.07830501966313687 
4 0.38842336794395 0.04359714580311784 0.3021506933034893 0.07215729528798671 
5 0.38842336794395 0.034140953027882434 0.28731357218959025 0.08389918333230326 
6 0.390422885568784 0.08952110363699711 0.30103995269777817 0.071108666663567 
7 0.3992622322344421 0.19654377706330228 0.30317150496260953 0.06696165579286598 
8 0.3992622322344421 0.13621922201996947 0.29578663903455055 0.07557261097448646 
9 0.3992622322344421 0.031394048378521035 0.2913703218619607 0.09515929803028166 
10 0.4096837412692703 0.03796630041876284 0.3177588667472628 0.09045533247292689 
11 0.4096837412692703 0.06729901316106705 0.3385122024826894 0.0796118485949098 
12 0.4096837412692703 0.2479088049166171 0.3661111381511137 0.04172103994570925 
13 0.4096837412692703 0.1046002057128397 0.35494948135018384 0.06708747405991124 
14 0.4096837412692703 0.1931963083616858 0.3645032759922625 0.049169100692615306 
15 0.411541404760909 0.05873868699790752 0.35085875101052694 0.07745777828461319 
16 0.41404553919837817 0.036432385037785966 0.37566845366668883 0.06882879437529722 
17 0.4160841346244451 0.050187616956677505 0.3651116338321673 0.07380066227669917 
18 0.42456327210013745 0.19140169052382894 0.37997333068938577 0.047434200835886994 
19 0.42456327210013745 0.06876697299111563 0.35724674669043793 0.06973427183689099 
20 0.42456327210013745 0.02880359596055479 0.36558621452224305 0.08094308968608355 
21 0.4449277668398547 0.059302550978566154 0.37772965318498886 0.06671566948866202 
22 0.4449277668398547 0.0863843516749275 0.38204909881158294 0.06526445870325723 
23 0.4449277668398547 0.18221406859212677 0.38054659446618444 0.05707852351113075 
24 0.44519074254394186 0.04659606788508404 0.37642645514303974 0.07304301525096933 
25 0.4504365780568138 0.035142345391206975 0.3703356611553887 0.0972425787404983 
26 0.45771184328226916 0.08331858679301538 0.37667628314948387 0.08378092375238888 
27 0.46630390146759765 0.030040565874501508 0.36952837993207627 0.11025633357325451 
28 0.46630390146759765 0.05119077001417219 0.3866571578901859 0.07543330683181113 
29 0.46630390146759765 0.13237688895971225 0.39110774111671787 0.07796011779451233 
30 0.4775773094483172 0.2285488724314811 0.40527408959668126 0.06276572151861837 
31 0.4775773094483172 0.03726088198149381 0.4058794539125615 0.07801251592790541 
32 0.4775773094483172 0.20555822232912851 0.39950025377826304 0.08001298416085637 
33 0.4775773094483172 0.16239872737911565 0.4100194620032361 0.07392820890177895 
34 0.4884461478290569 0.1500805311676283 0.4129809360969726 0.07004105215818968 
35 0.4884461478290569 0.03868424144720269 0.42020116632392496 0.07820866992869173 
36 0.4894533883146425 0.08209103451739777 0.4288760729179257 0.07677088620254205 
37 0.4949653645446877 0.044200568254613444 0.43386748699448313 0.07960322376839926 
38 0.4949653645446877 0.08929372035698632 0.41989747190578147 0.09774783908544335 
39 0.4949653645446877 0.10070406617746921 0.43473881343096604 0.08295556525102968 
40 0.4949653645446877 0.030215110643682996 0.44557576870157994 0.0780525370254901 
41 0.4949653645446877 0.06545093620698374 0.4296811381038403 0.09718862942112481 
42 0.4949653645446877 0.18351520392272694 0.4408152459846448 0.06721529161871764 
43 0.4949653645446877 0.029399090374161746 0.4232667921913213 0.10232387580620053 
44 0.4949653645446877 0.04417719174160375 0.40694474147206416 0.10918300530075972 
45 0.5032175096750726 0.04188992510347617 0.4177644774541263 0.10754894313868368 
46 0.5032175096750726 0.04162382501496591 0.4415213562938853 0.0942672736340216 
47 0.5072560976356819 0.18207855056672412 0.45027673504494065 0.07778677161047345 
48 0.5156698081841936 0.0345222980419955 0.4323165036236783 0.11330091076692528 
49 0.5156698081841936 0.02819272902932561 0.4339364109227191 0.11690074228915634 
50 0.5156698081841936 0.10195698705208021 0.44727474448465515 0.0888827354410913 
51 0.5156698081841936 0.11411366031762607 0.44201545032619316 0.08934414387832636 
52 0.5156698081841936 0.03421446161113972 0.4081022433557139 0.13080475273937342 
53 0.5345648097508233 0.2245774248543851 0.4593487187402126 0.07462647697932075 
54 0.5345648097508233 0.029566798684883117 0.4363773035664384 0.10914123898474581 
55 0.5349520052869167 0.10660174833596063 0.44952318546675446 0.10272079873387974 
56 0.5349520052869167 0.07609626967116605 0.4250942991567786 0.12354914565092252 
57 0.5365049798450833 0.055176722808801565 0.42335254874357325 0.11920527238651105 
58 0.5493499377244367 0.037097193109227274 0.43017899178105307 0.11980958666668555 
59 0.5493499377244367 0.1162066505612902 0.44303132247388244 0.09659602209554102 
60 0.5493499377244367 0.047227756538482796 0.4205580359725889 0.126021554431209 
61 0.5493499377244367 0.0735726284281656 0.4005453421671755 0.12706697821175383 
62 0.5854831081549493 0.15517533909892225 0.423880609074092 0.12755792810446615 
63 0.5854831081549493 0.11413310663477318 0.42985717260961365 0.12482451319248389 
64 0.5854831081549493 0.07533303159493071 0.41615403049108746 0.13211574455387032 
65 0.594447781177353 0.16376218627551467 0.43853563971269904 0.13277250430518794 
66 0.594447781177353 0.17486163333103955 0.44764355507970566 0.14215135079416458 
67 0.594447781177353 0.04830418554568394 0.4421516828449532 0.16121079471547917 
68 0.594447781177353 0.15651151828539972 0.4468174396835955 0.15497452039903797 
69 0.6054980750955996 0.18863380832966728 0.49053444960574094 0.13802972313270134 
70 0.6054980750955996 0.16380902203464212 0.48787834959095544 0.14781116936242086 
71 0.6843947343591243 0.16758300192574802 0.5024770935912436 0.13805278622849523 
72 0.6843947343591243 0.1931178637043865 0.5031351410121959 0.12723637948900376 
73 0.6843947343591243 0.10774310278549629 0.48938150490607957 0.15220328902023464 
74 0.6843947343591243 0.16538305897904956 0.4683908596504555 0.1666132860971828 
75 0.6924369195289678 0.029209470793110422 0.5128417222950609 0.1616982129121536 
76 0.6924369195289678 0.09242594482300687 0.48860601495968675 0.1788951205198219 
77 0.6924369195289678 0.1838720548807787 0.5244828981009625 0.18130747076757206 
78 0.6924369195289678 0.030136283338014564 0.5596222014685448 0.1643336863690953 
79 0.6924369195289678 0.11730011335859605 0.5698383346718173 0.15576341083171164 
80 0.6935518575795496 0.17901797374836767 0.5712884963841901 0.16776282222366784 
81 0.6935518575795496 0.20211241389847487 0.5964229802580078 0.1511502534128408 
82 0.6950415895298879 0.10304799305553056 0.6035469198834736 0.1704304272084036 
83 0.6950415895298879 0.10304799305553056 0.5526882532209654 0.19084313303835235 
84 0.6950415895298879 0.1844078671835204 0.5274964319273998 0.1749073956914454 
85 0.7002485434734914 0.03474109037612978 0.5162612063330294 0.19653565561588193 
86 0.7002485434734914 0.030673988664310405 0.5178840883626749 0.1766443490500513 
87 0.7117900549305773 0.028234775128503704 0.5214229316261847 0.1924218693597592 
88 0.7117900549305773 0.18038502514894797 0.532721764407643 0.1672291958590444 
89 0.7117900549305773 0.18597408755753475 0.5651627751156887 0.14925689652382926 
90 0.7117900549305773 0.18597408755753475 0.5462010655838112 0.14831916986797536 
91 0.7141277928037169 0.11385237792059853 0.5505165622632993 0.15417650725576101 
92 0.7141277928037169 0.11385237792059853 0.5766474991162058 0.14903022174471953 
93 0.7141277928037169 0.05185635785022499 0.5396940920624848 0.19599976231142852 
94 0.7141277928037169 0.08099871911178964 0.5428687300741951 0.19314498798769633 
95 0.7141277928037169 0.06005556128610773 0.5679750340059605 0.1939166080873507 
96 0.7330736088563679 0.1334243264881218 0.5867635561982603 0.17991149597144693 
97 0.7330736088563679 0.1334243264881218 0.5805266745865815 0.18144442046689044 
98 0.7598982326216144 0.03795174701377607 0.6072443261699988 0.185587322213285 
99 0.7598982326216144 0.22308410543847587 0.6079531928303635 0.15418295052290876 
100 0.7598982326216144 0.028217091105372998 0.5937783554566992 0.18652252379941145 
101 0.7598982326216144 0.028157876184685605 0.615637442113755 0.16683905045735342 
102 0.7598982326216144 0.07616948354119314 0.625184237806264 0.163362677205794 
103 0.7679247535256446 0.05982343088140315 0.6348540868137995 0.1961896844315636 
104 0.7813894109617476 0.1916991635609872 0.6835717148916528 0.12974830290395561 
105 0.7813894109617476 0.04312874734116087 0.627642581444963 0.2062736239512503 
106 0.7813894109617476 0.07903764670178401 0.6112122808230193 0.21971002758848313 
107 0.7813894109617476 0.18605810816476395 0.6575000781641239 0.1601561765832741 
108 0.7813894109617476 0.19195876426356415 0.6394590291959582 0.18873877670544098 
109 0.7813894109617476 0.11289444652186603 0.6401131417756903 0.19772926557884607 
110 0.7866675649575343 0.07438615946009552 0.6152820082495346 0.23866745132863235 
111 0.7884823194158642 0.22749077147348346 0.6678027187572126 0.18552174521098275 
112 0.7884823194158642 0.19244099143832277 0.6597681331389604 0.18619914973594887 
113 0.7884823194158642 0.18719116739594965 0.6549795245537526 0.18179478409770555 
114 0.8031180041776732 0.11103333526234853 0.6086334065634714 0.1981600297367223 
115 0.833238833237844 0.26022611646759913 0.6717865143915914 0.15913154947817668 
116 0.833238833237844 0.06880034943639378 0.6849475216165442 0.18520709722527942 
117 0.8507676011277508 0.25319556013660205 0.7069571205481189 0.14528965773215036 
118 0.8507676011277508 0.07156572565291908 0.6388667208165578 0.22479547864981453 
119 0.8507676011277508 0.04247481003628398 0.6915241488458735 0.20035175180376677 
120 0.8507676011277508 0.19870339653620378 0.6679918099613465 0.21064579769094435 
121 0.8507676011277508 0.08489731080944507 0.6097830313989797 0.23551458075835935 
122 0.8855064899451808 0.13753179551181868 0.6751366084476906 0.21836607345404266 
123 0.8855064899451808 0.05803415124436749 0.6737720095504494 0.22403054135674064 
124 0.8855064899451808 0.18786189969768147 0.7401496180730747 0.17921445368833974 
125 0.8870087902376503 0.06981232859779167 0.698387798873237 0.24027907622889894 
126 0.8870087902376503 0.03742330889611917 0.6639669101872857 0.24871846254709498 
127 0.8870087902376503 0.03594010830207291 0.6475711561984512 0.2843383507441849 
128 0.8870087902376503 0.04555158948781074 0.709799564256494 0.23405054358145114 
129 0.8913361301074672 0.07435785978772733 0.7601868856375282 0.19552826745526292 
130 0.8913361301074672 0.08265149968248764 0.7494613972868553 0.21308243721688017 
131 0.8913361301074672 0.18914291016629564 0.6581114433567593 0.27751344176226106 
132 0.9104611435406054 0.18389103299660894 0.6814246415924449 0.27762408369031333 
133 0.9104611435406054 0.18703264711710488 0.6993069605667046 0.24043735160233087 
134 0.9104611435406054 0.18703264711710488 0.6816201207984032 0.25113190583860506 
135 0.919793670773886 0.11583614458283766 0.712345452741615 0.23363413365951263 
136 0.919793670773886 0.10886516877601865 0.6600364114967971 0.2611800373100067 
137 0.9282960028090047 0.26921898299916497 0.7501120690962254 0.2049006987739365 
138 0.9354918718665878 0.19229123064309073 0.7335690585105394 0.24847189453651125 
139 0.9379864918949332 0.2192041260398553 0.746897220290362 0.24951650261121017 
140 0.9379864918949332 0.0391245050588041 0.735265162509762 0.26958813999717096 
141 0.9456332336280999 0.2030119785306061 0.7851399703715837 0.23192081487262595 
142 0.9456332336280999 0.21187890604579337 0.7672480251878332 0.248180672702985 
143 0.9456332336280999 0.029775554023277303 0.6869536282745001 0.3123316347322429 
144 0.9464901729717868 0.18411479618346208 0.743804222534263 0.26418602373465055 
145 0.9474812356072768 0.18128112590887452 0.786579905633168 0.2509853075675767 
146 0.9474812356072768 0.07271660346431162 0.7279928921148797 0.28749201896358123 
147 0.9474812356072768 0.1924412017290963 0.6976305898533272 0.2607680188913994 
148 0.9474812356072768 0.14038893591132157 0.7107763664861686 0.2682204531855013 
149 0.948206362169191 0.19739771515800658 0.7224015020920612 0.27710761821646707 
150 0.9485080961656442 0.028800037991026987 0.7901490871974418 0.2631772803319861 
151 0.9493541906852105 0.18189960301801872 0.8223142218229994 0.2266940878153373 
152 0.9535603774080311 0.21983077508385607 0.8084179765212849 0.2221284597966863 
153 0.9535603774080311 0.24926430693894935 0.815971103433674 0.21132605426741458 
154 0.9558377127298268 0.10759000399458282 0.8214559173945314 0.23137125086476998 
155 0.9558377127298268 0.037852363739661096 0.7312791755287934 0.27795826963140596 
156 0.9558377127298268 0.03647751693151485 0.7226764517706268 0.27186075039356916 
157 0.9558377127298268 0.09905677168977642 0.716536903174053 0.2808784749976381 
158 0.9558377127298268 0.18296238157534364 0.765902086349877 0.2665389684960139 
159 0.9558377127298268 0.18969449783253098 0.8062809699830982 0.22554128548702596 
160 0.9623667991915033 0.13839543221659778 0.7860815667136646 0.2538673624719976 
161 0.9623667991915033 0.0723942736092753 0.7919559720268166 0.2600022112936468 
162 0.9710218800352216 0.18803996071840273 0.7428883806669404 0.26374547458583464 
163 0.9710218800352216 0.09612345405841018 0.7585614660309741 0.26971174712636276 
164 0.9710218800352216 0.11382799107411816 0.7686109670342026 0.24822244749928318 
165 0.9758541357118546 0.187986114306439 0.7837384478221672 0.23774417653863797 
166 0.977901414686321 0.04045101582077728 0.7207459727253295 0.3003708110874409 
167 0.977901414686321 0.12629069847799362 0.6808808515362684 0.3199520649310685 
168 1.0147179091752843 0.1812869941609422 0.7540968110530363 0.28394442155331995 
169 1.0147179091752843 0.049302495355669725 0.7633566654031859 0.2902781040752973 
170 1.0292717229891688 0.03498347951144569 0.7786542021772263 0.27997482168255117 
171 1.0292717229891688 0.2642296954665101 0.8402493169806569 0.20087350719375305 
172 1.0292717229891688 0.08243871194439274 0.8192399448319035 0.23888485758315556 
173 1.0292717229891688 0.23318300666552788 0.8033848982912727 0.274939691396583 
174 1.0292717229891688 0.13097967497911334 0.8412548625739109 0.27275387598639944 
175 1.0292717229891688 0.12226270358618896 0.7725007203629656 0.28664196458558566 
176 1.0292717229891688 0.11667590408807489 0.8056259538163675 0.3099432952851753 
177 1.0292717229891688 0.044002164547990254 0.8768193817442124 0.235244187014713 
178 1.0292717229891688 0.18423710935567705 0.8692028971489039 0.2568853660637571 
179 1.0292717229891688 0.10222771918822658 0.8402040502394181 0.29085853368727266 
180 1.030892961601614 0.10222771918822658 0.7931343796943235 0.3337613141509236 
181 1.030892961601614 0.22605719088197004 0.8742953612263806 0.2615618674439434 
182 1.030892961601614 0.05096982717036386 0.8331024164902368 0.284704976140359 
183 1.030892961601614 0.10973149212673673 0.822894439355312 0.2987294170150542 
184 1.0327156268084219 0.1967682207633516 0.8093861968734093 0.3111787021991225 
185 1.0327156268084219 0.10011761471922644 0.7510862888555608 0.33831766030070015 
186 1.0327156268084219 0.1845003593269809 0.7903342857774184 0.33318677978711747 
187 1.0333736483469016 0.029121961428018168 0.7922589038409197 0.35322843733130704 
188 1.0333736483469016 0.06205758210138209 0.8008386095779447 0.337973216550674 
189 1.0333736483469016 0.09150568145467117 0.8766481236283941 0.25809176935880995 
190 1.0333736483469016 0.08977191773792813 0.8351862907359813 0.28891287347747 
191 1.0335742457001718 0.06874441195551419 0.8260718356050585 0.28758292289364723 
192 1.0335742457001718 0.1058148705014385 0.9043480707930279 0.26077409193154827 
193 1.0393559629016873 0.08587231948242716 0.7981557787608138 0.33325443098511426 
194 1.0393559629016873 0.20521761911296177 0.8498828422476019 0.2718889043935342 
195 1.0393559629016873 0.18899990785239268 0.8732860882135071 0.25310014330048974 
196 1.0399715843502546 0.04868237551349038 0.8282335658777209 0.29294011113208757 
197 1.0538498776677583 0.09344762977085451 0.854224101686738 0.2728774783300213 
198 1.0538498776677583 0.16525049757121782 0.7952063397946242 0.3312503167311835 
199 1.0538498776677583 0.053994747227458194 0.8046635338924542 0.3150583554786598 
200 1.0538498776677583 0.24519869493119303 0.8471033034825208 0.288365656232222 
201 1.0538498776677583 0.1842845962261208 0.7823573309501631 0.3120887411277162 
202 1.0620218527422147 0.18452634527343023 0.8641017393377743 0.2700433836075741 
203 1.0620218527422147 0.03645783031387822 0.8629998093486843 0.3013831000573832 
204 1.0620218527422147 0.03229417110191332 0.890957295040958 0.28028096870936564 
205 1.0620218527422147 0.18511716854482405 0.9085639399195594 0.2617788363980878 
206 1.0620218527422147 0.23032280020401355 0.9057555042404127 0.2594495717404122 
207 1.0630270205186434 0.19677046132456652 0.9036758227379711 0.27022285673449287 
208 1.0630270205186434 0.061044758115226846 0.8261483957344006 0.3325025391474979 
209 1.0644294672559815 0.1989827772577327 0.9094785286910256 0.271188364832875 
210 1.0644294672559815 0.18326940612577755 0.9026296406432655 0.26322374111526525 
211 1.0644294672559815 0.049189123081594184 0.8232908983049639 0.30817236015295435 
212 1.0644294672559815 0.028601578395948842 0.8243097015648517 0.32482167461056793 
213 1.0688736745245908 0.14232522159043764 0.8170329562968948 0.3410925912016183 
214 1.0688736745245908 0.2031629185805724 0.9022550772194518 0.26991762735020086 
215 1.0723853948133661 0.09869691854804964 0.9196115473227725 0.30014781805241103 
216 1.0723853948133661 0.02933621624257733 0.8495008391738088 0.32353453619397 
217 1.0773177613486005 0.18672392981113783 0.8614483657662799 0.3194432511383741 
218 1.0773177613486005 0.042689818891683474 0.8727503330723868 0.3139219872154096 
219 1.0773177613486005 0.045550430592669194 0.8272382059070458 0.3329865561867703 
220 1.0773177613486005 0.045550430592669194 0.7929118658674709 0.35040728279392247 
221 1.0773177613486005 0.126654264228461 0.8750152033850731 0.2878073258547725 
222 1.0773177613486005 0.18417812617269064 0.9099877066822295 0.23548009882558701 
223 1.0901605142839417 0.04704901163452729 0.8017621696600526 0.33224526942520544 
224 1.0901605142839417 0.21853036306791837 0.8146422643241092 0.2724724183363395 
225 1.0901605142839417 0.19832843310266576 0.8159818249821735 0.28146611894790174 
226 1.0901605142839417 0.1857773245985685 0.7932577846661749 0.3165709540675606 
227 1.0901605142839417 0.07043560182842612 0.7666017957452023 0.3271515344123737 
228 1.0901605142839417 0.10586670797600957 0.8496762425730373 0.3058588822802198 
229 1.0901605142839417 0.21033952363805952 0.8784360120160868 0.2947531660164796 
230 1.0901605142839417 0.135813301348112 0.866497805568142 0.2861989296476246 
231 1.0901605142839417 0.18238548953707798 0.8256589654195696 0.34739856066206054 
232 1.0901605142839417 0.2227720354601506 0.8326700800852564 0.30586241836179634 
233 1.0901605142839417 0.18923115210912894 0.825107739735549 0.3145730610240184 
234 1.0901605142839417 0.22666828861233476 0.8743192655460349 0.3056429440511013 
235 1.0909041743779833 0.03835336707139816 0.8358292033891439 0.3439888957863619 
236 1.0909582731490888 0.19744332088552527 0.9174202043634772 0.2708288141907279 
237 1.0909582731490888 0.12880383300372078 0.9241867171345144 0.29863484003740676 
238 1.0909582731490888 0.10101847689569396 0.890210111427191 0.3151144179462061 
239 1.0909582731490888 0.18585013532568673 0.8822125226675301 0.3126219404197921 
240 1.096445688476213 0.035009187782879994 0.8550884327523505 0.3478476111427554 
241 1.096445688476213 0.036770946315226136 0.8446001135862269 0.3198675248313605 
242 1.1017885298531205 0.22913813742909137 0.8043170894480134 0.33359689341801196 
243 1.1034830332407022 0.2007102181242808 0.8729820203447132 0.2918894459474728 
244 1.1034830332407022 0.04613501317683088 0.889979452167875 0.33608403051228314 
245 1.1034830332407022 0.13063760752134318 0.9018696784192511 0.3420568317762822 
246 1.1034830332407022 0.23436167324997606 0.9571022856448621 0.27859245312262515 
247 1.1166933279088287 0.1755078229307565 0.8997340862495465 0.30773807356723987 
248 1.1166933279088287 0.1983298251656168 0.9256581135429497 0.2988363558118136 
249 1.1166933279088287 0.02898932893714123 0.9253217068729798 0.31057170169580506 
250 1.1166933279088287 0.23709777179328417 0.8943734607031396 0.3119247495693089 
251 1.1166933279088287 0.09970648782274798 0.9332982644281596 0.29531394059423627 
252 1.1166933279088287 0.09264050889626389 0.9127423196754515 0.29617545335178386 
253 1.1166933279088287 0.04375410396594393 0.7939087318812033 0.3617174678273482 
254 1.1166933279088287 0.03154072633838299 0.8497032746500757 0.33737940558794405 
255 1.1166933279088287 0.12874364505793226 0.8898646967966293 0.31273607898135886 
256 1.1227606879955498 0.1256191087392184 0.8520831564875866 0.3583115197885417 
257 1.1227606879955498 0.20479024835351195 0.8524338478608542 0.35007171945841714 
258 1.1227606879955498 0.1524837678649316 0.8878409357788357 0.3264125091058104 
259 1.1227606879955498 0.05585621315144512 0.8205793338459711 0.38163193226838005 
260 1.1227606879955498 0.18394888588676403 0.8826955553209009 0.3526923707740954 
261 1.1227606879955498 0.25986542661453527 0.8787619700612266 0.34335496850584185 
262 1.123826853869723 0.040216777911263345 0.8784410218367877 0.3609670813413945 
263 1.123826853869723 0.09823185835903632 0.9073985116043038 0.3207548087979311 
264 1.123826853869723 0.10356285812330149 0.8278792007780035 0.3628833646684594 
265 1.123826853869723 0.0509784343902031 0.9075953161887131 0.32821705812569246 
266 1.1264194565327414 0.17107729923873646 0.951534506875018 0.2822097412728725 
267 1.1264194565327414 0.17107729923873646 0.9166907346983965 0.319050759976255 
268 1.1264194565327414 0.21702027960874565 0.9532182393365154 0.27816255534848966 
269 1.1264194565327414 0.06666821100470025 0.8881512692299023 0.3384917053516242 
270 1.1264194565327414 0.05743108196116946 0.9410602182407733 0.28753664625135084 
271 1.1264194565327414 0.18546075484880356 0.8795200407153337 0.3385052436879891 
272 1.1264194565327414 0.11744679290547975 0.9061707700470012 0.31620938621797656 
273 1.1264194565327414 0.09611686157848551 0.804726786377159 0.38198745642776283 
274 1.1285024602018925 0.08930375960663407 0.8940508657225691 0.3197025834093285 
275 1.1305657159651616 0.028728949488503852 0.9055277547436033 0.3032636310050303 
276 1.1305657159651616 0.04182329378477773 0.9116847823007928 0.3227871074998547 
277 1.1305657159651616 0.1877920608652864 0.908387620798973 0.2996910319477299 
278 1.1305657159651616 0.054914861581561024 0.7998399797115303 0.35859737293703575 
279 1.1305657159651616 0.18400884780439875 0.8740235004334493 0.2869895860611006 
280 1.136709523380606 0.12939084459225214 0.9258785171090701 0.27326567698769366 
281 1.136709523380606 0.06995621226080305 0.8699392506066945 0.32902851016880486 
282 1.136709523380606 0.030039694252285445 0.8922618261354065 0.34579701389472217 
283 1.136709523380606 0.16127310337553177 0.9031566327939865 0.32232966294584103 
284 1.136709523380606 0.2001581813246205 0.9208541468141049 0.3356704483240558 
285 1.136709523380606 0.05835202606615978 0.9315921781775843 0.3299850354281866 
286 1.136709523380606 0.19147752803225912 0.954847348530772 0.2842753551385155 
287 1.136709523380606 0.2782365518917895 0.93847776851522 0.28759173634363616 
288 1.136709523380606 0.10397106954918453 0.9977024325022531 0.26753369032835184 
289 1.1373891582210043 0.25764257675617835 0.9802852719871146 0.2581598359263168 
290 1.1373891582210043 0.2333753952239998 0.8476189313503468 0.35193236467395467 
291 1.1373891582210043 0.18983295861793237 0.8725245517802295 0.34690479556881615 
292 1.1419842157637488 0.07756884639962135 0.8802996169620217 0.35107159611639344 
293 1.1419842157637488 0.050012946657875104 0.9068944203383287 0.3456461966035314 
294 1.1419842157637488 0.10574771988545376 0.9998354979908888 0.2645704863622732 
295 1.1419842157637488 0.07028267092750114 0.8450563080054334 0.3541703162654517 
296 1.1419842157637488 0.15216430199637698 0.9059786446697088 0.3305768780112405 
297 1.1419842157637488 0.06018789359204799 0.844782275024561 0.362354677982166 
298 1.1419842157637488 0.19424341975472612 0.9021143084490245 0.3342145840867493 
299 1.1419842157637488 0.07057194503990906 0.9788120036171428 0.28520374327523723 
300 1.1419842157637488 0.18437029523033102 0.8268740961387295 0.3311110321126719 
301 1.1511952668290297 0.039126958648253614 0.8416998217650031 0.35399471748400174 
302 1.1511952668290297 0.03189249169617681 0.8796284942073819 0.3159485326653529 
303 1.1511952668290297 0.04616415962027162 0.929908464966458 0.32241093597057807 
304 1.1511952668290297 0.09479185426162896 0.853213680601599 0.3523826760271959 
305 1.1511952668290297 0.10370230014483581 0.8881267179158995 0.32421651794791784 
306 1.1511952668290297 0.08548202247655194 0.8434522975534663 0.354465552767515 
307 1.1511952668290297 0.12206305905063786 0.8554459150287305 0.36246960896481667 
308 1.1517778356057182 0.1557884609654486 0.9103169370021446 0.3407703676431036 
309 1.1617475724197572 0.12817513187914978 0.9678224140376657 0.32489611734202095 
310 1.1626840755744507 0.10480658348518887 0.9268245053871428 0.3392576959253901 
311 1.1656267496192887 0.18002309486352192 0.9724754927342422 0.3161817824687762 
312 1.1656267496192887 0.2020375736880985 0.9675269800805476 0.29629885844501397 
313 1.1664924794469713 0.0338258457287923 0.8777545595285035 0.39725840555209285 
314 1.1688298870997251 0.03494065646196682 0.8986486556864652 0.3503600580656036 
315 1.1688298870997251 0.03494065646196682 0.9106877627333597 0.3405687312742579 
316 1.1890849001805637 0.1618546665917387 0.9145081303235081 0.34316950677097885 
317 1.1890849001805637 0.061005413096842674 0.9230622764071371 0.32573853950117876 
318 1.1890849001805637 0.08963305767376473 0.9151665556744543 0.35259588247834467 
319 1.1890849001805637 0.09816102574941844 0.9269353269474616 0.3397389954449276 
320 1.1890849001805637 0.12106471885530004 0.8991638231584957 0.35737248512835224 
321 1.1890849001805637 0.19881389964675125 0.8228566758422631 0.3623931058578304 
322 1.1890849001805637 0.18442536031806558 0.8631084261554928 0.3639566164305528 
323 1.1890849001805637 0.06246748726964628 0.8592132283095943 0.38289425793852494 
324 1.1890849001805637 0.13423242358174936 0.9598640353378497 0.3646633083693195 
325 1.1890849001805637 0.06396877429712663 0.9174351107882561 0.3584674718650236 
326 1.1890849001805637 0.05470828682015418 0.900507458493945 0.3700407252648733 
327 1.1890849001805637 0.1136824079997363 0.9425032582033103 0.3601545629367075 
328 1.1890849001805637 0.19532466949240965 1.0052215309599932 0.33578404650591165 
329 1.1890849001805637 0.08666516625062813 0.9713119061265721 0.3719388793980654 
330 1.1890849001805637 0.20306160397427747 0.946412385726608 0.36295648043500833 
331 1.1890849001805637 0.18405662450135366 0.920870763088093 0.35475157396974233 
332 1.1890849001805637 0.04333452510390743 0.9185002892260515 0.37288740565158596 
333 1.1890849001805637 0.04066163553839686 0.9186621534492265 0.3587696395898274 
334 1.1890849001805637 0.05653772527783203 0.9247018033042879 0.35779499137493387 
335 1.1890849001805637 0.029033664033972294 0.8765913442184746 0.38335501217191503 
336 1.1890849001805637 0.18906906997301703 0.9813506361671327 0.2811692869769 
337 1.1890849001805637 0.1916105698735572 0.9579064120344067 0.3302930337298289 
338 1.1890849001805637 0.19550702000829315 1.0211251840960485 0.28719130660555287 
339 1.1890849001805637 0.22411602859239277 0.9588721605652287 0.3408858632975644 
340 1.1890849001805637 0.08586260429187853 0.990427289121606 0.3327735078175047 
341 1.1890849001805637 0.18273356924260092 1.0003300518917047 0.33330258277579083 
342 1.1890849001805637 0.07210500162188337 0.9624568087608664 0.3548671958869624 
343 1.1890849001805637 0.10421311332640114 0.9110630327237637 0.3671176855989754 
344 1.1890849001805637 0.04745349886119323 0.8569034916745488 0.4112353019011539 
345 1.1893583418656803 0.04707421126982228 0.937924335077189 0.36978066350295263 
346 1.1893583418656803 0.053261647108302 0.9380517724133142 0.35919941083185014 
347 1.1893583418656803 0.07491582392679479 0.9370509220248664 0.3779101000483737 
348 1.1893583418656803 0.09427485025860197 0.9841953076020076 0.3313158904375529 
349 1.1893583418656803 0.09427485025860197 0.9164122655683913 0.3871134201296812 
350 1.1893583418656803 0.1829320240845733 0.9955187669341995 0.3132746683678241 
351 1.1893583418656803 0.2476300821182682 0.969331528255567 0.31167280631707683 
352 1.1893583418656803 0.04932947392026321 0.8979606115432743 0.39625587648631727 
353 1.1893583418656803 0.046697432429417964 0.8949156902240758 0.40863610306166853 
354 1.1893583418656803 0.03593050820106621 0.9413801456294274 0.38124382114744565 
355 1.1893583418656803 0.031150628226512357 0.984653958044839 0.34334728015483723 
356 1.1893583418656803 0.07971325921464516 1.0048858956687865 0.31815183361308375 
357 1.1893583418656803 0.03645927199627417 0.96228630251966 0.3561369141814438 
358 1.1893583418656803 0.03077055120369506 0.8990615213509882 0.38509791442192326 
359 1.1893583418656803 0.03397338024743586 0.8839087015727544 0.4128810254717538 
360 1.1893583418656803 0.03397338024743586 0.9048844929556947 0.39311045703472086 
361 1.1893583418656803 0.10157670543438556 0.9834952261735762 0.3490237754690559 
362 1.1893583418656803 0.18427749136499802 0.9889467417002383 0.34324863889615403 
363 1.1893583418656803 0.08787583299563939 0.9335765257944574 0.3877968933716369 
364 1.1893583418656803 0.13119112953181336 0.9811190432088649 0.3299251654828567 
365 1.1893583418656803 0.1872204396060765 0.9403456164255363 0.3419916494756939 
366 1.1893583418656803 0.18173973082117342 0.950983590659138 0.30616479199188484 
367 1.1906336640497284 0.16458169730994862 0.9518160685509343 0.33341077766478977 
368 1.1906336640497284 0.04454322893490693 0.9734339797282848 0.32499689536870796 
369 1.1906336640497284 0.25043170460469033 0.9084487822583783 0.3162845083443867 
370 1.1938835823860134 0.18142000279538192 0.905685598113324 0.34619990475666795 
371 1.1938835823860134 0.17483417096319456 0.9210108728319043 0.3303929929221872 
372 1.195101224594422 0.061554345020064204 0.8832461916793937 0.3688962487895766 
373 1.195101224594422 0.029919707853940238 0.9079140137291115 0.38990489853621163 
374 1.1960072861451687 0.10339276857295225 0.8987534817787819 0.37902816653136956 
375 1.1960072861451687 0.028755921134110685 0.9810438621543754 0.30037662418012057 
376 1.1972980655780585 0.038349177740853654 0.8425016120600658 0.4051602752646123 
377 1.1992198351067611 0.09119263642353605 0.9265296224402104 0.35119802185024546 
378 1.1992198351067611 0.028600992588768834 0.8924767529062996 0.3852885263216636 
379 1.1992198351067611 0.031017006421272437 0.9709273156436479 0.35057330322427777 
380 1.2010116220531886 0.19999540678140357 0.9843294181999127 0.33493506430672393 
381 1.2010116220531886 0.06321527783142393 0.8679790285343999 0.4009386680666538 
382 1.2010116220531886 0.18141014657371526 0.9584873734629162 0.371326907552253 
383 1.2010116220531886 0.04989531921140516 0.9591152848567168 0.3698826958031852 
384 1.2010116220531886 0.04902328521726742 0.9416089177278197 0.33139571257132017 
385 1.2010116220531886 0.19523335477840667 0.9845940408179353 0.304325853419452 
386 1.2010116220531886 0.18268258995041484 0.9386386152161988 0.35736165425892386 
387 1.2010116220531886 0.04901569979553266 0.8844739643720634 0.377189263577058 
388 1.2010116220531886 0.18842002313431283 0.974136843897464 0.30253005004799577 
389 1.2010116220531886 0.2044919220377086 0.9658826669407087 0.3287288794666241 
390 1.2010116220531886 0.209429516966339 1.0138243323984097 0.29745066020134486 
391 1.2010116220531886 0.18422572778677307 1.0223018364070908 0.30701188631937626 
392 1.2010116220531886 0.11015234564558822 0.9848574532522819 0.3504357476117256 
393 1.2010116220531886 0.08923750512829476 0.9979507814259031 0.34326718223152397 
394 1.2010116220531886 0.19585269595914773 0.998471181653083 0.35193198959592314 
395 1.2010116220531886 0.19439109580257755 0.9758607631475198 0.37995236641792773 
396 1.2010116220531886 0.19126758804735586 1.0019231920050464 0.32963330505002403 
397 1.2035564712600866 0.05654962747058638 0.9257439434456937 0.3939478370824401 
398 1.2035564712600866 0.049604852515032376 1.0197992724008906 0.34908303923051204 
399 1.203595443741413 0.03577755678522588 0.9587519219774941 0.36631652414904187 
400 1.203595443741413 0.1846030344809965 0.9450258494323385 0.3568989107626722 
401 1.2040070612318923 0.09292155375547724 0.8739267431843989 0.4184797137553277 
402 1.2040070612318923 0.03036146412451846 0.9539875839266784 0.3742707953154877 
403 1.2070946017447144 0.273362600735922 0.967434893237872 0.3094536008287662 
404 1.2070946017447144 0.04102354615406727 0.941820707911449 0.35932089531087663 
405 1.2070946017447144 0.1609384487369193 0.9480961866109976 0.3393713528986267 
406 1.2070946017447144 0.26380322805314366 0.9206721673670125 0.3426040440856441 
407 1.2070946017447144 0.25353529516004325 0.9745826815976609 0.2988114525533762 
408 1.2070946017447144 0.0533707700616645 0.9433092218633441 0.39559203957448424 
409 1.2071295334133771 0.05327820971308383 0.8869406224541856 0.42367362755716553 
410 1.2071295334133771 0.059161917232446196 0.9618259634077044 0.36126895189359914 
411 1.209084026643351 0.0654738158851275 0.9930684657884512 0.3496688597795979 
412 1.209084026643351 0.1992942876231136 0.9564882095756848 0.37668712060318116 
413 1.209084026643351 0.11098081525861764 0.9251524599435862 0.38557224922495226 
414 1.209084026643351 0.08636634039143719 0.9447638765610175 0.37805130312299823 
415 1.2091242551429515 0.05041274292130115 1.0185733235939305 0.3194913737012355 
416 1.2091242551429515 0.18243389764493448 0.9843305527732974 0.3471882632288448 
417 1.2091242551429515 0.14515691432181632 0.9368724416083474 0.3653280358897753 
418 1.2091242551429515 0.15564399519338395 0.9067458830212973 0.4178485580211782 
419 1.2091378173367648 0.20392990916057227 1.031371571075405 0.32832114944674834 
420 1.2091378173367648 0.20055178211085262 1.0113936749523627 0.3535022505802999 
421 1.2091378173367648 0.04674511189065662 0.9382052610437778 0.401785284204368 
422 1.2091378173367648 0.04860945460480022 0.9785083998780586 0.3684738813448273 
423 1.2092651473241385 0.12388404424090578 1.0285235939709096 0.3046503675580885 
424 1.2092651473241385 0.18327591298594756 0.9667060623147596 0.37802740122697936 
425 1.2104339928760741 0.15034174518224414 0.9908608092100644 0.36251865547567436 
426 1.2104750525653782 0.029674180906806832 0.9841414856586458 0.35954052576770007 
427 1.212734629882469 0.2184277724127321 0.9137640625089973 0.36730077582477544 
428 1.212734629882469 0.19314248414190494 1.0107607442525826 0.3203519226973102 
429 1.2127533478590313 0.08937683994833255 0.9770508936141453 0.3708676203353703 
430 1.21276906613146 0.0730422168241222 1.0425787687164403 0.3190578265416287 
431 1.21276906613146 0.4136397474041047 1.0371522311943069 0.2599107066402089 
432 1.21276906613146 0.2325838944386131 1.0332577434624004 0.2959704982464254 
433 1.21276906613146 0.03039802317455621 0.9512559423256519 0.4179662839150904 
434 1.21276906613146 0.03296434965353156 0.9915658822665262 0.36367905536228157 
435 1.21276906613146 0.21538703004777424 0.9759947558983444 0.3401309786420278 
436 1.21276906613146 0.1637532858869225 0.9666796632997379 0.32670713743575575 
437 1.21276906613146 0.18298443590953628 0.9515064203619824 0.3283164215677857 
438 1.21276906613146 0.08896570433768562 0.9203031625096025 0.3781643102141936 
439 1.21276906613146 0.030912721704340833 0.9726770294746211 0.35022961594892804 
440 1.21276906613146 0.1971399474975785 0.968021138474386 0.33222103860749036 
441 1.21276906613146 0.05787876463618434 0.9899690642641059 0.3409896236529971 
442 1.21276906613146 0.0730681406168433 0.8769553321765193 0.40592662298904036 
443 1.21276906613146 0.11555247226685512 0.9689140396944751 0.34682114577848183 
444 1.21276906613146 0.12201414647075438 1.0880245060216018 0.28771392008563473 
445 1.21276906613146 0.1854135635079403 0.9639015942532286 0.3801998492787069 
446 1.2150687366414057 0.19786383159446227 0.969731638326977 0.36183755547901786 
447 1.2150687366414057 0.05818452538494239 0.9900470966630971 0.37539473048677396 
448 1.2150687366414057 0.20102010466280318 0.9991984093814769 0.3500931799367603 
449 1.2158788524508912 0.04429620707083541 1.019491123224371 0.3748154201840288 
450 1.2158788524508912 0.03668088485915662 1.0047677961239379 0.34907252890294843 
451 1.2158788524508912 0.17281922201928548 0.9682766227984916 0.37795553279079586 
452 1.2171915027279336 0.05129703430325731 0.9437094036672413 0.3709886694209629 
453 1.2171915027279336 0.11573329524289161 0.9055713483562057 0.36638176244823 
454 1.2171915027279336 0.10021249652033809 0.9500712536090942 0.3667779888368076 
455 1.2171915027279336 0.046571150230252684 0.9237502252152751 0.39705638259246556 
456 1.2171915027279336 0.031074447313024087 0.9054949320743858 0.3926409721475078 
457 1.2171915027279336 0.18133646440914017 1.0079558162422453 0.3332536118670423 
458 1.2171915027279336 0.04774969608005895 0.9531098742395566 0.36141121225892764 
459 1.2171915027279336 0.18971372696033914 0.9323896540176251 0.3629025247123412 
460 1.2171915027279336 0.2506495353443188 1.0011440186957388 0.3105289688273094 
461 1.2171915027279336 0.08818786442172653 0.9697107391463514 0.3610948020819981 
462 1.2171915027279336 0.034164802452385415 1.0157946268235345 0.34695783564745347 
463 1.2171915027279336 0.06062207037928593 0.9587248683499348 0.37201680467772363 
464 1.2171915027279336 0.11611432631188993 0.9793569882435281 0.3763386767961445 
465 1.2171915027279336 0.2173027741635864 1.0317092601449107 0.34589664041395546 
466 1.2171915027279336 0.4002256044808526 1.0545705788091528 0.2746569920382661 
467 1.2171915027279336 0.19303055111893963 0.9918044822726511 0.3552295670743733 
468 1.2171915027279336 0.059276043794820155 1.0347067428181729 0.32545312059451464 
469 1.2171915027279336 0.19186981627497599 0.9545779851253821 0.36411528088226097 
470 1.2173513006943324 0.06513856443474073 1.002038229244071 0.3361369083417717 
471 1.2173513006943324 0.21951651086960466 0.9701401037001638 0.3628489397256099 
472 1.2173513006943324 0.07649923793515497 0.9275639322033016 0.39977205393829324 
473 1.2173513006943324 0.1859336692124232 0.9943666449787089 0.3562565929215933 
474 1.2173513006943324 0.18764418006361555 0.9327856504931163 0.406033218159778 
475 1.2173513006943324 0.2227174945255823 0.9041999077397487 0.4040060663929461 
476 1.2173513006943324 0.0770466722343724 0.9222664878906544 0.39959656933868043 
477 1.2173513006943324 0.19697291019275281 1.0127601423695303 0.3309596314797161 
478 1.2173513006943324 0.03509434954355476 0.9954058973708345 0.3528781037197082 
479 1.2173513006943324 0.13946804762584308 0.9777219373442976 0.32684594067163036 
480 1.2173513006943324 0.09241835835644192 0.8999100180930854 0.3957175543655152 
481 1.2173513006943324 0.02979350258139947 0.9459806290893737 0.37610080633783566 
482 1.2173513006943324 0.12293337775578375 0.9676863522779743 0.3508417904730498 
483 1.2173513006943324 0.16284720795105015 0.9348670143541356 0.3918906523004778 
484 1.2174568101497474 0.18309658137293383 0.9249863213819821 0.3778233388933634 
485 1.2174568101497474 0.04949150821210542 0.856929006593009 0.40297537875786377 
486 1.218070651004631 0.18780456196287548 0.9154325148229466 0.3382810574134821 
487 1.218070651004631 0.12207470365435387 0.9690583367810793 0.2944140229787747 
488 1.218070651004631 0.0334905617236425 0.8817249724043651 0.38374470901364904 
489 1.2181690059872836 0.029499336431802872 0.8793267690649215 0.38545037800277987 
490 1.2181690059872836 0.0763178100093942 0.9237247783340339 0.39043426019679045 
491 1.2181690059872836 0.10001352260551706 0.9640816774987996 0.37894993510852826 
492 1.2181690059872836 0.04044586734274881 0.9432382554697656 0.3653176964033975 
493 1.2188891986950248 0.235116191919356 1.0131672007690253 0.33316623577503685 
494 1.2188891986950248 0.1848533600985794 1.0051890350191577 0.34444414270860596 
495 1.2188891986950248 0.06628290372505483 0.9219107452878627 0.42364187581617246 
496 1.224732013662872 0.12491917846606776 1.031217705816735 0.3350515829030161 
497 1.224732013662872 0.18321573515127895 0.9901742673458567 0.34143630812406833 
498 1.224732013662872 0.19134300793228484 0.9663705281429718 0.3811607435073288 
499 1.224732013662872 0.20570787791574152 1.0393809754275745 0.31328627230638584 
500 1.2424217295443405 0.046609472120746086 1.0296976292356566 0.3475326666089405 
501 1.2424217295443405 0.18161608700575893 1.0664575768740792 0.31135114308361717 
502 1.2424217295443405 0.10396650688825468 1.027411585410057 0.37614264586814633 
503 1.2424217295443405 0.18192754774767622 1.0010695437967838 0.3807872794787707 
504 1.2424217295443405 0.1816834200523558 0.9633592141137544 0.4074623608051155 
505 1.2424217295443405 0.19236688181139175 1.04966924904817 0.3169836168975462 
506 1.242787890167052 0.10591579957294248 1.0145201676191464 0.37001613552360896 
507 1.242787890167052 0.18245825124185552 1.0292902961373145 0.32057040728152025 
508 1.242787890167052 0.1862911904952033 1.0098495631090525 0.32722196951486215 
509 1.242787890167052 0.06053241857191277 0.9691262000281722 0.395370156387526 
510 1.242787890167052 0.1256173724800172 0.8962454710254476 0.44847132653398974 
511 1.2436003869906507 0.10255871019457026 1.0147019653932239 0.3883219021957606 
512 1.246418198707072 0.038525341386588086 1.0073443936211766 0.38553940548663956 
513 1.246418198707072 0.09742110055622706 1.0025300783113158 0.36684587076007 
514 1.246418198707072 0.13930528141188694 1.011565852968102 0.3421460021495291 
515 1.246418198707072 0.20641483995949045 0.9618875714937987 0.3802597561677148 
516 1.246418198707072 0.17506457278042656 0.9853571434753452 0.3632288349146135 
517 1.246418198707072 0.22417857655876605 1.0505701223992077 0.323890264650303 
518 1.246418198707072 0.2037466311337044 1.028759599222334 0.3342460398230082 
519 1.246418198707072 0.09165630469801286 1.065064381167104 0.3288107697947222 
520 1.246418198707072 0.17667971971723442 0.9608106879006948 0.4008644006781497 
521 1.246418198707072 0.09121691772263373 0.9711484259293302 0.4234424520114136 
522 1.246418198707072 0.1338780478054315 0.9890452238675406 0.3970708971768558 
523 1.246418198707072 0.04734626898552829 0.9579693655681675 0.41434957373465986 
524 1.246418198707072 0.04542255963358628 0.9418109216684681 0.39187175062239754 
525 1.246418198707072 0.028710697976432165 0.9651296800985171 0.3986406208666996 
526 1.246485362530924 0.2399656242616253 0.9668408487469224 0.38155689424694555 
527 1.246485362530924 0.18217136983569085 1.0038751992965484 0.35470682340515214 
528 1.246485362530924 0.03711399272759916 0.8958025482643728 0.42715541315236527 
529 1.246485362530924 0.04026907782449515 0.9167771040561743 0.4315032815661716 
530 1.246529713902782 0.18135888889206067 1.0383479625779877 0.33959441200509255 
531 1.2465974855294193 0.157312462830997 0.9874526323328314 0.37016383116322144 
532 1.2465974855294193 0.12935532541381917 1.0402874279749204 0.3560594896943162 
533 1.2465974855294193 0.047987461157396424 0.9602956863818827 0.3992311354481604 
534 1.2465974855294193 0.07082793774123722 1.0450192032414314 0.36647197215544586 
535 1.2465974855294193 0.2176673753252974 1.035830180186296 0.3543630619558554 
536 1.2465974855294193 0.1921772942381426 1.0117427488204893 0.3603749266463936 
537 1.2518784104845246 0.18811796289051383 1.0222450715029674 0.3351448021886502 
538 1.2518784104845246 0.2355887287575667 1.0521641495950065 0.3007396234602431 
539 1.2818192929702674 0.11002864591453107 0.9669997366621317 0.3874126553696109 
540 1.2818192929702674 0.11596023689725166 0.8904066415866023 0.3965688866262249 
541 1.2818192929702674 0.10214050325749825 1.0025166730657047 0.36900178457927263 
542 1.2818192929702674 0.03477651040234739 1.0120176062065693 0.35830781840422954 
543 1.2818192929702674 0.051351863362965794 1.0026195939497387 0.3635192134636572 
544 1.2818192929702674 0.15493195761227388 0.9620097351428998 0.35729404466001086 
545 1.2818192929702674 0.1890421741551758 0.9797537477141114 0.36630168649195455 
546 1.2818192929702674 0.189206423213514 0.984101958256078 0.4082532958858774 
547 1.2818192929702674 0.13269267952648134 1.0183790872049945 0.39569813712680846 
548 1.2818192929702674 0.06625856065280446 1.0520815815614313 0.3662427445136856 
549 1.2818192929702674 0.23629077492229408 1.0786858708805012 0.33268980010997434 
550 1.2818192929702674 0.18141397934726713 1.0446176717164062 0.366707174612877 
551 1.2818192929702674 0.21080195288713344 0.9927604251327554 0.385353160116302 
552 1.28260278402098 0.21456874423351685 0.9839908114842935 0.39768261566330154 
553 1.28260278402098 0.2619599782586185 1.116281636354019 0.3182330021946325 
554 1.28260278402098 0.10825905114980039 1.0087690731059515 0.3912991138593235 
555 1.28260278402098 0.2102610644903157 1.0496644026739623 0.3449696594863056 
556 1.28260278402098 0.06333062221993405 0.9796767653606586 0.37752811287457544 
557 1.28260278402098 0.04222974347431095 1.0561242930497328 0.3346991844816934 
558 1.28260278402098 0.06063997784059539 1.025756015509955 0.3960943284194694 
559 1.28260278402098 0.03411290245268139 1.0340353811145553 0.41838712318104876 
560 1.28260278402098 0.15662106395103656 1.0764338559810942 0.3599434056376217 
561 1.28260278402098 0.05045464728412611 1.0552371720322158 0.37355886865215476 
562 1.28260278402098 0.1867816029964362 0.9998800486709464 0.39364129461402964 
563 1.28260278402098 0.26799856549997997 1.022345747832123 0.35402138129014377 
564 1.2831433847367004 0.05587930972402637 1.0032472526393799 0.40115997592689934 
565 1.2831433847367004 0.1219541406865718 1.0470449053657602 0.3715267044015424 
566 1.2831433847367004 0.18399127603215995 1.0790300486681497 0.36051640114288835 
567 1.2831433847367004 0.04218770937085629 1.0166347310982773 0.40717607706393744 
568 1.2831433847367004 0.0287905297440338 0.9651356019266526 0.4363253418497893 
569 1.2831433847367004 0.18457384817441858 1.0942674735943778 0.3238682274135294 
570 1.2831433847367004 0.14305255459004018 0.9923186152638076 0.40689082871700905 
571 1.2831433847367004 0.14305255459004018 1.0558736034586862 0.36454821345122373 
572 1.2831433847367004 0.19814686688959687 1.0727032994284897 0.3396605932684206 
573 1.2831433847367004 0.0470886299090396 0.9905740804332862 0.39563825469070113 
574 1.2831433847367004 0.06165848088060208 0.9717817353171122 0.41664053010553104 
575 1.2831433847367004 0.29678831616378243 1.055854086598515 0.3286431392351383 
576 1.2832957187502174 0.04957316255964171 1.1065153805155512 0.32621866004573685 
577 1.2832957187502174 0.21021762962552426 0.996115973734024 0.3822508827971911 
578 1.2832957187502174 0.18686477384093755 0.9327280102760755 0.42839273166601627 
579 1.2832957187502174 0.044470321452266315 0.9681914114102557 0.39607991407272025 
580 1.2832957187502174 0.18856448593628597 0.9348497472918035 0.3963519008815873 
581 1.2832957187502174 0.07037082910039374 0.958469594453493 0.4194109815665531 
582 1.2832957187502174 0.18634324218091156 0.9775069476269145 0.40005275952136843 
583 1.2832957187502174 0.038989703983228534 1.0620522415336113 0.39757119195532503 
584 1.2832957187502174 0.14564092069452939 1.0611370722128255 0.36408362811235745 
585 1.2832957187502174 0.09063107164842696 1.0039285816809356 0.3780822438268138 
586 1.2832957187502174 0.18300888543456373 1.0257178644982063 0.38660564046886176 
587 1.2832957187502174 0.18199129232114308 1.089535409601555 0.31350161855496717 
588 1.2832957187502174 0.19447346597734047 0.9887831992381722 0.39449599797725116 
589 1.2832957187502174 0.12290383119258386 0.9192359809523863 0.408562310713463 
590 1.2832957187502174 0.06641849318939635 0.94747046784242 0.4489880207731297 
591 1.2832957187502174 0.18651869770095394 1.001314322189072 0.37731606606636797 
592 1.2832957187502174 0.0676381936050961 0.8599046486845643 0.4383639635016092 
593 1.2832957187502174 0.19101405515763248 0.9759891147692711 0.3982678653070923 
594 1.285199629952871 0.07875139289603889 0.9913680846818361 0.40261838336336414 
595 1.285199629952871 0.11969065465265595 1.027580869912556 0.3895955625226438 
596 1.285199629952871 0.18284498792164017 1.0270880251770627 0.383703475362365 
597 1.285199629952871 0.05319170500165778 0.9116606022868315 0.4436509118935032 
598 1.285199629952871 0.1943763993725041 1.0256182303485184 0.369458813257331 
599 1.285199629952871 0.10040082786202405 1.0253945749733644 0.3572301343676522 
600 1.285199629952871 0.053383301351710676 1.0058575525121431 0.42609172468724116 
601 1.285199629952871 0.18262576278300913 1.0621252628707452 0.3641141346943472 
602 1.285199629952871 0.09669976237606012 0.9497933861218625 0.4088419489583193 
603 1.285199629952871 0.1641002950794058 0.9729561621879589 0.3762854376997754 
604 1.285199629952871 0.07507671696612586 0.8992152179907665 0.42611768181184395 
605 1.2857388331700788 0.10870577847892268 0.912854698155322 0.433518204699565 
606 1.2857388331700788 0.1956904399644831 0.9486419491711756 0.4155796613367913 
607 1.2857388331700788 0.18887828428417655 0.9829926805526736 0.39556267602581424 
608 1.2857388331700788 0.031219334085570916 1.0353106871037805 0.3857489209265684 
609 1.2857388331700788 0.10852520486585514 0.9850523527919127 0.4400235150745916 
610 1.2857388331700788 0.20649984107530447 1.099523221688026 0.3349960901369073 
611 1.2857388331700788 0.10776167058872377 1.0208356942522907 0.3966332253221503 
612 1.2857388331700788 0.12107001516668256 1.0154347605425147 0.40382875986533445 
613 1.2857388331700788 0.24006617152098272 1.0745596562261355 0.3686539880148631 
614 1.2857388331700788 0.058355091615294216 1.0385461800048867 0.4099453754720333 
615 1.2857388331700788 0.03508799773952259 1.0340834523753317 0.3745755231156374 
616 1.2857388331700788 0.05603720518259267 0.9473454818941545 0.4172581701684076 
617 1.2857388331700788 0.28945991875551713 1.0696222172664849 0.32364909352328 
618 1.2857388331700788 0.15532253995749723 1.0312318165386207 0.37668129185482835 
619 1.2857388331700788 0.0900911422451824 1.0397728966467827 0.3932709680801995 
620 1.2857388331700788 0.22356001732425065 1.045349931756343 0.3333721944691259 
621 1.2857388331700788 0.2089793439544572 1.0395252467841873 0.33611731876637185 
622 1.2857388331700788 0.044728651537683864 1.0115063908639914 0.4162669324509129 
623 1.2857388331700788 0.18625940995848128 1.0101975551287234 0.40238584041228914 
624 1.2865017542392372 0.0681543136437866 0.9702606703908825 0.41609367707563977 
625 1.2865017542392372 0.20881920461818615 1.0408983277531656 0.37938758967572433 
626 1.2866622659945939 0.049841215660430704 1.0077621371850642 0.3859336543505189 
627 1.2866622659945939 0.04514324004576704 1.012833591886491 0.3599748510100738 
628 1.2866622659945939 0.0865846059374045 1.101490285094826 0.3495782562871862 
629 1.2868993515348937 0.11589762927515823 0.9955737986640094 0.40291004472054526 
630 1.2868993515348937 0.03682048153502329 1.0684416652182311 0.3642677221497047 
631 1.2868993515348937 0.053699456333318324 1.0186900466987445 0.38025231230480133 
632 1.2868993515348937 0.13712012908203597 0.9711536761177137 0.40455501204599975 
633 1.2868993515348937 0.05074803408922026 1.0159842079774737 0.40443604965687313 
634 1.2868993515348937 0.1848475407686608 1.0589367289348355 0.3816697295651228 
635 1.2868993515348937 0.1844531594398598 1.0834423997989895 0.3529197741051502 
636 1.2868993515348937 0.1963549516187984 1.059114252097631 0.39998606822819893 
637 1.2868993515348937 0.08988987745347311 1.0011589729901078 0.4297797918107759 
638 1.2868993515348937 0.18532708477987275 1.0553434794886765 0.3838572815954249 
639 1.2868993515348937 0.18642474061442366 1.0174870923790222 0.40751907675378213 
640 1.287922706012378 0.18252924302119722 1.023645312301501 0.4091937486860123 
641 1.287922706012378 0.27323446589533223 1.024362505507685 0.3661452350574543 
642 1.287922706012378 0.18322912336017522 1.0574709425556323 0.33518058358739444 
643 1.287922706012378 0.18254691649140123 1.0273811776707606 0.3515587396549139 
644 1.287922706012378 0.09075934556582756 0.9449095972188876 0.4261976488201205 
645 1.287922706012378 0.16147932002995447 0.9399696900251061 0.4250072882829333 
646 1.287922706012378 0.1910643793121611 0.9576245073359897 0.44125660411633355 
647 1.287922706012378 0.08668155517891551 1.014167142239133 0.39348381071506444 
648 1.287922706012378 0.19662258885571907 1.0092820969220024 0.3623635460489582 
649 1.287922706012378 0.05336683627675681 1.057506388053917 0.34862455515611707 
650 1.287922706012378 0.1934452454657784 1.05744651099482 0.3525060649301552 
651 1.287922706012378 0.19017811051939126 1.0341327297516236 0.40286413641279945 
652 1.287922706012378 0.19017811051939126 0.9903907484390392 0.40766691007235417 
653 1.287922706012378 0.10301121799911996 0.9506542015925749 0.43174729146380286 
654 1.287922706012378 0.04065162073805565 0.9971758316292344 0.4222221962037911 
655 1.287922706012378 0.09599648629890598 0.9682164116083634 0.41099492116923847 
656 1.287922706012378 0.18195853916508709 1.0381208209758679 0.35824162533538245 
657 1.287922706012378 0.05531303485758145 0.9684016027891412 0.38005089440835027 
658 1.287922706012378 0.0904338027724403 0.9701751973089829 0.3910407659257903 
659 1.288646142249507 0.22617225808155766 0.9917678516218096 0.3498533613352643 
660 1.288646142249507 0.22198605215072215 0.9852270875723121 0.35782212759826404 
661 1.288646142249507 0.1717108333865357 0.9621629809510854 0.4154778625375718 
662 1.288646142249507 0.03632678121908933 0.995375187113653 0.3851332809963447 
663 1.288646142249507 0.2533750533452646 1.1031543053214792 0.3044393122340703 
664 1.288646142249507 0.030535795552316253 0.8803421025220616 0.43426821439376345 
665 1.288646142249507 0.054141195533887757 0.9235608992501745 0.44048476869258124 
666 1.288646142249507 0.1828152860432304 1.0318321312364729 0.36956261502417576 
667 1.288686753916451 0.33276081824872866 1.0789573759684343 0.3548952870166645 
668 1.288686753916451 0.04539468817917942 1.0100786624938438 0.4020219124452129 
669 1.2887062799297944 0.18142375241733283 0.9936209563971645 0.38560612267173855 
670 1.2887062799297944 0.17909895272254617 0.9775679794340562 0.3727016842036238 
671 1.2887062799297944 0.03019634678538789 0.9304287165011143 0.4104236036932274 
672 1.288746862692796 0.14993211645955282 0.9691196205516237 0.3853302375388268 
673 1.288746862692796 0.35927203526425877 1.0680121853515905 0.31626686087416844 
674 1.288746862692796 0.09035252445423725 1.0677027932793561 0.35926510608834955 
675 1.288746862692796 0.0677774322109503 1.076322900149866 0.34950998759694796 
676 1.288746862692796 0.18868767066758088 1.0474171712580604 0.3441035141601509 
677 1.288746862692796 0.07425850678991971 0.964614864183113 0.3885194380179261 
678 1.288746862692796 0.049634554222320264 1.0241261660297334 0.3447800903957823 
679 1.288746862692796 0.14337735374525565 0.9986246946585646 0.3585753987548859 
680 1.288746862692796 0.21320575684574203 1.0024263652992493 0.3455017916064209 
681 1.288746862692796 0.17584559070348504 0.984706785459857 0.3704971815375967 
682 1.288746862692796 0.2502012287721329 1.0393923983997346 0.34595351336906455 
683 1.2887827167649002 0.0924079606761429 1.054360515849902 0.36251793593076936 
684 1.2887827167649002 0.08611534365435931 1.0009848445660983 0.40224389831280444 
685 1.2887827167649002 0.03742141476342385 1.0803357637934459 0.3279959786807857 
686 1.2887827167649002 0.06085175470369965 1.0123186000547055 0.38693663402768 
687 1.2887827167649002 0.029340979110333804 1.0376286051597075 0.3510353319411976 
688 1.2887827167649002 0.09310738446409597 1.0305404882228295 0.36161334258341593 
689 1.2887827167649002 0.1935011759867611 1.1089635366405575 0.30597868941662665 
690 1.2929840851768997 0.0399261980561992 0.9883334489016703 0.4299043908920605 
691 1.2938463290222566 0.09411990237416691 1.0501955768164595 0.3880036567679998 
692 1.2938463290222566 0.1580053863952512 1.05210187609119 0.36568240729878276 
693 1.2938463290222566 0.05746762711142454 1.1211817180634003 0.34780687915466835 
694 1.2938463290222566 0.08818687940984692 1.045524270576151 0.42051129917190405 
695 1.2938463290222566 0.07925613395230312 1.0180702617809498 0.4034135705101823 
696 1.295589365665599 0.043213955444878424 0.964514744374723 0.4420446075257317 
697 1.295589365665599 0.19830493938661706 0.9705639332525137 0.40248970452021443 
698 1.295589365665599 0.030279347376521513 1.0019871502543178 0.39823720540676033 
699 1.295589365665599 0.06794732833296757 0.9949812096566005 0.41324579213280055 
700 1.295589365665599 0.050225453303232616 1.0491142182206366 0.3650639058058308 
701 1.295589365665599 0.06874007568425321 0.9520254790417637 0.4335867474171845 
702 1.295589365665599 0.18779221168311494 1.0140261187798032 0.36711505112748977 
703 1.2971736245440715 0.1597719424925418 0.9672755168310575 0.3663052139308853 
704 1.298984576761076 0.04222269780344816 1.0250695814043513 0.3438793164054047 
705 1.298984576761076 0.034020886495047246 0.9738475140998752 0.42952703443871526 
706 1.3000987915316358 0.05527914832059165 0.9922271780639587 0.4198191647692016 
707 1.3016521206980611 0.1828890657881758 1.0944867640369387 0.3702932518697066 
708 1.3016521206980611 0.18379134970649286 1.0469654003829532 0.3679798253200465 
709 1.3016521206980611 0.19536233675893272 1.0372185915872825 0.3482420599111879 
710 1.3045816040179619 0.13623549758143455 1.0135512850571753 0.3941813253170351 
711 1.3045816040179619 0.10266125709309906 1.0542593511486602 0.37779473695746935 
712 1.3045816040179619 0.19043656285477278 1.038373172111935 0.3737030343931054 
713 1.3045816040179619 0.21313523152366132 0.9757884025910895 0.40254028526663826 
714 1.3045816040179619 0.21313523152366132 1.03252456614922 0.40024395049980843 
715 1.3066344692260756 0.05571083378270485 1.0856871551275997 0.3653240612033669 
716 1.3066344692260756 0.19199702984985137 0.9111332667355023 0.43978441523974243 
717 1.3066344692260756 0.18891617134643585 1.012231843057903 0.3903172621754345 
718 1.3066344692260756 0.13551462726297375 1.0604958023317685 0.36143199156338623 
719 1.3072521399769474 0.18297040553278934 1.0604179178534565 0.35471416392046023 
720 1.3072521399769474 0.18500334141961744 1.0495313694642365 0.36971457059985824 
721 1.3072521399769474 0.11606112269050661 1.0318763991592714 0.3993669812519245 
722 1.3072521399769474 0.18571949734083856 1.0231391908312155 0.3880712240622375 
723 1.3072521399769474 0.029085765817503675 0.962153079081243 0.42556099655565016 
724 1.3072521399769474 0.13793264029202645 1.0593042911348831 0.3714058774549907 
725 1.3072521399769474 0.1840772688834428 1.0760417568024168 0.36614552722001853 
726 1.3072521399769474 0.09184931488012349 0.9596934466648283 0.42069543940026016 
727 1.3072521399769474 0.07802352468686276 0.9350542053566048 0.4371922813276015 
728 1.3072521399769474 0.03844853315661057 0.9532212575774172 0.4491314153381545 
729 1.3072521399769474 0.20853368726462354 1.0059874251471586 0.39279942516190247 
730 1.3072521399769474 0.09978949978901824 0.9952277741889948 0.40004949457416605 
731 1.3072521399769474 0.045118143687184364 1.0674429923188913 0.34478248958950375 
732 1.3072521399769474 0.28140915824216295 1.0828654120757335 0.3424646173214254 
733 1.3072521399769474 0.08421640689354569 1.0325488589973204 0.3818608235937326 
734 1.3072521399769474 0.13424452719758406 1.0971603980554767 0.3505805923888012 
735 1.3072521399769474 0.0290076805714051 1.0024790786606215 0.43421728013402433 
736 1.3072521399769474 0.028612243148395045 1.0380157941607548 0.4309877342103759 
737 1.3105185763680776 0.19074470599099344 1.0290281080900845 0.40370560874475225 
738 1.3105185763680776 0.1774609642902066 1.1047225073310964 0.3597915255996512 
739 1.3105185763680776 0.11561368242589692 1.0436446289174552 0.39781686841470615 
740 1.3105185763680776 0.0985362379691019 0.9999489683172874 0.43368401978874127 
741 1.3105185763680776 0.19568768194913316 1.0886157342158391 0.38485269806087247 
742 1.3105185763680776 0.1863745990858292 1.0040178647962215 0.4161205276728835 
743 1.3105185763680776 0.07139524454718701 0.9886706677195576 0.43618687258998484 
744 1.3105185763680776 0.19574637290819916 0.974223013630772 0.4286319939728544 
745 1.3105185763680776 0.18328714743284624 0.9969921277523558 0.38743819493062415 
746 1.3105185763680776 0.19532052648253256 0.9634935233965743 0.4464374283148137 
747 1.3105185763680776 0.20526671139688765 1.0158278854489773 0.4028332283025107 
748 1.311304716496095 0.21251767201083693 1.0021890113322591 0.423639113748489 
749 1.311304716496095 0.07081047019006563 1.0277473414636566 0.4142925770823975 
750 1.311304716496095 0.028720400910525825 1.037104381300428 0.41280435677534905 
751 1.311304716496095 0.19089692878226472 1.0965317070994296 0.38242999121123633 
752 1.311304716496095 0.05787219565408565 0.9666363440653074 0.4694380462984342 
753 1.311304716496095 0.1972055817820775 1.0519966461587347 0.3921068723061526 
754 1.311304716496095 0.14676923461829297 1.065073176593858 0.39700222816927866 
755 1.311304716496095 0.14676923461829297 1.0511925115430876 0.36969931715501786 
756 1.311304716496095 0.1845903783829547 0.980568691946204 0.4070539578148066 
757 1.311304716496095 0.18401615639625954 1.026812980757959 0.3936788814110912 
758 1.311304716496095 0.15929957356007712 1.0409698874008975 0.3986518033346761 
759 1.311304716496095 0.12509915024526358 1.093783592790275 0.333126784979416 
760 1.311304716496095 0.19037850570887863 0.9707001620476429 0.401091773475138 
761 1.311304716496095 0.18452498035122614 0.9790349718423161 0.43111333110807254 
762 1.311304716496095 0.16085047375771305 1.0133894440094935 0.4280900442270359 
763 1.311304716496095 0.08853945718851824 1.073976028995245 0.4017621879979202 
764 1.311304716496095 0.1869000814109123 1.0961451687323178 0.3994258258663446 
765 1.311304716496095 0.24508470743385347 1.131797128729042 0.3481053647560718 
766 1.311304716496095 0.18303865871879438 1.100843805661548 0.3812839223530096 
767 1.311304716496095 0.05434145329719162 1.066270474130963 0.40820137399109524 
768 1.311304716496095 0.10014404854696067 1.053225786304813 0.3995281261354655 
769 1.311304716496095 0.21630358280765574 1.090112961291185 0.3750306777282009 
770 1.311304716496095 0.19258122648902318 1.093086402035436 0.3820317638905138 
771 1.311304716496095 0.0326587467290247 0.9432149323540112 0.4872916607011392 
772 1.311304716496095 0.13540464052699114 1.0358231618039797 0.40502080438272164 
773 1.311304716496095 0.18386138631531707 1.0460534658361758 0.3921044099665587 
774 1.311304716496095 0.19012001039177925 0.9905447838581536 0.4401659209757598 
775 1.311304716496095 0.03073050594217033 1.0321961792327852 0.4039745294231401 
776 1.311304716496095 0.08681110171577867 1.0238545909110743 0.41125163688785005 
777 1.311304716496095 0.18207312558681904 0.9834596219923839 0.4344996956444074 
778 1.311304716496095 0.06322815425569274 0.9553146398796204 0.45713465946834986 
779 1.311304716496095 0.15494778745786258 1.0423096312944282 0.4106700714210092 
780 1.3118238077245403 0.14405504222444754 1.0652283355324799 0.39163186948313544 
781 1.3118238077245403 0.029229400767275555 0.9898367131191006 0.43295282409503283 
782 1.3118238077245403 0.06710127343760387 1.0796847402657557 0.3844494878420372 
783 1.3118238077245403 0.19963594644551355 1.0432511078976154 0.39160551817188255 
784 1.3118238077245403 0.17314968318817742 1.0848080136490452 0.3834553757572715 
785 1.3118238077245403 0.18160844085775774 1.1464601198780804 0.34395553227015685 
786 1.3118238077245403 0.032572264945829564 0.9184183533498032 0.45584263307355133 
787 1.3118238077245403 0.16152545214408862 0.9675357714836857 0.41837535979237434 
788 1.3118238077245403 0.1256161086836383 1.0193211953465378 0.4156200206900211 
789 1.3118238077245403 0.18568971965950423 1.031331943399554 0.4140758244803751 
790 1.3118238077245403 0.1100664041075359 1.0412886310835838 0.4232053223354319 
791 1.3118238077245403 0.05850080647010911 0.9686022478343617 0.46465102798999114 
792 1.3118238077245403 0.19674495589422794 1.075687776389663 0.3970898518128366 
793 1.31529689391223 0.03925024049652977 0.9870984587787397 0.451854899520621 
794 1.31529689391223 0.1914719455998963 1.0869317968752255 0.36762362584034863 
795 1.31529689391223 0.18568890020028245 1.0820013138108726 0.36783256061994946 
796 1.31529689391223 0.2827325637313575 1.0925594441294502 0.3325262105056373 
797 1.31529689391223 0.028648691429201352 0.9958496165556159 0.41468203216621574 
798 1.31529689391223 0.1865477579815161 1.0495626794191912 0.36052362377079566 
799 1.31529689391223 0.03875736053623874 1.0410836909188361 0.41516044115661316 
800 1.31529689391223 0.06643689185813383 1.0374301313784964 0.41282654129976293 
801 1.31529689391223 0.18579126776803695 1.0863196022016723 0.3531635190729177 
802 1.31529689391223 0.18391250693515165 1.1172714166257 0.2948241914094688 
803 1.3161533262256662 0.08004039643295803 1.004576051151331 0.39497291642253757 
804 1.3161533262256662 0.20175332342650643 1.010954167206993 0.39168082436677765 
805 1.3161533262256662 0.1367212911094008 1.0432856807388502 0.4118807498337173 
806 1.3161533262256662 0.04940198104694148 0.9944075835198464 0.4140993788535498 
807 1.3161533262256662 0.05634129654852481 1.0912715807171183 0.36367994946445475 
808 1.3161533262256662 0.23215139893954184 1.0065262039748104 0.3893748891494463 
809 1.3161533262256662 0.18080890564859572 1.0548991787432274 0.358217913944361 
810 1.3161533262256662 0.09151677925894647 1.0402694132062098 0.39200770629977927 
811 1.3161533262256662 0.16677574070084888 1.0050328356567433 0.45486842951931133 
812 1.3381794092157577 0.041997497004022125 1.0491563001061697 0.41854776336585175 
813 1.3381794092157577 0.1250889572730184 1.0743758500069125 0.3849073130406471 
814 1.3381794092157577 0.11601088075254 0.9991765711965903 0.3990269675413886 
815 1.3381794092157577 0.04238285945696814 1.0087595112149523 0.43438430010576723 
816 1.3381794092157577 0.18431782740499314 0.9822429809807188 0.41023949511019075 
817 1.3381794092157577 0.18823040866456106 1.0159063280814922 0.3921534249158827 
818 1.3381794092157577 0.09350780774339981 0.9389472219911225 0.44111336486304836 
819 1.3381794092157577 0.3747816801634245 1.1629647250604982 0.2971032683201862 
820 1.3387665017023251 0.15293621807401034 1.1544567920201687 0.3492550723305732 
821 1.3387665017023251 0.04899258057951078 1.0051497532373048 0.42819246464973215 
822 1.3387665017023251 0.18132707685067376 1.0171300882888492 0.4095493770663012 
823 1.3387665017023251 0.18565917152703013 1.0537743764987977 0.42190915676857565 
824 1.3387665017023251 0.11651883151763855 1.011099558350573 0.4289355958582975 
825 1.3387665017023251 0.11115898985595672 1.0424031563588465 0.4455717028482741 
826 1.3387665017023251 0.09576255514498337 1.056960294846666 0.42684224302640705 
827 1.3387665017023251 0.1902858658010429 1.1110020439136685 0.37397499838780296 
828 1.3387665017023251 0.03266886582399444 1.0150821759767177 0.438180467391553 
829 1.3387665017023251 0.046383378826059335 1.0176477658920984 0.4317431758983007 
830 1.3387665017023251 0.19391543235966205 1.1107933096291416 0.3276996092395601 
831 1.3387665017023251 0.03870693595854348 0.9882188818309572 0.43771023298573536 
832 1.3387665017023251 0.23371500912516266 1.141341389076537 0.34029785552688707 
833 1.3387665017023251 0.18473231543670096 1.094371487885299 0.3974232863391446 
834 1.3387665017023251 0.10620566177264916 1.0572265799391367 0.43322485082525003 
835 1.3387665017023251 0.21266342214267572 1.1028666831835006 0.3700405843025666 
836 1.3387665017023251 0.060640125847147806 1.101461307099157 0.37046066869545063 
837 1.3387665017023251 0.22411351352588066 1.0693442124802774 0.37471055517790214 
838 1.3387665017023251 0.10493634732329604 1.0399376792878856 0.39073052566228333 
839 1.3387665017023251 0.10183264813520321 1.0362305172724988 0.41282264570688254 
840 1.3387665017023251 0.06917489675920079 1.0148187712881624 0.38711966332034153 
841 1.3387665017023251 0.21289015947539464 1.0882091924304484 0.36876993431927196 
842 1.3387665017023251 0.08982271732658693 1.050445944335985 0.4246233035219909 
843 1.3387665017023251 0.05735035650944827 1.085378590472969 0.4090099292524183 
844 1.3387665017023251 0.21417293422123546 1.1349739269550123 0.3445962089549103 
845 1.3387665017023251 0.1828529960528568 0.9525171210766522 0.4686289866803068 
846 1.3387665017023251 0.18934823794680453 1.1076529072719585 0.3470930284919659 
847 1.3387665017023251 0.18520406316340834 0.99874050032456 0.399473746909037 
848 1.3387665017023251 0.030388092294087038 0.9672243777098607 0.4886521955948313 
849 1.3387665017023251 0.06281215861792033 1.0020228756288985 0.43430428433278123 
850 1.3387665017023251 0.06433643208679113 0.9861014973849838 0.4270208831362666 
851 1.3871962618967713 0.08911072308989136 1.115646571408054 0.34867751701754296 
852 1.3871962618967713 0.05576183674197622 1.079834077024961 0.4077608537901022 
853 1.3871962618967713 0.22842365959707997 1.1108323198233465 0.357928871254383 
854 1.3871962618967713 0.23178432621517472 1.20635862726874 0.27420706797165506 
855 1.3871962618967713 0.18616639531113802 1.076861874098533 0.4009008467012281 
856 1.3871962618967713 0.09069241735597006 1.0692171260886052 0.4309850073265036 
857 1.3871962618967713 0.06128431150736829 0.965874496099637 0.4388491518423783 
858 1.3871962618967713 0.037945549854336784 1.044198649536254 0.44659727492598145 
859 1.3871962618967713 0.21031373876285436 1.143396076935529 0.3873602592038538 
860 1.447988678826104 0.1935448787601928 1.1597706110566866 0.40370646830482015 
861 1.447988678826104 0.05048785044008393 1.0249350636192442 0.48391866873923517 
862 1.447988678826104 0.14266704638685399 1.081015183584952 0.44461925640552774 
863 1.4492218236192642 0.18355611518051723 1.0563921480625764 0.4454085676314446 
864 1.4492218236192642 0.1351560255990945 1.1131511323012586 0.4300326329912005 
865 1.4492218236192642 0.04932424011354693 1.1426289044247848 0.43268889824940227 
866 1.4588747521459882 0.11858863634194569 1.1560696570711981 0.46007935323386023 
867 1.4588747521459882 0.09725270489468314 1.1708620519955086 0.45186425475347736 
868 1.4588747521459882 0.18434143860697685 1.2272337982173787 0.41854131152401247 
869 1.4588747521459882 0.07416872412714542 1.212580877043085 0.4446570465102728 
870 1.4588747521459882 0.13944108011995715 1.2223227694931718 0.39694295736976026 
871 1.4588747521459882 0.12005759835419479 1.141439810739284 0.42337368433926753 
872 1.460062006314936 0.15771026810099 1.1476057074928117 0.43770525536676447 
873 1.460062006314936 0.18291365371488263 1.2187632878003087 0.4069386313450624 
874 1.460062006314936 0.28795190737423393 1.176039699231078 0.4140458861291799 
875 1.460062006314936 0.2123705968168968 1.2607705646132383 0.40110556249532614 
876 1.460062006314936 0.0667013696496578 1.1896610848423415 0.458952178381834 
877 1.460062006314936 0.18251992820269455 1.2316987535362 0.4023465070189614 
878 1.460062006314936 0.12651815789807375 1.1274051786206722 0.4687150955447651 
879 1.460062006314936 0.19464498741498684 1.1232803113882306 0.46389926603357373 
880 1.460062006314936 0.08663140344736135 1.141534860013337 0.4767464660494984 
881 1.460062006314936 0.05812136214219821 1.0626846264376761 0.516463373218701 
882 1.460062006314936 0.1151304822094309 1.160567813633262 0.4491285996267122 
883 1.460062006314936 0.1921725226475595 1.1082814036674475 0.47279919288362554 
884 1.460062006314936 0.20829229444454606 1.1305085846004064 0.43426087759671184 
885 1.460062006314936 0.21862931756011933 1.1558521870919645 0.4198853745239638 
886 1.460062006314936 0.19133672830463028 1.0895066381492562 0.4588082171372256 
887 1.460062006314936 0.18316838861350812 1.13850124024566 0.42344101419788355 
888 1.460062006314936 0.10868177529996931 1.1057475826015306 0.43875262902937784 
889 1.460062006314936 0.2451821904944271 1.098791045005485 0.41151938862094495 
890 1.4731225065859253 0.19912085598441664 0.9989581319629042 0.4864561610930592 
891 1.4731225065859253 0.2244046205348978 1.1176164888572124 0.4538385777374639 
892 1.4731225065859253 0.09177444816689502 1.0748584234727074 0.4737441568971317 
893 1.4731225065859253 0.19877733340905987 1.0989391992769026 0.45448610122705585 
894 1.4749296220671064 0.35294112735516525 1.2883920972752243 0.31811109839121204 
895 1.4749296220671064 0.15434895485115138 1.2336016889843078 0.40744962925677214 
896 1.4749296220671064 0.05697467655110658 1.1908405893878489 0.42800678759072824 
897 1.4749296220671064 0.038183484680104136 1.171334713979916 0.4574755089564103 
898 1.4749296220671064 0.07382929849194216 1.1199050138605884 0.4749088057324824 
899 1.4749296220671064 0.2173054602927872 1.2137834423939815 0.40500792571906624 
900 1.4749296220671064 0.15157123865379488 1.2012813435360337 0.43623013011626427 
901 1.4749296220671064 0.14857990908051008 1.1754916016079247 0.4542202764270088 
902 1.4749296220671064 0.15239675768753197 1.1779050026789109 0.46542913748181913 
903 1.4749296220671064 0.05203735461082914 1.0723171312691522 0.5192989845810264 
904 1.4892143701250466 0.2364104114612208 1.105686457065515 0.45926438710004697 
905 1.4892143701250466 0.2364104114612208 1.1985338857269163 0.39655179420020414 
906 1.4892143701250466 0.13422941095680785 1.0968830727262948 0.47346915949547175 
907 1.4892143701250466 0.21377512288910208 1.1824187929166095 0.4164122787417477 
908 1.4892143701250466 0.1795196068262068 1.088143142814198 0.476519270226297 
909 1.489922188302415 0.19742121722162817 1.1035353055018768 0.46307846421396076 
910 1.489922188302415 0.07203313175690458 1.2397512173243561 0.402267562927742 
911 1.489922188302415 0.18926194348797445 1.2181019812321066 0.4152956194227269 
912 1.489922188302415 0.11720969265721447 1.0832472746956958 0.48115390676183717 
913 1.489922188302415 0.06011614801480048 1.098108347924632 0.5026124675426906 
914 1.489922188302415 0.04659468887960768 1.1666441842684492 0.45861943854294435 
915 1.489922188302415 0.250513158583969 1.2450214390803962 0.3636479563579262 
916 1.4919006155387962 0.05315290348171341 1.099125538433899 0.5066154468982791 
917 1.4919006155387962 0.05094507889823154 1.1795084967596752 0.4986572788336468 
918 1.4919006155387962 0.18769992615656803 1.213582522097505 0.4730798265368794 
919 1.4919006155387962 0.18874705199461697 1.2432687246582241 0.4372791886535069 
920 1.4919006155387962 0.18227216024853676 1.2747365735243426 0.43312676506220066 
921 1.4919006155387962 0.18152930422864902 1.1458224114143858 0.4935396272419848 
922 1.4919006155387962 0.1147238329744302 1.2575747776530644 0.41906022761443507 
923 1.4919006155387962 0.1991584673366231 1.3198770685962142 0.3676308697336115 
924 1.4919006155387962 0.053413483876005016 1.2478926695103008 0.4327348388065423 
925 1.4919006155387962 0.1848795697973881 1.22499907678809 0.4578540928464086 
926 1.4919006155387962 0.030011489676204102 1.1634175772894686 0.5066478654117113 
927 1.4919006155387962 0.13447470903177502 1.2294981716395774 0.4409578812228731 
928 1.4919006155387962 0.06355060281501022 1.1892930375132322 0.47100251005147 
929 1.4919006155387962 0.20110049197533686 1.2144278866379261 0.45547760491819284 
930 1.4919006155387962 0.0592483485352239 1.116591253327259 0.5369236426917559 
931 1.4919006155387962 0.09738789816944333 1.1085538045903744 0.5205292262891915 
932 1.4919006155387962 0.13486909536257166 1.1585916559638267 0.5100692999909711 
933 1.4919006155387962 0.03524821413402251 1.134080336949079 0.513695877342743 
934 1.4919006155387962 0.04046397489159591 1.1466853696758899 0.4806108548483303 
935 1.4919006155387962 0.18296171732479352 1.1551361570949663 0.4810897687993647 
936 1.4919032105338341 0.07853537571028615 1.1080772839767818 0.5342122001076842 
937 1.4919032105338341 0.1892905306408523 1.202845529676068 0.4752203883419946 
938 1.4919032105338341 0.2146945599199831 1.2290015471606124 0.44226360664969866 
939 1.4919032105338341 0.18946789912327974 1.1631533215478833 0.4823462076860348 
940 1.4919032105338341 0.19056239573313719 1.243885741973055 0.43007951737236616 
941 1.4919032105338341 0.045262985580460574 1.2386298045988142 0.42722026780693567 
942 1.4919032105338341 0.03092705860733786 1.3261829588299752 0.37644114694497505 
943 1.4919032105338341 0.09076613173030583 1.239361947848526 0.4370067381511603 
944 1.4919032105338341 0.18507721119415144 1.1802638016339229 0.47704147790205503 
945 1.4919032105338341 0.09850049503998572 1.1076488570930034 0.48728956781015426 
946 1.4919032105338341 0.20225826996078172 1.1763154925881991 0.44531351624723337 
947 1.4919607426083998 0.18706440410308417 1.1231791013062387 0.4565946392514702 
948 1.4932635235369671 0.05530554357169937 1.0835305917974105 0.5251528255619773 
949 1.4943767661806209 0.1818035093101247 0.9903110411763397 0.5484851308017342 
950 1.4980297805048175 0.029192445613805972 1.1201752342049949 0.5223966101985881 
951 1.4980297805048175 0.18954901388986442 1.2040835003755077 0.4415740620182641 
952 1.4980297805048175 0.06789800998003986 1.1331765678871446 0.466864907239705 
953 1.4980297805048175 0.13852426525308248 1.1061929698885082 0.4599793248004298 
954 1.4981623206972925 0.08539863836923982 1.212337580071046 0.4435135009478508 
955 1.4981623206972925 0.10175605314447098 1.2049643287777152 0.43794890548922244 
956 1.4981623206972925 0.19315001705460488 1.1259434343957457 0.46066137913516114 
957 1.4981623206972925 0.09560639547764409 1.187080680650258 0.46929447833835947 
958 1.4981623206972925 0.21577101317110645 1.304100124395301 0.355480326947175 
959 1.509089644282308 0.038485740527793515 1.1966873919448362 0.4842098496140365 
960 1.509089644282308 0.05736210633720973 1.109755004344355 0.5343425805277555 
961 1.509089644282308 0.26592428476868457 1.2255378569248048 0.4312998138238255 
962 1.509089644282308 0.207846287822964 1.128796381278674 0.5043260508172234 
963 1.509089644282308 0.18387290230555883 1.2167849893839482 0.4557263196319542 
964 1.509089644282308 0.05867007914752766 1.1815547755495843 0.4969313227529856 
965 1.5093002952277457 0.05464479714431246 1.1846013692366357 0.4836850616659418 
966 1.5093002952277457 0.1852070260451412 1.1779956654026373 0.4723258729158321 
967 1.5093002952277457 0.07810610068240591 1.0965684075385769 0.5266118054149943 
968 1.5093002952277457 0.1813857905372813 1.1908338580139601 0.4542106461392094 
969 1.5093002952277457 0.18135407809536216 1.083887702643963 0.51397760934865 
970 1.510617342422052 0.043612924374980946 1.1217269787082333 0.4813011149127455 
971 1.510617342422052 0.18805837249796692 1.0876276889932137 0.513476695239941 
972 1.510617342422052 0.051975770944634445 1.1290851955397387 0.4680382953924734 
973 1.510655621906104 0.04789486891864675 1.1952073667053449 0.43674841004439213 
974 1.510655621906104 0.3353299208014031 1.2694467124090154 0.3326696736329791 
975 1.5133941084680211 0.02823163857767122 1.1407053083467649 0.4873727641506334 
976 1.5133941084680211 0.08635750537677354 1.1692234051561012 0.482741857140309 
977 1.547311548666402 0.21444467871292197 1.1367740612480188 0.4716810314591368 
978 1.547311548666402 0.2363586268865179 1.2246270884186077 0.42802733799587883 
979 1.547311548666402 0.09311263263815987 1.2114262390320283 0.45709520784973406 
980 1.547311548666402 0.1054817721723789 1.2198464518663241 0.4261904507915915 
981 1.556103003533608 0.13873266222332128 1.107410797202015 0.5132945648828328 
982 1.556103003533608 0.183321293988556 1.0716523081796288 0.5328190196466646 
983 1.556103003533608 0.17303508501179524 1.0495488529054424 0.5088473956003202 
984 1.556103003533608 0.19863250933641102 1.099592125834847 0.5044906678738048 
985 1.556103003533608 0.19442644945679524 1.1842141176118894 0.5284141496897211 
986 1.6186739414785716 0.06165948366040513 1.1596767425222234 0.5503560966417645 
987 1.6186739414785716 0.15891414920509442 1.1442759311011215 0.5037944096180903 
988 1.6186739414785716 0.18573656363193 1.1948821212104186 0.47934450271334567 
989 1.6186739414785716 0.059754970564753714 1.324667812110028 0.432948615358587 
990 1.6384008163664918 0.19161701633552117 1.3387621215957817 0.44286363337173607 
991 1.6384008163664918 0.18634164664042807 1.2283244943090574 0.5137525276652275 
992 1.6384008163664918 0.18108626675307632 1.1783607932424973 0.5333880413591682 
993 1.6384008163664918 0.19872731824476358 1.277496508488578 0.5164715052655553 
994 1.6384008163664918 0.16604079347151485 1.2350523809993361 0.560016798776078 
995 1.6384008163664918 0.19210935039320995 1.206355689458816 0.5640241865761813 
996 1.6384008163664918 0.18843930953463375 1.2271644123293508 0.5319181949657145 
997 1.6384008163664918 0.186388200259537 1.072472756873334 0.5626040518725218 
998 1.6384008163664918 0.06968332831918517 1.2865558654914442 0.5011152595974647 
999 1.6384008163664918 0.2144392956962743 1.3358519284488515 0.4724106060290783 
