0 0.3786211539740429 0.18855149388283415 0.32000763953081673 
1 0.3786211539740429 0.19390550597039288 0.33293767356839654 
2 0.3786211539740429 0.18787799244443323 0.3059209084044821 
3 0.3786211539740429 0.2132162131853877 0.33189825636626213 
4 0.3786211539740429 0.05651688431091613 0.2988790259103057 
5 0.3786211539740429 0.10369915301021013 0.32568403147446356 
6 0.3823458342072584 0.19312630944242246 0.3288147095397305 
7 0.3823458342072584 0.14956832774084067 0.326229091005714 
8 0.3823458342072584 0.21131062883892776 0.3507597528997912 
9 0.3848514787491111 0.3307477712050219 0.37052664888768155 
10 0.39681879692694605 0.3251174121529719 0.3761451530921179 
11 0.39681879692694605 0.29622689780471867 0.3731513394223626 
12 0.4303188571318708 0.3418529880646544 0.3805718627332822 
13 0.43680997298441904 0.2260950228153879 0.37220639936097 
14 0.43680997298441904 0.16316548684050822 0.3602612937217713 
15 0.43680997298441904 0.07939990023788623 0.3610867454257955 
16 0.43969643610866616 0.22515037355322973 0.38201695906008576 
17 0.43969643610866616 0.192985453867675 0.3814766786354731 
18 0.43969643610866616 0.2771696236276005 0.40852562982026575 
19 0.4420745296883879 0.02924798819690494 0.3915695266493497 
20 0.4420745296883879 0.26724562768001925 0.41705475453843066 
21 0.4420745296883879 0.18452495790966997 0.3938575707838944 
22 0.4420745296883879 0.1832421317477983 0.4113328263752728 
