0 0.3786211539740429 0.08623164479283651 0.2611766167073497 0.059084714492701536 
1 0.3786211539740429 0.08623164479283651 0.2634464181581077 0.06625598987313223 
2 0.40908266373298874 0.08623164479283651 0.2632473618964287 0.06847633624470306 
3 0.40908266373298874 0.029190887371341734 0.2615247382892808 0.07550131170105283 
4 0.40908266373298874 0.058759557951655196 0.2732595693626775 0.07272087025243548 
5 0.4161106688465876 0.09784586917051583 0.2839206843286047 0.08089454862046923 
6 0.4161106688465876 0.15945918879357227 0.2898471711081895 0.08129700225948017 
7 0.41767322574392635 0.18436041892385988 0.30603747441886303 0.07602961271207079 
8 0.42887792590855306 0.09071720912765124 0.3143690173590152 0.08479244152424925 
9 0.42887792590855306 0.030536812977990394 0.3044504700599472 0.10114489939692185 
10 0.42887792590855306 0.030536812977990394 0.3190713924097293 0.09032986160732347 
11 0.42887792590855306 0.030826773318612773 0.3167824737744627 0.09447629763232102 
12 0.42887792590855306 0.030826773318612773 0.31452650252999914 0.08987385744541998 
13 0.42887792590855306 0.03750678676994278 0.3082012421728256 0.10107508399615862 
14 0.42887792590855306 0.03750678676994278 0.32424947740109283 0.09008696622699362 
15 0.42887792590855306 0.03750678676994278 0.30748591717882806 0.09958176444313104 
16 0.42887792590855306 0.04896118237304319 0.30282299871296364 0.09086863728034486 
17 0.42941399671402036 0.04896118237304319 0.31548454303514056 0.08868146281463553 
18 0.42941399671402036 0.05647161908279611 0.3258588073174016 0.10234952402928539 
19 0.42941399671402036 0.030032283623887112 0.2995530939882334 0.10591892385966305 
20 0.42941399671402036 0.07702020085298274 0.3269138545857802 0.09486601713641905 
21 0.42941399671402036 0.08876738695813198 0.31591786655116844 0.09635099802500231 
22 0.42941399671402036 0.049654397819414525 0.3097033791943896 0.09855929957270682 
23 0.43075000479555453 0.0317748641554123 0.32215508890272376 0.12164659210110654 
24 0.43075000479555453 0.029234791005221354 0.30527686644271196 0.1351157035670529 
25 0.43075000479555453 0.029234791005221354 0.29366328997077795 0.13795217058646414 
26 0.43075000479555453 0.03110474104322202 0.29496343603606207 0.12684960377977375 
27 0.43602279529732524 0.034530135591657525 0.3147766108525403 0.1259989804279311 
28 0.43602279529732524 0.034530135591657525 0.3319328653384929 0.11977667176747765 
29 0.43602279529732524 0.03682393931285725 0.35439374833558906 0.10068731865257584 
30 0.43683457370121753 0.028169842175461736 0.35965498052121114 0.08934865140654392 
31 0.43683457370121753 0.17701144288293172 0.36022683526519556 0.07381259354445091 
32 0.43683457370121753 0.17701144288293172 0.3672652292334998 0.06917281148798356 
33 0.43683457370121753 0.03612651810754141 0.33244726506288086 0.11049790153170522 
34 0.44232262182486415 0.04925946868251859 0.3659694293130443 0.08668598458161991 
35 0.44232262182486415 0.05334022546795286 0.37050834697252255 0.08920495257597108 
36 0.4533392509570756 0.03687033017882362 0.35604826949970764 0.10547492586126032 
37 0.45400476474052415 0.035049357564002154 0.3378045723604432 0.10889908685576878 
38 0.45737772757879885 0.0756638946539046 0.36854259812211543 0.09100222773270075 
39 0.45737772757879885 0.05538980316141932 0.3786154548627322 0.09484097690593273 
40 0.45737772757879885 0.05596139629733709 0.36461430561295055 0.09876733701277712 
41 0.45737772757879885 0.05596139629733709 0.37589908253245985 0.10194570428971059 
42 0.45888883134183134 0.05596139629733709 0.39961823124124735 0.08261889637950322 
43 0.45888883134183134 0.03164638584736684 0.39368861473436334 0.09556439696624425 
44 0.45888883134183134 0.03164638584736684 0.38786283526887405 0.09819548480990983 
45 0.45888883134183134 0.03364849493052684 0.3711944114345371 0.10137669991676143 
46 0.4697007942160106 0.033863622520638785 0.36069944686646327 0.11717005917033317 
47 0.47336806567673834 0.11923410988046325 0.3692403780413401 0.10169702329543481 
48 0.47336806567673834 0.08717058461292009 0.370997143734871 0.10702443185216758 
49 0.47336806567673834 0.09532333527863941 0.3859708777408621 0.10069566231841534 
50 0.47336806567673834 0.06448349990491145 0.3807333853230594 0.1049046318437198 
51 0.4739176906689446 0.04809181997870649 0.36374893189246976 0.1255472181248126 
52 0.4739176906689446 0.09532333527863941 0.3663863465561898 0.114034484803888 
53 0.4739176906689446 0.06607993054834362 0.3826007485232703 0.10729604817799315 
54 0.4776745212828185 0.045004936091075115 0.3729821109914224 0.11317832693096985 
55 0.47876414934527795 0.04921235739539502 0.3695639905122462 0.12174294658299697 
56 0.47876414934527795 0.03419138363480646 0.36619103171668893 0.12210430479061862 
57 0.48996002670742006 0.06553850110058217 0.3680824916129147 0.12948280059565617 
58 0.48996002670742006 0.04897197561098098 0.37880251508333934 0.1277217486597374 
59 0.48996002670742006 0.04897197561098098 0.36801971333509825 0.14593758970750875 
60 0.48996002670742006 0.04503829590326831 0.36085294852808547 0.14002379258428707 
61 0.48996002670742006 0.07326762755567091 0.3965582897067281 0.10866167240365139 
62 0.48996002670742006 0.10642852727668667 0.4057409163780769 0.09709239889638017 
63 0.5039002718544319 0.11777923801354594 0.41998150865429795 0.0923362473507561 
64 0.5039002718544319 0.03902616161950066 0.3989584325835485 0.11868662051725376 
65 0.5213817456332179 0.04550805677212923 0.402133739376806 0.12476666485960544 
66 0.5213817456332179 0.08751754256963018 0.405733370845871 0.10015054779761051 
67 0.5213817456332179 0.041867172395330526 0.3767010223492543 0.12769450323511308 
68 0.5213817456332179 0.04118790320284859 0.3836452186841317 0.13520915232937716 
69 0.5213817456332179 0.04118790320284859 0.3736955217324694 0.15169747421908608 
70 0.5303842745998651 0.040813055759846055 0.3735980154651027 0.16078125462497647 
71 0.5303842745998651 0.040813055759846055 0.40461479096172437 0.14813631126088958 
72 0.5303842745998651 0.07007784514615062 0.4242759211367844 0.1194758856155841 
73 0.5303842745998651 0.07007784514615062 0.406744412482524 0.12926477998903885 
74 0.5303842745998651 0.18256679601681636 0.4089446518165476 0.11571577863385053 
75 0.5303842745998651 0.1631327223162004 0.43483667226343037 0.10136394024418607 
76 0.5303842745998651 0.057465536320893434 0.42913782707326964 0.12315494063874115 
77 0.5313316639045601 0.058109604712051594 0.41618117867322896 0.12544756324189194 
78 0.5313316639045601 0.058109604712051594 0.40998960574786947 0.12760394997037147 
79 0.5313316639045601 0.15000348725455553 0.40962518076686977 0.11953300754002469 
80 0.5313316639045601 0.19322812036932424 0.4264063547594877 0.1066961730923557 
81 0.5313316639045601 0.05454467674882387 0.40135227075041524 0.12236095313104944 
82 0.5449257601136709 0.06387158745977649 0.43591944912536207 0.11045815013386656 
83 0.5740050054222248 0.06387158745977649 0.42447471505299994 0.12616027993604031 
84 0.5740050054222248 0.08705193657258832 0.41995758789160625 0.13564515400280555 
85 0.5740050054222248 0.0867241221023379 0.42147319370972924 0.1318174790842716 
86 0.5740050054222248 0.05749753797878893 0.4285727810791765 0.135031680536686 
87 0.5740050054222248 0.06128200930912921 0.40653257738261106 0.12922568263877982 
88 0.5740050054222248 0.09811965574685468 0.4242091202243622 0.122635796400808 
89 0.5740050054222248 0.07606171353571925 0.42668767996683904 0.1275776835803755 
90 0.5740050054222248 0.07782473181444521 0.4482389440234063 0.12055163839037769 
91 0.5740050054222248 0.04389412698680394 0.4639451008448589 0.1112729093439197 
92 0.5935877813145047 0.04389412698680394 0.44412954278087646 0.15217096040846462 
93 0.5935877813145047 0.04389412698680394 0.44111947160724274 0.1698606702627409 
94 0.5935877813145047 0.034390354499477006 0.4278833614449971 0.1821420512077537 
95 0.5969913383589637 0.029264422511976737 0.39398845814312594 0.1941399821283322 
96 0.5969913383589637 0.029264422511976737 0.3999534348475039 0.19407052549536796 
97 0.5969913383589637 0.029264422511976737 0.43839283297528 0.19246125221140106 
98 0.5975883792415493 0.03368784391606951 0.4329566235015829 0.1748539053803159 
99 0.5975883792415493 0.038857152914253824 0.411001423194268 0.1935112896712652 
100 0.6160450609716255 0.04628575872020379 0.4181018954418254 0.1852679202800228 
101 0.6160450609716255 0.05116956851838632 0.3991500330373474 0.189209879321913 
102 0.6336460329004562 0.04858912586243613 0.3889064115490414 0.2073063011579738 
103 0.6502683112666608 0.04765444936205657 0.4121172429512236 0.20313497322596027 
104 0.6502683112666608 0.03416989707257358 0.4572643308339174 0.1813020352318391 
105 0.6502683112666608 0.03416989707257358 0.40557523768695697 0.20941141989421816 
106 0.6502683112666608 0.047752720109669335 0.45188620268442914 0.19616126874474885 
107 0.6502683112666608 0.0403410701019313 0.43804997409475666 0.19990601552304837 
108 0.6502683112666608 0.036890236074689074 0.42873464533406186 0.2135858694944923 
109 0.6502683112666608 0.053466806630471556 0.44222363984030344 0.20204013892187564 
110 0.6538943742808567 0.04342488249031783 0.44276330822035703 0.21844908326082893 
111 0.6605162058023534 0.03449372375013117 0.41857788212103064 0.2182018856921668 
112 0.6607650195175251 0.045345055748689495 0.4115249925040682 0.23027274395294936 
113 0.6607650195175251 0.05501885889887121 0.41527804797117895 0.21918327887646044 
114 0.7003132403543997 0.03904569890931218 0.4434068218518513 0.20636034632511194 
115 0.7003132403543997 0.035756571416030315 0.4344699569627135 0.20784263876282846 
116 0.7003132403543997 0.035756571416030315 0.4834834952644115 0.1871249157831219 
117 0.7037117298612089 0.035756571416030315 0.43185531276695954 0.18375205002861278 
118 0.7037117298612089 0.07219840712955117 0.4414416025191781 0.18653517304856673 
119 0.7037117298612089 0.17658775832308418 0.4433884627015514 0.188355225139544 
120 0.7060526036480724 0.17115848980151654 0.4415058591081091 0.1878114965447731 
121 0.7060526036480724 0.08673853681278607 0.4803355364036322 0.18332869783199765 
122 0.7060526036480724 0.05121977423856317 0.4914957300030123 0.19591502142302764 
123 0.7060526036480724 0.03523174212877694 0.47369184339374826 0.2272248718421384 
124 0.7060526036480724 0.04484272306794073 0.4712197828129166 0.21589799731522408 
125 0.7092194082581019 0.05083235922364627 0.4965996593961561 0.19516576704306832 
126 0.7094068358613457 0.1583531526742608 0.4988767433550493 0.18680298627589978 
127 0.7094068358613457 0.03476086348441489 0.47340089257626333 0.1870418226727422 
128 0.7164873473535714 0.03271040068872284 0.4742805456234962 0.19576328490476094 
129 0.7164873473535714 0.034416868397193906 0.4897403576368088 0.19053271207965355 
130 0.729772160952379 0.060377980791127564 0.4944300020218805 0.20012195949800365 
131 0.729772160952379 0.060377980791127564 0.4414576997733718 0.20062215027164682 
132 0.729772160952379 0.051029250215411895 0.42600884757961577 0.2320621167711952 
133 0.729772160952379 0.03708561788809654 0.4407475171819118 0.2337231950080777 
134 0.729772160952379 0.03708561788809654 0.45278909828002006 0.2365548289205206 
135 0.729772160952379 0.039909214362807026 0.517673847826947 0.21767351477129154 
136 0.7302042021918645 0.06486898315165983 0.5107524337128276 0.19697175858468596 
137 0.7302042021918645 0.06790410804634088 0.5074533886263359 0.21351432148283242 
138 0.7302042021918645 0.06790410804634088 0.5043438175048327 0.23702936495885002 
139 0.7385798876895929 0.06790410804634088 0.514675835370669 0.22458369492615865 
140 0.7385798876895929 0.06201211038619569 0.5011794183869764 0.23113277289564557 
141 0.7385798876895929 0.06556693518884871 0.5413291801444365 0.21528957538050345 
142 0.7385798876895929 0.06346017095209676 0.48754559367421907 0.24566186406589474 
143 0.7385798876895929 0.0596750189094091 0.5089439635616333 0.2408843713519761 
144 0.7385798876895929 0.0596750189094091 0.4800169246255716 0.2507429770790529 
145 0.7385798876895929 0.06391537059738171 0.4916131145052559 0.2278814442504063 
146 0.7385798876895929 0.07663202498055333 0.5352523241826359 0.21815084674987353 
147 0.7385798876895929 0.11894502780944205 0.5920345878436323 0.19401132400678453 
148 0.7385798876895929 0.11894502780944205 0.57132064511377 0.2138394648361607 
149 0.7397883721500207 0.055092706438974806 0.5838051627887842 0.2147780041854216 
150 0.7397883721500207 0.09914417690991591 0.5655955727157912 0.20211885823336873 
151 0.7397883721500207 0.09914417690991591 0.5429002827571374 0.21673051315820385 
152 0.7397883721500207 0.03618429137172086 0.517698722428101 0.23781949389407184 
153 0.7397883721500207 0.03618429137172086 0.5169965774417227 0.23725144996944159 
154 0.7419519683035035 0.03618429137172086 0.564683411552023 0.21521718888226507 
155 0.7419519683035035 0.03609390081675027 0.5096641031103217 0.2146612529647758 
156 0.7419519683035035 0.04001120562845142 0.5391170928246318 0.20122302211471635 
157 0.7419519683035035 0.037010836631108913 0.5534690742965558 0.1902686807910997 
158 0.7419519683035035 0.09923671803967724 0.5892750655536497 0.17892984300405107 
159 0.7419519683035035 0.069106554825108 0.5683183238242744 0.19510514804808085 
160 0.7421189286332305 0.10710674906620898 0.5566727479856085 0.19477529272637947 
161 0.7423986630928627 0.0492526453347446 0.550461449208467 0.1972000444937228 
162 0.7423986630928627 0.07070992502534783 0.511439120792825 0.22006649663534247 
163 0.7423986630928627 0.07070992502534783 0.5104186500212249 0.20476999189554163 
164 0.7468709388498221 0.058917304990001765 0.48929191144195777 0.22535206143420952 
165 0.7468709388498221 0.058917304990001765 0.5349640910384394 0.18761131898475095 
166 0.7468709388498221 0.05596105101345753 0.5106679202255539 0.20283334891176705 
167 0.7486443145872917 0.03611000739013681 0.49639749090117513 0.20490325507046356 
168 0.7600475603027437 0.17945111672743988 0.5123242578714827 0.22575737659440764 
169 0.7600475603027437 0.18877448624358037 0.5132463212256995 0.2232271701250945 
170 0.7600475603027437 0.03287897915375085 0.49639666698999674 0.22947031585695243 
171 0.7600475603027437 0.032770039223875766 0.5658777507527092 0.231666982509591 
172 0.7752617455193364 0.0329372621130747 0.5495322056264867 0.22795128847276078 
173 0.7752617455193364 0.0329372621130747 0.5409265376154235 0.23000780674754467 
174 0.7752617455193364 0.03075903765238762 0.5214196213617398 0.23570050969957923 
175 0.7752617455193364 0.03075903765238762 0.513860607630228 0.2230892880320644 
176 0.7752617455193364 0.07984486863296003 0.5176952639575908 0.22645099778422217 
177 0.7752617455193364 0.11731680502813013 0.494080565995415 0.23842943788891563 
178 0.7752617455193364 0.07918500976459908 0.45896838304947046 0.25893283679685175 
179 0.7752617455193364 0.06029435847165476 0.45939728293763954 0.25513014347871865 
180 0.7792879705858463 0.06029435847165476 0.4772719929501996 0.25647202926342993 
181 0.7792879705858463 0.07918500976459908 0.5010131097028535 0.23547482768164082 
182 0.7792879705858463 0.09944491333482283 0.549359729975318 0.20778849123774618 
183 0.7792879705858463 0.06027026474706463 0.5565347213362182 0.23225497127230477 
184 0.7792879705858463 0.08278619910495427 0.5598627350202426 0.23834572025620288 
185 0.7792879705858463 0.04923846904018754 0.49816483369597564 0.25712462855876417 
186 0.7792879705858463 0.1332109663934721 0.5644062374298662 0.21205898416265473 
187 0.7792879705858463 0.1364716026968607 0.5457606370651038 0.21164363686449653 
188 0.7792879705858463 0.10793652890631489 0.5425953284756688 0.20704198959079878 
189 0.7792879705858463 0.03909739123263454 0.5300859617536035 0.22384868224063828 
190 0.7792879705858463 0.08029201102269395 0.5276240124553945 0.21654259317857116 
191 0.7792879705858463 0.03770867483254025 0.5940625861929697 0.2125788489209609 
192 0.7792879705858463 0.17354283918763785 0.5786140117466848 0.20141832877644064 
193 0.7792879705858463 0.11022323998491919 0.5322214748093316 0.21361330572493406 
194 0.7792879705858463 0.11022323998491919 0.5603694852224653 0.20697440403341325 
195 0.7792879705858463 0.11121199439335278 0.5382884358403264 0.21311932155938246 
196 0.7917555173645274 0.06854926068061631 0.5244159039377747 0.2255111138838814 
197 0.7917555173645274 0.04954280831274566 0.5053004305022252 0.22298623696704206 
198 0.7917555173645274 0.04954280831274566 0.5163175093515384 0.25320764863440975 
199 0.7917555173645274 0.046000137606136325 0.559143592358136 0.25818223621144576 
200 0.7917555173645274 0.046000137606136325 0.5556279271837262 0.25878483009355635 
201 0.7917555173645274 0.04599771902847516 0.5295493117831529 0.2730924460516319 
202 0.7995572513513926 0.06305543049841528 0.5125849639468687 0.2592108711205604 
203 0.7995572513513926 0.053272083285962564 0.5068342579804193 0.26928526582879236 
204 0.7995572513513926 0.06257754311586852 0.5293377477844339 0.25799427014763204 
205 0.8108543211918775 0.07599214083724684 0.5149055155915859 0.24654821847536834 
206 0.8108543211918775 0.03618001400396359 0.4714823058578018 0.2545453072948344 
207 0.8108543211918775 0.038132806831418654 0.5122120052891398 0.25137562895080334 
208 0.8108543211918775 0.037590453728117916 0.5131836291585274 0.2659613571381103 
209 0.8108543211918775 0.03684360395905884 0.5370752769297771 0.26245160921676747 
210 0.8177604479063205 0.03225018833484774 0.5392336149119696 0.288541699037446 
211 0.8177604479063205 0.03225018833484774 0.4840507535414169 0.2760343805162803 
212 0.8177604479063205 0.06188904704161009 0.49978404399797494 0.27080938244243236 
213 0.8285142945034935 0.04792486571321118 0.5434359243314539 0.2931538168494003 
214 0.8325879583738681 0.050795109659009435 0.5486734846913592 0.2770852389639493 
215 0.8325879583738681 0.06527290339160251 0.5235748820427772 0.2981266793436837 
216 0.8325879583738681 0.05013095171115364 0.5094639376887378 0.28715153123592047 
217 0.8558436837235283 0.06222474350930252 0.5163603094021192 0.285413245555046 
218 0.8558436837235283 0.051523704379732055 0.5505957132797005 0.26639626580540976 
219 0.8558436837235283 0.18429212349885285 0.626384699588194 0.23292451759242733 
220 0.8558436837235283 0.09241205292397182 0.577687210712982 0.2540473536706363 
221 0.8558436837235283 0.18870378330057377 0.5970937076789881 0.24862136992522973 
222 0.8558436837235283 0.12613050627045308 0.5242742276768861 0.2684548125833329 
223 0.8606915038331481 0.11492309399590425 0.5657502613726515 0.26192505895620244 
224 0.8606915038331481 0.12613050627045308 0.6159235785004257 0.2559667428491726 
225 0.8606915038331481 0.12613050627045308 0.5351187508573879 0.2682901939157856 
226 0.8606915038331481 0.05129400469028525 0.5550152474615176 0.29408155743509584 
227 0.8606915038331481 0.05692727155142433 0.516138978152416 0.2949654535601383 
228 0.8606915038331481 0.08305352138006754 0.5687658660305626 0.27565049880641546 
229 0.8606915038331481 0.11376463684575709 0.5933795150614176 0.26331685638075697 
230 0.8638818977247438 0.05697602507257978 0.5604619588434375 0.26926541212770316 
231 0.8638818977247438 0.1987121125169832 0.5496860378258661 0.23737368727603061 
232 0.8638818977247438 0.08228690226948891 0.55448594985311 0.23322697134593395 
233 0.8638818977247438 0.20367767840801368 0.5890208555642801 0.2307569847406187 
234 0.8638818977247438 0.044494819993832216 0.617266978408298 0.2653878931070395 
235 0.8638818977247438 0.04712057748777375 0.6143657921306049 0.26051772988943867 
236 0.8638818977247438 0.04348106866274107 0.5519584870220158 0.28505243839810585 
237 0.8638818977247438 0.11488419866899273 0.5971281484201136 0.27398675009170337 
238 0.8638818977247438 0.11488419866899273 0.6188782101653465 0.2894902583070128 
239 0.8638818977247438 0.04088828959420728 0.6104541876256152 0.2860880856158795 
240 0.8656719238911416 0.03706467048297234 0.5252463355367136 0.29717941624738914 
241 0.8656719238911416 0.08330354518101611 0.5678319677118252 0.2689560826774079 
242 0.8656719238911416 0.08544131647388294 0.5854278617197166 0.25796334217923833 
243 0.8656719238911416 0.08544131647388294 0.5028911844460516 0.2624497175065867 
244 0.8658564607327738 0.08814845192247625 0.5429183377825398 0.2566650747500691 
245 0.8658755246062528 0.07917906454730973 0.5309156844915337 0.2855306127782226 
246 0.8658755246062528 0.0584614743345146 0.5172564712552866 0.29863800908248445 
247 0.8752186369411168 0.09154466326068399 0.519907142970154 0.293278425576704 
248 0.8752186369411168 0.0983004581939014 0.5010004194406802 0.2837498509350461 
249 0.8752186369411168 0.0633627627203525 0.5130823511851597 0.28657702594289625 
250 0.8752186369411168 0.02998532223805208 0.4923273484340514 0.2917995328703347 
251 0.9064232132536403 0.11112789838099749 0.5532872222323789 0.2752248663257592 
252 0.9064232132536403 0.10083616636371234 0.5812840044989032 0.25366262998998823 
253 0.9064232132536403 0.10029605089300238 0.5246115241881856 0.27283702967271434 
254 0.9064232132536403 0.15321568138508443 0.4916673792754397 0.2602694523185499 
255 0.9064232132536403 0.076459824540033 0.4661657421130785 0.28505935622631745 
256 0.9064232132536403 0.059690232696976084 0.5493732826084018 0.2919022040834661 
257 0.9064232132536403 0.059690232696976084 0.5632932864081562 0.2854276816804139 
258 0.9064232132536403 0.05512686826437302 0.5251816521069541 0.29421850110763165 
259 0.9064232132536403 0.08270210473069502 0.584561871106163 0.2801152338901982 
260 0.9064232132536403 0.08270210473069502 0.5557214663362178 0.29513344278269615 
261 1.0130238238220715 0.056443010608096714 0.5896782207657366 0.3147051126002638 
262 1.0130238238220715 0.08040439127660405 0.661788664394966 0.2846210937091041 
263 1.0130238238220715 0.07616935330260524 0.6319032049039153 0.32259002523818925 
264 1.0130238238220715 0.07616935330260524 0.6453406478883008 0.31744902415183057 
265 1.0130238238220715 0.1969722363061208 0.7101718346302897 0.30767097250444553 
266 1.0130238238220715 0.18134254138301284 0.744850815064349 0.3049972071858488 
267 1.0130238238220715 0.08825268770442045 0.6338038866048752 0.33432188185762607 
268 1.0130238238220715 0.050368165440174834 0.6352224030094316 0.3327936720615808 
269 1.0130238238220715 0.050368165440174834 0.5624671382214894 0.3379039202892997 
270 1.0130238238220715 0.050368165440174834 0.6049246075638521 0.34647806819537985 
271 1.0130238238220715 0.04507146465762586 0.6050168891357782 0.3657259063058368 
272 1.0130238238220715 0.07238726057714807 0.6548616564659866 0.31939164966040173 
273 1.0130238238220715 0.07238726057714807 0.5970740115362863 0.3061014516568525 
274 1.0130238238220715 0.07238726057714807 0.617177104201995 0.3134381839442541 
275 1.0130238238220715 0.10315091623730381 0.5218152519746894 0.3134656079744822 
276 1.0130238238220715 0.12244570691629787 0.572035394247697 0.31753970632087136 
277 1.0277401350693258 0.12244570691629787 0.5690691550397944 0.3251314221687752 
278 1.0277401350693258 0.1499589907287052 0.5424079116358148 0.3130968192439093 
279 1.0277401350693258 0.12771258737216815 0.6168278817570376 0.3168467584474176 
280 1.0277401350693258 0.088368137473352 0.5383519043577037 0.3043448216961347 
281 1.0277401350693258 0.12160562270551027 0.5793428095289569 0.2831710817314092 
282 1.0277401350693258 0.07895038732007277 0.629435582420819 0.320197303568224 
283 1.0277401350693258 0.07880230990489762 0.639971199385908 0.32731627624928217 
284 1.0277401350693258 0.07880230990489762 0.6283249612553237 0.3313053833826259 
285 1.044063673952146 0.06475409161495722 0.6879486285874571 0.31903895396856596 
286 1.0445884743362752 0.06475409161495722 0.726756732258089 0.34462589183152453 
287 1.0445884743362752 0.15515290127225953 0.6928595471523828 0.3255817039854459 
288 1.0472883531452586 0.15515290127225953 0.6941755013427385 0.3250444085622152 
289 1.0472883531452586 0.19003329740688182 0.6902701088317837 0.31636168967498046 
290 1.0472883531452586 0.19236389046352376 0.6701357580177528 0.31714728469611775 
291 1.0472883531452586 0.04669661051576507 0.6768525635748726 0.3307300969273431 
292 1.0495795629471931 0.030971318556618162 0.6651812855290017 0.31401167480998443 
293 1.0506449130120823 0.030971318556618162 0.7365069549584835 0.323502211767473 
294 1.0506449130120823 0.054810093934384324 0.7387128495820452 0.33691867984135276 
295 1.0551490695114008 0.04152805999014531 0.6993198589959585 0.3450368397412667 
296 1.0551490695114008 0.033303149483134724 0.68880584624053 0.35371584198887374 
297 1.0560043515277966 0.031110559775292954 0.6905850625702171 0.37003717901382444 
298 1.0560043515277966 0.04362094806141475 0.6281845902772236 0.3597435512401589 
299 1.0560043515277966 0.05054202216180319 0.6605054564971499 0.36126771248244466 
300 1.0560043515277966 0.1181269220773874 0.6508875905276187 0.3520209494839233 
301 1.058510111553575 0.1841679785803895 0.6732803964738665 0.3282480081210295 
302 1.058510111553575 0.19521427227472238 0.7514340691516425 0.3057712182323376 
303 1.058510111553575 0.18448141729175455 0.7404234465742275 0.3401814852234598 
304 1.05963207738586 0.17275614577158677 0.7322275618220009 0.3446443859369016 
305 1.05963207738586 0.17367899804460207 0.761996629136841 0.31330000105470285 
306 1.05963207738586 0.08869561161124097 0.7556859794653336 0.34789376980187786 
307 1.059944148307604 0.09447999716860053 0.7207236163082753 0.360153852568403 
308 1.059944148307604 0.14575945299001816 0.6356677487474113 0.3543446549249019 
309 1.0658354909431305 0.10952622823326877 0.7197696422568381 0.3787371594651459 
310 1.0658354909431305 0.13340039140391602 0.6770371772838547 0.38491369607972287 
311 1.0658354909431305 0.13938004150627675 0.7632465447165964 0.3518004317759464 
312 1.0658354909431305 0.1565471878414938 0.7558403414149031 0.3413905081574917 
313 1.0658354909431305 0.1902201591942372 0.7166468297404888 0.3287030087603883 
314 1.0658354909431305 0.20194998895839547 0.7356503646049822 0.31753121247170213 
315 1.0658354909431305 0.12060067984037774 0.7177121964346651 0.353072770374461 
316 1.0700045266326408 0.21364675494131016 0.7413529499415588 0.33419287578291484 
317 1.0700045266326408 0.17709059840183047 0.671431701546629 0.3570199940216339 
318 1.0700045266326408 0.05775591300006294 0.7120266785282424 0.3638417763333812 
319 1.0700045266326408 0.0983484185989943 0.6923105317376818 0.3687305160860161 
320 1.0700045266326408 0.19263220234258954 0.7136135278088699 0.3560674670939946 
321 1.0700045266326408 0.06702904680753553 0.6304438635117051 0.35087067309583986 
322 1.0700045266326408 0.14893163854585312 0.6169031374075935 0.3447638560912508 
323 1.0700045266326408 0.18803069571027892 0.5658237681078178 0.3244290734118916 
324 1.070957593120993 0.193967275818997 0.6007049767263939 0.29499011614051196 
325 1.070957593120993 0.192047295333976 0.7415092955524512 0.3199744755192978 
326 1.070957593120993 0.04405566059770893 0.7306245180512451 0.3418951033659984 
327 1.070957593120993 0.10042448789254463 0.6962597314638821 0.3487135389558399 
328 1.0778237306967469 0.03738130654630124 0.6827313082840233 0.3658105613618429 
329 1.0778237306967469 0.03738130654630124 0.7291966780202283 0.36011202739590664 
330 1.0778237306967469 0.11904261455545767 0.6982793415815658 0.373715746960489 
331 1.0874226573444559 0.14516580759561265 0.7446445682415147 0.34946769465870037 
332 1.0874226573444559 0.130929753525867 0.847624936165842 0.31347057381836335 
333 1.0874226573444559 0.08411911772317074 0.815700509018536 0.3317055762259066 
334 1.0874226573444559 0.19042872509839814 0.7644289663793843 0.3435643371775445 
335 1.0874226573444559 0.1769872728762275 0.793304184811493 0.31869056570078913 
336 1.0874226573444559 0.05187131726724829 0.7510065065816794 0.3324674554950165 
337 1.0874226573444559 0.1106893427206124 0.7546776612115148 0.3235296600825985 
338 1.0874226573444559 0.1106893427206124 0.7356930278396981 0.34121478708298475 
339 1.0874226573444559 0.1522449334589279 0.7382053097758272 0.3258883048231137 
340 1.0874226573444559 0.1522449334589279 0.6957348685727172 0.3466047736144732 
341 1.0874226573444559 0.15323447289440328 0.6506162836997569 0.369101669940895 
342 1.0874226573444559 0.15323447289440328 0.6228634650176935 0.36734983567023827 
343 1.0874226573444559 0.21541969298407412 0.6851095692272526 0.3481138758939905 
344 1.0874226573444559 0.061637420482851764 0.6867791889807339 0.3563750454435996 
345 1.0874226573444559 0.061637420482851764 0.7010954579487975 0.38547793270568237 
346 1.0883021058873084 0.047519493147545576 0.7268936233814536 0.39408169013573335 
347 1.0883021058873084 0.05229693110884559 0.7827131120822206 0.3681217103067957 
348 1.0883021058873084 0.05229693110884559 0.7134287555363237 0.38151178738870273 
349 1.0883021058873084 0.05259666260250721 0.7097981404174731 0.38454581544232774 
350 1.0883021058873084 0.09979468776737681 0.6748099128748338 0.34696719333751685 
351 1.0985064164266127 0.1817776635333152 0.7207061413170416 0.3590615268520743 
352 1.0985064164266127 0.18721696348968667 0.7262081292138952 0.36908179566596566 
353 1.0985064164266127 0.18721696348968667 0.6576868464651402 0.3482021302064144 
354 1.0985064164266127 0.18608619324114242 0.690318975884013 0.3566092992457202 
355 1.0985064164266127 0.19931068126652104 0.6189030062801814 0.3553237058712107 
356 1.0985064164266127 0.22479838102049096 0.7131375752240863 0.33253690853820494 
357 1.0985064164266127 0.17531368145544976 0.7246747979762304 0.34762753832696097 
358 1.0985064164266127 0.17531368145544976 0.8128386690076906 0.32629203362712494 
359 1.0985064164266127 0.17531368145544976 0.8406621743145658 0.3073043992294515 
360 1.0985064164266127 0.17531368145544976 0.8222684829653664 0.3177364211641036 
361 1.1027826001748653 0.17143121303047107 0.7268543691329392 0.34027601814904823 
362 1.1027826001748653 0.18250531125145084 0.7526661883921186 0.34255504342233123 
363 1.1027826001748653 0.1405364689057927 0.7521919020459671 0.3484410416245108 
364 1.1034745421470005 0.17615357499623677 0.7594641854939241 0.3610647525206861 
365 1.1034745421470005 0.18163097404243073 0.7442150476415892 0.3606624041796502 
366 1.1034745421470005 0.05334916396613793 0.7915695008555038 0.3563426990544719 
367 1.1034745421470005 0.05334916396613793 0.8350835011010976 0.34935630054485484 
368 1.1034745421470005 0.04220178746885785 0.77306118403811 0.3472532743188708 
369 1.1034745421470005 0.053204207374070035 0.6813166361127903 0.31963678272226653 
370 1.1034745421470005 0.061835051135781645 0.6777620465812407 0.31909571014972743 
371 1.1034745421470005 0.20902646371316405 0.6278182081756025 0.31423502052488095 
372 1.1034745421470005 0.2023268057450142 0.600454529975532 0.3041679926550032 
373 1.114333705667452 0.15772015297206965 0.6090829658455799 0.325438181763082 
374 1.114333705667452 0.1681084261287634 0.5896422177496163 0.34572163362324126 
375 1.114333705667452 0.12017949201664724 0.5994888565509252 0.3585766519579209 
376 1.114333705667452 0.12017949201664724 0.6051281937170737 0.3719987882299708 
377 1.114333705667452 0.12058087901902949 0.7236682788524464 0.3741562045634291 
378 1.114333705667452 0.049598024160232755 0.6686893901427919 0.37685445915585397 
379 1.114333705667452 0.08143955296766597 0.6901183320795815 0.3705397007914392 
380 1.114333705667452 0.04928564703852196 0.7197088255770238 0.3899326822130019 
381 1.114333705667452 0.2079649509427551 0.8436121683831395 0.33481304651758986 
382 1.115779673656665 0.17355742321213188 0.7828338862064883 0.3662157133931515 
383 1.11662839904724 0.1818520390652752 0.742154589185331 0.35604909196337803 
384 1.11662839904724 0.18237823651775828 0.7423446608197991 0.34040643167807066 
385 1.11662839904724 0.11898921611790302 0.7693292589751028 0.3456774504626525 
386 1.11662839904724 0.11898921611790302 0.748398257719948 0.3917905323397116 
387 1.11662839904724 0.04809990300670872 0.8838564328098458 0.3401175452053424 
388 1.1185067136474194 0.09482988390809152 0.7843255084158016 0.37108550275662366 
389 1.1185067136474194 0.11817045003921972 0.7808757392474343 0.36659510761765957 
390 1.1185067136474194 0.029947164060937323 0.8294159361488316 0.36253560134660245 
391 1.1185067136474194 0.16093749278795125 0.7984306642317642 0.3720552121239097 
392 1.1185067136474194 0.20665504203372953 0.8266078780500555 0.3270148478942762 
393 1.1185067136474194 0.07037153959183591 0.8166775013788009 0.34266033251181455 
394 1.1454485821618179 0.0810568421890285 0.8433281786797042 0.3335684946878986 
395 1.1454485821618179 0.11262397692891664 0.8477032967209084 0.30538505594297993 
396 1.1454485821618179 0.07445549460064237 0.782941850302474 0.35332782949211283 
397 1.1475211392685365 0.09801307957934696 0.8499722155642415 0.30943327114050606 
398 1.1475211392685365 0.08449971760635029 0.8107849768573328 0.3168565492851946 
399 1.1475211392685365 0.06263772109351393 0.7806537479842396 0.32056716629546994 
400 1.1475211392685365 0.06263772109351393 0.649046356451929 0.34213267276916837 
401 1.1475211392685365 0.06263772109351393 0.6893250344131926 0.37770468305254096 
402 1.1475211392685365 0.06744390833490037 0.6343586366511389 0.37311622902966607 
403 1.1475211392685365 0.06744390833490037 0.6389964519822251 0.40204178608508157 
404 1.1523902818000415 0.06744390833490037 0.6160603018762245 0.3948855935982887 
405 1.1523902818000415 0.10965072354898356 0.6584975156615397 0.38719934590102395 
406 1.1523902818000415 0.10965072354898356 0.6419088386284064 0.41917612874155097 
407 1.1523902818000415 0.06925361662613382 0.6390832854400916 0.4001624756163385 
408 1.1523902818000415 0.11604078306372725 0.678440635433661 0.4030597605026812 
409 1.1523902818000415 0.16690676597040682 0.7454964946198169 0.3814551563382761 
410 1.1523902818000415 0.1091036010321376 0.7597809183285332 0.4076402463581763 
411 1.1539027253612397 0.1091036010321376 0.6553409278830462 0.4032610297374818 
412 1.1539027253612397 0.11041784119600902 0.6685955164149598 0.40363466697750805 
413 1.1539027253612397 0.18148747141016705 0.6305845891895955 0.40214536281070934 
414 1.1539027253612397 0.03679762196500318 0.7017105348099288 0.42698984043881055 
415 1.1539027253612397 0.03679762196500318 0.7422773504782808 0.4031202019617332 
416 1.1539027253612397 0.03679762196500318 0.7016288132573234 0.4020927181787796 
417 1.1542527794465745 0.041189858899646596 0.6443029053991475 0.3898313422300147 
418 1.1542527794465745 0.04220349489382267 0.686205728600256 0.3856255484419967 
419 1.1542527794465745 0.18151086422490834 0.6768101189226894 0.37078150755781564 
420 1.1542527794465745 0.09107107879253358 0.6623102116421753 0.3595497494937347 
421 1.1542527794465745 0.10974676489715146 0.7119615741293562 0.3639473982672987 
422 1.1567839967484244 0.20532703149826534 0.7616246298055361 0.36845115840721687 
423 1.1567839967484244 0.29127900234736037 0.8778177228668813 0.2994284428102867 
424 1.1567839967484244 0.18374164802580353 0.8841813622820973 0.35739584898939264 
425 1.1576474039254552 0.12603201014110402 0.9324953316455882 0.3285065548002594 
426 1.1576474039254552 0.12603201014110402 0.8962277320767786 0.3392915985057591 
427 1.1576474039254552 0.07369548682332663 0.87544303127894 0.35803911557135426 
428 1.1576474039254552 0.05115481740752438 0.8810652084038574 0.3474172089963453 
429 1.1576474039254552 0.11359801397477484 0.8826695036336082 0.33777591700249127 
430 1.1576474039254552 0.12295161021314299 0.8084662714487715 0.3575547597367828 
431 1.1576474039254552 0.12295161021314299 0.7957108345061589 0.33937386006977077 
432 1.1576474039254552 0.12295161021314299 0.7025623390894835 0.3631896466316938 
433 1.1576474039254552 0.12295161021314299 0.7397601455344164 0.40431943764411205 
434 1.1576474039254552 0.07911547349019879 0.6842676567863855 0.41420235694654356 
435 1.1606803812486712 0.07911547349019879 0.748842917710864 0.40888998463953563 
436 1.1606803812486712 0.17089985754943898 0.8359409470723251 0.3856798735158377 
437 1.1606803812486712 0.046393800214315765 0.8232319633007157 0.39900540567090503 
438 1.1606803812486712 0.046393800214315765 0.7633770957539758 0.4087331268132341 
439 1.1606803812486712 0.046393800214315765 0.7867685506946557 0.41449928729566016 
440 1.1606803812486712 0.046393800214315765 0.7379970981522844 0.38833481371668577 
