0 0.3693580527789782 0.07071639650620355 0.2526907063899682 0.0660231496060444 
1 0.3595175083710344 0.03520855085510803 0.2534123740095452 0.0692330027290785 
2 0.36503143553099954 0.04260291061819212 0.25629151373665277 0.06595574279348944 
3 0.4079594636879907 0.11631528974277061 0.26985608584920723 0.05747069905529583 
4 0.4079594636879907 0.14848927829439712 0.27517134438341223 0.05720903085726858 
5 0.36503143553099954 0.08667318870232188 0.27955383139448475 0.06694509826247926 
6 0.3609669602684248 0.08667318870232188 0.27563538120469355 0.05881580780383139 
7 0.3592716325354634 0.11369693839108837 0.2723647288599611 0.055890064244008636 
8 0.3592716325354634 0.038002492147976165 0.2725519904031891 0.057762084758947306 
9 0.3859509001729098 0.03559121434597877 0.2672478199356467 0.06399909011953796 
10 0.3892300854865475 0.048744232830257986 0.27536945111318745 0.06692196001434894 
11 0.3892300854865475 0.04562242833254336 0.27708299268980097 0.06843249862721903 
12 0.4358938866206563 0.030412470573475407 0.2727893058271571 0.07823195346854009 
13 0.3892300854865475 0.05214588491039627 0.2724986133586377 0.07011784218314306 
14 0.399172617687008 0.18376269149257313 0.2725274393387923 0.04753487201389147 
15 0.40933441854168756 0.1579609692856621 0.28988098028925935 0.05815774817853804 
16 0.40933441854168756 0.04838219084515306 0.2831289735086574 0.06282390104489624 
17 0.43813113603624015 0.14606597502924676 0.2900362718914021 0.07253995120270887 
18 0.43893688210909015 0.09318674789759653 0.29996485533688194 0.07685264620616779 
19 0.4370349369960766 0.1357592953683262 0.297548083607801 0.07126502493132862 
20 0.4370349369960766 0.04027661472082644 0.3023311704630965 0.08579539338401113 
21 0.4370349369960766 0.03920542627405417 0.3056532279900303 0.08795402957287986 
22 0.4370349369960766 0.10933916478193102 0.3115806601503772 0.08052917059038842 
23 0.4370349369960766 0.10870162583459217 0.30133223716894825 0.07885515038551065 
24 0.4370349369960766 0.09640332496131178 0.3196244032561898 0.08024824925807829 
25 0.4701788221359398 0.03615033272659679 0.3039941992521723 0.0859411664356336 
26 0.47367467377003386 0.04292780520940334 0.31881423550107135 0.07539324498820449 
27 0.47367467377003386 0.051228396773503264 0.3253367687886153 0.08034934445996729 
28 0.47367467377003386 0.03279980808546133 0.3385172191795322 0.10298213597024211 
29 0.47367467377003386 0.048249334858616384 0.3516257665234004 0.07358337301096038 
30 0.47367467377003386 0.07963062885207432 0.3522155172177626 0.0710709363641258 
31 0.48421178140977833 0.07963062885207432 0.3546023482766664 0.0934781032657235 
32 0.47969313952862513 0.12442914257016192 0.35228374192586503 0.0931880667087092 
33 0.47969313952862513 0.18448064827382202 0.36527765871203105 0.08340237274315287 
34 0.47969313952862513 0.11781278977707677 0.3671163876558267 0.10486621353959807 
35 0.49608119732890155 0.1815943023333099 0.39660815915678005 0.0758173018541257 
36 0.4801381004165847 0.12312404575951352 0.3897598636410455 0.0966045029407759 
37 0.47367467377003386 0.08678670395880318 0.3967361929174844 0.09428744902229567 
38 0.4747140259717014 0.050419362209788515 0.398884786193293 0.09670325679203648 
39 0.4795301713453954 0.08181548926810255 0.3743733880560309 0.10343842589943239 
40 0.4795301713453954 0.0320518540413228 0.37767238614582127 0.10444688545373611 
