0 0.32876071087876146 0.028777128826958504 0.24232375326163996 0.05367736513146863 
1 0.3276553122477494 0.09385673233191794 0.24371016466586176 0.04061935066643025 
2 0.3662430418223331 0.037554507067433934 0.24084264501238503 0.04871645265389577 
3 0.3263579350621248 0.030753389191405626 0.24359447719165078 0.0487471396037355 
4 0.3251004209480888 0.030800752426109385 0.23702170876742926 0.048226032870844204 
5 0.37071376951442314 0.15767838191245065 0.24490015942719756 0.03364248126411261 
6 0.3789464300062205 0.04140291505958299 0.2418204847935334 0.04008349566338161 
7 0.3789464300062205 0.07690253427103833 0.2517717747802555 0.039987212350029284 
8 0.39136566829297076 0.09064572959402854 0.2566254306523774 0.049247217760497494 
9 0.4035205822739274 0.10067067737027463 0.26010425263537995 0.045921728912101493 
10 0.4171372635269392 0.060550540153042724 0.25157956658537634 0.06867957447195011 
11 0.42482559039272555 0.13186291488622556 0.2614888514077799 0.05466938998139665 
12 0.42482559039272555 0.14921227770310325 0.2693558667980802 0.0593176137633133 
13 0.3925014566132321 0.20492931335371325 0.27380932496215593 0.04063282536726167 
14 0.38279441187144203 0.10726953697097458 0.2659964505804734 0.04650169276520666 
15 0.389041998859376 0.11246177618893967 0.2698229574726578 0.05434731416528382 
16 0.38279441187144203 0.05910243470581102 0.2616124137574072 0.06335294641496625 
17 0.3960671165820107 0.15242458210872523 0.2614047104177774 0.04402738284560851 
18 0.3803127799930351 0.029221360671066773 0.25090305151502473 0.045534703491189696 
19 0.3803127799930351 0.18411647094568975 0.264373585330227 0.03918924995222828 
20 0.39531766020759335 0.14199625387238632 0.2583635963535007 0.04382085357622881 
21 0.4004632391251074 0.05839693861233492 0.26200315127277435 0.053214102984260714 
22 0.4129690415770306 0.054371590958280584 0.25028787585837786 0.06229003280274038 
23 0.4129690415770306 0.13460359962726418 0.26145462842318573 0.04512405386530107 
24 0.4073598015637971 0.16703455559224256 0.26274784757354264 0.04797543926882361 
25 0.4073598015637971 0.09148047043228233 0.268024422222772 0.056874857421655205 
26 0.43212418520076135 0.028658937697282432 0.2626042923040432 0.08008958072900166 
27 0.40578537134002357 0.18138830432488817 0.27351033720359164 0.052467110821622295 
28 0.4086673851122 0.18156179606075265 0.27264527308531644 0.04989793620114836 
29 0.4198556506054354 0.15180621789149354 0.2612500127841895 0.05850805484943603 
30 0.38536391083248445 0.03627319692156126 0.2646264229179512 0.058648022636393675 
31 0.38269514589023385 0.24108832343588135 0.281321833234717 0.047136123395655725 
32 0.3827906245320322 0.21288244702160206 0.272289227118019 0.04486692486989876 
33 0.38269514589023385 0.1926190928913382 0.26464898035701123 0.042840883029279686 
34 0.47097737365329906 0.19856252229567667 0.2742252265448944 0.05297795118447973 
35 0.4083788227275648 0.08230824251320838 0.25473676971276576 0.053535782549708026 
36 0.38269514589023385 0.18708579884093224 0.25964417057364997 0.038706638652501256 
37 0.38269514589023385 0.18653735130986368 0.2587976756144076 0.03973755970831109 
38 0.3831463526116644 0.04143146589789518 0.26512170843228466 0.05272421687265831 
39 0.38362919587975924 0.18229915276275815 0.2640001648960629 0.038436470812795 
40 0.38269514589023385 0.1640540742886869 0.26605833929485195 0.050452607611144396 
41 0.38269514589023385 0.18232051342887257 0.25816026138133313 0.04249435297867395 
42 0.38269514589023385 0.1825730026016301 0.2559140851990349 0.043307432280902815 
43 0.38269514589023385 0.08556791057532674 0.25596027031813307 0.042566274693730345 
44 0.38269514589023385 0.030235467577257005 0.25848731000040304 0.060516021964175104 
45 0.36341484960575976 0.20254391802503355 0.27042790929748767 0.038332205524761784 
46 0.3951478352866714 0.05578125806079578 0.26587776371506755 0.05256249086067346 
47 0.39444558834026905 0.054813620376815364 0.25925411006712445 0.051430597177086416 
48 0.3870182236903723 0.04326374292201619 0.252176989018018 0.049467295493854285 
49 0.38269514589023385 0.18440014575310437 0.25656433628149644 0.02624352077308849 
50 0.4003746383750985 0.18553546910180282 0.2570997912918522 0.03752102909959947 
51 0.3845664239069569 0.07213107340406855 0.25718553113954146 0.04727812266518893 
52 0.36327914610014184 0.11816576998291849 0.25334983692609353 0.0460527366353279 
53 0.3781179173914338 0.033007597986453224 0.24994622342840775 0.06264621036619016 
54 0.3663566942015244 0.03177739313750692 0.24615561788756826 0.0655412742292279 
55 0.3663566942015244 0.03234880548768942 0.2556363448012095 0.05267524743163694 
56 0.4002011923056052 0.16664441358729437 0.26349545015331144 0.041017232191679735 
57 0.38480528399244424 0.09456492225006767 0.2621014153048323 0.04572693454175524 
58 0.3929327562387898 0.1979662778508478 0.26491770049730773 0.04038801596582789 
59 0.3929327562387898 0.06173575291095602 0.2603505584385023 0.04981184710278599 
60 0.38268507117174705 0.18634011341007908 0.26451694060358816 0.039927732512891105 
61 0.3853013828724067 0.20366858109839514 0.26802113083656737 0.04325305113709343 
62 0.3853013828724067 0.16353414206217387 0.2583046254395161 0.0457825935729238 
63 0.3715225562946822 0.07387107719548355 0.25485151882305696 0.04771143736993135 
64 0.3628041305735816 0.18146408578386888 0.2624365573016231 0.03744423276191455 
65 0.3603815101026755 0.03654947388188608 0.2529803470014375 0.04929727921292313 
