0 0.3786211539740429 0.15000139981844596 0.28949045783233884 0.047470401198324526 
1 0.3786211539740429 0.1432849887001074 0.3006748155410232 0.04859018477002077 
2 0.3786211539740429 0.08753716818286035 0.3006801060338907 0.0616793492091093 
3 0.3786211539740429 0.17878843123965968 0.31131792552907345 0.04660821678596576 
4 0.3786211539740429 0.18175760532208457 0.3190431585086929 0.04509240185516057 
5 0.3786211539740429 0.033308430758474505 0.3068052438380608 0.07628174465275281 
6 0.3786211539740429 0.04945250679413267 0.311553901848499 0.06195746036869961 
7 0.3786211539740429 0.04425346355374822 0.30589100909059885 0.07971731693134569 
8 0.3786211539740429 0.09587555492647916 0.3181298860252808 0.061943289710926476 
9 0.3786211539740429 0.20179758885038881 0.3266170991254783 0.043214961011176146 
10 0.3786211539740429 0.08543847620795036 0.31646934296557644 0.07182796136161572 
11 0.3786211539740429 0.18201039260493915 0.33363706698525086 0.04552134808077164 
12 0.3786211539740429 0.15143189305613866 0.3378178100235808 0.04764170485765193 
13 0.38159735047634996 0.07633997161225589 0.33406642080359944 0.056816495393134846 
14 0.38159735047634996 0.02847418491402453 0.32420218765347547 0.08030882212115666 
15 0.38159735047634996 0.08358972900032914 0.32815848495193234 0.06988926145948215 
16 0.3974847118690284 0.19392497395245434 0.34842221964589876 0.04190265273801289 
17 0.3974847118690284 0.14949833646341526 0.34395568850811153 0.04796545663792168 
18 0.4232991436955534 0.030944852860883422 0.32968299719234917 0.08282048040080325 
19 0.4232991436955534 0.1840814257982573 0.3546246242843279 0.05182145316870025 
20 0.4232991436955534 0.23568838935112635 0.3678153455022764 0.03267281124386668 
21 0.4232991436955534 0.04047040855530539 0.3582417483290054 0.07148559997814533 
22 0.4232991436955534 0.028266547249056948 0.3559917735449094 0.09689189888031188 
23 0.4232991436955534 0.031961463734673595 0.3673073065731544 0.07277332431107042 
24 0.4232991436955534 0.1410255461166749 0.38078351833796703 0.04998961359799205 
25 0.43794035542433896 0.08790766023972307 0.3775986069975407 0.06161042543018309 
26 0.43794035542433896 0.0962611536084609 0.3769682374395881 0.0651550833129011 
27 0.43794035542433896 0.26024072608431803 0.39251643312128687 0.037777616806008725 
28 0.4379784429374755 0.22918538098528335 0.3989559804593057 0.039002892781284354 
29 0.4386724440466284 0.09347896028991651 0.40308843235511554 0.05306164781913271 
30 0.4386724440466284 0.03441510250096795 0.3983300099635775 0.07253451869013858 
31 0.4410132811019856 0.029161711512355044 0.4020186170391018 0.06923429932670594 
32 0.44352103044442825 0.04329535366368716 0.3977665221312984 0.07746560478680668 
33 0.44352103044442825 0.18201532591724323 0.3971057191904339 0.06836400057434931 
34 0.450523754819867 0.042053784592211395 0.40576436698664836 0.07835912872519935 
35 0.45053523886573277 0.13740538150651904 0.4099447080599169 0.07743833106876458 
36 0.4507804979473889 0.05478765024772265 0.4011373827390407 0.09301376977926586 
37 0.45479997829248414 0.035374093292166155 0.40621269888154654 0.08643934914203968 
38 0.4696833581272961 0.037100411284022076 0.4028022239932301 0.10323306995947008 
39 0.4696833581272961 0.18495202850571835 0.4222547235510551 0.05539380950818163 
40 0.4696833581272961 0.03611254069512251 0.40783504872101306 0.10229861006528142 
41 0.4696833581272961 0.2556711092679926 0.4400573755171002 0.03959723470885768 
42 0.4712607622141474 0.029856350064021247 0.4160757275279865 0.10093200413401243 
43 0.4747310123948782 0.23719179923709038 0.44296678410718926 0.04782219999292193 
44 0.4747310123948782 0.07172348312943 0.4335120197204304 0.07311408796995564 
45 0.47805070081985135 0.029697480112219926 0.4238958197912122 0.08660028650623106 
46 0.47886416748764543 0.1896890177997199 0.43735554809117766 0.06562121063911508 
47 0.47886416748764543 0.2152379241018091 0.4454256190562932 0.05336000638415639 
48 0.49156304574735327 0.17419863352941614 0.4482118535060983 0.05558196771136474 
49 0.49156304574735327 0.035918435584469895 0.4247373369594119 0.10280329684421012 
50 0.49156304574735327 0.028812161128036088 0.4315076099625785 0.09031727245700863 
51 0.49156304574735327 0.042049973046401706 0.43872678023687445 0.09177475400495583 
52 0.500324383500022 0.04087541052503307 0.43657901838702123 0.10418637522015776 
53 0.5007020224807474 0.18604615015006482 0.46417550316058 0.05358804303031556 
54 0.5007020224807474 0.0769444526802994 0.4546405472831745 0.07868152432833993 
55 0.5007020224807474 0.03944077638685567 0.4434447282960978 0.0924835519993442 
56 0.5123798294654434 0.08828589246718564 0.450881531326559 0.08878567500236961 
57 0.5123798294654434 0.06706188564798125 0.4601199998338596 0.08566200497716438 
58 0.5123798294654434 0.053055420617042146 0.4376939036366109 0.11368144384860919 
59 0.5127574763525594 0.05077038641863081 0.45481470099650234 0.09670863359406986 
60 0.5173485810565538 0.19380146015846514 0.46986563082939037 0.07443552875730257 
61 0.5173485810565538 0.15517829340379102 0.47013751781523544 0.08494858549454441 
62 0.5326573481040902 0.05553919567326347 0.4812112714138808 0.08798227935053264 
63 0.5326573481040902 0.2122683139922465 0.49100025670141456 0.05523167450506821 
64 0.5326573481040902 0.029750553474556577 0.4832866214502847 0.091536122279123 
65 0.5514619507761053 0.05022219141789569 0.48245391785677266 0.09015957422405516 
66 0.5708577377864571 0.05259851248525995 0.47606624828792704 0.09843785754635294 
67 0.5708577377864571 0.18478715808930868 0.4868859928680371 0.08768241826642802 
68 0.5730590253685861 0.05956239316332219 0.4838777659453714 0.1068866993466785 
69 0.5730590253685861 0.18167942364664463 0.4834107979936729 0.095838507942988 
70 0.5730590253685861 0.031992414939558796 0.47947546994284307 0.1432678954934153 
71 0.5730590253685861 0.05024863318813729 0.49976288459711743 0.11791448189261124 
72 0.5780212412408255 0.23853103064456985 0.5168684918815476 0.09020476408956785 
73 0.5801480327521269 0.037869783354362405 0.5103819062745519 0.12818482366209852 
74 0.5813823581560164 0.028720409365030286 0.5135755680434958 0.13738982043077344 
75 0.5867884218890127 0.028764982628112893 0.519656686183642 0.11815146592165092 
76 0.5867884218890127 0.09005184813353316 0.5399061512206587 0.0962847186003798 
77 0.5867884218890127 0.04442399984010388 0.5041869666098966 0.13028190323444114 
78 0.5867884218890127 0.19090270943722734 0.5392581257133007 0.09743696379177096 
79 0.5886276384141318 0.17172872598393527 0.5354294246584086 0.10344588547597848 
80 0.5912828013891539 0.029374090052567726 0.5415567075251413 0.10939344497612853 
81 0.592810118067319 0.21459813632818095 0.5617871262121886 0.06696971187986513 
82 0.5981226577863239 0.08339090767603559 0.5539551866880218 0.10068114093519107 
83 0.5982255554152862 0.2568642729315466 0.5531368098845966 0.0845824056143459 
84 0.6013056795204027 0.18018432753396305 0.5566187418722099 0.09611190728795886 
85 0.6013056795204027 0.03643947516414453 0.5321909856739155 0.1264163150654903 
86 0.6031131037242093 0.19114538069418252 0.5710313934848028 0.06532678488539609 
87 0.6031131037242093 0.15436926815642343 0.5244418828626585 0.13393881810806277 
88 0.6053913860759473 0.23970259244486436 0.5640817313735185 0.08386146176698114 
89 0.6053913860759473 0.030567777063706805 0.5563602016800439 0.10779063686415517 
90 0.6053913860759473 0.05619685935885409 0.5233765604692551 0.15274822339004673 
91 0.6063591840295723 0.029407143457110624 0.5600384463504107 0.11570888009950445 
92 0.6063591840295723 0.19095155914631262 0.5744337180655686 0.07020353076296096 
93 0.6063591840295723 0.04824903194754685 0.5455271321916656 0.13246549614397102 
94 0.6082663137658699 0.08939918085924645 0.5482232053589293 0.12756302827571855 
95 0.6147108740120858 0.17752123146916368 0.5588790175318423 0.10604029161547163 
96 0.6147108740120858 0.0631652433769586 0.560099425727191 0.11261123462313304 
97 0.6147108740120858 0.09029545262120323 0.5601537150837386 0.10658263979288254 
98 0.6156199878891452 0.04006236022496803 0.5427532293816824 0.14137439231742757 
99 0.6156199878891452 0.02964111404563846 0.5569725506171447 0.14006244741478388 
100 0.6236770191794976 0.0338824738793307 0.509109464886854 0.1769860385786238 
101 0.6242946174794973 0.20969833178251693 0.5859251526598322 0.07679130623688517 
102 0.6242946174794973 0.08959464647660308 0.5336234076054371 0.1503611103074937 
103 0.6242946174794973 0.03118008912402574 0.5485009198695068 0.15437899373032943 
104 0.6242946174794973 0.028788495404290494 0.5569475113814876 0.14900677466774095 
105 0.6302717475892904 0.03370304222322446 0.5604572165716866 0.1343704271683956 
106 0.6315614479712319 0.032290810469239886 0.54850461167937 0.15597831982549873 
107 0.6325751548317826 0.03351481199679676 0.5554202235839737 0.15092850082570067 
108 0.635068948377729 0.028956244838486345 0.5793430698557523 0.11242786170856468 
109 0.635806238762989 0.18370619218997142 0.5875509130536296 0.10616997040996688 
110 0.635932084991503 0.18344113371586007 0.5734657723629574 0.1241022498358925 
111 0.6361675309751096 0.05266481997068514 0.5408256221478847 0.15957926372394748 
112 0.6361675309751096 0.21263993558813474 0.57213461437495 0.1164796237522331 
113 0.6361675309751096 0.047754456113031495 0.5559143232542219 0.1510605352151075 
114 0.6361675309751096 0.18902910452481642 0.6002604209582784 0.09426260530056922 
115 0.6435368092802292 0.03306221567449326 0.5785332204435507 0.13391817083595386 
116 0.6435368092802292 0.05120044096526929 0.5934427539487064 0.11138331395951227 
117 0.6435368092802292 0.1957394251709402 0.586464962252392 0.11471379614318954 
118 0.6457730839283691 0.08134093512820109 0.5800178083593699 0.12763529384505162 
119 0.6457730839283691 0.26764459989519973 0.6059254200582826 0.08025393691258471 
120 0.6491959747688953 0.1829846779058479 0.5929807150913985 0.11591300821837598 
121 0.6491959747688953 0.05287578021253513 0.5800436804937723 0.13891344205221895 
122 0.6525149249358569 0.0350027082380347 0.5662546807573038 0.1579565669988426 
123 0.6571044884388452 0.11311995084782935 0.555415226388832 0.15323098243149239 
124 0.6571044884388452 0.036019540336559096 0.5769038175493741 0.14764105011462234 
125 0.6571044884388452 0.10322381665900175 0.5834982227719714 0.12582405307730038 
126 0.6571044884388452 0.02901998225828416 0.5769703797117584 0.14701130370933824 
127 0.6578608950611283 0.03540048229231303 0.5719638853761251 0.15786395498737116 
128 0.6578608950611283 0.1836872512129186 0.6183297773492693 0.09000030129601176 
129 0.6578608950611283 0.0524698990500708 0.5547188326340831 0.169751388677293 
130 0.6578608950611283 0.032066380372190596 0.5627180718300847 0.16499153079231776 
131 0.6578608950611283 0.033984405439533176 0.5875721473408132 0.1350939690629458 
132 0.6578608950611283 0.03395961603216607 0.5842990755217097 0.1449791900872627 
133 0.6578608950611283 0.029763749253647515 0.5670906041932428 0.16311313239527334 
134 0.6578608950611283 0.18314170747093278 0.5988823220512377 0.1134308095919479 
135 0.6578608950611283 0.0486339547892954 0.5733489722558975 0.16473180587686828 
136 0.6586720103622195 0.18278563035805623 0.585931245438645 0.1439419445955555 
137 0.6586720103622195 0.18908891760716937 0.6039475821656365 0.12038847861047411 
138 0.6586720103622195 0.029116066053997584 0.5955817950466366 0.14805345112559948 
139 0.6594544037724035 0.21199992844252208 0.5934686206177918 0.12652211609103853 
140 0.6594544037724035 0.03935708736064288 0.5987949630283926 0.1352711959854136 
141 0.6599293391556983 0.030266561677245396 0.5589821854550137 0.18884267341403257 
142 0.6599293391556983 0.038521526784906446 0.561023643319153 0.17586912269618224 
143 0.6599496203660905 0.19106644839678902 0.6285050610445057 0.09669851750612407 
144 0.6599496203660905 0.31611676562749585 0.6076570851893023 0.0924049105735669 
145 0.6599496203660905 0.1167964280975909 0.5901101488891145 0.14226135206730592 
146 0.6599496203660905 0.03883769165521039 0.6005334883405496 0.12251942061748759 
147 0.661556607153935 0.24482517828883216 0.6049198431549904 0.11786161453471261 
148 0.661556607153935 0.03166403925338172 0.583884982792484 0.16289382318531886 
149 0.661556607153935 0.04839488759896669 0.5974890985075071 0.13614994899377794 
150 0.661556607153935 0.0652899961494568 0.5918952749138428 0.1327730487270233 
151 0.661556607153935 0.18826565020043173 0.6074059652062223 0.11809764670556264 
152 0.661556607153935 0.03213024402218557 0.596563325852171 0.13024361489444838 
153 0.6618299002672737 0.21019332716831754 0.5951011284528764 0.1328119381682979 
154 0.6639119468744417 0.20843616191055672 0.5983792247809452 0.12313137818988606 
155 0.6639119468744417 0.07977227657816728 0.6041853698390001 0.13346172925248814 
156 0.6639119468744417 0.23957578416397798 0.6002896046750981 0.1118171584346539 
157 0.6639119468744417 0.07969427669157457 0.5962730717007722 0.1448315682335215 
158 0.6639119468744417 0.049517628967918496 0.608477459921193 0.1305971119980148 
159 0.6640739797027483 0.1224152514109651 0.6064192691715281 0.1349543291917844 
160 0.6655636848274341 0.034430924385487595 0.5966898473701879 0.14166744644503287 
161 0.6655636848274341 0.07811413314442676 0.5883170748131318 0.15422939429918311 
162 0.6655636848274341 0.029623183840201944 0.5938630013135012 0.1604827413929439 
163 0.6660237812026409 0.16771190469906033 0.602103553370683 0.12696509750236737 
164 0.6679171759373804 0.08590157666458847 0.5817746870310129 0.1566230035576868 
165 0.6679171759373804 0.05039716796522514 0.5604969955993544 0.19099357526164287 
166 0.6679552728556907 0.035028223682161956 0.6111764012406768 0.12826030328829627 
167 0.6688451745541082 0.23087675198465013 0.6114237240100515 0.11054437393803425 
168 0.6688451745541082 0.14933529983721522 0.5744656439950572 0.16302057422818989 
169 0.6688451745541082 0.06620964802845443 0.597731294808013 0.14567751420255393 
170 0.6688451745541082 0.03346139510101363 0.597680313949673 0.15930707878534844 
171 0.6688451745541082 0.04572454523614637 0.5981983913523258 0.1420622504234099 
172 0.6688451745541082 0.1158477391016193 0.5917977819263103 0.15025293694195518 
173 0.6688451745541082 0.02975552008162593 0.604857229676061 0.16136884917637173 
174 0.6693640322061508 0.02886125626059659 0.6081940064966086 0.13277086949597564 
175 0.6693640322061508 0.18152406990797335 0.6316041213526777 0.10056458050303488 
176 0.6693640322061508 0.029222680083517652 0.5985861400678737 0.15671910293149768 
177 0.6696286717078047 0.19537952204673018 0.6405651652233149 0.08776604605195702 
178 0.6696286717078047 0.08383783254568959 0.6053888532108035 0.1490063987025704 
179 0.6810522896496604 0.03947829402659856 0.6048094569768154 0.15487495170882973 
180 0.6810522896496604 0.2133286791896435 0.6183006362451547 0.11557144952710532 
181 0.6810522896496604 0.08785290258707792 0.5561964669703343 0.18454861288125832 
182 0.6810522896496604 0.029490833833717575 0.5411680580679812 0.20859235846810453 
183 0.6811122620968525 0.028514175620654975 0.6054674781595518 0.15420198216610911 
184 0.6826194299972645 0.27368800488894196 0.6434076321791226 0.08454770567138913 
185 0.6930177245223387 0.06482311384918998 0.6077762479980904 0.15050651562080483 
186 0.6988085363888018 0.028880939076749847 0.5899252876248328 0.1726385871119405 
187 0.6988085363888018 0.11063462755258803 0.5839768307512011 0.1775349134569697 
188 0.6988085363888018 0.03595016067809907 0.5653389619071615 0.19709985665281982 
189 0.6988085363888018 0.08211835901632097 0.6325891418771472 0.11714115161052105 
190 0.7005609978665889 0.10477924193383484 0.6361887263928888 0.12261145616627513 
191 0.7005609978665889 0.029024544226068292 0.5946508275212173 0.17940483813782493 
192 0.7005609978665889 0.056172686947104915 0.6620219351804685 0.11516126831640075 
193 0.7005609978665889 0.18869647198087278 0.6068497434576657 0.16842522971056142 
194 0.7005609978665889 0.18172372518869034 0.6594978167140225 0.11379378089920869 
195 0.7005609978665889 0.20336356534912006 0.6411815744216973 0.1321495987379961 
196 0.7057674118304468 0.3015127757486565 0.6634172619047407 0.0956493773518355 
197 0.7057674118304468 0.037829419900655914 0.6084055304087526 0.1813552499813733 
198 0.7064508399839515 0.08139166686659267 0.6245607095794846 0.15860642934638766 
199 0.7086485991026417 0.1256328932138698 0.6266486375075991 0.15559811166843288 
200 0.7086485991026417 0.09135324279382115 0.6301852827063783 0.15208514701803727 
201 0.7086485991026417 0.03936864793439174 0.6711152339582621 0.10519336510230501 
202 0.7086485991026417 0.04720311359936403 0.6463345263288848 0.13769957971023175 
203 0.7106517921129584 0.1502301109704758 0.6454790822902967 0.1438171202479226 
204 0.7106517921129584 0.11245689503456925 0.623995333960067 0.15926657173131778 
205 0.7162396858387787 0.08549699675215071 0.6472875336252992 0.13674021238598288 
206 0.7162396858387787 0.2041435145641481 0.6405860664881883 0.1392784512790637 
207 0.7162396858387787 0.16342741088184973 0.65055824228862 0.14123776787264997 
208 0.72139269595992 0.04344355987251014 0.6375470244135252 0.15848668196075932 
209 0.72139269595992 0.1370587533502506 0.6795070371658871 0.10223068860405526 
210 0.7245559776489535 0.18361141368930095 0.6481496760381985 0.14827956169730816 
211 0.7245559776489535 0.032523699233872244 0.6305099404632333 0.19756196788774513 
212 0.7245559776489535 0.06598950679784153 0.6547225284161584 0.15561146727262376 
213 0.7245559776489535 0.09013091697406296 0.6672342866050787 0.14004734353905127 
214 0.7245559776489535 0.0657284817107141 0.5989257040242376 0.20579607265989372 
215 0.7245559776489535 0.0845250420070392 0.6498705633812588 0.17344588837295852 
216 0.7245559776489535 0.29936162910619507 0.6601551194734282 0.13296910236912388 
217 0.7267287756496119 0.030242952690336687 0.6562915304540128 0.1601887498104896 
218 0.7267287756496119 0.19161385578173146 0.652229402337714 0.15562922351344832 
219 0.7267287756496119 0.03742529814486934 0.6507682472866042 0.1662628632242978 
220 0.7267287756496119 0.02895976530584783 0.6519725070124281 0.181113168788 
221 0.7267287756496119 0.19133230582328312 0.6478111396861135 0.14790099542582782 
222 0.7291132141955521 0.030800927285455252 0.6069509765866756 0.21486839316507897 
223 0.7292193358354034 0.03973036489697697 0.6129457428406364 0.20809273135896098 
224 0.7292193358354034 0.039724690828647755 0.6738642931205904 0.1410752257926884 
225 0.7292193358354034 0.06017589504145499 0.6075183785140454 0.20654731997148884 
226 0.7292193358354034 0.0430941975781125 0.6352853531918807 0.16358420989876687 
227 0.7292193358354034 0.18861175861076662 0.6725017495697898 0.1352256798918192 
228 0.733863846058652 0.1176761067374479 0.6379458838340943 0.17756638638301026 
229 0.7351041278366401 0.07270870258748462 0.6407538975183049 0.1834811897934824 
230 0.7351041278366401 0.0710573612649237 0.6546205574122185 0.17122225508335165 
231 0.7432062268558517 0.2102511405674081 0.6553170687928271 0.14773607012881904 
232 0.7432062268558517 0.13747169847668309 0.6749316868684431 0.14283566491545935 
233 0.7432062268558517 0.1818855852635958 0.6375258421784481 0.17696648000087611 
234 0.749343805371054 0.18185249602196937 0.6741019965408186 0.1369099487093697 
235 0.749343805371054 0.19512929377843097 0.6549800939114105 0.15784924435015754 
236 0.7522280258909105 0.12020189969869226 0.6810013073640325 0.14115546874272356 
237 0.7522280258909105 0.15515947767112712 0.687867211061837 0.13622222148198368 
238 0.7602684339806359 0.18591567224740274 0.6931686243200704 0.11466890327107393 
239 0.7602684339806359 0.029149019475751728 0.6440523806065278 0.1882414298980992 
240 0.7697940388074836 0.1878773303644744 0.6926355626877305 0.1328537741532777 
241 0.7697940388074836 0.129104987524492 0.6844475457292554 0.14190176938581558 
242 0.7697940388074836 0.030515096928180215 0.664425313940206 0.19942637194466872 
243 0.7697940388074836 0.031243779132879363 0.6607531929775727 0.21216185157712164 
244 0.7789457914583372 0.21846182163540082 0.6831738011356562 0.15386801719603746 
245 0.7789457914583372 0.02821280796619738 0.6307589833585406 0.21554080862096908 
246 0.7789457914583372 0.03378874193966813 0.6824429682997237 0.1908546778312963 
247 0.7789457914583372 0.14454223190807097 0.6938407876118264 0.14246595796341088 
248 0.7789457914583372 0.030783527151481534 0.6785185281395419 0.20029021813229314 
249 0.7789457914583372 0.11815691867443315 0.6574163321816635 0.21224743516270028 
250 0.7789457914583372 0.04098692280462865 0.6570351474127586 0.21908539887275283 
251 0.7789457914583372 0.26954177734408025 0.6820508975537253 0.17211150567801875 
252 0.7789457914583372 0.11398030888631885 0.6890897846464907 0.17229093599199916 
253 0.7812382670853733 0.03715343811456698 0.6909265962775982 0.19398206143820051 
254 0.7812382670853733 0.06100536350699817 0.6657627226288325 0.20333188338469013 
255 0.7812382670853733 0.028093930146269354 0.6837527577039432 0.19803868259242355 
256 0.7812382670853733 0.03202404516284172 0.6907749482668663 0.19595866734590278 
257 0.7829496623286736 0.1957684221012611 0.7010242978000686 0.15343016888127836 
258 0.7829496623286736 0.19174056472223677 0.6987061592867175 0.1468087379060695 
259 0.7829496623286736 0.19833594319002001 0.7138107220130111 0.1609794013631281 
260 0.7829496623286736 0.03611175056240959 0.6794021439318634 0.20836741124921962 
261 0.7829496623286736 0.03416140249138498 0.6577069914914043 0.215207383691423 
262 0.7829496623286736 0.18253112589288395 0.6664506501623687 0.19515012353725247 
263 0.7829496623286736 0.045976531763942285 0.6878951472104399 0.20650843751877979 
264 0.7829496623286736 0.03855646849646587 0.72517756348045 0.1670541202489455 
265 0.7829496623286736 0.03704909879168756 0.632141127421381 0.23314055944903472 
266 0.7829496623286736 0.050363725179736404 0.7154816819922634 0.16725083280742883 
267 0.7829496623286736 0.03816585911494373 0.718147041137396 0.16078954827961178 
268 0.7874308989782639 0.028512004742434982 0.6937116519416799 0.21051967312607353 
269 0.7874308989782639 0.20014902859397127 0.6935029377473826 0.17221713921785053 
270 0.7874308989782639 0.040703358477902 0.7022490779839731 0.1742546470669266 
271 0.7874308989782639 0.045606268053225714 0.6980114783243033 0.17830060538170375 
272 0.7874308989782639 0.18318820369578528 0.6901620912452248 0.17491140634136013 
273 0.7874308989782639 0.049453942910046976 0.7110799507455051 0.17429299035589887 
274 0.7874308989782639 0.04447903986143115 0.6688615881121797 0.2158719358913952 
275 0.7874308989782639 0.16432897557074358 0.6605136786276314 0.197282154441735 
276 0.7880254349307148 0.06331580409164407 0.7328658901812937 0.15632889078868256 
277 0.7880254349307148 0.06743960405582752 0.6423907414916162 0.24703743180280682 
278 0.7880254349307148 0.04674262366647306 0.6685527516129552 0.2207633891163495 
279 0.7880254349307148 0.12791015515398005 0.6950593377137158 0.19316020707629927 
280 0.7880254349307148 0.12380089047080267 0.7012771021393972 0.1833219123217615 
281 0.7880254349307148 0.13208853684766256 0.7229757952582485 0.1541271689076745 
282 0.7880254349307148 0.14466163649828612 0.7069636544809998 0.16752987253740587 
283 0.7880254349307148 0.05419877500142539 0.7048428348015675 0.19081174003287868 
284 0.7881951186451668 0.02916469702382723 0.7032097347501925 0.19804539248520564 
285 0.7881951186451668 0.12968532731521526 0.6911482564817948 0.18346513950201723 
286 0.7931436698113004 0.15897232639254458 0.7011890355088826 0.17652833521728437 
287 0.7931436698113004 0.10155239099287812 0.680243709558964 0.20699482689960505 
288 0.7931436698113004 0.2577482078360948 0.7239259446991071 0.14174959186521657 
289 0.7931436698113004 0.18282916432195173 0.6955550355496032 0.1781906839409204 
290 0.7931436698113004 0.09334826246037083 0.7089371153978511 0.1722465283075335 
291 0.7931436698113004 0.05314880573947909 0.6879946528656169 0.1999556609252982 
292 0.7931436698113004 0.21233526914343273 0.7282385710843099 0.1437221570409088 
293 0.7943130565877455 0.03667898646722851 0.7076727248280069 0.18702116926676 
294 0.7943130565877455 0.03130348849078281 0.7063890817381435 0.18596320676870118 
295 0.7964095548179135 0.18153071808142698 0.7116791032266041 0.16285810834178163 
296 0.7964095548179135 0.18301865530279796 0.6989350961048854 0.1919695378653851 
297 0.7964095548179135 0.21180609925914087 0.7153025651191913 0.1453713856464358 
298 0.8037012943522515 0.16482113238294865 0.7215511064461685 0.16115195533528517 
299 0.8037012943522515 0.1591709561405691 0.7154671773390453 0.18183429012570387 
300 0.8037012943522515 0.029096245393240593 0.6710900328350996 0.21899790168062264 
301 0.8037012943522515 0.1738607628985394 0.729020729031886 0.16205300404874384 
302 0.8037012943522515 0.03081572666361834 0.6947371845994502 0.20198099070927705 
303 0.8044727000642493 0.07420407268652603 0.6916581436079413 0.19200282560205423 
304 0.8092325606625362 0.20051915551603616 0.7058657855324658 0.1737861040469476 
305 0.8092325606625362 0.03223944631249224 0.7142096030819515 0.18535036594733548 
306 0.8092325606625362 0.049000371240496436 0.6855852041784778 0.22283396286249865 
307 0.8092325606625362 0.08026524276329997 0.6975299250967575 0.1951792092918517 
308 0.8092325606625362 0.028931453478923615 0.7101645388866241 0.1918720987405106 
309 0.8092325606625362 0.031489094018412024 0.719725905543791 0.1939123021375365 
310 0.8093053987328488 0.1937267209730492 0.7767403271396804 0.10212300739905882 
311 0.8093053987328488 0.21532629379834353 0.7216329840196027 0.17812876265461616 
312 0.8093053987328488 0.034928377645919634 0.6927718401821334 0.20331404298230546 
313 0.8093053987328488 0.06858462082651948 0.6961532023856807 0.21355980879496678 
314 0.8093053987328488 0.09473926829638846 0.6633324331079513 0.23891059040084733 
315 0.8093053987328488 0.04818767912653949 0.7202307948514389 0.16731423117840094 
316 0.8093053987328488 0.18235856213934742 0.7121870452456884 0.18342832879325285 
317 0.8093053987328488 0.1244635862260881 0.7582487208472054 0.1477264015159377 
318 0.8093053987328488 0.06956333303365611 0.6971937839418637 0.21111969240147668 
319 0.8093053987328488 0.031104481328342162 0.6856065850891911 0.23782675598948677 
320 0.8093053987328488 0.15450764365051248 0.69076217724197 0.21108539330163306 
321 0.8093053987328488 0.17547255882652754 0.7029375574557905 0.1836279546369779 
322 0.8093053987328488 0.04630960213515251 0.6858096924401095 0.2195108607199242 
323 0.8185864912501284 0.18142209931470635 0.707048322259787 0.20527703661899124 
324 0.8185864912501284 0.03952823261741385 0.7203822457230529 0.20764000302202595 
325 0.8185864912501284 0.06343638163493683 0.680436770893774 0.23010783624856254 
326 0.8185864912501284 0.034661923565512426 0.697221202860524 0.2022575864049138 
327 0.8185864912501284 0.054558365356815214 0.7096724560929644 0.19682630141505855 
328 0.8185864912501284 0.02897990799425586 0.7140852283686887 0.19324508087778844 
329 0.8185864912501284 0.2888550063386355 0.7571310943357814 0.1332501516744403 
330 0.8185864912501284 0.04578877329113744 0.7120432919522611 0.1939459798568912 
331 0.8185864912501284 0.07400869200648984 0.6744622641606164 0.24644569640408776 
332 0.8263070591166884 0.18577058279335093 0.7213790462807925 0.1940137105109693 
333 0.8263070591166884 0.29875139314905447 0.776986512461421 0.1192458411425956 
334 0.8263070591166884 0.30790300743678717 0.7473830142080354 0.1431739738974703 
335 0.8263070591166884 0.056778005927175176 0.6889819153392822 0.23060535524713693 
336 0.8263070591166884 0.3098967054533363 0.7698837200546051 0.13349757024813935 
337 0.8263070591166884 0.19081855820342714 0.7640378445530577 0.1492721021207046 
338 0.8278015275391835 0.21507287264505687 0.7684581462311897 0.14232158347650586 
339 0.8278015275391835 0.06714295489141901 0.7085981763089008 0.2300318928356105 
340 0.8280021484949711 0.11893621192565096 0.6967337722967388 0.21947669681861126 
341 0.8280021484949711 0.21069338956760425 0.7416798605219529 0.18822835401835525 
342 0.8280021484949711 0.03213138054113476 0.681074161843068 0.24617437421730176 
343 0.8280021484949711 0.18740586435999074 0.7558636294906952 0.17841774093061824 
344 0.8281303161613864 0.04494683023538308 0.7336977110966308 0.19959241355362412 
345 0.8281303161613864 0.08619196116771824 0.6917432635688396 0.24291107742121273 
346 0.8281303161613864 0.09513100066894552 0.7172264128758107 0.21785585660001203 
347 0.8281303161613864 0.049006193030658486 0.7224185784211296 0.19449288015620464 
348 0.8281303161613864 0.18553072702032308 0.7691833830913511 0.15458859304064435 
349 0.8281303161613864 0.19096061572002115 0.7704392187652384 0.14605114712891198 
350 0.8281303161613864 0.12020359715325309 0.7374497509659934 0.1971339049887512 
351 0.8281303161613864 0.11575471198641435 0.7227150838729698 0.20013894589190306 
352 0.8281303161613864 0.07403056141213668 0.748783819283189 0.19438899867662449 
353 0.8281303161613864 0.02947777523985269 0.7063829839180056 0.2085437305537237 
354 0.8281303161613864 0.1975433666718239 0.736346961342448 0.18803824302005193 
355 0.8281303161613864 0.07250899641013653 0.7122970680752907 0.21833360191983736 
356 0.8337863530573664 0.028787772961639195 0.7056265058473079 0.23035470575723635 
357 0.8337863530573664 0.08471698693189483 0.7488301750626813 0.18534296108041504 
358 0.8337863530573664 0.13719523997097777 0.7477928821294106 0.16959677209918617 
359 0.8337863530573664 0.03190771567700779 0.7242174955498141 0.19364570292988884 
360 0.8337863530573664 0.18677972841599894 0.7129932975063592 0.20681593189894806 
361 0.8337863530573664 0.20868056963555376 0.7935031506551609 0.11536096169486178 
362 0.8337863530573664 0.20530798551981866 0.7732618190235647 0.14463860979411602 
363 0.8337863530573664 0.03078146394523154 0.7042589171114153 0.23850354311835067 
364 0.8338411741970421 0.09779198431225317 0.731250604367896 0.21511629978093905 
365 0.8338411741970421 0.0418557206511042 0.7794424851769219 0.16405818362389227 
366 0.8338411741970421 0.18167134180961417 0.7343168241568926 0.20995398574285448 
367 0.8338411741970421 0.2173919483708659 0.72471178706887 0.208880430307185 
368 0.8338411741970421 0.03431581722019595 0.6612947647236113 0.2530441868768456 
369 0.8355640633797585 0.18415027768530243 0.7321497346696874 0.20096884340726212 
370 0.8355640633797585 0.20993549168799291 0.7501306951227125 0.1842879160781909 
371 0.8355640633797585 0.042393608174451015 0.7380978808588021 0.20983522866617174 
372 0.8355640633797585 0.053057986618594115 0.7105003863894682 0.2354067403072716 
373 0.8355640633797585 0.19572629825658652 0.73396319742478 0.1940328045514354 
374 0.8355640633797585 0.036071123134301344 0.7347172365512823 0.21491986533234173 
375 0.8355640633797585 0.0878592185344727 0.7696791829917656 0.17733577138190038 
376 0.8355640633797585 0.16664504458661203 0.7412387312633654 0.1915083448480239 
377 0.8355640633797585 0.2754463731067213 0.7615987407631615 0.15444324745263582 
378 0.8355739081907247 0.19053777256682833 0.7698646035082444 0.14640202084779153 
379 0.8355739081907247 0.02842970323593737 0.7134656270537926 0.23856308371314547 
380 0.8367157371327183 0.06088834670203756 0.7075338945217481 0.22916418389300047 
381 0.8367157371327183 0.03064817537847487 0.7023046326988754 0.22758087610494393 
382 0.8367157371327183 0.03954173499189231 0.7578057345218714 0.20038491197636354 
383 0.8367157371327183 0.10280722305067656 0.746240526060511 0.18422384549931659 
384 0.8367157371327183 0.028946755961881808 0.7123880903429318 0.2216294348316595 
385 0.8367157371327183 0.038711361815320096 0.7531877556890508 0.2055582339258378 
386 0.8367157371327183 0.151746095460634 0.7359294342405759 0.1913290348223652 
387 0.8367157371327183 0.04788593091416547 0.7185355060556423 0.2075087494551083 
388 0.8367157371327183 0.033198276181484514 0.6921881931478182 0.2511335183788702 
389 0.8367562009071345 0.04438714696361916 0.7136945353412649 0.23785559812700766 
390 0.8367562009071345 0.04223941334016694 0.752807107326372 0.1868410665100303 
391 0.8367664527145878 0.18625239663447674 0.7710919561637668 0.1532927066558646 
392 0.8367664527145878 0.07766057104636583 0.7242000434074422 0.20735739132552822 
393 0.8367664527145878 0.1623473377263803 0.753560346743856 0.1761838214539885 
394 0.8367664527145878 0.11321845681575309 0.7425830491224639 0.20140025649108803 
395 0.8367664527145878 0.18444669066447103 0.744172827681645 0.18359398918860675 
396 0.8367664527145878 0.062006637838904075 0.7370874163985852 0.2037661313467262 
397 0.8367664527145878 0.028971121149282086 0.7182844367896657 0.2304407365007772 
398 0.8367664527145878 0.3227734268944328 0.7660005098681897 0.14910500895250534 
399 0.8367664527145878 0.03538425872915443 0.7513156046668897 0.19919457566525992 
400 0.8367664527145878 0.03571658946981683 0.7503240950947541 0.19146569705537617 
401 0.840023977292555 0.09550504422258654 0.685705255803274 0.2541691912927989 
402 0.840023977292555 0.033625824215038076 0.7120570275192315 0.23146817054957847 
403 0.8402323879315096 0.06105443376678486 0.7464343388803164 0.2038039554541318 
404 0.8402323879315096 0.0676283816227775 0.73066938661642 0.22154764032384755 
405 0.8404989767299132 0.210197240999158 0.7171927638554242 0.19923683227696998 
406 0.8404989767299132 0.052120414135376415 0.7665868115469393 0.19453072979716865 
407 0.8404989767299132 0.03731762073348073 0.7424878884062871 0.1980701854884255 
408 0.8436655895544066 0.10430403357733754 0.7310937663899062 0.19753616517655867 
409 0.8436735405751961 0.2108966699078872 0.7400158439975157 0.18455817918372747 
410 0.8436735405751961 0.03722295483016792 0.7158966655347425 0.21459558212060084 
411 0.8436735405751961 0.3685729588673946 0.7838141392287508 0.11896138804663947 
412 0.8436735405751961 0.13591837603314594 0.7081798561737618 0.23059103426745287 
413 0.8436735405751961 0.12729640999786782 0.779667165861514 0.14599609375814251 
414 0.8436735405751961 0.12140924150241088 0.7405721342470322 0.21219875379384628 
415 0.8436735405751961 0.14561247183133968 0.7348443317886606 0.21697070800912416 
416 0.8436735405751961 0.04131082427759025 0.702698061098739 0.24702988167872278 
417 0.8436735405751961 0.06383871632046935 0.733535850149897 0.21999409520679084 
418 0.8436735405751961 0.03585202515674966 0.7438386276765899 0.19496667660750147 
419 0.8436735405751961 0.21290785357383957 0.7718551037267318 0.1720189995709996 
420 0.8436735405751961 0.4034141181178903 0.7762360883232172 0.1417226299585931 
421 0.8436735405751961 0.13299187296063555 0.7761626940130123 0.172831899789585 
422 0.8436735405751961 0.0622000064856498 0.732319465006499 0.21676798381471166 
423 0.8436735405751961 0.034419691187138134 0.7110645533509643 0.224846830316365 
424 0.8436735405751961 0.04676715364645906 0.7259192420394585 0.2469389900217527 
425 0.8436735405751961 0.03827588800529635 0.7876418658436679 0.15906956837675007 
426 0.8436735405751961 0.03212031704659917 0.7367447930319048 0.21089671087349987 
427 0.8436735405751961 0.032024907708105434 0.7181762900705981 0.22338575175124895 
428 0.8436880096611655 0.06479201392360459 0.7720543785763366 0.17851650065396985 
429 0.8437481400639677 0.030665332176667566 0.7125035331836377 0.23945584492990232 
430 0.8437481400639677 0.06245097431314947 0.7620402473591557 0.196126258640068 
431 0.8437481400639677 0.08014041706391462 0.7202603743358409 0.23887472436847293 
432 0.8437481400639677 0.18574891404751354 0.7513400340830051 0.19988759210637935 
433 0.8437481400639677 0.0508090003356027 0.7409691813377435 0.22142888691276688 
434 0.8437481400639677 0.15465712124658973 0.7452813828741929 0.2039481349665046 
435 0.8437481400639677 0.037713567033791376 0.7303942266119658 0.2487139971736227 
436 0.8437625180307055 0.06232799036883719 0.7668496954211678 0.1894518002715864 
437 0.8445931144608378 0.18757034713187226 0.7479655213329282 0.1884415244491068 
438 0.8445931144608378 0.1911840598731416 0.7299071630112467 0.2044862377329602 
439 0.8445931144608378 0.20962713322672125 0.7656743668664253 0.17076368018500832 
440 0.8445931144608378 0.20127295732355382 0.7887012016867394 0.15347690257344304 
441 0.8445931144608378 0.04252794129499077 0.7351468701336401 0.22626362648216825 
442 0.8445931144608378 0.18852494843465029 0.7468056211942516 0.2126241815227674 
443 0.8458778522138812 0.18783379605800193 0.7701766524514537 0.16624056370280874 
444 0.8458778522138812 0.18885986974952057 0.7586051044919908 0.18834359981073878 
445 0.8480846627581358 0.08658550893625327 0.7291062143337551 0.22182895659910906 
446 0.8480846627581358 0.07207980712906066 0.7257951309300333 0.2230148556525908 
447 0.8481007875217746 0.04626731094959192 0.737017916009804 0.2185258251043207 
448 0.8481007875217746 0.04316078764888572 0.7576996654285144 0.20601892904482022 
449 0.8481007875217746 0.03071228190039081 0.7108651254680602 0.2332645413293045 
450 0.8481007875217746 0.14835929130586573 0.7330915809397427 0.21771537741379937 
451 0.8506953579045259 0.1844194806337581 0.7873278394992926 0.16169999984206695 
452 0.8506953579045259 0.23593912889783622 0.7572170777451005 0.19422594792460296 
453 0.8506953579045259 0.15387764903416548 0.7357308115147456 0.21712328630212116 
454 0.8506953579045259 0.1868083548177097 0.7693330060104141 0.17360640199219515 
455 0.8506953579045259 0.06831568722113426 0.7385208461837353 0.22531356718733633 
456 0.8521795464173124 0.204014569719178 0.746361044416409 0.21385651320104926 
457 0.8521795464173124 0.040388202738862775 0.7609945826955877 0.21486251162030906 
458 0.8521795464173124 0.050054609470348045 0.7339612799031341 0.22946795210241516 
459 0.8524683387060401 0.04663664655766509 0.7658000602226716 0.19711331234789503 
460 0.8524683387060401 0.34105954598515936 0.8216502133975575 0.10265189247797478 
461 0.8524683387060401 0.028894973906574972 0.7632700275711317 0.19045962534393576 
462 0.8524683387060401 0.18318502038424264 0.771539446290541 0.19886290858859246 
463 0.853456806926808 0.19006776205075834 0.7439425321648485 0.20512052792514632 
464 0.853456806926808 0.18376157226561102 0.7312589067399201 0.22530818698248223 
465 0.853456806926808 0.056648113082408476 0.7591340217629585 0.20065613045359257 
466 0.853473203115381 0.18305431710146436 0.7599581617725425 0.201899969305309 
467 0.853473203115381 0.1904185721224578 0.7364984837903431 0.2026583139067362 
468 0.8537121022591555 0.03975157533658376 0.7746058060733514 0.194660318961205 
469 0.8537121022591555 0.1969797425643188 0.7561571562463082 0.20787326755481128 
470 0.8537121022591555 0.04255921469885783 0.7768694779613643 0.19936942012455258 
471 0.8537121022591555 0.16109437850704678 0.7529329759872675 0.21286036254626917 
472 0.8540103071199904 0.04944516679700791 0.7617604529238218 0.21488408416297392 
473 0.8545205106716565 0.20443346050935224 0.7553439112560792 0.18522357305062662 
474 0.8545205106716565 0.12257122690106902 0.7379331552708557 0.20913955971843506 
475 0.8545205106716565 0.035110251792211236 0.7516591933562081 0.21024364649747984 
476 0.8545205106716565 0.08135079220755607 0.7246736122409663 0.24294614323282646 
477 0.8550931775687456 0.10069619015784641 0.7383473269408986 0.21894663283927535 
478 0.855357051841422 0.03442958447876893 0.7189786935208647 0.21781778165532178 
479 0.855357051841422 0.10125773016928863 0.7543944956663118 0.19870124373256748 
480 0.855357051841422 0.15162073267037177 0.7334321847056268 0.20264720890239757 
481 0.855357051841422 0.18639636988894626 0.7724787971289631 0.18342094002454568 
482 0.8554877626738894 0.2032524223597903 0.7680895000328639 0.1901906248005399 
483 0.8554877626738894 0.041085959822206364 0.7555822618409163 0.21740575432006085 
484 0.8554877626738894 0.03212208072140629 0.7082048915167392 0.24294366739659995 
485 0.8564256013026408 0.21688238207967717 0.775296779621325 0.18300138073060754 
486 0.8569780375094939 0.16817265375887 0.7599743081206825 0.19851335206686516 
487 0.8570140774013272 0.09917347434657242 0.7473590990184744 0.23696319118990897 
488 0.8570140774013272 0.04318823032262242 0.7181813953651057 0.2496750679056181 
489 0.8580194869209026 0.14917968272636828 0.7820813710923834 0.18006316453861773 
490 0.8580194869209026 0.14042000664518184 0.7350978485038943 0.22239848551577426 
491 0.8580194869209026 0.15385045134343167 0.7576169504881629 0.19272027202414807 
492 0.8580194869209026 0.02961471437451716 0.7794025738650701 0.2002157361803762 
493 0.8580194869209026 0.09554813190765243 0.7359190933870982 0.24024973523151283 
494 0.8580194869209026 0.02816616748029473 0.7431025763213722 0.2154077381513898 
495 0.8580194869209026 0.32971913336082764 0.7920896911373652 0.1536144244083437 
496 0.8585175998574801 0.029877882742938948 0.7408639868451051 0.21590063616233854 
497 0.8585175998574801 0.19686332947173948 0.7801399841876265 0.18733085740350092 
498 0.8585175998574801 0.12945373526455425 0.7557387841685748 0.21052172004510752 
499 0.867146587979864 0.19094859414536136 0.766681470198519 0.20033825629847204 
500 0.8677906014906351 0.052708825059080276 0.779071287119849 0.20040873081101543 
501 0.8677906014906351 0.08683832174749596 0.6881398861908541 0.2568233516975278 
502 0.8678503611988685 0.06601802692246331 0.7662535194147461 0.2002668725846785 
503 0.8678503611988685 0.044647782283062105 0.7608398100146714 0.2123919086907746 
504 0.8678503611988685 0.05030479087263617 0.7727737980359479 0.2092725390377255 
505 0.8678503611988685 0.3448989267993276 0.7680972069542272 0.17474565129530303 
506 0.8699386014107394 0.0735003944635998 0.7686159033486016 0.19872054860402344 
507 0.8699386014107394 0.040525837005576416 0.7519430582601159 0.22736810931114407 
508 0.8699386014107394 0.0632005682895108 0.7402513248969627 0.2260289114697834 
509 0.8699386014107394 0.03232355446647454 0.7589519245706537 0.2220814539574498 
510 0.8699386014107394 0.10235454957494239 0.7207028103328599 0.24946353105054148 
511 0.8699786824181651 0.047625949714732704 0.7336328317691116 0.23410426302034043 
512 0.8699786824181651 0.0998173816154389 0.7276805137155589 0.24504334632240382 
513 0.8699786824181651 0.03055689261529657 0.7204011307742216 0.2640830089280168 
514 0.8699786824181651 0.18255590636429533 0.7439693584790356 0.22706227616735997 
515 0.8699786824181651 0.18363285300580015 0.7655574288612836 0.20615973841421625 
516 0.8699786824181651 0.0900679933905399 0.7443622761388407 0.23463327954835297 
517 0.8701669850218131 0.07351079601241274 0.7376984418394468 0.2312090159691867 
518 0.8701669850218131 0.051499255429502386 0.7507182552492015 0.21525515543551804 
519 0.8701669850218131 0.028966551297077578 0.734599050100094 0.2574832414715732 
520 0.8756222683342724 0.08610267405428786 0.757911148172937 0.21343359052581834 
521 0.8756222683342724 0.03602938394996612 0.7320344423328079 0.2757041323700694 
522 0.8756222683342724 0.2103124290564652 0.7771504638926943 0.18662081190269406 
523 0.8862379468788125 0.19733710908022647 0.7708220158059327 0.20750325113556906 
524 0.8862379468788125 0.10972003393898098 0.7575956618294513 0.2144285265617998 
525 0.8862379468788125 0.13843787556004475 0.7824717671628625 0.19768447343457624 
526 0.8862379468788125 0.19340662584927557 0.7739680053592971 0.19690651461287412 
527 0.8862379468788125 0.028614602379456476 0.7110590171482806 0.2627679613681156 
528 0.8862379468788125 0.0446618280335428 0.7772638185269632 0.23125755321035177 
529 0.8880046391163829 0.03895153143170134 0.7588825684789136 0.25410899910805584 
530 0.8880046391163829 0.1984260533219418 0.7644203188897087 0.21411696197351546 
531 0.8880046391163829 0.18373076122017196 0.8066486551173775 0.16636159319069144 
532 0.8880046391163829 0.24962200716187258 0.8017563333217559 0.17803767207745805 
533 0.8880046391163829 0.04206766776216064 0.7662928421131425 0.25326188403003824 
534 0.8880046391163829 0.23637403220048062 0.8501500609771563 0.11732435921947135 
535 0.8886185617155277 0.1829210818487883 0.75178037798053 0.2424454462574386 
536 0.8886185617155277 0.18714790144848756 0.7427110929147015 0.22110595600527091 
537 0.8886185617155277 0.11854554223977451 0.8196275187393721 0.17323879230738407 
538 0.8886185617155277 0.03964582898217449 0.77176066672291 0.24475008109458163 
539 0.8886185617155277 0.03180240631951856 0.7180595845330409 0.29338128643378825 
540 0.8886185617155277 0.04794075328496348 0.7810093305674146 0.22747750598060779 
541 0.8886185617155277 0.06769048969657894 0.7808914527397974 0.21682811337349034 
542 0.8898604110690906 0.2737110664616775 0.8185161979643053 0.1542591604481421 
543 0.890028927287275 0.1835492022894992 0.8000857910369722 0.20333973899825264 
544 0.890028927287275 0.07825406410120193 0.7921809801730197 0.21721825795862923 
545 0.890028927287275 0.09014741400292858 0.7828028336981971 0.2274490551383953 
546 0.890028927287275 0.11921199041238463 0.7893082237947433 0.21313048307656537 
547 0.890028927287275 0.04324380632983485 0.7342408127245386 0.24529647947926556 
548 0.890028927287275 0.04818517034059455 0.7596033883596456 0.24141101198874484 
549 0.890028927287275 0.10909675698028228 0.7780695645294575 0.2324741549257093 
550 0.890028927287275 0.031106651385706494 0.7695627961469095 0.2396110210218882 
551 0.890028927287275 0.15966927001308792 0.7932052727644301 0.21027211222169642 
552 0.8918998007663745 0.029824289221592564 0.76297744401302 0.2379661960968834 
553 0.8918998007663745 0.12208525269301816 0.7757261283858387 0.2267465624250891 
554 0.8918998007663745 0.13408833928199484 0.791141884303918 0.19657936163530457 
555 0.8918998007663745 0.029520623755635914 0.7574362732213373 0.26182414766693085 
556 0.8918998007663745 0.03337411151994116 0.7745958208238746 0.25225269156245067 
557 0.8918998007663745 0.11673557159077208 0.7778507211329716 0.24282738045051896 
558 0.8918998007663745 0.19428865265004117 0.7730568921510975 0.2397200368158187 
559 0.8918998007663745 0.06359170314571048 0.807494179054021 0.22406543544988672 
560 0.8918998007663745 0.03693809326465928 0.7646425481441118 0.22758775055262945 
561 0.8918998007663745 0.03956548473006219 0.7592613636479657 0.25399194190557417 
562 0.893052000598898 0.11369164835739981 0.7954145873907739 0.2107237083528205 
563 0.893052000598898 0.16007991904276778 0.7838473103202795 0.20903134978414292 
564 0.893052000598898 0.03325184434484839 0.7600833150887508 0.249733897970811 
565 0.893052000598898 0.05031893521470892 0.7310096209429264 0.28346518748944843 
566 0.893052000598898 0.04103898094088716 0.7334983007453298 0.2898654468366996 
567 0.893052000598898 0.03592719372088287 0.7709036338611975 0.2502190619868378 
568 0.893052000598898 0.1878135877960163 0.7609588310865352 0.2243598548486229 
569 0.893052000598898 0.19600274612615187 0.8071733073576363 0.19363451721228941 
570 0.893052000598898 0.09592309184008216 0.773316264729056 0.22597308760183538 
571 0.893052000598898 0.03553068537166382 0.8219543445389645 0.18884215445742764 
572 0.893052000598898 0.20152347771758963 0.7722700082953254 0.22577695617786558 
573 0.893052000598898 0.16846909994003434 0.7578851883643953 0.24193579724757094 
574 0.893052000598898 0.05842606507464558 0.7577200236087489 0.23633050437634037 
575 0.893052000598898 0.038090829304358254 0.7598828940450821 0.23664743387401155 
576 0.893052000598898 0.1936501104696441 0.8217239691476498 0.1851026515343904 
577 0.893052000598898 0.21147952187999278 0.7891078703386147 0.1889108230701054 
578 0.893052000598898 0.19486379265399958 0.7903365329357446 0.1930965604523095 
579 0.893052000598898 0.036886672213133964 0.8034774264255328 0.2159135461133316 
580 0.893052000598898 0.12286250925986625 0.795252628026205 0.20456623263927562 
581 0.8941343839483702 0.14295183411519202 0.7917823086544566 0.19117647471742452 
582 0.8941343839483702 0.07853044578069777 0.7368510065152498 0.26434391741841756 
583 0.8941343839483702 0.04474062586472326 0.7997025758114529 0.20547755449205324 
584 0.8941343839483702 0.0492447252530478 0.8299272534736054 0.17318800586222363 
585 0.8941343839483702 0.19209402995195407 0.7662599051245037 0.22019947457692882 
586 0.8941343839483702 0.04625728200362638 0.7676494858346558 0.24556837592710803 
587 0.8942544935498905 0.05950417758968014 0.7991574334128662 0.22641737446468155 
588 0.8974513488869722 0.03782209788722897 0.7527348126044722 0.2601339939328191 
589 0.8974513488869722 0.04291018249113344 0.7569954147229423 0.26219184139106894 
590 0.8974513488869722 0.196615218765285 0.7875621565796922 0.2096099861914786 
591 0.8974513488869722 0.03854915936354303 0.7410765871349595 0.264144494534088 
592 0.8974513488869722 0.16671364482614504 0.8043244987580184 0.18537379175722124 
593 0.8974513488869722 0.06954739420434931 0.7796195283703748 0.23690692720440854 
594 0.8974513488869722 0.03693161262523217 0.8010051494020686 0.2292748119656035 
595 0.8986817646908718 0.06756694424881794 0.7863334456322288 0.2159718592466319 
596 0.8986817646908718 0.07611391834324098 0.8242968108678826 0.18103268464168867 
597 0.8986817646908718 0.053115069181302745 0.8085682821576038 0.2047083001476243 
598 0.8991732458019188 0.19280702798240493 0.7794210084446175 0.22091571113834257 
599 0.8991732458019188 0.06746137095342505 0.7598364756379593 0.24013308532942862 
600 0.8991732458019188 0.09186748409636021 0.8211347547261151 0.18523182259490228 
601 0.8991732458019188 0.17426711759249378 0.8179722689949023 0.18922392891396683 
602 0.8991732458019188 0.25184690570227153 0.8032709407888539 0.17633067971135294 
603 0.8991732458019188 0.19445030859546863 0.8071776814701832 0.21179249507156897 
604 0.8991732458019188 0.18329569566532625 0.8109696100604885 0.19573389684165757 
605 0.8991732458019188 0.18134356638022125 0.8057060112560946 0.2074529823226713 
606 0.8991732458019188 0.15265520920465314 0.8095937586022435 0.20341806091996503 
607 0.8991732458019188 0.1863094553239454 0.7799899343152165 0.23733491977425336 
608 0.8991732458019188 0.1838702507555624 0.8254001422020512 0.18781456817170725 
609 0.8991732458019188 0.04296913898318387 0.7399004269321382 0.2748158313960378 
610 0.8991732458019188 0.15674741288288188 0.7530062703451185 0.25237331773265664 
611 0.8991732458019188 0.05900329899384778 0.7398758560070072 0.2429019715571971 
612 0.8991732458019188 0.18227666331640358 0.7921659644565129 0.22652653963424838 
613 0.8991732458019188 0.03469050999006994 0.7345088929057609 0.26720743375484857 
614 0.8991732458019188 0.029594851857678777 0.7372275043641399 0.27314985368998107 
615 0.8991732458019188 0.18579945020947208 0.8428672268651277 0.16365241196331534 
616 0.8991732458019188 0.07827020277064273 0.8140507121861199 0.1892739649669811 
617 0.8991732458019188 0.06882419048147984 0.8178786163911236 0.18896357632013258 
618 0.8991732458019188 0.21620017093959323 0.8233480913444168 0.1756170626965498 
619 0.8991732458019188 0.09104210459992185 0.8211527197262019 0.20915613273546663 
620 0.8991732458019188 0.04515642098478292 0.8000108857004498 0.20715494813938173 
621 0.8991732458019188 0.1838724039519559 0.7989919635591348 0.2021886978423141 
622 0.8991732458019188 0.20013012572530994 0.8013499916282866 0.19341030078160126 
623 0.9004243716833237 0.03449211774746927 0.7617881229351755 0.2403912326150122 
624 0.9004243716833237 0.18319600030702837 0.8087636680783533 0.19491736464778842 
625 0.9004243716833237 0.1825350499392252 0.8118425540064572 0.212349152675322 
626 0.9004243716833237 0.032602551690778976 0.7570992138503045 0.255818004422309 
627 0.9004243716833237 0.1902894668845162 0.7632953537812415 0.23520884179711155 
628 0.9004243716833237 0.09386324510336291 0.8031750514231221 0.2227995626844402 
629 0.9004243716833237 0.033878479653093076 0.788008080680547 0.24227127477065388 
630 0.9004243716833237 0.20844123139138482 0.7994256496466419 0.21376322924743912 
631 0.9004243716833237 0.1879098593636414 0.7485762512556262 0.2595502705805678 
632 0.9004243716833237 0.27788473210771947 0.8240285709388749 0.17106122165147528 
633 0.9004243716833237 0.09338337834403679 0.7816564525589709 0.2378377411711351 
634 0.9004243716833237 0.18384315976597215 0.7512298327891023 0.24420547406980703 
635 0.9021558360005104 0.18337799229476165 0.8045718881859389 0.2116448525968039 
636 0.9021558360005104 0.02917690904724922 0.7454045872355793 0.2651041878746428 
637 0.9021558360005104 0.03006702377104226 0.8132726394312169 0.2064327356603249 
638 0.9021558360005104 0.193385558125524 0.8068203695284164 0.21656562802421117 
639 0.9021558360005104 0.033280429522170724 0.7751854952048111 0.23957437302265736 
640 0.9021558360005104 0.03947645299803481 0.7651466073925822 0.23952648345325436 
641 0.9021558360005104 0.04235428060691901 0.798870905172625 0.23230434397009697 
642 0.9021558360005104 0.06768061142889366 0.7625300528963712 0.2526088569670354 
643 0.9021558360005104 0.042985239537106076 0.8003262584829296 0.2355452741465388 
644 0.9021558360005104 0.103881004632222 0.7773238231750887 0.24717385748724421 
645 0.903202088217611 0.032683027095379465 0.7599887066829619 0.23978658787048038 
646 0.903202088217611 0.07013848675603691 0.7879660423090952 0.23457152073278234 
647 0.903202088217611 0.048886366874980845 0.8194706322946969 0.19275298954970566 
648 0.903202088217611 0.18850628694932206 0.8069902823159427 0.22033877839617422 
649 0.9034454367959759 0.04022081259215048 0.7955709541234485 0.22870299671444252 
650 0.9034454367959759 0.1899319720841377 0.7409479392743168 0.22902886229787053 
651 0.9034454367959759 0.06426573010131284 0.7751429009979725 0.2403142435163712 
652 0.9062310028423982 0.19249507907956626 0.8124076635272635 0.20523476084589068 
653 0.9062310028423982 0.1940191751500531 0.8303410242829041 0.17990082097405324 
654 0.906457229701362 0.34606193667125845 0.8538277925646885 0.13399959770321845 
655 0.906457229701362 0.044181408164110196 0.7839552760317567 0.2498017481068179 
656 0.906457229701362 0.18482297418862428 0.7545194439238594 0.24701950894349467 
657 0.906457229701362 0.06823750311047921 0.7447427725179173 0.2615739341329278 
658 0.906457229701362 0.08198556228489925 0.798800721269785 0.22269939938896055 
659 0.9064905148613027 0.03272078839038305 0.7620805596842517 0.2696084322184778 
660 0.9064905148613027 0.18483271005025123 0.7869245010570894 0.23251393725784564 
661 0.9064905148613027 0.06878913928069179 0.7968017616642414 0.2353698010465184 
662 0.9064905148613027 0.09004828338505036 0.752706411384771 0.2667128790959538 
663 0.9064905148613027 0.036984978276682144 0.8033953693257007 0.2309180542173601 
664 0.9077205597933788 0.18862642166421179 0.8073438184514461 0.21385340315686355 
665 0.9077205597933788 0.2425478543356278 0.8075351121650863 0.20743781704168718 
666 0.9113413196919489 0.12980982755816176 0.7714595013901526 0.24884812967687336 
667 0.9113413196919489 0.19471230108983348 0.8248465924894457 0.19106384547582098 
668 0.9113413196919489 0.04457110248985374 0.830185953498439 0.1977306590948364 
669 0.9113413196919489 0.03728066078729603 0.7680113911215016 0.28544588099338075 
670 0.9113413196919489 0.12494166991259206 0.8284835012759957 0.18184304253229325 
671 0.9113413196919489 0.16128010717553345 0.7997433363728216 0.2168672866701054 
672 0.9113413196919489 0.18410156186239907 0.7799287064998028 0.24480011398232732 
673 0.9113413196919489 0.19507026680947506 0.744125179309929 0.24653829061680751 
674 0.914060705111971 0.035823617610962255 0.8145995673041331 0.2195031998403008 
675 0.914060705111971 0.11297169468848511 0.8156810015474202 0.19603198333488225 
676 0.9149265169109729 0.03875893961009947 0.7639484084625983 0.26113140861540135 
677 0.9176064797045178 0.36336157183314177 0.8605434305313934 0.1444659206617713 
678 0.9176064797045178 0.1969809347600331 0.8280261769442032 0.20681698846635924 
679 0.9178785481074471 0.02952092003972201 0.7770511939003851 0.26988157445648236 
680 0.9178785481074471 0.0898231771656457 0.8005787522676322 0.21754383693389406 
681 0.9213008774950773 0.1305114064282867 0.8314817285400528 0.20094827388847833 
682 0.9213008774950773 0.18664286332845048 0.7995099050313315 0.2375817536617654 
683 0.9244073042036465 0.04648411417052658 0.76780731456444 0.25800600849429534 
684 0.9244073042036465 0.18575863671939122 0.7592939361881584 0.2549654836720323 
685 0.9244073042036465 0.2986267424838845 0.8246131836960223 0.1842150483957554 
686 0.9280088309320923 0.1996562941626217 0.829005861805667 0.2257964270048974 
687 0.9280088309320923 0.056851648180639834 0.7863891752556538 0.24879034944739317 
688 0.9280088309320923 0.03806164530348495 0.7262959318621753 0.2962234658735175 
689 0.9337859287189262 0.17458669579785574 0.7827949562089381 0.2594942710926387 
690 0.9337859287189262 0.07942904629600982 0.8464873230544439 0.18975414599044232 
691 0.9337859287189262 0.2345267061737954 0.8184019858777739 0.2156401004293518 
692 0.9356709047978724 0.09023377599039331 0.8382602929556976 0.21125929002279023 
693 0.9356709047978724 0.03128062708009049 0.7514135443049739 0.3026124265338172 
694 0.9356709047978724 0.19385891394782717 0.844739127015668 0.20401936533378312 
695 0.9356709047978724 0.04192218444105936 0.8156846629896054 0.24682154706054057 
696 0.9356709047978724 0.18587800201680224 0.8149927566543845 0.23331928532598342 
697 0.9356709047978724 0.28934350818041793 0.8634287102313839 0.17727401326098002 
698 0.9356709047978724 0.10834215123378411 0.8258877626505327 0.22864700029845583 
699 0.9356709047978724 0.04613811161621035 0.7759276357781453 0.268602834449954 
700 0.9356709047978724 0.19287538358838044 0.8123591332723273 0.22155137921744206 
701 0.9365076637364476 0.035982344688735034 0.8320162459128626 0.23640697657589899 
702 0.943743990571735 0.03320175739229998 0.81955486851303 0.25171120593571195 
703 0.943743990571735 0.08707217425871296 0.8265144552442957 0.21725487375824573 
704 0.943743990571735 0.1831649196029821 0.8056832213454482 0.23348517935195892 
705 0.943743990571735 0.3288917308068837 0.8483817204072002 0.1837339833339773 
706 0.943743990571735 0.1743706103438478 0.795123789602627 0.25954198840020554 
707 0.9439858341705023 0.1502437884836553 0.7853015743012854 0.27417447480772944 
708 0.9439858341705023 0.03739112218620102 0.8353606518229323 0.23901232981585813 
709 0.9439858341705023 0.03978129855032627 0.8385672111147441 0.24766059329416404 
710 0.9439858341705023 0.1822534445254935 0.8845960456530761 0.16898897433725837 
711 0.9439858341705023 0.03792418119465777 0.8619195236076825 0.21532128264891431 
712 0.9439858341705023 0.22516358741466524 0.831239491601844 0.23011664530333517 
713 0.9439858341705023 0.19064811036795035 0.8593998679323394 0.19989312929337175 
714 0.9439858341705023 0.04014377982937675 0.7740175055071272 0.2839121711415761 
715 0.9439858341705023 0.21480245630562084 0.7794482328132031 0.26402844703878925 
716 0.94454169675979 0.21575934059511953 0.8740123831818606 0.19104619292183686 
717 0.94454169675979 0.18529244774438988 0.8235689388538158 0.2516807072522252 
718 0.94454169675979 0.0388161905731261 0.7585650560251724 0.2968229151232855 
719 0.94454169675979 0.040252789924508016 0.8107171185828339 0.2530222536701276 
720 0.94454169675979 0.0491713823600906 0.7902622544708743 0.2825048879751999 
721 0.94454169675979 0.030094637943499414 0.789285833805146 0.2851902726876999 
722 0.94454169675979 0.06726241025502987 0.8178434916830183 0.2628641667027485 
723 0.94454169675979 0.17476175285740778 0.798096293032535 0.26714103381600857 
724 0.94454169675979 0.05048246767720114 0.7874495988902106 0.2768789260192179 
725 0.9447274501373603 0.18638474447859465 0.8307296443585546 0.23962534841773958 
726 0.9447274501373603 0.14568082961487522 0.8068797992320552 0.2503028863850869 
727 0.9447274501373603 0.04358173742348709 0.834429965751016 0.24086824573345134 
728 0.9447274501373603 0.05031651968879588 0.8128389504795792 0.2579566660221129 
729 0.948791924628349 0.19600132464048334 0.8525540807889116 0.20406888163125336 
730 0.948791924628349 0.2088219678451649 0.8508488641239527 0.20028233259936534 
731 0.948791924628349 0.09553118706797015 0.8524899440179657 0.2074634966666705 
732 0.948791924628349 0.08610404896690602 0.8187836221325283 0.24268210046915967 
733 0.9616765723091463 0.04711805126953429 0.8016577555893005 0.27024176615241297 
734 0.9616765723091463 0.038049775166369655 0.7885112286525566 0.2857773134766295 
735 0.9616765723091463 0.1940097555626471 0.7720430868042061 0.2815417033939633 
736 0.9616765723091463 0.05419622820000125 0.8382671668365097 0.25972170673383155 
737 0.9616765723091463 0.20364280405757532 0.8471460873471526 0.20149881556267238 
738 0.9616765723091463 0.13193845696226297 0.8290514761432957 0.24712664299950796 
739 0.9616765723091463 0.20195420988569088 0.7951130424237475 0.2793210798835804 
740 0.9620705388443689 0.03522628327221275 0.8198701483412516 0.2691044603956885 
741 0.9635890415934621 0.18200489356728228 0.7921003463404699 0.2645265049963208 
742 0.9635890415934621 0.1767893251694773 0.8156613124706713 0.2676881054787791 
743 0.9635890415934621 0.0368657338597647 0.8330570037408053 0.2683618151112482 
744 0.9635890415934621 0.21530039741119436 0.8300642812656529 0.2462559052074342 
745 0.9682707920422631 0.049613370687062425 0.8096835906298754 0.27381838260020586 
746 0.9682707920422631 0.08565500068004438 0.7711496598367233 0.31486410455632147 
747 0.9682707920422631 0.3491160651068108 0.8727051221170414 0.18426663308708074 
748 0.9682707920422631 0.1939410034108436 0.8644636505560663 0.23241729986469528 
749 0.9682707920422631 0.05967035234744767 0.8510877590036002 0.25066017396692153 
750 1.000451923713313 0.17867480164591582 0.7999587942391677 0.2633719341361426 
751 1.000451923713313 0.20401958537033352 0.8853114507469864 0.20050839878037552 
752 1.000451923713313 0.07404567582934259 0.837865070449684 0.26929365747821765 
753 1.000451923713313 0.1820885118916299 0.8305324024311442 0.2760276829915943 
754 1.000451923713313 0.17153498457405955 0.9046218697152146 0.1706894508995839 
755 1.0127319806731196 0.08254021661602033 0.8846991350128767 0.23833925938468983 
756 1.0133059484141105 0.055388112582250904 0.8297838684340467 0.2976669438920096 
757 1.0133059484141105 0.06887170196669921 0.8834936265827295 0.24548705972165102 
758 1.0133059484141105 0.03087843859262184 0.8854571857593867 0.2479736574620833 
759 1.0133059484141105 0.02927306776063366 0.8502513041347802 0.2868234295093313 
760 1.0133059484141105 0.028919301719673166 0.8215902171580769 0.3396814573379336 
761 1.0133059484141105 0.07327090322124731 0.860180609892284 0.2841245221227009 
762 1.01467730551557 0.08977740503348203 0.9023211292778962 0.23069624291174942 
763 1.01467730551557 0.13071066633139705 0.8811250415429968 0.2536679019714101 
764 1.01467730551557 0.16272953783883032 0.9214388041472048 0.21521309006370262 
765 1.0179914224198636 0.12134284085746068 0.8327352898787544 0.2962420605832804 
766 1.0186056330573383 0.04721669142523908 0.9061057200578096 0.25379480173726177 
767 1.0191082068490094 0.03204568443977787 0.8879569435310278 0.2835380539631487 
768 1.019149159776998 0.03256261959891128 0.891564387323082 0.23466047850767655 
769 1.0213777155168968 0.09627431538561752 0.9366039831272631 0.20461444108554624 
770 1.0213777155168968 0.2197656900179191 0.8633130425019775 0.25707424985444943 
771 1.0213777155168968 0.0618387367162498 0.869206948010928 0.2742642538425721 
772 1.0213777155168968 0.1146930384190645 0.8832728233537647 0.27701677126371294 
773 1.0213777155168968 0.09316642578586123 0.9010451888550448 0.26875134088972225 
774 1.0213777155168968 0.04262772347648445 0.9167245277790887 0.2687338265096377 
775 1.0213777155168968 0.11924193770390829 0.8575046519487928 0.28821240569298656 
776 1.0213777155168968 0.10629083416952687 0.8451350966915522 0.2813863131697678 
777 1.0213777155168968 0.03383638551085836 0.8337191761630879 0.3265981414522918 
778 1.0213777155168968 0.07290052136872083 0.918857324992762 0.24937399362187782 
779 1.0245856118803962 0.09425742144632974 0.9037611254818638 0.2739022817379693 
780 1.0246179966353937 0.19068030578903913 0.929660753912366 0.22084054293275124 
781 1.0246179966353937 0.07025783128595699 0.797647591942768 0.3252108159763022 
782 1.0246179966353937 0.18267260348955042 0.8676428579581755 0.286211624190626 
783 1.0246179966353937 0.23146719243429412 0.9061400447142977 0.24198480159700864 
784 1.0246179966353937 0.06488354832525899 0.8982360916124793 0.26010674770602443 
785 1.0246179966353937 0.0516038526401036 0.8855598847142522 0.29011754593996014 
786 1.0246179966353937 0.14534724828460469 0.8640203802473733 0.2928979302503995 
787 1.0246179966353937 0.05410503594807522 0.7886348074771516 0.342483826310699 
788 1.0280048284357362 0.17206954772465516 0.8458797646197483 0.3125857133225079 
789 1.0280048284357362 0.11072155065207172 0.9398865675864467 0.23107756619608577 
790 1.0280048284357362 0.09037994977737251 0.8914272270539182 0.2811580451185882 
791 1.0280048284357362 0.060783426404709254 0.8504547384434413 0.28820095430865883 
792 1.0280048284357362 0.2672852350312647 0.9165630883249087 0.22874373891886102 
793 1.0280048284357362 0.05490194206931782 0.8366027514306993 0.30661617230715277 
794 1.0280048284357362 0.08971776240640315 0.9014587855186592 0.26741703697464797 
795 1.0280048284357362 0.06248098286383813 0.8720094316521974 0.294221898975569 
796 1.0280048284357362 0.17969624202701326 0.924017956205661 0.2187056910312125 
797 1.0280048284357362 0.12939496745178575 0.9335926659457242 0.22804765382057002 
798 1.0280048284357362 0.053898074385268974 0.8444675538674885 0.2906440047357527 
799 1.0280048284357362 0.14614735165775575 0.8364522134815597 0.3063464123989483 
800 1.0280048284357362 0.18260926018044607 0.8876339454173505 0.26639898764824593 
801 1.0280048284357362 0.03626372798123978 0.8626462056839763 0.3092072880282848 
802 1.0280048284357362 0.04428424655936031 0.9157039500458318 0.2591369023712858 
803 1.0280048284357362 0.0718200334525003 0.8594363348475275 0.3082932343570476 
804 1.0280048284357362 0.04375303258150952 0.8803702706699104 0.28215790342983094 
805 1.0280048284357362 0.0594968617313148 0.9071571945200183 0.2643586687616201 
806 1.0280048284357362 0.034723586721827265 0.8852469866752384 0.296737688229529 
807 1.0280048284357362 0.04766400039861236 0.8446839944212591 0.31859837416248127 
808 1.0280048284357362 0.18663479750673 0.8538192988506298 0.29771099605434964 
809 1.0280048284357362 0.1032338877587524 0.8414914399648529 0.3312690214009858 
810 1.0280048284357362 0.03755412063202831 0.8777635010190509 0.30306012732297416 
811 1.0280048284357362 0.034555410570693376 0.8672062611035117 0.2907878567317382 
812 1.0280048284357362 0.06716850924315407 0.9251991100442895 0.24742727789478075 
813 1.0280048284357362 0.21020604463657222 0.8965229756995419 0.26761220003746145 
814 1.0280048284357362 0.18308257862984362 0.8684601457755601 0.27232824901482516 
815 1.0280048284357362 0.051591039765296706 0.8896212626372453 0.27768815426772603 
816 1.0280048284357362 0.19464301475373327 0.8741985619768499 0.2820776007965326 
817 1.0280048284357362 0.057228475205114336 0.8861026665881714 0.28988833840077916 
818 1.0280048284357362 0.1954380647271624 0.9222339850930577 0.24560996280576813 
819 1.0280048284357362 0.1876369258165468 0.9042422273851116 0.251104122961224 
820 1.0280048284357362 0.20630617362855475 0.9029659009106624 0.2525012984555559 
821 1.0280048284357362 0.19163415108610093 0.9021545774519599 0.26582082348075675 
822 1.0280048284357362 0.12471980837634267 0.9065454431510922 0.2568086210255377 
823 1.0280048284357362 0.18232608310951562 0.8754838324803462 0.2648902977292782 
824 1.0280048284357362 0.1829357829555429 0.8594581595269527 0.30248096609912983 
825 1.0280048284357362 0.03734428067598963 0.8487848644171544 0.2999095719199985 
826 1.0280048284357362 0.13546336232811948 0.849585595889036 0.31678443038482723 
827 1.0280048284357362 0.033166545710935524 0.8409079456120876 0.29529681593497425 
828 1.0280048284357362 0.07901155894223537 0.8737830855720207 0.3043241808200654 
829 1.028281075296485 0.05695001485140124 0.8903516402233932 0.27860244848127 
830 1.0299806127872226 0.23828634039660615 0.9354908551494004 0.2161545602359432 
831 1.0299806127872226 0.1441817056853312 0.8472628433340381 0.2964065288488799 
832 1.0299806127872226 0.16064955457873809 0.855265049897019 0.31728367030359156 
833 1.0299806127872226 0.16230627748247192 0.9015624268262254 0.25769090055335564 
834 1.0299806127872226 0.11569865361070948 0.9047743010240977 0.28425116611640944 
835 1.0299806127872226 0.06662986523337366 0.8513468128550058 0.32541314914695446 
836 1.0302625491812443 0.19859040541195613 0.8880180573721385 0.27081630226044157 
837 1.0322796402174146 0.05349983227667129 0.8717928943753331 0.3080223215571903 
838 1.0403049118911567 0.05093909351720503 0.8217703932685895 0.34154605481483163 
839 1.0403049118911567 0.12074069288914874 0.9003240479854 0.2572733671368015 
840 1.0403049118911567 0.19971066529389303 0.8466804635250168 0.2913572835104931 
841 1.0403049118911567 0.03551529350047712 0.8861056547186509 0.28396616351151727 
842 1.0403049118911567 0.030156526393082066 0.8286701350922775 0.32588194773512114 
843 1.0403049118911567 0.033735022991321674 0.8924852720505784 0.28291685109564807 
844 1.0406352294370833 0.07596310454311013 0.8811149384293435 0.28194738855180856 
845 1.049306131766966 0.17992855187563708 0.9732568632419275 0.18392224694803677 
846 1.0493663952797465 0.06436187512307301 0.8872040992003173 0.2682766898858386 
847 1.0493663952797465 0.18200220395375075 0.9027117315778642 0.27610603747426155 
848 1.0493663952797465 0.07446963828978077 0.8231284135752734 0.35027229601246596 
849 1.0493663952797465 0.037801637843964606 0.8504247778339167 0.3317693246120332 
850 1.0518442230636391 0.06525302679661282 0.8422769682981314 0.3554559225120529 
851 1.0518442230636391 0.03984174160861377 0.8826137355886223 0.29616509311142364 
852 1.0518442230636391 0.21312134674425232 0.8966767856355793 0.27917855493205646 
853 1.0518442230636391 0.16252342079179263 0.9398145070237194 0.24751308767460448 
854 1.0527398105574084 0.0334349703907695 0.934796301815645 0.2610357904228539 
855 1.0527398105574084 0.05078641160750794 0.889460138145722 0.32738309157178647 
856 1.0527398105574084 0.1071361103417768 0.8726703716180191 0.30554747702504303 
857 1.0527398105574084 0.1869429757538766 0.9346168235954361 0.24709516145003685 
858 1.0527398105574084 0.02960393960738209 0.8988336733547787 0.30176721974996934 
859 1.0527398105574084 0.045089292191273424 0.8813051647085481 0.2965783048588984 
860 1.0527398105574084 0.10021215203918102 0.9087433862282578 0.28580306116889403 
861 1.0531541427564672 0.042805489458686515 0.8671600437055045 0.3288904963738356 
862 1.0531541427564672 0.10771508818016692 0.8223538623418118 0.33687363977349694 
863 1.0531541427564672 0.0710465931248965 0.8694624329197906 0.3126272236073719 
864 1.0531736886381167 0.09820638190453318 0.9098127873414739 0.2975997165699553 
865 1.0531736886381167 0.08699826737628323 1.0037632618300931 0.1807507988404983 
866 1.0531736886381167 0.0587658783106111 0.9012954073370137 0.2877574452084077 
867 1.0531736886381167 0.056590177863423595 0.8538334280855752 0.3292816142979132 
868 1.0542780975120731 0.04138556912123003 0.9567399656077582 0.24878211269439962 
869 1.0542780975120731 0.17073386458769202 0.8964918583115948 0.2994687417534823 
870 1.0542780975120731 0.028672886011691084 0.8159824554180565 0.35860649552622137 
871 1.0542780975120731 0.02850357281172039 0.9536818805306027 0.2717777123908585 
872 1.0542780975120731 0.09897082754356168 0.8198751549460017 0.3528478179958289 
873 1.0583374132967809 0.14862593768900315 0.8747725628059528 0.31241923316386927 
874 1.0583374132967809 0.1577638938827044 0.903033799537282 0.2933396318908651 
875 1.062213967622665 0.04676406792867161 0.9357245216401021 0.25374235422176805 
876 1.062213967622665 0.057175259297820975 0.8561716776159426 0.32631835409976817 
877 1.0623899568310355 0.19019042222269233 0.879374709418144 0.31115956181401416 
878 1.0762838092769007 0.1552760409275906 0.911344002250082 0.2766654994040866 
879 1.0762838092769007 0.1931001657086696 0.8868897140163465 0.3027968958193335 
880 1.0762838092769007 0.1549144464398754 0.9006326632656554 0.29111635741093206 
881 1.0762838092769007 0.032102485324612885 0.8920002837330532 0.3004203618837767 
882 1.0762838092769007 0.03728595425727975 0.9381422568912617 0.28341619763960235 
883 1.0762838092769007 0.18176263481867827 0.8954635460254017 0.3037711267990105 
884 1.0762838092769007 0.06481410867457807 0.8661931177343701 0.33119757017126816 
885 1.0762838092769007 0.08165893421575235 0.9166236251224897 0.2858884201252644 
886 1.0762838092769007 0.04671742939466307 0.9344833981411215 0.2907141972480168 
887 1.0762838092769007 0.04972301100598156 0.813226069761405 0.35986713379165297 
888 1.0762838092769007 0.03015271968369147 0.9191033290967264 0.324714151391259 
889 1.0762838092769007 0.3139273933974088 0.908572231234338 0.26080821438000507 
890 1.0762838092769007 0.1869228391161009 0.9826227773308515 0.2244129688549572 
891 1.0762838092769007 0.13035824114195793 0.8758861905042773 0.3421794157727316 
892 1.0762838092769007 0.038570958880293965 0.8907829836894151 0.32690549928612006 
893 1.0762838092769007 0.04895577554966616 0.8924155693144514 0.33082505333815015 
894 1.0762838092769007 0.052666326701779925 0.9217879785974864 0.3143791213893233 
895 1.0793521531425874 0.05845852151574401 0.9420149241556804 0.3051368414556982 
896 1.0793521531425874 0.03423758229347372 0.8464610055240627 0.34903717256220995 
897 1.0793521531425874 0.05560294013877998 0.880845620411744 0.3065567326541945 
898 1.0793521531425874 0.19822641544990469 0.8884199881670075 0.2885915173789727 
899 1.0793521531425874 0.038415830731076364 0.8925050510703371 0.3546207880823069 
900 1.0793521531425874 0.03580598944805967 0.8732369091651732 0.3256745194884285 
901 1.0793521531425874 0.04649962387508889 0.8525366742361901 0.3420769565194695 
902 1.0793521531425874 0.03243073313183096 0.9221113729724849 0.3157040996456106 
903 1.0793521531425874 0.1679843329885829 0.9005464377625386 0.3147627418558062 
904 1.0793521531425874 0.19599186057762608 0.9271878548118905 0.3004434205863001 
905 1.0793521531425874 0.03628913019147409 0.9233354940727848 0.3171525283466784 
906 1.0793521531425874 0.09467789768769902 0.9218285988358036 0.3091842921102267 
907 1.0793521531425874 0.03170219263396017 0.9130335038488095 0.2911669707136817 
908 1.0793521531425874 0.1476438626174234 0.988701683328806 0.2389952869178173 
909 1.0793521531425874 0.05677893762142667 0.8969565546273975 0.33910948440422206 
910 1.0793521531425874 0.1846474469797462 0.9327995911189622 0.30466522434127996 
911 1.0793521531425874 0.07397347957495495 0.9281024511947541 0.3136805384958337 
912 1.0793521531425874 0.18565345476832026 0.9089936676465993 0.29749828154982993 
913 1.0793521531425874 0.12498843146355876 0.8967400084402581 0.30927909024210004 
914 1.0793521531425874 0.1788666446098799 0.9588165035588018 0.25215892531308504 
915 1.0793521531425874 0.4205445215205858 1.0243428268806654 0.15426766644074744 
916 1.0793521531425874 0.20099673941542234 0.9154624457104176 0.2884893752945114 
917 1.0793521531425874 0.029638796785912244 0.9261217309268466 0.31980270948414063 
918 1.0793521531425874 0.160409621978181 0.9816532496470417 0.24430921227670144 
919 1.0793521531425874 0.18298081743963876 0.8977253687358189 0.3166274935491156 
920 1.0793521531425874 0.07942030146249744 0.9744356300311414 0.2576318536147619 
921 1.0793521531425874 0.028989362621901226 0.9345928468677277 0.28899707178050454 
922 1.0793521531425874 0.044174326851086465 0.8778677005163027 0.3513787412937519 
923 1.0793521531425874 0.14557710639236274 0.894856887654869 0.3128480717238494 
924 1.0810965450363048 0.18368285904832168 0.9339458024468124 0.30276182933578516 
925 1.0810965450363048 0.16782441224508224 0.8823471218156218 0.3340568479646005 
926 1.0810965450363048 0.032688393171311246 0.877926833667554 0.33400926819590054 
927 1.0810965450363048 0.13575278463740992 0.9380674640445361 0.28528558252426695 
928 1.0810965450363048 0.18964565601293748 0.9110490332735098 0.2988570530295526 
929 1.0810965450363048 0.16886436640527197 0.9770865777043695 0.25352244571229526 
930 1.0810965450363048 0.12824998776977617 0.9262534163694853 0.30182035028485316 
931 1.0810965450363048 0.16901877194422982 0.9348901119833753 0.29154200810132 
932 1.0810965450363048 0.18327204214942405 1.0236093474398382 0.17781252910581993 
933 1.0810965450363048 0.18788729277327565 0.9787615283768678 0.22549426172413062 
934 1.0810965450363048 0.05858994103879794 0.8824452155070831 0.3493019525611727 
935 1.0810965450363048 0.18167077802899587 0.9487552336783438 0.26796425575807253 
936 1.0810965450363048 0.07231550738647798 0.8679613977423781 0.329867437470592 
937 1.0810965450363048 0.182744677263186 0.8963765222005201 0.32012070324714526 
938 1.0810965450363048 0.02995950967102568 0.8954316277506015 0.3374082968270329 
939 1.0810965450363048 0.15784021020137196 0.977114352057342 0.2380734703044636 
940 1.0810965450363048 0.22805267771553436 0.9426836080979485 0.2742638528292554 
941 1.0810965450363048 0.22671593462973114 0.9721127449100151 0.23488252449489574 
942 1.0810965450363048 0.05593900847087757 0.9227768642896367 0.3076660402044115 
943 1.0810965450363048 0.20709272688241423 0.8984866618062823 0.28696302145380964 
944 1.0810965450363048 0.031197986957131735 0.9188403699918865 0.30282470699891656 
945 1.0810965450363048 0.11292277152274098 0.9694045651487601 0.2724768281489985 
946 1.0810965450363048 0.19378497134586523 0.9233295705144001 0.2965845827313171 
947 1.0810965450363048 0.07207163212750808 0.953190046609723 0.26444663364754034 
948 1.081511666476747 0.181341553592768 0.8943730433785652 0.33356535791212444 
949 1.081511666476747 0.10508581902430607 0.9549309566244054 0.2634878064778725 
950 1.081511666476747 0.07465183067142536 0.925608332563682 0.30153724324314146 
951 1.081511666476747 0.08157517384979038 0.9033229817180976 0.33909189716513655 
952 1.081511666476747 0.3004270145609855 0.9543772054965195 0.2581207906740223 
953 1.081511666476747 0.07524653325181759 0.8656140194015551 0.331332387614594 
954 1.0861450082620105 0.12322669871764873 0.9428746167622323 0.29863164733458697 
955 1.0861450082620105 0.1159568966174718 0.8734877925079529 0.35379376394847967 
956 1.0861450082620105 0.12677529730061987 0.88143958370996 0.3233789020639512 
957 1.0861450082620105 0.18147305049090892 0.9260852277538713 0.31292340142388486 
958 1.0861450082620105 0.04347905073501869 0.9320428320144155 0.3195685695990619 
959 1.0861450082620105 0.03938176368620368 0.921748930396901 0.3296419033036564 
960 1.0861450082620105 0.033580184366300565 0.9050250677729519 0.33193765016661037 
961 1.0939071402787024 0.11862201030999973 0.9647933570511587 0.27866512014634337 
962 1.0943522948623154 0.043379139362636536 0.9115614758028335 0.31705626888992805 
963 1.0943522948623154 0.06249650711221025 0.9464251990382032 0.2846741666325836 
964 1.0943522948623154 0.17987435626463644 0.9363499763215402 0.2937360250526023 
965 1.0943522948623154 0.04303805377718365 0.9913273394599342 0.2675112992993172 
966 1.0943522948623154 0.057496729874466065 0.9994839578076617 0.23302353289653216 
967 1.0943522948623154 0.02812696099706315 1.003533275152377 0.24460563126355078 
968 1.0943522948623154 0.07295938104165911 0.8877764946981941 0.35258485467415707 
969 1.0946512845584544 0.0676625852485503 0.9443950541333359 0.31243998476628226 
970 1.0946512845584544 0.12577808091981707 0.9564578253283409 0.2830360351772501 
971 1.0946512845584544 0.03708989396185747 0.8887978201692163 0.3527099373770783 
972 1.095584110484552 0.1577115659243823 1.0084338028658482 0.2215625606957104 
973 1.095584110484552 0.09902830146811138 0.9507047246033559 0.29054449355316087 
974 1.095584110484552 0.1460198440554556 0.9028487435680391 0.34635074499852864 
975 1.095584110484552 0.20754610305116583 0.9689123993830986 0.26805440971026756 
976 1.095584110484552 0.186745836245593 0.9086977775683299 0.3061477305360403 
977 1.0958280194405152 0.3192827779828112 1.0191282255802832 0.21083661841319673 
978 1.0958280194405152 0.02910421334690227 0.896733331760795 0.3312969825786248 
979 1.0958280194405152 0.23929472021156833 0.9821779130192506 0.2634335972404544 
980 1.0958280194405152 0.09182460308854999 0.8984444294561655 0.3501445632564357 
981 1.0958280194405152 0.07589261055530212 0.9229591888273975 0.30944718485528827 
982 1.0958280194405152 0.04815843480591448 0.8364732564328772 0.3828268477285321 
983 1.0999913827860546 0.0360208669277194 0.9344741030633443 0.33655401340551094 
984 1.0999913827860546 0.18353186609385733 0.9419878656193004 0.30459413984901473 
985 1.0999913827860546 0.19126911942710517 0.9286716999933973 0.3133810510661607 
986 1.0999913827860546 0.11617904433247786 0.9758580748805945 0.2516656097941203 
987 1.0999913827860546 0.03409194908079338 0.9033644777994437 0.3314639477481962 
988 1.0999913827860546 0.16905762584238432 0.9783595474865195 0.2703927592064648 
989 1.0999913827860546 0.2418216455588405 0.9398789447904039 0.28020319360482404 
990 1.0999913827860546 0.12404235850071617 0.9267037629221395 0.30526091679820583 
991 1.0999913827860546 0.08235772881910663 0.9330887905698579 0.3147170064612443 
992 1.0999913827860546 0.04962021514361668 0.8646839304476013 0.37159749280151366 
993 1.0999913827860546 0.04400312608396531 0.8905602307484611 0.33142435593553393 
994 1.0999913827860546 0.08220172055502391 0.8826516071209185 0.3548821672098511 
995 1.1041122805688384 0.16988594450535527 0.9491680786367837 0.3093068176609412 
996 1.1057766699582796 0.14443722465912587 0.9392877565532639 0.3121397921321163 
997 1.1057766699582796 0.04028347229268698 0.9368279050123002 0.34528761963165344 
998 1.1057766699582796 0.1345968167430961 0.9608128045840155 0.30129653422017044 
999 1.1057766699582796 0.10739032061654646 0.9869382663682604 0.26660636093941326 
