0 0.3786211539740428 0.1914437058639548 0.30085560485077517 0.051624337860507984 
1 0.3786211539740428 0.1914437058639548 0.3163396788554967 0.04932992509337413 
2 0.391724411158182 0.04635193759169963 0.3329137288824335 0.061776037128843456 
3 0.4038194590244938 0.1845946727299686 0.33456586039755354 0.05484105933158187 
4 0.4038194590244938 0.13495972070201825 0.34468635282058113 0.051091949367594744 
5 0.4038194590244938 0.2644506466717944 0.3616382726786209 0.0329759990795193 
6 0.4038194590244938 0.20473949607531616 0.36823018491665077 0.04490380329096306 
7 0.4038194590244938 0.05928389892886422 0.3657172599157462 0.060272066011254205 
8 0.4038194590244938 0.24160482373920855 0.3600676625469376 0.04978174252583916 
9 0.4038194590244938 0.045490017111667 0.354834275867707 0.07535700816402807 
10 0.4038194590244938 0.2429197271424881 0.368282702731365 0.045627740600003144 
11 0.41953897022375564 0.1817234445659115 0.37546586488911166 0.04975249048440706 
12 0.41953897022375564 0.12344897410503715 0.338650802750453 0.08845035733692995 
13 0.41953897022375564 0.18258628914985392 0.3543331084995839 0.0723504002100107 
14 0.41953897022375564 0.031919256159722714 0.35126551236795034 0.08970290710046613 
15 0.41953897022375564 0.037272644663119185 0.37470121750011576 0.06906894673590251 
16 0.42560205556753755 0.028262098145197503 0.358417682557898 0.09848928290371015 
17 0.4405337220512302 0.049384642748383015 0.3564494473266514 0.09096561457716644 
18 0.4405337220512302 0.049384642748383015 0.35901782904397544 0.09116529290349891 
19 0.4405337220512302 0.0283360898642155 0.3409320709604712 0.11158262083994949 
20 0.44471076036980617 0.1859538874149216 0.3833115007031599 0.06700752699220545 
21 0.44471076036980617 0.15256181701121432 0.3819839338286697 0.07546896089952385 
22 0.44471076036980617 0.03770627784679166 0.3676533584095597 0.10089358726313079 
23 0.44471076036980617 0.18130605310080386 0.3859599530520422 0.07277495800740741 
24 0.44471076036980617 0.04142823641024436 0.3658576480520655 0.10514215722850039 
25 0.44471076036980617 0.02840451107297529 0.3680075124049793 0.10646689612540194 
26 0.451522376340735 0.0773399818334848 0.3781781712509069 0.09262432505825002 
27 0.451522376340735 0.18148105925916308 0.38632932316099 0.0817117716311372 
28 0.451522376340735 0.06490835152095342 0.3726778185081528 0.09673098049211908 
29 0.451522376340735 0.06801164665256304 0.381660199873692 0.08340118594350536 
30 0.46161053395524154 0.13918163689763935 0.39098974814870313 0.08293038675939782 
31 0.46161053395524154 0.156471716368977 0.41252571567525514 0.06505487244779366 
32 0.4638621495908026 0.06864954564614788 0.39716771800757683 0.08766097401526102 
33 0.4638621495908026 0.056663842721282186 0.3979138471571633 0.08509938888790507 
34 0.4638621495908026 0.19373065616188803 0.411549952457406 0.06322178021169886 
35 0.4638621495908026 0.043329037462931305 0.3949014675432017 0.09697041577787004 
36 0.4638621495908026 0.04443452962989119 0.4115434795766132 0.07847243706784074 
37 0.4638621495908026 0.1897298726471858 0.4065591543440564 0.07868584777752088 
38 0.47131613160488595 0.028659121676106458 0.3777762001988432 0.12076096832158693 
39 0.47304084017965964 0.09656053966892082 0.4136260164331 0.08304320761946775 
40 0.47304084017965964 0.04167021535484597 0.41237170079112345 0.09956704177635849 
41 0.47304084017965964 0.045863759320963614 0.4139983687639593 0.10702933016574936 
42 0.47304084017965964 0.0328922287275696 0.38761100054387926 0.12466024066882543 
43 0.47304084017965964 0.050817630346695015 0.3954341285995938 0.10868557545094024 
44 0.5074738665830665 0.11636354443187114 0.4161828942463938 0.088529506710223 
45 0.5074738665830665 0.10506437353186915 0.4226027490553997 0.08828186433563995 
46 0.5195370271205234 0.02853112149849289 0.42637695420726424 0.09874039488793554 
47 0.5195370271205234 0.2057031306434356 0.4418705009523426 0.06656352014563383 
48 0.5195370271205234 0.028414332091619445 0.42072591076562194 0.1084294660094948 
49 0.5230895558007083 0.1415040542216142 0.42556257378963674 0.10534290916547526 
50 0.5230895558007083 0.03569980939932606 0.44374401684475284 0.11256266946029171 
51 0.5230895558007083 0.1066858853668949 0.44891881981683734 0.1034120192213637 
52 0.5453232128206889 0.028552569177817847 0.42014802159572306 0.14903243112427414 
53 0.5453232128206889 0.085516741727521 0.45474656267525515 0.0970423267851153 
54 0.5469201891073886 0.08360123409279531 0.4394125455732878 0.11111715782316042 
55 0.5469201891073886 0.19318449938538454 0.4512984417456873 0.10691585791106312 
56 0.5469201891073886 0.19318449938538454 0.45008321991634054 0.11416153362747647 
57 0.5469201891073886 0.03356568830401343 0.45821672791271717 0.13560721762576947 
58 0.5469201891073886 0.06616058193139264 0.45190686914859296 0.13486064953873453 
59 0.5469201891073886 0.032189973960959184 0.4484358871175638 0.13104997081941364 
60 0.5600745366132391 0.18200526937858186 0.49448212639619515 0.10038814964692726 
61 0.5600745366132391 0.036631472888979145 0.4471118647820575 0.1396448763069816 
62 0.5600745366132391 0.18200526937858186 0.46929864130372145 0.12129639665776032 
63 0.5600745366132391 0.10184594631255978 0.4619784967864964 0.11766112911326518 
64 0.5600745366132391 0.061126508313153846 0.463671308230778 0.12825731438458654 
65 0.5615422283547373 0.028656908621001655 0.4693289121674481 0.12600958187655412 
66 0.5615422283547373 0.09399078875973131 0.4819393971443247 0.10668741506409359 
67 0.5615422283547373 0.04416562810492231 0.47605263780287693 0.11579563008780387 
68 0.5615422283547373 0.09061571651821737 0.473611626804963 0.11778447945835437 
69 0.5615422283547373 0.03153607161179827 0.47612751878257775 0.1309128104283076 
70 0.5615422283547373 0.05874711057339901 0.47115017991772756 0.14397516034148242 
71 0.5635020608252576 0.08109557700707648 0.491551225525835 0.11677395334708038 
72 0.5668845933410703 0.07936973797218853 0.4891882082940073 0.12132404470056068 
73 0.5879092049083431 0.2739780857046613 0.5082169900922917 0.07890681622246108 
74 0.5879092049083431 0.18845285751632312 0.5044817776821777 0.09765413380697574 
75 0.5879092049083431 0.18941334237386975 0.49331990649126667 0.10977865242888908 
76 0.6226040846504953 0.28166848916838694 0.5284993218034453 0.07815262301721675 
77 0.6628614206426096 0.03095495112338906 0.46472763431407976 0.16119821134316895 
78 0.6628614206426096 0.04786723219902096 0.5262925766657259 0.11184932189531027 
79 0.6628614206426096 0.20460368529820253 0.5436050681862186 0.10432695929397953 
80 0.6628614206426096 0.08589772518613017 0.49853682895574897 0.18031865683375503 
81 0.6628614206426096 0.03782674995128058 0.5397869376793423 0.16558693343648065 
82 0.6628614206426096 0.0337847870520266 0.5754205732036695 0.13330142154591132 
83 0.6695824317423437 0.04352477514078669 0.512408140718547 0.18110193885531065 
84 0.6695824317423437 0.19557656815026175 0.5392697568560618 0.15672344663261226 
85 0.6695824317423437 0.03476158773556955 0.5659954738433451 0.15879825096487662 
86 0.6695824317423437 0.09454212203985289 0.5497480888687056 0.16361900386131267 
87 0.6695824317423437 0.06413561771973467 0.565740568100577 0.15972114682196786 
88 0.6695824317423437 0.0313504479706348 0.554627519178017 0.17544188749646555 
89 0.6744690703375594 0.054381711197882585 0.5335767823405481 0.17768752360327264 
90 0.6744690703375594 0.17826543787387022 0.5827067416480727 0.13936400780804198 
91 0.6744690703375594 0.05759705774586213 0.5281800909423464 0.18258891213785294 
92 0.6817253258598746 0.05759705774586213 0.5447257248234529 0.1626875279615096 
93 0.6817253258598746 0.2720616687463144 0.5929817241618955 0.12354709928261687 
94 0.6833807630895989 0.048027859526657384 0.5589457259682378 0.17308657014061482 
95 0.6891457201653887 0.0474597729505455 0.54766085113229 0.17662207060384788 
96 0.7575315231017838 0.050665716468481906 0.5451182477099199 0.17414152525085375 
97 0.7575315231017838 0.0830065016527045 0.5722792708408517 0.17018056213530156 
98 0.7575315231017838 0.03188985470867541 0.5789672696438292 0.17327352981140817 
99 0.7575315231017838 0.047503899769508307 0.600675776231089 0.1752271628530324 
100 0.7575315231017838 0.06832392367790965 0.5863964335953523 0.2015255251061821 
101 0.7575315231017838 0.08448964595913214 0.5925439247630192 0.1910154483297976 
102 0.7575315231017838 0.24525940798007642 0.6462664419572552 0.13370530464260252 
103 0.7575315231017838 0.18200032291198742 0.6102592687889049 0.1804381061575379 
104 0.7575315231017838 0.028221633273222604 0.6003270301074044 0.19830421879550617 
105 0.7618689222892883 0.031757114062651415 0.583691910810816 0.2137584516616713 
106 0.7618689222892883 0.03246236939652091 0.5759510283789516 0.208089485087103 
107 0.7645304863385969 0.08610850765466042 0.584635651849971 0.20152352363442558 
108 0.7645304863385969 0.07518951003307732 0.5776602453621075 0.21343920624611648 
109 0.7645304863385969 0.03852510977653264 0.634637123606642 0.2121628526662656 
110 0.7761410291288663 0.04053849720072804 0.6345704092977668 0.22469978323072257 
111 0.7782681591909176 0.07017298422646301 0.62474838361668 0.21380042423283802 
112 0.7852045880744167 0.02899823611824599 0.6780761596970031 0.1603715601407283 
113 0.7852045880744167 0.17010225834618037 0.6522597130333883 0.1739351912634134 
114 0.7875444206819517 0.09331913481553958 0.6207897327681202 0.20112018581994964 
115 0.7875444206819517 0.0454628375278025 0.6174757847611816 0.2080738226394293 
116 0.7875444206819517 0.2099813327327249 0.6391303493038587 0.1704244162867188 
117 0.7875444206819517 0.04813168915195191 0.6474905448323356 0.191909690757749 
118 0.7875444206819517 0.06341655324493328 0.6234845207925316 0.21927992637043847 
119 0.7875444206819517 0.18178244173355954 0.674498356160955 0.17506551020324412 
120 0.8022804882478735 0.053712712779693715 0.6655325513676215 0.19765533645140038 
121 0.8022804882478735 0.03640017299464928 0.6003450263423276 0.24208458366501695 
122 0.8022804882478735 0.19172912286459615 0.6587592822602155 0.18993084555119244 
123 0.8022804882478735 0.04931312067347445 0.6362430604725318 0.21192334337426444 
124 0.8022804882478735 0.042826809708876507 0.6488931625643022 0.21626844873894632 
125 0.8022804882478735 0.12178343095329969 0.6392031872543202 0.2421636560415918 
126 0.8022804882478735 0.29509189114447315 0.719540588109321 0.14942197090961418 
127 0.8022804882478735 0.21632235283222634 0.6965497912906199 0.16167851932490424 
128 0.8022804882478735 0.18923159548002377 0.67987376079109 0.1706630214380487 
129 0.8022804882478735 0.03997656215603258 0.6392281144751238 0.21275381376254024 
130 0.8022804882478735 0.09504531751409637 0.6149037619237228 0.23035379244156343 
131 0.8022804882478735 0.18345989658474834 0.6539658349750288 0.20876279137702683 
132 0.8022804882478735 0.028949173464056923 0.6254470013521304 0.23332714973723814 
133 0.8022804882478735 0.035817980464776 0.6469839445027051 0.2252811021975724 
134 0.8022804882478735 0.1852579403748695 0.690953977896593 0.19524337296015018 
135 0.8051183467559696 0.03529415045680648 0.6956011710857241 0.17897256851811325 
136 0.8051183467559696 0.1853247049643976 0.6732083648578115 0.17950652030125072 
137 0.8051183467559696 0.028711866576102196 0.6051857908661243 0.2565448746676843 
138 0.8051183467559696 0.03252992940152067 0.665596933964862 0.20281685268167624 
139 0.8051183467559696 0.08701664119610102 0.6729214167518571 0.21515880576083687 
140 0.8057102216878523 0.2196742108787874 0.6864125575532346 0.17335468654024502 
141 0.8057102216878523 0.052724162447854904 0.6437524698465086 0.24620867253327233 
142 0.8057102216878523 0.08188694829313183 0.6660281677654601 0.22433717721352808 
143 0.8057102216878523 0.08188694829313183 0.632523443532259 0.2307084199284044 
144 0.8057102216878523 0.06492896148140477 0.6840858641324518 0.2202898859059379 
145 0.8057102216878523 0.030387199879283 0.68369829363752 0.22287089442834526 
146 0.8057102216878523 0.028660569692281732 0.5911942369181082 0.24478930809799512 
147 0.811052494040513 0.1444357478112178 0.5893208671557063 0.24487500249506644 
148 0.815025005560081 0.07050663099948593 0.6200382092838274 0.24184453118248656 
149 0.815025005560081 0.12514202947371622 0.6418406899510425 0.24040341913406735 
150 0.815025005560081 0.03875320026845586 0.6823056882201309 0.23333256088583845 
151 0.8180315688522086 0.15456720553137832 0.7111837554216631 0.19466025036989187 
152 0.8180315688522086 0.06178682194185207 0.6738434447544867 0.2277216762843009 
153 0.8207673084859469 0.19037579645672784 0.7262388287988242 0.1731515577700604 
154 0.8207673084859469 0.19796110151941423 0.6291527071619618 0.23520517713382785 
155 0.8207673084859469 0.17167195046597142 0.6546482311126558 0.22396179962677668 
156 0.8207673084859469 0.18310652547567152 0.697170239373463 0.18848583242269765 
157 0.8314282868048323 0.18310652547567152 0.6958251424218191 0.1921844679813327 
158 0.8314282868048323 0.17450555510292529 0.6984903523879888 0.21282973090002014 
159 0.8314282868048323 0.12889986070646609 0.7140028732650592 0.19358665358301594 
160 0.8394083000111237 0.181277033086375 0.6935523339997202 0.18789950011456127 
161 0.8394083000111237 0.09349560055521376 0.6548579121768039 0.23179121712541875 
162 0.8394083000111237 0.06340220474275104 0.6987159041278511 0.211893689340613 
163 0.8394083000111237 0.038470230565963 0.6970358985688647 0.23532336868635714 
164 0.8453024705042743 0.028525178724956326 0.6929848714324424 0.2211433030785922 
165 0.8453024705042743 0.1851336104552147 0.6568928630901273 0.213849848952681 
166 0.8453024705042743 0.03606895566075378 0.680754646383184 0.24140805857530098 
167 0.8453024705042743 0.18209265457866908 0.6897902127722365 0.21180653436767183 
168 0.8453024705042743 0.03440863961774465 0.7099529571184955 0.20921620659163165 
169 0.8453024705042743 0.03288517926673752 0.6965865242821205 0.24284617082155457 
170 0.8453024705042743 0.09906565848240231 0.701174225988606 0.20044872568530442 
171 0.8453024705042743 0.1523663319122045 0.707326128564602 0.20723804174663385 
172 0.8453024705042743 0.03097423736209761 0.7043003135256494 0.20748313627168924 
173 0.8453024705042743 0.047788555152681045 0.6491346250696467 0.24218983650142822 
174 0.8465572464365357 0.0312924805536913 0.7224991780294459 0.20810433283284727 
175 0.8465572464365357 0.06070267168857335 0.668275682890953 0.24018155635094598 
176 0.8465572464365357 0.03256526218591627 0.713964075528126 0.2201206090211513 
177 0.8465572464365357 0.07863407345033913 0.6623355727472244 0.2588144791676405 
178 0.8465572464365357 0.1828244639749231 0.7332065339404021 0.19655758243405932 
179 0.8465572464365357 0.15531386763280186 0.6940365396708796 0.21271418758646232 
180 0.8465572464365357 0.05423368631581835 0.6617787308783539 0.22696976241112637 
181 0.8465572464365357 0.07412336926181705 0.6719124132197913 0.24369744232747786 
182 0.8471975977939159 0.04185478032230502 0.6402138601604265 0.2712036929226342 
183 0.8471975977939159 0.049126674441486225 0.657060273943295 0.27533231861400315 
184 0.8471975977939159 0.1825030680315768 0.7131060321464017 0.21074041026662413 
185 0.8471975977939159 0.036345128292806055 0.708206409048917 0.2353040397073698 
186 0.8471975977939159 0.05253267676486211 0.6946940731213976 0.24005505574943323 
187 0.8471975977939159 0.03865093113753713 0.67646346710205 0.2593838400335988 
188 0.8471975977939159 0.030090594580384544 0.6925452965375837 0.24276870702202952 
189 0.8471975977939159 0.028862278646901426 0.6680447711882107 0.23966014469340424 
190 0.8471975977939159 0.1383844465512986 0.6875654182858122 0.22694806809534834 
191 0.8471975977939159 0.18242401000683175 0.7104748595281694 0.21983679934669223 
192 0.854286613170961 0.0829057249051183 0.7055988701644965 0.24369248683428027 
193 0.854286613170961 0.061133602631396604 0.7206547735128868 0.23035345606664837 
194 0.854286613170961 0.06345033252303368 0.7153813702016343 0.22229998899760287 
195 0.854286613170961 0.19552044822044418 0.7406642366741392 0.20445104451096352 
196 0.854286613170961 0.028552649338308936 0.7175581243896085 0.24505460178917235 
197 0.854286613170961 0.050476470950089794 0.7207331237765632 0.21733945718243697 
198 0.854286613170961 0.1818885197434405 0.704188089996625 0.2291640483834668 
199 0.854286613170961 0.18166680803770513 0.7163458674393007 0.22628031557116657 
200 0.854286613170961 0.03781930406687302 0.6828720134178747 0.2505384898591347 
201 0.854286613170961 0.02929946892422841 0.7447570813335325 0.19426062639553016 
202 0.854286613170961 0.10320928090866817 0.7208691150317598 0.2179777552438236 
203 0.854286613170961 0.20983290936322024 0.7363775391217031 0.1996095201310438 
204 0.854286613170961 0.047067219553877195 0.6978519552001655 0.2303709586195395 
205 0.854286613170961 0.0421126716696054 0.6581746526657153 0.25717205870995574 
206 0.854286613170961 0.041237278693925065 0.6573558175033795 0.24540438315974897 
207 0.854286613170961 0.12820122500586895 0.6819093469254776 0.2304619417484457 
208 0.854286613170961 0.12820122500586895 0.6659876815552006 0.23737713237070546 
209 0.854286613170961 0.0320974370319748 0.6566235943384252 0.2722577273901097 
210 0.854286613170961 0.0394112431421278 0.6851468839623547 0.24637230771540863 
211 0.854286613170961 0.10875421195228271 0.6606221674625158 0.25217255934669397 
212 0.854286613170961 0.05281454387693919 0.6908592956335435 0.24530206178870345 
213 0.854286613170961 0.04367786935530329 0.7365743505944745 0.23311901240526092 
214 0.8659798193758005 0.05281454387693919 0.7465932915764472 0.22145079193873995 
215 0.8659798193758005 0.02947474758188618 0.728006184705827 0.21631535793401763 
216 0.8659798193758005 0.062001200790852626 0.7262808672192107 0.2074517387891768 
217 0.8681084970806082 0.04091850599155013 0.7041903956986612 0.24860066167797826 
218 0.8801949711550221 0.03221466041805815 0.6791030752005462 0.23007584786181337 
219 0.8801949711550221 0.037234988445207486 0.650966759821405 0.2630553305089134 
220 0.8801949711550221 0.17902710364206603 0.7105482943150325 0.22632937846571888 
221 0.8801949711550221 0.0444341267805362 0.7021627776515544 0.26320318312926283 
222 0.8801949711550221 0.0521614325994209 0.7090285104693774 0.241736501264446 
223 0.8801949711550221 0.03165290986857473 0.7351600621509676 0.22247334585021258 
224 0.8919352310120718 0.22540640547513616 0.7736446939484656 0.1896830989474094 
225 0.8919352310120718 0.04462042954654562 0.773015153101318 0.20259377211606866 
226 0.8919352310120718 0.10030371374583025 0.6841760348771557 0.25877742047336466 
227 0.8919352310120718 0.1357716161320836 0.7010449154893443 0.23265600782733234 
228 0.8919352310120718 0.1629554532997848 0.737205353634503 0.21851963410869965 
229 0.8919352310120718 0.02995125638253812 0.7451657772445882 0.2282054211967047 
230 0.8919352310120718 0.057122755278030644 0.7430794775317566 0.23867789339162346 
231 0.8919352310120718 0.037906280575506344 0.7527960067116395 0.2335257362390348 
232 0.8919352310120718 0.1792254613876058 0.7725070876738604 0.2064822158047892 
233 0.8919352310120718 0.028467778383260083 0.7064760199483275 0.2603492489657892 
234 0.8919352310120718 0.1422847444645133 0.7039359791281522 0.2668062060856485 
235 0.8919352310120718 0.18235367441426356 0.7012765589600333 0.2571334425067619 
236 0.8919352310120718 0.08334028029138515 0.7411313333562639 0.24527076132532197 
237 0.8919352310120718 0.037904826632490105 0.7267017276861711 0.25224004457156 
238 0.8919352310120718 0.028816502246369693 0.7241507503983862 0.25896709316454647 
239 0.8919352310120718 0.06418421163831713 0.6792230997774287 0.27333241659130497 
240 0.8919352310120718 0.030475728687528056 0.7101705638763394 0.2561662182687788 
241 0.8919352310120718 0.18492409723364922 0.716930895380226 0.23246421721069543 
242 0.8919352310120718 0.03798295712685295 0.7141073960439063 0.2526726601486035 
243 0.8919352310120718 0.11347707360798764 0.7599523921709156 0.17979738783270197 
244 0.8919352310120718 0.08298760451128863 0.7358044220891752 0.2260521342450362 
245 0.8919352310120718 0.03055206519569299 0.7443168327150667 0.23161439917973134 
246 0.8919352310120718 0.08611170211399267 0.7033377697005073 0.25719375080487034 
247 0.8919352310120718 0.1439245976696313 0.7184490428893568 0.24868254867454867 
248 0.8919352310120718 0.06852070796044891 0.6993353467127721 0.27141703732356637 
249 0.8919352310120718 0.05777780344684087 0.6705255541874736 0.2924473496450563 
250 0.8919352310120718 0.03315643507833408 0.7256281420353486 0.2622630889346684 
251 0.8919352310120718 0.06852070796044891 0.715852499599871 0.23578224111932566 
252 0.8919352310120718 0.02888835208260091 0.686753759550396 0.27492443684476564 
253 0.8919352310120718 0.040259981262349843 0.6753539110016109 0.2785983659745702 
254 0.8919352310120718 0.19689816095467824 0.7449523326154591 0.21897058638526185 
255 0.8919352310120718 0.19689816095467824 0.7418037272645768 0.23971063183520464 
256 0.8919352310120718 0.19993358359655214 0.7727077012780359 0.22197154428963095 
257 0.8919352310120718 0.07400962642090422 0.7662225789610425 0.2233411058878292 
258 0.8919352310120718 0.05763501327911431 0.7279765947626149 0.2751790163838217 
259 0.8919352310120718 0.045034831816778656 0.7267236738653874 0.25241519216568553 
260 0.8919352310120718 0.1522804516491946 0.7385494073082016 0.24625746105612883 
261 0.8919352310120718 0.1436601269670026 0.7185515717381405 0.25280149239000277 
262 0.8919352310120718 0.23674794299696122 0.745973517153394 0.2222851926410868 
263 0.8919352310120718 0.031085010125008333 0.6915091221420255 0.2585721069873146 
264 0.8919352310120718 0.12602154315647615 0.7232443832800176 0.233354946909975 
265 0.8919352310120718 0.12619994732199916 0.7341570512960144 0.25832454428245477 
266 0.8919352310120718 0.05896805111698536 0.7259817589075783 0.25747095996442765 
267 0.8919352310120718 0.051871985887172754 0.6781462745875747 0.27607324591998794 
268 0.8919352310120718 0.09174797197491544 0.7148460615402362 0.22457084340644876 
269 0.8983867373329995 0.1976102777434574 0.7045228386930936 0.22849965387022603 
270 0.8983867373329995 0.07984814786737955 0.7143175140460044 0.2466640294037687 
271 0.8983867373329995 0.02921507260123104 0.6816293868313197 0.29091233640898523 
272 0.8983867373329995 0.24879451911123399 0.7649949357919981 0.2144234166145006 
273 0.8983867373329995 0.08008806122081975 0.74442140102344 0.25155189033712644 
274 0.8983867373329995 0.05878999891496763 0.7330601479348586 0.2506421069092016 
275 0.8983867373329995 0.13522093702972146 0.6983750025065808 0.26860836667996 
276 0.8983867373329995 0.11948601209163376 0.7532704241638348 0.24678083211347784 
277 0.914448140025722 0.06040534149049445 0.754182858975695 0.2606633190149655 
278 0.914448140025722 0.14792505686352447 0.7313181582566154 0.25390080139490134 
279 0.914448140025722 0.04074029297955466 0.6892680425398863 0.3047227406359182 
280 0.914448140025722 0.21828951306208108 0.7643353310953034 0.22495851707421818 
281 0.914448140025722 0.04146691147239553 0.7843252713078483 0.22277541987217048 
282 0.914448140025722 0.028091882705232697 0.7022855323904571 0.306438937610254 
283 0.914448140025722 0.05363891839891762 0.789423820528981 0.23597783985902157 
284 0.914448140025722 0.030050342389368146 0.7339101123624933 0.27214901021853954 
285 0.914448140025722 0.028470919160180304 0.7273753123728736 0.2749294885109728 
286 0.9325109765529787 0.03240738984365753 0.7442798925082403 0.2546974443139236 
287 0.9325109765529787 0.27771973849918635 0.7328948151456092 0.24217362094420875 
288 0.9325109765529787 0.09749616626624331 0.7150044256731483 0.274654592134701 
289 0.9325109765529787 0.05256741167975462 0.720833334834309 0.27347828674354707 
290 0.9325109765529787 0.036984403315722135 0.7233904294372049 0.30610962808106496 
291 0.9325109765529787 0.041382287105822146 0.6776342251953958 0.304107713480702 
292 0.9423987059334505 0.04612703345441023 0.7806767515373887 0.25071202947013627 
293 0.9423987059334505 0.043062140314697114 0.7987410828014249 0.24220762621799574 
294 0.9423987059334505 0.04637060921158615 0.7543110085514073 0.28689421443924595 
295 0.9423987059334505 0.04700612680531571 0.7895514214881066 0.25604258918538486 
296 0.9423987059334505 0.18163066954238732 0.7686346917974848 0.2644178402204245 
297 0.9497567106693879 0.028440803032307612 0.7570383275320071 0.28784997081207486 
298 0.9497567106693879 0.0308827067765455 0.7575885707722263 0.2652582213057161 
299 0.9497567106693879 0.0308827067765455 0.7202193165537284 0.2944327768608872 
300 0.9497567106693879 0.09152982010475684 0.7601481959281084 0.24873175285473553 
301 0.9497567106693879 0.18630111680025818 0.7541250378382358 0.2442064894299414 
302 0.9497567106693879 0.1236148355406844 0.7102117527061699 0.2727959497742671 
303 0.9497567106693879 0.05306655332335401 0.7052274331647025 0.2849516413955499 
304 0.9497567106693879 0.17556683790829497 0.746165351376858 0.2735634387306773 
305 0.9497567106693879 0.18651071308161235 0.7110342111626251 0.2909296359563516 
306 0.9497567106693879 0.030490959406495204 0.788740222838935 0.2635662564895259 
307 0.9529666314253527 0.06989117403879437 0.7403542280059074 0.282159870004333 
308 0.9529666314253527 0.034361528330859266 0.7982233347231096 0.25731161574521344 
309 0.9529666314253527 0.034361528330859266 0.7696413724433491 0.27766919281948466 
310 0.9620293417609814 0.18670856169555186 0.8001307696754736 0.23813396523435587 
311 0.9620293417609814 0.18947682772967056 0.7525352981274681 0.2650266564802342 
312 0.9620293417609814 0.18687413338558478 0.7243924741674023 0.2814995296300274 
313 0.9620293417609814 0.18983042668098066 0.8026339473073746 0.25791872265740146 
314 0.9621546187938494 0.2202950558321701 0.8249179382323134 0.23192123942148013 
315 0.9621546187938494 0.05825704660241068 0.7465165777479997 0.27989898035621097 
316 0.9621546187938494 0.03234793687044483 0.7699235692553018 0.26454106037621916 
317 0.9621546187938494 0.2326939511722176 0.7579502831545166 0.2586881986331722 
318 0.9621546187938494 0.19860552140811105 0.7936236402696563 0.24315870927626054 
319 0.9939412522832723 0.09329558553794869 0.7629218674095329 0.2717758652436178 
320 0.9939412522832723 0.044825665274532744 0.7317489204926417 0.2898400376719079 
321 0.9939412522832723 0.06587482675446861 0.8045003101839414 0.25257771665823286 
322 0.9939412522832723 0.0557890281256761 0.8273085009341947 0.22576061249812243 
323 0.9939412522832723 0.21831857305932384 0.8129969685421299 0.2333855874478166 
324 0.9939412522832723 0.18305404192279046 0.8071413412451247 0.2657895905577803 
325 0.9939412522832723 0.03626756333358687 0.7811342642304697 0.28464877871456595 
326 1.010474265298743 0.04556691816081891 0.8106256286964686 0.2695509529220038 
327 1.010474265298743 0.2462090054851689 0.8594611709392578 0.21769897485421913 
328 1.010474265298743 0.23440799805412543 0.8538191682302969 0.23539836864179525 
329 1.0407192091657584 0.1957953569350122 0.8517328431946023 0.24745171024058107 
330 1.0407192091657584 0.13737155805968446 0.7838189591431822 0.3150217286033397 
331 1.0407192091657584 0.03994191857383029 0.7650640473539174 0.32135640820023004 
332 1.0407192091657584 0.21656147430904116 0.8010091242273637 0.27987322376448454 
333 1.0407192091657584 0.035620473759409306 0.826467216751296 0.30802144475855203 
334 1.0407192091657584 0.327227051593224 0.922012636328419 0.1968887365840721 
335 1.0407192091657584 0.1827443536764163 0.91346830323382 0.2267388782095314 
336 1.0407192091657584 0.15804653562401033 0.8271059608918484 0.3147135396747544 
337 1.0407192091657584 0.0868852913515699 0.8491842889902018 0.3199816182425612 
338 1.053492521923516 0.029352713022810055 0.8529535790307273 0.3041884048036299 
339 1.0642450601538453 0.19650735522678484 0.8658507199444703 0.2918518118346912 
340 1.0642450601538453 0.05480172639453021 0.8578557775160047 0.3120275181611417 
341 1.0642450601538453 0.04901092281705057 0.8530863182288562 0.3043229582408068 
342 1.0757347634784498 0.30608293052402114 0.9331928527563822 0.2332654374913565 
343 1.0757347634784498 0.10509207429306314 0.8783207122489979 0.2782670814947353 
344 1.0757347634784498 0.06831371601241848 0.8303801124350492 0.35768024700579626 
345 1.0757347634784498 0.19000510276466387 0.8222022328090678 0.3446932453094965 
346 1.0757347634784498 0.13077900333669143 0.8491042749925849 0.3374133132695075 
347 1.0757347634784498 0.17264685043813138 0.8702830186699709 0.3368721118201108 
348 1.0757347634784498 0.049625016907777215 0.8449857528859681 0.32815004819187316 
349 1.0757347634784498 0.06616795076416679 0.827706928922344 0.3299460378590684 
350 1.0757347634784498 0.04780444604342853 0.8762968693761806 0.3054377313916652 
351 1.0904584473412382 0.20552243975595214 0.8849117416719264 0.28493983849329885 
352 1.0904584473412382 0.06758163671522933 0.9256133378058953 0.2871790002150808 
353 1.1067534923741384 0.02849805643153387 0.8291173316453364 0.358635859124162 
354 1.1067534923741384 0.055944245619321036 0.8917055927528119 0.31732057739357655 
355 1.1067534923741384 0.0577109686290387 0.845767481984735 0.34631850695684063 
356 1.111801237808835 0.21150998696503015 0.8911456487171534 0.31841344576136593 
357 1.111801237808835 0.1823903021646191 0.9507704835790389 0.2682845283421289 
358 1.111801237808835 0.15520307379257997 0.8850557490931726 0.3291979959493585 
359 1.111801237808835 0.036036941550860034 0.8465477363611467 0.37368980260233353 
360 1.111801237808835 0.058621849888461613 0.8797140514023205 0.3474041105376157 
361 1.111801237808835 0.05915366434547707 0.830405730134016 0.34823142473422436 
362 1.111801237808835 0.061536381486841735 0.8113194634179071 0.3544676813615157 
363 1.111801237808835 0.061536381486841735 0.864436726447582 0.3057388494909139 
364 1.111801237808835 0.035584163345715805 0.8527099163312861 0.3211409672625277 
365 1.111801237808835 0.033186296881079456 0.8790026135017069 0.32093219377418875 
366 1.111801237808835 0.04052056246523427 0.9061677937543744 0.2894717174704185 
367 1.111801237808835 0.05732384102091704 0.8429730772363787 0.35420830168218326 
368 1.1179827618955671 0.1871922500125241 0.905517243144003 0.32078640606861897 
369 1.1179827618955671 0.04177993863570654 0.9269363902425957 0.31935557063013803 
370 1.1179827618955671 0.1922874127454586 0.9538424454189868 0.2884193352452319 
371 1.1179827618955671 0.06812367488057561 0.9662855212468447 0.28430788573475707 
372 1.1179827618955671 0.028598163615575677 0.8348510014208024 0.3676683996253761 
373 1.1179827618955671 0.03056430939080311 0.8785611864604613 0.3320303929019127 
374 1.1179827618955671 0.09197101453477324 0.869660873301248 0.33484855150477033 
375 1.1179827618955671 0.22201288464410437 0.9279767990620524 0.29295440359820296 
376 1.1179827618955671 0.2676074783918961 0.9478909863438797 0.2695629222455511 
377 1.1179827618955671 0.0357678822672909 0.8459021717837886 0.37989078522705594 
378 1.1179827618955671 0.042653234566532895 0.8408743640493288 0.3883178588340537 
379 1.1179827618955671 0.1406143197882643 0.9119758054452801 0.31701820738736936 
380 1.1179827618955671 0.19659730716276996 0.8287069570796911 0.34276260876359077 
381 1.158667826417771 0.15427558562600205 0.8670567581895399 0.33596763215210346 
382 1.158667826417771 0.03512993167446707 0.8324912346874048 0.3795669713675722 
383 1.158667826417771 0.17789149155683429 0.8856946068450212 0.33566542716085146 
384 1.158667826417771 0.029287486929816003 0.9264747993630654 0.33729003405405167 
385 1.158667826417771 0.050472809773573483 0.8677388156286319 0.37205913464253465 
386 1.158667826417771 0.1420611201721806 1.0302189836136866 0.22982350588172878 
387 1.158667826417771 0.05404764257728779 0.9195843992261309 0.33485009363365814 
388 1.158667826417771 0.120975620966766 0.8903052915985088 0.3569945430360815 
389 1.158667826417771 0.18574050078432702 0.9139872713852571 0.3697930810984463 
390 1.158667826417771 0.1940695908326864 0.9440824437495465 0.345097833859671 
391 1.158667826417771 0.028663876486707103 0.8893486159641193 0.39355231934671514 
392 1.158667826417771 0.06604717302937149 0.9250234636264325 0.34785660908205557 
393 1.158667826417771 0.07966703630923745 0.8759337515815198 0.3724613608467516 
394 1.158667826417771 0.04175146083890715 0.880860416949004 0.34467881065144723 
395 1.158667826417771 0.06279345674613537 0.9168232841491901 0.3407777170426606 
396 1.158667826417771 0.04023029704317313 0.9247426708536162 0.3551172176518057 
397 1.158667826417771 0.07601155144232694 0.928345752770784 0.349458551629809 
398 1.158667826417771 0.1001818062628573 0.8293452200062015 0.38039408636779853 
399 1.1668418867267172 0.049706790821707314 0.8860766990547954 0.3843372199939028 
400 1.1668418867267172 0.042161247986726456 0.9350584650332009 0.3490361636341744 
401 1.1668418867267172 0.061770870977309975 1.0424920257915078 0.2506746788224685 
402 1.1668418867267172 0.08111655468491426 0.9179611965768448 0.36203705074299 
403 1.1668418867267172 0.051334044504650525 0.9231317861639088 0.3410872460369696 
404 1.1668418867267172 0.08537543595032197 0.9371503191208669 0.33728183629222536 
405 1.1668418867267172 0.15723547034116808 0.9228306842608383 0.34218823149000155 
406 1.1668418867267172 0.05213827964864769 0.9577399234472769 0.3162342579043721 
407 1.1668418867267172 0.05271515579746919 0.9790517099964505 0.3052622536553296 
408 1.1668418867267172 0.08777374581035106 0.924842357467402 0.3520441016298025 
409 1.1668418867267172 0.11643631992428204 0.9188894351027946 0.37282153439270194 
410 1.1668418867267172 0.1849333177863367 0.8824351102998326 0.36842222349744774 
411 1.1668418867267172 0.03760770568674832 0.9028863499150173 0.36778804445467633 
412 1.1668418867267172 0.03407218309515466 0.9448549925979689 0.34554031688135606 
413 1.1668418867267172 0.041865272152300174 0.9593142503033432 0.3276938924943613 
414 1.1668418867267172 0.08087182345428062 0.9823972837627633 0.33219349506402507 
415 1.1668418867267172 0.05256904848329653 0.9071649460488123 0.3863076018000506 
416 1.1668418867267172 0.24781126149574748 1.0129778005121692 0.29466381583175755 
417 1.1668418867267172 0.04704195056341444 0.9509873279391067 0.3400722968272887 
418 1.1668418867267172 0.050163930091237326 0.9656287489154523 0.3469266352209327 
419 1.1668418867267172 0.229635883623052 0.9352411689530714 0.3141497644215638 
420 1.1668418867267172 0.08860676834900257 0.966526273718475 0.34761669545929025 
421 1.1668418867267172 0.19056855143022144 0.9217760422856366 0.34506734422615654 
422 1.1668418867267172 0.282359484603244 0.9458830456918683 0.3165236590406403 
423 1.1668418867267172 0.05509477239911198 0.9477863124720538 0.32884816839935554 
424 1.1668418867267172 0.15636216231312375 0.9852530380570159 0.3254248613629087 
425 1.1719140228062968 0.08145743802838419 0.9558910177732335 0.34351526723160847 
426 1.1719140228062968 0.0661903904019443 0.9250838994234224 0.38797273557926565 
427 1.1719140228062968 0.08900077624324997 0.9613297868795593 0.3495145057640177 
428 1.1719140228062968 0.03399120505725952 0.8694251405454226 0.3823909753968926 
429 1.1719140228062968 0.1804823911981262 0.9397642481638121 0.33633186696789946 
430 1.1719140228062968 0.037957495277167075 0.8842527754169878 0.37492343625227864 
431 1.1719140228062968 0.048297610512321995 0.9376493902423735 0.37088455794340885 
432 1.2346375988123302 0.030328886431604075 0.9779755183123223 0.3432413483327479 
433 1.2346375988123302 0.04342196855086722 0.9427499828730359 0.3881642117277321 
434 1.2346375988123302 0.1116560286794117 0.9620068304756203 0.3449845433783104 
435 1.2346375988123302 0.02891971648660199 0.9533505674655308 0.3909284804732092 
436 1.2346375988123302 0.05579795483139436 0.9292140446950279 0.40773527970873424 
437 1.2355438228246265 0.07008731613007547 0.9634564890537646 0.4107983888443331 
438 1.2355438228246265 0.07558834762380454 0.9443787000647805 0.4138369586873394 
439 1.2355438228246265 0.06553981846598937 0.9520114807074199 0.42772203054999447 
440 1.2355438228246265 0.03295608103826904 0.9300471568825979 0.4158174065593747 
441 1.2355438228246265 0.04351980313679695 0.9415970536314464 0.4082248196955546 
442 1.2355438228246265 0.18532737769581425 1.0237868202097125 0.3338690106389012 
443 1.2453514460431125 0.2124243128727442 0.9947032424582132 0.36829811984335203 
444 1.2453514460431125 0.2024669308985953 0.9672658422226138 0.38280685580766677 
445 1.2453514460431125 0.056179809173105874 0.9157100188327849 0.4550382862086486 
446 1.2453514460431125 0.056179809173105874 1.0730097471743352 0.34615050695883215 
447 1.2453514460431125 0.05354511230478995 1.0389075552220162 0.3635718742231897 
448 1.2453514460431125 0.18760298530301275 0.9743755754732027 0.3607330452798758 
449 1.2453514460431125 0.04067918316753886 0.9931537123785362 0.3397977771557246 
450 1.2522425312200658 0.18181470503978686 0.9538470903489501 0.36384494068846707 
451 1.2522425312200658 0.19796771406883698 0.9495109884494428 0.35767200057868265 
452 1.2522425312200658 0.1852396128980023 0.9488688346981111 0.38640806950347295 
453 1.2522425312200658 0.04508365743269117 1.0262589456114206 0.36605317115296165 
454 1.2522425312200658 0.03230423243608692 0.9879453450793849 0.39684600397021674 
455 1.2522425312200658 0.04172363285192073 1.0604473852701641 0.35603882684022453 
456 1.2522425312200658 0.045851626442232014 1.0537890255028164 0.3750384378242303 
457 1.2522425312200658 0.1877591981419806 1.035816363063796 0.3548176725848634 
458 1.2522425312200658 0.0330927240326916 1.0524360352984392 0.36509128175334943 
459 1.2522425312200658 0.192915225306839 1.0407389134084613 0.36730041868408414 
460 1.2522425312200658 0.2042440975865301 0.9764720217660638 0.35673112683816816 
461 1.2522425312200658 0.02818211820130728 0.930319408598439 0.3897284923762848 
462 1.2522425312200658 0.09849281964917705 0.922374745423848 0.42124019536994356 
463 1.2522425312200658 0.030309610581004957 0.9593575345678672 0.3804374438218193 
464 1.2522425312200658 0.14049913810037715 0.9864690251294259 0.37770886721067387 
465 1.2522425312200658 0.0639341785018073 1.0176670545506958 0.3791332392689505 
466 1.2522425312200658 0.12441966528368856 1.1074270642272543 0.3072114752840562 
467 1.2522425312200658 0.16715400848099474 1.0992719779265285 0.29173257698001687 
468 1.2522425312200658 0.03851652811703286 1.0819287015406949 0.3373019039532966 
469 1.2522425312200658 0.23014489428246104 1.1002685959310066 0.29826269870126165 
470 1.2527619545452038 0.23014489428246104 1.0672715501119925 0.31370245301651084 
471 1.2527619545452038 0.06550719249988982 0.9583726306185898 0.4550163019031355 
472 1.2560068545785117 0.057053725067888555 1.036691642099136 0.36525741316388666 
473 1.2560068545785117 0.21685559020413184 1.0167184451966305 0.3535290295425681 
474 1.2560068545785117 0.1801265615230278 0.9795811633523852 0.38357988465841897 
475 1.2560068545785117 0.1829110634332016 0.9963260316569909 0.3380580991381814 
476 1.2560068545785117 0.1926061019730339 1.0464345152983257 0.329136471876579 
477 1.2560068545785117 0.09583951039044127 1.0680144686310131 0.3150739941628786 
478 1.2560068545785117 0.030902365160599247 0.9698712352076858 0.38446700301802655 
479 1.2640800448048608 0.11069422692727798 1.0289931807645425 0.33755238548713806 
480 1.2640800448048608 0.18792389851396224 0.9862211661472917 0.38364229786372006 
481 1.2640800448048608 0.038039256507439015 0.9896331224066166 0.41063894757603586 
482 1.2640800448048608 0.028850540326460096 1.0069871004362114 0.38825380547240146 
483 1.2640800448048608 0.04682594742439672 1.040269274033148 0.3741366977582319 
484 1.2640800448048608 0.029917763694186684 0.9588910171410892 0.4013857813258599 
485 1.2640800448048608 0.04621105414852039 1.0380472952642887 0.3537266337831229 
486 1.2693747849698749 0.0496120149125289 1.0193817075641618 0.3872394088736266 
487 1.2693747849698749 0.051806553650379866 1.0148795868278262 0.38760865628107444 
488 1.2693747849698749 0.13408152704433388 1.0406253173300215 0.3558097179618822 
489 1.2693747849698749 0.03890435541205058 1.066224368392945 0.3720632042540499 
490 1.2693747849698749 0.0824016388437982 1.042401901317654 0.3958836856548121 
491 1.2693747849698749 0.19207226916054168 1.0857374652500322 0.33191746435018166 
492 1.2693747849698749 0.22904091806162583 1.150600462003467 0.25848289349354137 
493 1.2693747849698749 0.19355607534463184 1.0711769979370205 0.32165164001918356 
494 1.2693747849698749 0.16124440438314286 1.0174957021709874 0.3550522463565328 
495 1.2693747849698749 0.07800798990665547 1.0143764373832225 0.35116862564254475 
496 1.2693747849698749 0.045883281772525424 0.9529370791983335 0.4274732844433792 
497 1.2693747849698749 0.04967773016072152 0.9259931863852878 0.4520989423894457 
498 1.273181843873953 0.12318649348419336 0.9888042987746719 0.41161074732165276 
499 1.2832086263297813 0.08203062043204885 1.046710370043072 0.3887886435404888 
500 1.2832086263297813 0.03178055645511919 1.0094384349239638 0.38761118760649677 
501 1.2832086263297813 0.2042819306652097 1.005423171932381 0.36456035747071225 
502 1.2832086263297813 0.16499444305982472 0.9274758070739823 0.4199813210272718 
503 1.2832086263297813 0.0402490820717886 1.042272681675589 0.3733228288876412 
504 1.2832086263297813 0.05643213678144972 1.0443373122983768 0.38313911406713436 
505 1.2832086263297813 0.06260795757011185 0.9173542015372212 0.42573751612998634 
506 1.2832086263297813 0.10586630127197544 1.036353491319646 0.3544833629768279 
507 1.2832086263297813 0.18878737004543966 1.0026616483076347 0.4109439628534715 
508 1.2832086263297813 0.1889490548868391 1.035935179345206 0.3795822294491097 
509 1.283778035309245 0.028653680802189455 1.0984193546197778 0.35357572676317767 
510 1.283778035309245 0.03137556996666583 0.9854709134883218 0.45283808303003753 
511 1.283778035309245 0.033908767170274835 1.0556873500307093 0.3807750456893175 
512 1.283778035309245 0.03555556422090709 1.0393402809219698 0.3915468161866931 
513 1.283778035309245 0.028321776799306683 1.0106569027905363 0.4163655027941328 
514 1.283778035309245 0.051767838097142485 0.9776768457278556 0.42912776034794453 
515 1.283778035309245 0.18209685769158218 0.9848038909143922 0.4041422782659065 
516 1.3162348636753791 0.0398215597232959 1.0774124807898386 0.35973075905679014 
517 1.3162348636753791 0.09025737216916563 0.9973169366493694 0.41440308393324155 
518 1.3162348636753791 0.09982200214510077 1.065477990751394 0.3848436230472214 
519 1.3162348636753791 0.17617908809687144 1.0926658412516335 0.34965372039037035 
520 1.34602962025138 0.3639186518993623 1.0447175271164337 0.374627419568116 
521 1.34602962025138 0.036691023084673965 1.0107258460888116 0.44847267209721625 
522 1.3471362973486707 0.1581960015187128 1.0910465191473102 0.38138871636743354 
523 1.3471362973486707 0.1819461372521061 1.104858306171119 0.3726274716503528 
524 1.3471362973486707 0.09891748509993611 1.102836974367623 0.3917957874169809 
525 1.3471362973486707 0.07656469891841003 1.0542693494260735 0.44745954334378135 
526 1.3471362973486707 0.28153825052441417 1.138776531219478 0.3743859713097923 
527 1.3471362973486707 0.1342012488882417 1.1106364107764237 0.39910979129406937 
528 1.3471362973486707 0.046753479136300985 1.0481241918473 0.4327240960172501 
529 1.362751196279663 0.19808938133752899 1.076023741851766 0.44230413433170723 
530 1.362751196279663 0.17417434639982804 1.0553941361832195 0.4437579366168134 
531 1.362751196279663 0.029622482813919406 1.0757285057114017 0.43279202862367666 
532 1.362751196279663 0.18719237007036965 1.1450137582074764 0.3747196937770017 
533 1.362751196279663 0.2226639825363583 1.1363928931557672 0.36506803300406715 
534 1.362751196279663 0.18194934856084283 1.1189021699109885 0.41383559248480223 
535 1.362751196279663 0.0296771819951916 1.0739104691382841 0.4395267189768182 
536 1.362751196279663 0.07130259176086273 1.1035236015144811 0.39664591060505366 
537 1.362751196279663 0.21865262565206278 1.2149045138835377 0.33106718791330775 
538 1.362751196279663 0.18677710906355924 1.059270257689641 0.44963960390290464 
539 1.362751196279663 0.1372674895054026 1.025764713422223 0.4735343072583963 
540 1.362751196279663 0.17639609243952842 1.0328280935892076 0.4403423890266663 
541 1.362751196279663 0.11895049660794021 1.0228913801537458 0.46045600010537674 
542 1.362751196279663 0.0605215103270191 1.1093517014422671 0.43530149889423553 
543 1.362751196279663 0.17129887078288494 1.1218044400456546 0.4158376149596964 
544 1.362751196279663 0.08582753307488525 1.0267557108102299 0.44871618181333084 
545 1.362751196279663 0.045309137479926695 1.0698416667003658 0.4249532111719805 
546 1.368369663165725 0.045309137479926695 0.9990466021268077 0.4775944276954316 
547 1.368369663165725 0.20360643516099058 1.0212583900642442 0.4564805181253654 
548 1.3778416789629582 0.1849165506347719 1.0757642816787027 0.4318169021933476 
549 1.3778416789629582 0.05093714388234097 1.1083433620348524 0.3910138040079443 
550 1.3778416789629582 0.12329360886054852 1.0375896804485198 0.4550310346392762 
551 1.3778416789629582 0.043850707101747974 0.9412262638340543 0.49029855270376105 
552 1.3778416789629582 0.043850707101747974 0.9556520739466312 0.4724082475042289 
553 1.3778416789629582 0.02926984312352639 1.0061507174774018 0.49287759173311896 
554 1.3778416789629582 0.16546827330193548 1.0795260360398264 0.434495540398599 
555 1.3778416789629582 0.033796449132103584 1.106270894369143 0.45507598014724 
556 1.3778416789629582 0.24523170843080264 1.1315072499483656 0.420470841716641 
557 1.3778416789629582 0.034970446786557356 1.0428116143501758 0.48203595754486644 
558 1.3778416789629582 0.06608111335679856 1.014942413696812 0.49252146006439257 
559 1.4177440164876853 0.05839151266417404 1.084141255144486 0.44183782863455384 
560 1.4177440164876853 0.07363007758928265 1.0014540380734749 0.49567511696990463 
561 1.4177440164876853 0.05167434057303995 1.055418992547561 0.48480005730595044 
562 1.4177440164876853 0.08008829484529593 1.0659422811104255 0.49936151754124986 
563 1.4177440164876853 0.04722396023571988 1.1879928489235199 0.4093298504799949 
564 1.4177440164876853 0.03968819582074452 1.184401278730686 0.40714781403076794 
565 1.4177440164876853 0.1829121090938922 1.1241694719527646 0.45316353585796004 
566 1.4177440164876853 0.27600075317452405 1.2372902487159356 0.3460209146921161 
567 1.4177440164876853 0.18509578627923562 1.1467592289369275 0.4533589479722939 
568 1.4177440164876853 0.13187995214068002 1.1538659169255774 0.4251718659985848 
569 1.4177440164876853 0.052197358255735044 1.1599079646478103 0.4264096541438182 
570 1.4177440164876853 0.05946129979490798 1.1502233048818882 0.42885881573115275 
571 1.4177440164876853 0.08941701688085323 1.1218714960516727 0.44071238005637564 
572 1.4177440164876853 0.05324814869398816 1.070764623268182 0.4863984495826965 
573 1.4177440164876853 0.02883031508822974 1.0733146853271742 0.5109143592095364 
574 1.4177440164876853 0.04725580403751786 1.1797823824487415 0.443040671921873 
575 1.4177440164876853 0.1872865342414288 1.2070756222046701 0.4085448388954496 
576 1.4183735467826604 0.20069767224943064 1.1862903157844102 0.37775303338856214 
577 1.4183735467826604 0.056652708952098785 1.0540517442047634 0.4836814131005446 
578 1.4183735467826604 0.18215982476431064 1.0723132538759494 0.45402325635454066 
579 1.4183735467826604 0.037865753297884615 1.1417300261359014 0.44041124624161954 
580 1.4263060472755928 0.1437055345955101 1.0287171419781915 0.5007464359852679 
581 1.4263060472755928 0.04130735602358086 1.037683830282783 0.5169949220186383 
582 1.4281367571586618 0.12088717686766076 1.1044073936875145 0.4810643004081547 
583 1.4281367571586618 0.18809213149949514 1.0072313804159896 0.4917227255352989 
584 1.4281367571586618 0.13126519151562835 1.0693433687993343 0.467580593204922 
585 1.4281367571586618 0.17347768850924902 1.227276448754375 0.3715613097274319 
586 1.4486088729595632 0.054676070652249775 1.2713160109451564 0.32721175289748256 
587 1.4486088729595632 0.05078330404802637 1.1341480866855966 0.4620052653084314 
588 1.4486088729595632 0.30231836992063255 1.2232006229818941 0.36717125837729003 
589 1.4486088729595632 0.18245753386301725 1.029152129388795 0.49484029903834803 
590 1.4486088729595632 0.20715524436509763 1.17451767535393 0.41707952631476225 
591 1.4486088729595632 0.04798721524637347 1.1196088219279712 0.46161046106823367 
592 1.4486088729595632 0.16683951932748142 1.1278908852705984 0.47300139010583236 
593 1.4486088729595632 0.2132799211504374 1.1729411355068042 0.4372491470123975 
594 1.4486088729595632 0.07810720495620892 1.1427918161731314 0.4497763089435377 
595 1.4486088729595632 0.07502871850801236 1.2166043283533137 0.45371533745813064 
596 1.4486088729595632 0.08100412202521523 1.1521239908388226 0.48212417509942 
597 1.4486088729595632 0.04901822943776991 1.163802306623847 0.4530658238546898 
598 1.4486088729595632 0.08134427970245565 1.2053144457991765 0.44479745827666467 
599 1.4486088729595632 0.06344857917841225 1.158352766481094 0.45948620333578466 
600 1.4486088729595632 0.12315433536777007 1.1376128495448579 0.4694349336941738 
601 1.4486088729595632 0.04736451014432578 1.187991667641993 0.4623536690109012 
602 1.4486088729595632 0.15938521631464517 1.1328889052063165 0.4874145546015354 
603 1.4486088729595632 0.15938521631464517 1.1627356187774835 0.472516873161963 
604 1.4578335745016948 0.06419904017296169 1.1942434651802827 0.4369882216811432 
605 1.4578335745016948 0.07560253647954868 1.1371064210858017 0.4834848950661381 
606 1.4578335745016948 0.07217805680815341 1.0864817327048388 0.5005895499247137 
607 1.4578335745016948 0.03976588514222955 1.0464054317467082 0.5037024621728913 
608 1.4811034881112224 0.029146061748989788 1.1423263562494261 0.4792997523378741 
609 1.5599691970231409 0.1963258453255716 1.1962275275705794 0.4280924513271218 
610 1.5599691970231409 0.04925730036516089 1.1874183906272708 0.4394749976261353 
611 1.5599691970231409 0.056435459358607346 1.1268510025723866 0.48718222029857544 
612 1.5599691970231409 0.05559542142410298 1.1204932525516473 0.4862087501003661 
613 1.5599691970231409 0.039155742291202486 1.0926795487433514 0.5517808078408848 
614 1.5599691970231409 0.07147347340662205 1.2531031337611793 0.5099472686448994 
615 1.5599691970231409 0.028380577086187648 1.1740052364735223 0.5321188154867842 
616 1.5599691970231409 0.039050591033802484 1.1461765004699758 0.5401848086097017 
617 1.5720158037757495 0.07805851948715259 1.1725902123878387 0.5483255053473058 
618 1.5720158037757495 0.16884715907597994 1.2446054239848432 0.5041813183691704 
619 1.5720158037757495 0.18668427428487563 1.2108864361493727 0.501311461451537 
620 1.5720158037757495 0.23113352034956133 1.2627917111133409 0.4594079528348312 
621 1.5792605293566475 0.0424756071624265 1.2625497465368194 0.4582050160731378 
622 1.5792605293566475 0.19033983068260513 1.2264526414566552 0.5093816360630128 
623 1.5792605293566475 0.08437688587315988 1.2616296017111277 0.5141451302110586 
624 1.5812829072628674 0.22653126424227454 1.3613874868778073 0.42384173727046803 
625 1.5812829072628674 0.08796922990380562 1.2785900339049239 0.511419751370215 
626 1.5812829072628674 0.047316024906568985 1.2467915579361692 0.5326058950900903 
627 1.5812829072628674 0.06295673270861857 1.1390524610148443 0.5513569765976298 
628 1.5812829072628674 0.1706292894568872 1.1458587815267423 0.5484896128584917 
629 1.5944975824822156 0.07411811511224507 1.2459658105250035 0.513751105947998 
630 1.5944975824822156 0.035185546234409046 1.1837657594041913 0.5360822099452212 
631 1.5944975824822156 0.1922999442986746 1.3287675104969063 0.4787505452337184 
632 1.5944975824822156 0.1928291958115558 1.3201972165439029 0.48214719156645847 
633 1.5944975824822156 0.08712800574093356 1.2796389008611941 0.5270715459343205 
634 1.5944975824822156 0.07626880571570387 1.2563287036452129 0.5046591569582746 
635 1.611831522820098 0.062314668476246074 1.1590808614666304 0.5848388957299057 
636 1.611831522820098 0.0662294244259423 1.1524281718257947 0.5935281970272562 
637 1.611831522820098 0.1231832155889677 1.279240221392141 0.513882498465503 
638 1.611831522820098 0.18157319103417835 1.3373309924587848 0.48149663515371355 
639 1.611831522820098 0.0845941571854552 1.1860896043298952 0.5776015775305439 
640 1.611831522820098 0.05536357663070202 1.3025834209231113 0.5123748635453963 
641 1.611831522820098 0.23915407087205276 1.25205297624942 0.492793198160031 
642 1.611831522820098 0.05617435904450811 1.2832010550465882 0.5323355716169879 
643 1.611831522820098 0.16541782432895535 1.2010069303895305 0.5737305074565769 
644 1.611831522820098 0.2099342590265081 1.2572087944962218 0.5333527450828411 
645 1.611831522820098 0.0940815399775368 1.1849428455127446 0.5961238707817018 
646 1.611831522820098 0.10124842272108266 1.2697985309543394 0.5557636248366054 
647 1.6120645641746398 0.18347461240238916 1.2983955191626075 0.5344249419623549 
648 1.6120645641746398 0.0918660862517367 1.1853071614836628 0.5608808573757752 
649 1.6120645641746398 0.07297432468183018 1.1881616858572068 0.577347408847888 
650 1.6120645641746398 0.11357834565137807 1.3082442621126769 0.5078317829307375 
651 1.6120645641746398 0.0467556830078391 1.3496781918813268 0.48477665915589785 
652 1.6310259036602617 0.029426539832121783 1.2932268377270002 0.5453837140987092 
653 1.6310259036602617 0.029426539832121783 1.2579775017857462 0.5367877199935603 
654 1.6310259036602617 0.06286589164119716 1.3384767003300826 0.4911856497662603 
655 1.6310259036602617 0.0388688728724669 1.2863696020087108 0.5467250238161121 
656 1.6310259036602617 0.12251491572563512 1.2801756991985136 0.533510463905545 
657 1.6310259036602617 0.028335167786326318 1.1902351517767544 0.5684212009596874 
658 1.6310259036602617 0.05435687368129971 1.235174962718067 0.5665709309097917 
659 1.6310259036602617 0.1963678819466886 1.2832794626334532 0.530366581502721 
660 1.6310259036602617 0.12834024868631302 1.2512783091521154 0.5570359801514488 
661 1.6310259036602617 0.034615386970165196 1.2020517718112331 0.5445034397319101 
662 1.6310259036602617 0.06337165117433217 1.3419676463616348 0.5185534867637478 
663 1.6310259036602617 0.045871165066612034 1.386473470926408 0.4422126455947238 
664 1.6310259036602617 0.13116762211303984 1.2024510782528106 0.5948833239065621 
665 1.6310259036602617 0.05518965959311629 1.209211820268541 0.6053168394898599 
666 1.6310259036602617 0.04052134981777764 1.2084417514982848 0.5724834177929047 
667 1.6310259036602617 0.04935148129396134 1.061805119096698 0.5962849347203255 
668 1.6310259036602617 0.052149491039971387 1.189518848830559 0.5750797098833499 
669 1.6313223008002982 0.0464081378769664 1.1594202036617198 0.6187300059252816 
670 1.6320100280951892 0.0464081378769664 1.2948023992309905 0.5623611093085943 
671 1.6320100280951892 0.2112214929664905 1.331936608700148 0.4761805552550796 
672 1.6320100280951892 0.13389468563329937 1.2600742156002078 0.5434877598312996 
673 1.6320100280951892 0.03253338944276402 1.1492786352533002 0.6143154761202275 
674 1.6320100280951892 0.04910527684615679 1.266914993020188 0.5619151479491203 
675 1.6320100280951892 0.18728902143855836 1.398019413357255 0.45615411825083646 
676 1.6320100280951892 0.06499248556737373 1.3310487198221364 0.5143839496959278 
677 1.6578176529583715 0.18603227485650062 1.3786935107783707 0.46008959457688187 
678 1.6578176529583715 0.0468985633738917 1.3887227135867026 0.48654067740691015 
679 1.6578176529583715 0.25046269456073955 1.3751523970440545 0.4323465202800186 
680 1.6578176529583715 0.05614909208472289 1.2950339390925971 0.5248676653158957 
681 1.6578176529583715 0.11358341311248152 1.2452469890072562 0.5577155084562663 
682 1.6578176529583715 0.045428821592851706 1.1921563643554884 0.5822533740178978 
683 1.6578176529583715 0.08290242889857247 1.2115598437634525 0.6008511279203581 
684 1.6578176529583715 0.028543604959508573 1.1494812336770632 0.6355387633923559 
685 1.6578176529583715 0.06512806504057958 1.2290666309790086 0.5870088565968752 
686 1.6578176529583715 0.1914164777766366 1.220471099339724 0.5954133949353343 
687 1.6578176529583715 0.07120740149025152 1.3786036767984053 0.5267442495054637 
688 1.6578176529583715 0.047995521262630764 1.3586696946115224 0.5320591524661976 
689 1.6578176529583715 0.07469864480512386 1.1552898149271313 0.617849275531309 
690 1.6578176529583715 0.06104137672240537 1.242316082057869 0.6027769395851927 
691 1.6578176529583715 0.09671731221131816 1.3681977205266282 0.5293823563736524 
692 1.6578176529583715 0.052962803514804764 1.3179024554568646 0.5552469961335722 
693 1.6578176529583715 0.07963564013234081 1.394646452375888 0.4949686617985397 
694 1.6929232796140605 0.04349399817586663 1.2969419010374996 0.5680987539711685 
695 1.6929232796140605 0.0735349634729835 1.2505653124129295 0.5742375985827886 
696 1.6929232796140605 0.057392428535919235 1.3040524733370662 0.5913393175986382 
697 1.6929232796140605 0.18395075815695672 1.3975645220483541 0.47317101368175657 
698 1.6929232796140605 0.057972149262953125 1.2977415841587894 0.5392686443317061 
699 1.6929232796140605 0.12092138504859751 1.2977240037761275 0.5662097582759246 
700 1.6929232796140605 0.03187910129267208 1.2251467383714383 0.582268793120801 
701 1.6929232796140605 0.04193459878937053 1.222699806925342 0.6290446713852943 
702 1.6929232796140605 0.05807941383428808 1.2191988464682886 0.628031361595902 
703 1.7010664575169305 0.09550870672790239 1.3948466242135094 0.5326452502443463 
704 1.7010664575169305 0.052796051804843404 1.3858108874703297 0.5262398163500699 
705 1.7010664575169305 0.18252441879562425 1.3407052119583438 0.5543028536998926 
706 1.7144605659675167 0.09518269899063264 1.3378537052813262 0.5660764063393392 
707 1.7144605659675167 0.18835565244799696 1.195464360951661 0.6064812594544317 
708 1.7144605659675167 0.07840343506077468 1.3548491006817127 0.5515146028122826 
709 1.7144605659675167 0.15760260760803235 1.2582303122672884 0.6086844329193006 
710 1.7144605659675167 0.1944034193044799 1.3383728529235386 0.5432836483680904 
711 1.7144605659675167 0.18627575201980467 1.4670619588984075 0.46986961343367944 
712 1.7144605659675167 0.05782785331985999 1.2417004889699723 0.6283546164545217 
713 1.7160519010869484 0.14870967531461493 1.3825851424394375 0.5757311956808141 
714 1.7160519010869484 0.04873388285114437 1.2336513689268889 0.6256060961132418 
715 1.7160519010869484 0.1254512610840908 1.2862945610533347 0.6198191197156155 
716 1.7160519010869484 0.11501674650018238 1.2781213037733334 0.6161795221410795 
717 1.7160519010869484 0.1212226892231202 1.2896777071020193 0.5890754855689689 
718 1.749522945191023 0.16701094813425044 1.3128142371097271 0.5426932158781718 
719 1.749522945191023 0.06544620728776979 1.3106767290807682 0.5407467571885549 
720 1.749522945191023 0.05249311543123991 1.3533124215971313 0.5744897200760218 
721 1.749522945191023 0.07355513330284995 1.3257470173215502 0.6067011380031959 
722 1.749522945191023 0.04596798713002196 1.2938047921299436 0.6568468957809255 
723 1.749522945191023 0.13384992694099135 1.3669955958120303 0.5972690236154826 
724 1.7772583671213025 0.040485975196998696 1.402217248680515 0.5919199888258403 
725 1.7772583671213025 0.14115854477487114 1.5395131819238526 0.4771733065786358 
726 1.7772583671213025 0.03560173000487716 1.3908116153394734 0.602881489416158 
727 1.7772583671213025 0.125937680988668 1.3078272308412588 0.6338223868793361 
728 1.7772583671213025 0.18516214130159095 1.4218749898589302 0.5956387721960609 
729 1.7772583671213025 0.051934029786943954 1.4015441968552464 0.6012396892075182 
730 1.7772583671213025 0.18232980793235848 1.3609427801151766 0.6056954509998553 
731 1.8080999821197392 0.06758555000826844 1.3618032039097285 0.6149124874833926 
732 1.8080999821197392 0.05514021281905752 1.4093764924012346 0.5838161416160791 
733 1.8080999821197392 0.03195327457419976 1.3550834909975682 0.6414750193281707 
734 1.8080999821197392 0.05532769649193188 1.384211911000348 0.6301600184972949 
735 1.8080999821197392 0.05958928749144978 1.524951307336448 0.5074458438556826 
736 1.8080999821197392 0.052313188324381574 1.4581356441178197 0.5911802398442565 
737 1.8080999821197392 0.09622422112866094 1.324312268920849 0.6120880155209955 
738 1.8080999821197392 0.12039936136043679 1.4740045224335179 0.557755324551496 
739 1.828985171284393 0.10598692731567025 1.4167621312457055 0.6080944678426637 
740 1.828985171284393 0.04010099014669349 1.4508818723970978 0.6226234160288898 
741 1.828985171284393 0.1815957640052103 1.3095468658056357 0.6568659317218077 
742 1.828985171284393 0.18757154977011764 1.3612628915925162 0.6362217270133111 
743 1.828985171284393 0.16083548797941594 1.4180185219978427 0.5932886511737225 
744 1.828985171284393 0.19754409529878159 1.4390585668100127 0.5926579389891363 
745 1.828985171284393 0.03906740953457967 1.4164970528590253 0.6015017442226803 
746 1.828985171284393 0.13226796001446267 1.3552854442231452 0.6546254866516406 
747 1.828985171284393 0.045585246055481345 1.3249831044290046 0.6703570916262906 
748 1.828985171284393 0.05940643886765464 1.2983317122074722 0.689169931100253 
749 1.828985171284393 0.1894688237085378 1.4325994821828543 0.5562299441789383 
750 1.828985171284393 0.2648088387349322 1.392180775874277 0.5847638310633162 
751 1.828985171284393 0.18353704794424439 1.3519681461806157 0.6414253180719055 
752 1.828985171284393 0.06135143967744439 1.3722537245561617 0.6390890531396406 
753 1.828985171284393 0.18146939344949908 1.5629828423026377 0.5508669288727481 
754 1.828985171284393 0.18256621437920836 1.6126012608006153 0.46808661800567186 
755 1.828985171284393 0.054561582265416214 1.5409551407561657 0.5829185901005448 
756 1.828985171284393 0.12462494740005232 1.4235765680518127 0.6468195838371255 
757 1.828985171284393 0.11276656760663882 1.496531368984883 0.5934586542334922 
758 1.828985171284393 0.04026050203261759 1.5001774010453952 0.5601577892398018 
759 1.828985171284393 0.07214967258370297 1.4275715870470864 0.6152203131593076 
760 1.841125976494178 0.11944040523751746 1.3739129653875746 0.6586513236189084 
761 1.841125976494178 0.05018589029769825 1.3971742393609183 0.6587355328615363 
762 1.841125976494178 0.1881614025874797 1.3584177142662281 0.6570132372153474 
763 1.841125976494178 0.05010320647101095 1.3251893709020346 0.6630964727456758 
764 1.841125976494178 0.21404462338940403 1.4561785469227357 0.5453985578423759 
765 1.841125976494178 0.18827857693347003 1.4391274035443262 0.6142131521749878 
766 1.841125976494178 0.06454967931500423 1.3928383461195504 0.6623513814237736 
767 1.841125976494178 0.06685173763945526 1.4196578331158038 0.651677974146076 
768 1.841125976494178 0.19676369803575897 1.5927619773503783 0.4983804851331032 
769 1.841125976494178 0.18310684022186882 1.4272453050089298 0.6139545309466659 
770 1.841125976494178 0.18234145379026492 1.470668380078648 0.601708323496242 
771 1.841125976494178 0.18174787008205953 1.5709659662510658 0.5208522081427028 
772 1.841125976494178 0.17257625306012797 1.4596738169184484 0.597369451447781 
773 1.841125976494178 0.047249174656837305 1.4131421571288065 0.6678671773719733 
774 1.841125976494178 0.049941569516098606 1.3500451522576513 0.6852304451304818 
775 1.841125976494178 0.05354825272896015 1.3626828604446124 0.6594818296270089 
776 1.841125976494178 0.10466575064886657 1.4135517903817478 0.6011606588925384 
777 1.841125976494178 0.10466575064886657 1.473909640876534 0.6038964506734826 
778 1.841125976494178 0.061444901881119195 1.3610247530907673 0.6519493090273755 
779 1.841125976494178 0.05734814525967991 1.3387290372775478 0.6558246994346876 
780 1.841125976494178 0.05721751115441552 1.4150239588790514 0.6202188529326574 
781 1.841125976494178 0.18099209690019233 1.4584801175619273 0.6106933465395435 
782 1.9232554294811515 0.0745806720907775 1.4423981091462807 0.6457783929702464 
783 1.9232554294811515 0.17640055740248212 1.4485351353449099 0.6255051405422472 
784 1.9232554294811515 0.18542675309020948 1.5087420927489033 0.6183164894121972 
785 1.9232554294811515 0.06570372224546818 1.4902127232826314 0.6215464753595109 
786 1.9232554294811515 0.11091939204433343 1.490340377456435 0.6385219574368194 
787 1.9232554294811515 0.04839890001608043 1.4717126572827364 0.665343352053786 
788 1.9232554294811515 0.1979161321436187 1.4797987385143854 0.6620502083837332 
789 1.9232554294811515 0.19513772117632794 1.4878011806138953 0.6526604814541724 
790 1.9232554294811515 0.12925133396893812 1.5550431239841473 0.64470154715344 
791 1.9232554294811515 0.05104399219030933 1.5670840950662506 0.6576128155462119 
792 1.9320800177449855 0.06312278353912679 1.5663259934578244 0.6357246014635753 
793 1.9401799051175297 0.041690414862917385 1.5010314266471465 0.6662624314043457 
794 1.9401799051175297 0.04283312508744195 1.578683955282885 0.6165363278917773 
795 1.9401799051175297 0.23221892165364186 1.6737774699067305 0.49537557982420916 
796 1.9401799051175297 0.03394436842697983 1.475523755805905 0.6823851618226079 
797 1.9401799051175297 0.03181230176101143 1.4308340794931322 0.7129981935097459 
798 1.9401799051175297 0.1962639684936348 1.5880744472315966 0.6180987328263973 
799 1.9401799051175297 0.06081348888774699 1.4186700023212386 0.6783547488476847 
800 1.9401799051175297 0.181321870545044 1.4920473951108248 0.6916437557975411 
801 1.9401799051175297 0.22153942173260194 1.6646529352648247 0.5500631784305747 
802 1.9401799051175297 0.21738354375991556 1.5614117541003216 0.6223777781821481 
803 1.9401799051175297 0.18127577868258865 1.5332506823293828 0.6642022293920008 
804 1.9401799051175297 0.03670193076871271 1.5596182017754665 0.6323832643423759 
805 1.9401799051175297 0.051447785037368306 1.595268627478364 0.6126795968321607 
806 1.9401799051175297 0.06626957817299126 1.4910068009891393 0.6568499578019852 
807 1.9401799051175297 0.2621254216612769 1.6483060606210314 0.553628230905846 
808 1.9401799051175297 0.05026118096486834 1.5306148925891363 0.6699817316375904 
809 1.9401799051175297 0.14729096759943974 1.5649123339056816 0.6509032464402249 
810 1.9401799051175297 0.030993881630881806 1.5304693318176805 0.6693042715453619 
811 1.9410028659000287 0.05778422030491256 1.4704380018729895 0.7143113538406747 
812 1.9410028659000287 0.03268258186636438 1.4023332786832443 0.7728999931555957 
813 1.9410028659000287 0.15237625230437335 1.5749239306567362 0.6595917047799337 
814 1.9410028659000287 0.03754980154640613 1.5243223004177595 0.7356040306655598 
815 1.9410028659000287 0.17779034005443414 1.5148458679194272 0.6838857528503104 
816 1.9410028659000287 0.17779034005443414 1.6573659103055176 0.6121929990921581 
817 1.945508701046123 0.06753447023976615 1.5161126881864457 0.68704660796076 
818 1.945508701046123 0.06065305875131663 1.4609360246257455 0.70944286563511 
819 1.945508701046123 0.1741180081273388 1.4868219834784395 0.6896348800541878 
820 1.945508701046123 0.16035862763304665 1.6273276714372524 0.5964326502896394 
821 1.945508701046123 0.20791844737701692 1.5303014472542709 0.6284798583952621 
822 1.945508701046123 0.1438331198969775 1.5330069497932959 0.6386533580503055 
823 1.945508701046123 0.029317290780663467 1.471653505720815 0.7027980162260593 
824 1.979872212000628 0.19662907318017034 1.5848659392590734 0.6295584964169569 
825 1.979872212000628 0.12263762854641283 1.590152331916215 0.6126220323082967 
826 1.979872212000628 0.034023293687923804 1.3740563270483992 0.7127613830656334 
827 1.979872212000628 0.1092712263564334 1.336463273124482 0.7649297504187149 
828 1.979872212000628 0.1674354146783475 1.3998986904682078 0.715081248684106 
829 1.979872212000628 0.1626357842942083 1.6124568384251627 0.6060821051730193 
830 1.979872212000628 0.18208127465324203 1.6376322198799058 0.615509549176303 
831 1.979872212000628 0.0631494552598469 1.4772587681948577 0.7194104683014547 
832 1.9848038554924528 0.16053590207565366 1.5357436716026693 0.6784724611473347 
833 1.9848038554924528 0.22178696538087445 1.5682782869483145 0.6484971422821627 
834 1.9848038554924528 0.16619751499302624 1.4889864830084862 0.6877245333368806 
835 1.9848038554924528 0.18647940241784394 1.5992160871252281 0.5921164829563076 
836 1.9867585004653887 0.0639689807328914 1.4322778378565781 0.7211119998538137 
837 1.9867585004653887 0.12686323711835185 1.5357958586827358 0.6817149208867592 
838 1.9867585004653887 0.07900074764451798 1.5103116313608647 0.7129125802197372 
839 1.9867585004653887 0.033541220292464674 1.5213884068219854 0.7129358919024563 
840 2.005084679514923 0.18243890157069437 1.7370355183962372 0.5395318252590383 
841 2.005084679514923 0.1536840823804243 1.6043024146828333 0.6132976537526403 
842 2.005084679514923 0.18702242013766826 1.5332988593341512 0.7151165805536838 
843 2.005084679514923 0.053043920884110154 1.6660162954242392 0.6049825831525479 
844 2.005084679514923 0.18397031495182906 1.5211722264748664 0.6763347087051739 
845 2.005084679514923 0.1761709924563863 1.4565150884429805 0.7359867223988645 
846 2.005084679514923 0.10474205555325367 1.69246737483869 0.6155865703224349 
847 2.005084679514923 0.043588882662148304 1.6803264562365732 0.6470203693547266 
848 2.005084679514923 0.031726032039306705 1.4840011359274952 0.7545853231424163 
849 2.005084679514923 0.16837782680686264 1.6228019095946715 0.6319627789068581 
850 2.007760555776536 0.13135970416327977 1.6871559384243457 0.6213312259493013 
851 2.007760555776536 0.03407827161570805 1.2657385967091332 0.8393993126713396 
852 2.007760555776536 0.04960757584936884 1.4202731528015589 0.7779434019609474 
853 2.007760555776536 0.088798843827819 1.5540841523549767 0.7179804424600912 
854 2.007760555776536 0.06215216859846896 1.5424892677581021 0.7180317849760446 
855 2.007760555776536 0.06215216859846896 1.380062471539946 0.7990798752006026 
856 2.007760555776536 0.028540275236130525 1.594497954372455 0.6865046535699542 
857 2.007760555776536 0.07084837035568685 1.522076417510394 0.6969564543404524 
858 2.007760555776536 0.038177073891245125 1.555394374841884 0.6858922296474071 
859 2.007760555776536 0.055917338122110805 1.5374634015993207 0.7146518931532388 
860 2.007760555776536 0.03413254576659529 1.6875061975326628 0.6298383206088852 
861 2.007760555776536 0.034593080315131176 1.5384461900637676 0.7023549413346503 
862 2.007760555776536 0.06135541708662843 1.3739492966414868 0.8115957274581603 
863 2.007760555776536 0.08738080495282714 1.5671134006458174 0.7271659048777879 
864 2.007760555776536 0.029176162504374534 1.450757205522316 0.7959563926152549 
865 2.007760555776536 0.18381364497425282 1.6467355444124674 0.6401044000476288 
866 2.007760555776536 0.11811312681227175 1.557276205783515 0.6762441029880761 
867 2.007760555776536 0.13278223227998007 1.6653116081291788 0.6199567092709253 
868 2.007760555776536 0.18683409686886773 1.6112788293861273 0.6332337264434891 
869 2.007760555776536 0.07687645763529408 1.6249376135019442 0.6778872962472378 
870 2.007760555776536 0.22389330848918257 1.6217283672050782 0.6410742771869047 
871 2.007760555776536 0.18505804454978428 1.6622283118112766 0.6102160912610667 
872 2.007760555776536 0.18210431392419718 1.6913508509077941 0.588685391385037 
873 2.007760555776536 0.05830059964053428 1.7296452636090611 0.5727878993390434 
874 2.007760555776536 0.05088174081947836 1.572937755135418 0.6836916104765969 
875 2.007760555776536 0.03221057694645771 1.5014501883853224 0.7341127450959362 
876 2.007760555776536 0.035522464429817 1.524737149418161 0.7505360255821223 
877 2.007760555776536 0.05576556693007616 1.655186546269845 0.6301821012765095 
878 2.007760555776536 0.18886813617597698 1.5474912072340443 0.6804961486053254 
879 2.007760555776536 0.044339112345148333 1.5622482328709302 0.7190348725611007 
880 2.007760555776536 0.10754280105950839 1.5735012066242802 0.667435587524703 
881 2.007760555776536 0.1933351368576237 1.6272074486500439 0.609301162826778 
882 2.007760555776536 0.2020443070674166 1.602341693992919 0.6059196050477104 
883 2.007760555776536 0.1415707564097236 1.645464529945761 0.6132915397503375 
884 2.007760555776536 0.1507701578865916 1.5866281797410724 0.6281904980784829 
885 2.007760555776536 0.07809566980737205 1.5077061225376385 0.7103492934235064 
886 2.007760555776536 0.03957344337495017 1.5219023727685888 0.7498004745747323 
887 2.007760555776536 0.26122882169066297 1.7050836962784754 0.5854337071553714 
888 2.007760555776536 0.07295556224399737 1.5163126717694517 0.7411515272843688 
889 2.007760555776536 0.2084957465740018 1.6386319717640823 0.6263476873825748 
890 2.007760555776536 0.04098802562662799 1.5481429721651954 0.6751061260894323 
891 2.007760555776536 0.11206222906605322 1.4069773122947864 0.780832312785308 
892 2.007760555776536 0.047743431620744896 1.4519650827819721 0.7501318697772807 
893 2.007760555776536 0.12489601631641777 1.4877121326876157 0.7379921235127231 
894 2.007760555776536 0.1896135887140932 1.511747941510469 0.7108955674595968 
895 2.007760555776536 0.04177321066132493 1.5942574484515946 0.7052383185499573 
896 2.007760555776536 0.15284609051841794 1.6827894143331188 0.6351473465886227 
897 2.007760555776536 0.02855360016036327 1.5567135531988763 0.720056922944984 
898 2.007760555776536 0.02855360016036327 1.531134051465928 0.6996730545280347 
899 2.007760555776536 0.07634862043900703 1.483288501230902 0.7538720039714532 
900 2.007760555776536 0.12225936765085055 1.7214081946635023 0.5963257491888335 
901 2.007760555776536 0.18289655165423863 1.4956477698993234 0.6972626876049612 
902 2.007760555776536 0.10361199051088511 1.4818217974082086 0.7283737233067619 
903 2.007760555776536 0.06341269167808547 1.6077315827109238 0.6465341100126925 
904 2.007760555776536 0.06341269167808547 1.6088747159692167 0.6447417235352171 
905 2.007760555776536 0.2035874593007436 1.6909362635436334 0.5386804207782467 
906 2.007760555776536 0.18942133877431522 1.606662502998317 0.6431645098426012 
907 2.007760555776536 0.06596279648188132 1.5700540973439376 0.6895887822147156 
908 2.007760555776536 0.08467885023188058 1.5758529283826814 0.6742951861986349 
909 2.007760555776536 0.0453017530068651 1.4064543184517528 0.779063839651967 
910 2.007760555776536 0.032977880114747886 1.6195156868195446 0.6631891560942087 
911 2.007760555776536 0.06810739258967494 1.457269655377044 0.7594844131119033 
912 2.007760555776536 0.02917731776973549 1.3820168671574715 0.760308852234259 
913 2.007760555776536 0.10705933327556749 1.4457297986231423 0.7744754632461391 
914 2.007760555776536 0.037144070694775475 1.4105723332194486 0.7788987736801241 
915 2.007760555776536 0.029212202442088313 1.4893804564402753 0.7573091922724812 
916 2.007760555776536 0.11361724722977659 1.5837185908118698 0.7150906100417521 
917 2.007760555776536 0.04131919123923313 1.5211423137520543 0.7376358233149253 
918 2.007760555776536 0.16305047096703068 1.5587337789817353 0.7260666410262793 
919 2.007760555776536 0.06485919058994878 1.4322226424949467 0.7611950845051207 
920 2.007760555776536 0.0829819993478161 1.3994998335076227 0.7658536316192157 
921 2.007760555776536 0.08498743407417321 1.508209709694673 0.6649504050649497 
922 2.007760555776536 0.18739179286773489 1.3740170151245588 0.7059682649474047 
923 2.007760555776536 0.1960659607098194 1.570619678572008 0.6726904281672582 
924 2.007760555776536 0.07335558841247394 1.5212067350978518 0.6604791254424243 
925 2.007760555776536 0.04133435511048151 1.575316338581627 0.6747101930357674 
926 2.007760555776536 0.05281847385663769 1.5416940187328774 0.7278503763836074 
927 2.007760555776536 0.04577138543144059 1.4922040065383944 0.7658529104399011 
928 2.007760555776536 0.0670986442762923 1.6264701633922245 0.6987938954902596 
929 2.007760555776536 0.05983780815249942 1.5765287040006948 0.6940154189022271 
930 2.007760555776536 0.0823625126723601 1.605221660781178 0.6881028041837792 
931 2.007760555776536 0.08213667589069823 1.5517950769996778 0.7261573724753969 
932 2.007760555776536 0.047465772883210536 1.5282737999182765 0.7369126705434245 
933 2.007760555776536 0.11852662671779346 1.4185381545184397 0.7868623780804797 
934 2.007760555776536 0.11908453350680406 1.637585491200165 0.6781941098879052 
935 2.007760555776536 0.09020168772605064 1.6425484495723108 0.6764733448599917 
936 2.007760555776536 0.2689147298739546 1.7607233241664 0.5277972739199428 
937 2.007760555776536 0.11593962394205029 1.6527338844382353 0.65846169054869 
938 2.007760555776536 0.02931644530030189 1.5091044746335736 0.7837883951488678 
939 2.007760555776536 0.05548741345364688 1.4594577074083306 0.7622314602414907 
940 2.007760555776536 0.03937581409970391 1.6929803818701072 0.6201184844650806 
941 2.007760555776536 0.08653615753324169 1.568379472054516 0.6842897788027268 
942 2.007760555776536 0.040159655296671565 1.5110963639773514 0.7372016593759102 
943 2.007760555776536 0.05265267942281788 1.5883090188723399 0.7094619808970631 
944 2.007760555776536 0.0987050164757237 1.6378719702513926 0.6340092484568302 
945 2.007760555776536 0.034478510010343064 1.5583007492013239 0.6733311467280135 
946 2.007760555776536 0.05340901601853179 1.5987452040945642 0.6503688695107599 
947 2.007760555776536 0.05771930257741854 1.5309440692296452 0.7143841227018751 
948 2.007760555776536 0.15914094134672285 1.5394845208782508 0.658953507084484 
949 2.007760555776536 0.03822431196592996 1.5659312524734605 0.7205887347411507 
950 2.0079389194915334 0.185433916994283 1.4330909618940217 0.7398538715388432 
951 2.0079389194915334 0.04371217669060075 1.5478925052431742 0.7182365372494364 
952 2.0079389194915334 0.09807698393788283 1.451958087850607 0.7428994295880009 
953 2.0079389194915334 0.18128701212531256 1.624273708657332 0.6638446237996067 
954 2.0079389194915334 0.0510843555024617 1.5738526665846988 0.7100390305066162 
955 2.0113649064250896 0.059768913165082926 1.7086259871000542 0.5761972202165678 
956 2.0113649064250896 0.11021396847825812 1.5216701688063714 0.7426291295078795 
957 2.0113649064250896 0.176339944904027 1.6337384815307479 0.655363415369875 
958 2.0113649064250896 0.18645389235467644 1.5506971012787143 0.7030120350850585 
959 2.0113649064250896 0.03976839165187936 1.6412554357221227 0.6935324143995594 
960 2.0113649064250896 0.049062773999720956 1.6306070588592332 0.6950803448969143 
961 2.0113649064250896 0.033309770014829446 1.6166736514665911 0.6808566043089639 
962 2.0113649064250896 0.2180862393332032 1.658730438071427 0.612005583314669 
963 2.0113649064250896 0.24118039826712492 1.669039156745257 0.5988694275983123 
964 2.0113649064250896 0.06894052972223622 1.3707104995711155 0.781205881774711 
965 2.0113649064250896 0.25903922705225263 1.7304754304905512 0.5588198420668911 
966 2.0113649064250896 0.09436508709452497 1.5443352754543451 0.7251439459816148 
967 2.0113649064250896 0.028980082320123796 1.5408846203722726 0.6876135062203514 
968 2.0113649064250896 0.18795019828849757 1.6314425047324308 0.6200655892826213 
969 2.0113649064250896 0.0649392468582612 1.6018603350244356 0.6791777570385451 
970 2.0113649064250896 0.05543263730049134 1.7040731811230856 0.6148844484885362 
971 2.0113649064250896 0.1582466093677649 1.5401562862260716 0.7096195413740872 
972 2.0113649064250896 0.1939052886308307 1.6199775356133044 0.6321615066493564 
973 2.0113649064250896 0.0452107944880154 1.581186402365315 0.6854923257704102 
974 2.0113649064250896 0.21491448257298218 1.4530059675731846 0.6865548871458772 
975 2.0113649064250896 0.1310975825266417 1.543583743930583 0.7063417767246615 
976 2.0113649064250896 0.1306997375496643 1.5806899430217518 0.6728325322501322 
977 2.0113649064250896 0.04120684818490329 1.643858053935107 0.6083148223616321 
978 2.0113649064250896 0.032727445189251136 1.4511651592893198 0.7479903466723571 
979 2.0113649064250896 0.12053150276588945 1.4486708623617235 0.7980399686152015 
980 2.0113649064250896 0.18202217203350274 1.569442388293176 0.685460804858684 
981 2.0113649064250896 0.0516046785853177 1.507332208301739 0.7124085981758301 
982 2.0113649064250896 0.17196861322939508 1.4325761346571384 0.7523615649455839 
983 2.0113649064250896 0.03913113586486063 1.6004219923590395 0.6836547639743318 
984 2.0113649064250896 0.18441017075508503 1.5034655316799004 0.71632335869335 
985 2.0113649064250896 0.029771806855596286 1.3385112728500952 0.7803409259250683 
986 2.0113649064250896 0.06647513063807353 1.423670260035234 0.7555832945423825 
987 2.0113649064250896 0.22010717250906872 1.5873241945769945 0.631160462743933 
988 2.0113649064250896 0.10844772173743526 1.5356721884146292 0.7064322832315343 
989 2.0113649064250896 0.07737333594878146 1.5934905073163999 0.6456602357113882 
990 2.0113649064250896 0.18684362410450917 1.4973463095602002 0.6748166546852945 
991 2.0113649064250896 0.12521436575845746 1.4292566091150702 0.706741285484791 
992 2.0113649064250896 0.0763147854191063 1.4563508220849735 0.7374063540470966 
993 2.0113649064250896 0.08186814754242636 1.6473595263344634 0.6439387256480483 
994 2.0113649064250896 0.04367681071074636 1.5775227464086705 0.7085996377606175 
995 2.0113649064250896 0.14800246833683453 1.4704906098394661 0.7535109224456586 
996 2.0113649064250896 0.03358975216153487 1.6525315442976962 0.7006872217453761 
997 2.0113649064250896 0.18139247323451616 1.4781919644907495 0.7543571780355601 
998 2.0113649064250896 0.20383462344665954 1.649761553746442 0.6149300956373326 
999 2.0113649064250896 0.033159915931007956 1.583396996817675 0.7097788466160745 
