0 0.3786211539740428 0.0315065379909857 0.27556508263198043 0.0806952890997736 
1 0.3810629006252975 0.0329514863574493 0.27658704914124416 0.08134647659376505 
2 0.38801434304797094 0.03861902189203223 0.2734715493883948 0.09761157737032317 
3 0.39320894362553244 0.08141829339893095 0.31134137037487697 0.0721120406675956 
4 0.3945858851215464 0.05248752628071717 0.30945007686606335 0.07696678874577474 
5 0.3945858851215464 0.030908434782266847 0.31669742632841336 0.08573670271147385 
6 0.3969103112453264 0.028101721145976383 0.3274559897935832 0.08758376938532379 
7 0.4072985997664497 0.13168549758564 0.3468696413941916 0.0635817040077838 
8 0.4072985997664497 0.13168549758564 0.3485134725956324 0.07000213495831933 
9 0.40853268498437134 0.15346743792981346 0.36192255004408924 0.05660100694055711 
10 0.40853268498437134 0.15346743792981346 0.3614072149907627 0.06243845727438318 
11 0.4169837409891114 0.21484037083115995 0.37527168493575797 0.04439590187117877 
12 0.4341483926090653 0.06020325533262261 0.3764287274503818 0.06177420493825972 
13 0.4341483926090653 0.07020385806642625 0.3565913856916464 0.07948521476635745 
14 0.4571229078416224 0.07394289818627317 0.3522923825518106 0.09630222581089834 
15 0.4571229078416224 0.05108374391839364 0.361325008817693 0.08186552495482143 
16 0.46262470348538365 0.04951566758749695 0.35360691223466295 0.09765230230608807 
17 0.46262470348538365 0.11651686785502473 0.38816305625399106 0.07618407672940752 
18 0.46262470348538365 0.03898263122096553 0.3818338241488504 0.08546446722787307 
19 0.46262470348538365 0.03759979495580205 0.3941428290289387 0.08471963246000358 
20 0.46262470348538365 0.0716899606924191 0.3954012158161604 0.0959057438152174 
21 0.4714966105534839 0.0716899606924191 0.3997110015095962 0.0862599578340781 
22 0.4714966105534839 0.03256246839117713 0.4122666350079779 0.07785890087553277 
23 0.47155842117792957 0.04610143165066768 0.41146516550432327 0.08324099347663297 
24 0.47155842117792957 0.2520649339735293 0.4223744791135069 0.056685623150037404 
25 0.47172699848415606 0.2600096603220838 0.42282776414428774 0.05722386894253427 
26 0.47309418978299833 0.276957778447776 0.4316773849543821 0.04967296543620126 
27 0.47309418978299833 0.18506090419855276 0.4093957125591408 0.0732940271061776 
28 0.47309418978299833 0.16115236895878893 0.40795069736010287 0.07542739534588205 
29 0.48178048137443363 0.05110477959505628 0.38614048018845454 0.0955094350573966 
30 0.48604244867597757 0.028704579317014204 0.3861964881559374 0.10442619220471239 
31 0.48604244867597757 0.1410073035157894 0.39812424674031227 0.08909115962024342 
32 0.48604244867597757 0.1410073035157894 0.38578929252610944 0.10012801204048863 
33 0.48604244867597757 0.03655390139262229 0.3622735583126658 0.12277641235525166 
34 0.5346033918738086 0.04339921131128665 0.3929364739121344 0.11166853925503888 
35 0.5346033918738086 0.18205560780255112 0.40883608541655597 0.08622040583319363 
36 0.56218356245801 0.02852653079607057 0.3996768941219988 0.11758698167365261 
37 0.56218356245801 0.04774767032473949 0.42136836370887676 0.11220270010990309 
38 0.56218356245801 0.05017241508760926 0.41603749135032597 0.1200996955013665 
39 0.56218356245801 0.029121938737758382 0.4258161547988867 0.13201388036605427 
40 0.5689703609317269 0.034866475526022685 0.4309567809060579 0.12854628400873966 
41 0.5689703609317269 0.07782449336602824 0.4413315375316446 0.11480586819583251 
42 0.5689703609317269 0.11406929216753242 0.4751981889915799 0.1002101573990631 
43 0.5689703609317269 0.2649720201760353 0.4846131326732095 0.08292992635149458 
44 0.5689703609317269 0.04865225056221745 0.48881085542086744 0.1138597981308421 
45 0.5714062216687952 0.14582635630131133 0.48669958999006585 0.1166058873980413 
46 0.5714062216687952 0.057988775300275214 0.4470309064228879 0.1468207640157366 
47 0.5714062216687952 0.056321563964282964 0.456873518262244 0.1378101266982148 
48 0.5714062216687952 0.03125481003528441 0.43137995653526345 0.14680780876729066 
49 0.5841242419420994 0.053311075887157396 0.4609679347147445 0.1257848868400267 
50 0.5841242419420994 0.10502497174855682 0.47043240276064685 0.1223533948088207 
51 0.5841242419420994 0.028378682306480527 0.4776770820110976 0.13648702942091448 
52 0.5841242419420994 0.029535595234426754 0.47663422041422226 0.14338737648242897 
53 0.5841242419420994 0.0283142564152051 0.45751654089828503 0.14982133271814635 
54 0.5841242419420994 0.029316714045326816 0.4521673254731505 0.14728078020711305 
55 0.5841242419420994 0.05751689870110869 0.46592814381984393 0.14500347944438535 
56 0.6185580545037143 0.18430104090500793 0.49681410827721606 0.13195284912292313 
57 0.6185580545037143 0.07268434968888327 0.49574516977754696 0.13494107012646833 
58 0.6185580545037143 0.04404307405264721 0.5095255789952154 0.14255887269617634 
59 0.6185580545037143 0.10000485584735051 0.5061738889673362 0.14204059082090886 
60 0.6185580545037143 0.0926978539908152 0.5279987190290312 0.13275353394995162 
61 0.6185580545037143 0.02871762315266129 0.5083619147101989 0.14056195288913528 
62 0.6185580545037143 0.19830096927088744 0.501645794451359 0.13936346093076254 
63 0.6314677598266512 0.10539064705152953 0.5038793105775183 0.14148657165761866 
64 0.6314677598266512 0.05698242288178494 0.5122296910816913 0.14109932700511021 
65 0.6327357056589639 0.18146922769165 0.5492416290768121 0.13093152544351078 
66 0.6355995232852765 0.044808915967495304 0.5772826919998726 0.10748056062201583 
67 0.6355995232852765 0.21816516063624397 0.5686744865414275 0.11000001927380239 
68 0.6355995232852765 0.21955023114909653 0.570466910007858 0.10685601952284934 
69 0.6355995232852765 0.2427503638897175 0.5661047734351459 0.10179002368107784 
70 0.6355995232852765 0.04869815668754663 0.48521006037288017 0.17099935924398343 
71 0.6355995232852765 0.028842642513246784 0.5360561870480018 0.14011178965593524 
72 0.6418693579125843 0.15812260881038803 0.507516734465536 0.15720992866179193 
73 0.6532952610420419 0.15812260881038803 0.5068679457162473 0.16239650512893133 
74 0.653305190851995 0.02883973906023146 0.508845225199879 0.15233115742211392 
75 0.653305190851995 0.1825792925267142 0.5065024427407341 0.16821572376957936 
76 0.653305190851995 0.111149859717824 0.521319503244371 0.16573178902836896 
77 0.653305190851995 0.16481884885162437 0.5307850535269821 0.14640137738384354 
78 0.653305190851995 0.1639674959944973 0.538037551518519 0.14040271223914652 
79 0.653305190851995 0.03389873540730901 0.5309717597161348 0.15999362787381047 
80 0.653305190851995 0.13774300306332768 0.5340758504447638 0.154305602759879 
81 0.6533668459557281 0.10283059997965692 0.5423220060459624 0.14715773279066924 
82 0.6533668459557281 0.13405404037595892 0.5658804851913225 0.1457798174646251 
83 0.6533668459557281 0.1379353540710775 0.5648254218366637 0.1509609135033061 
84 0.6533668459557281 0.05823314336263499 0.5721635972371475 0.15274116156596307 
85 0.6533668459557281 0.18420481453232376 0.5691118555150545 0.1268717292301419 
86 0.667482568187327 0.0298649182470888 0.5509475501989485 0.15837197474042738 
87 0.667482568187327 0.10104765994752989 0.5658791089028468 0.14097284292645634 
88 0.6677991181259086 0.0791195351128347 0.5756373562512178 0.13947702025342007 
89 0.6677991181259086 0.20630328893567187 0.5558756759985706 0.1448008298238152 
90 0.6688908717435316 0.1907429288656165 0.5394350448184715 0.16209170862781067 
91 0.6688908717435316 0.15579422223235914 0.5288943377646155 0.16358639077870613 
92 0.6688908717435316 0.15579422223235914 0.5450721861157295 0.1446414616743951 
93 0.6688908717435316 0.04858143609547009 0.5135207812421645 0.1856486286589132 
94 0.6688908717435316 0.029933227887856895 0.5115298934657273 0.1731046057049282 
95 0.671901893027412 0.07966620019547332 0.553315902470538 0.1674419333266665 
96 0.671901893027412 0.09499830442584362 0.5690896394821194 0.16110782293553938 
97 0.6728479339825649 0.028574004752869798 0.5780660859136518 0.15155899174784912 
98 0.6728479339825649 0.0362524007190982 0.5714337541815048 0.1602686814901545 
99 0.6760782709252958 0.03167747984254686 0.5698712063808091 0.16564442578387453 
100 0.6760782709252958 0.12381956380354545 0.5590384646576799 0.14689532024089422 
101 0.6760782709252958 0.2283553074414935 0.5394078692365937 0.1453615615667481 
102 0.6760782709252958 0.029863860260202792 0.5365115436787655 0.18863495964542706 
103 0.6760782709252958 0.10724911572183918 0.5563932378160745 0.15702896058739355 
104 0.6772031562700367 0.1683883293316026 0.550353717157007 0.16738571937988728 
105 0.6772031562700367 0.05255788837990968 0.5694439944164605 0.16255779921960012 
106 0.6772031562700367 0.15591538701274413 0.5932948171085688 0.14178622986228426 
107 0.6794224324913732 0.1048588940428264 0.5536136905839008 0.16528550554462473 
108 0.6794224324913732 0.18186780468001595 0.5828420612872344 0.13068218991521285 
109 0.6796764825345785 0.05844394654994341 0.5865389649317623 0.15653123364297927 
110 0.7059940746602901 0.03194630732420965 0.5595228817173155 0.18043309405344693 
111 0.7059940746602901 0.1453652773146275 0.5195531252219411 0.1876638992622958 
112 0.7059940746602901 0.032486452941342475 0.583954410706458 0.1663054591387845 
113 0.7059940746602901 0.043325233615215356 0.5429023127914665 0.18521728106161148 
114 0.7059940746602901 0.03801874101694711 0.5471847381994516 0.20350657226016264 
115 0.7281931160715364 0.03367078547361082 0.5839182079479726 0.16397188802416413 
116 0.7281931160715364 0.16140782008033888 0.5338819350366681 0.1853251001365069 
117 0.7281931160715364 0.1074724265673818 0.5165594611919488 0.20160500785054897 
118 0.7281931160715364 0.049408099532818266 0.5597035957386371 0.18857561507783963 
119 0.7281931160715364 0.029235397285057595 0.49966953967566824 0.21941621177513193 
120 0.737516009297187 0.03091559189295392 0.579870579054137 0.18692797861958324 
121 0.737516009297187 0.08598937260906472 0.5532946429694706 0.20010393897503834 
122 0.737516009297187 0.1201218870441038 0.6060734856342068 0.15359528086686083 
123 0.7381231166956732 0.062330255155877146 0.6054526698017338 0.15961530381628364 
124 0.7415849280499235 0.032997864798259446 0.5825554281555453 0.19999686123387372 
125 0.7415849280499235 0.19027138209419406 0.6147584961566281 0.1625056731589772 
126 0.7415849280499235 0.029710522126171406 0.6084224262707321 0.20102533960068794 
127 0.7417870406610544 0.049812128514236276 0.5637934918306575 0.21617655503374456 
128 0.7418415931773291 0.029655161553576254 0.6191714801485818 0.1655060881341461 
129 0.7418415931773291 0.07575840826349517 0.6374024668201675 0.1566352765208744 
130 0.7418415931773291 0.22186614523475628 0.6497425015429695 0.15658486909071828 
131 0.7472337688317746 0.08765222152278207 0.619102189249642 0.18084945778800085 
132 0.7472337688317746 0.060354790841556295 0.6056541070352013 0.1922376933494295 
133 0.7472337688317746 0.060354790841556295 0.6105006350946657 0.17985467706406513 
134 0.7472337688317746 0.08068109242758617 0.5906264950756316 0.19981375569906085 
135 0.7472337688317746 0.18674017882071153 0.6100390615621528 0.1692032358046594 
136 0.7472337688317746 0.09682256307800644 0.5997541114997299 0.19108976048852058 
137 0.7490334182000313 0.23788252348931144 0.637337721546855 0.14782661511412623 
138 0.7490334182000313 0.186337622508975 0.612081592786242 0.15944745178922293 
139 0.7490334182000313 0.1487624651708365 0.5931557576705112 0.18358871368361943 
140 0.7490334182000313 0.29993661946981215 0.6322993905413135 0.1422009019175535 
141 0.7490334182000313 0.1825437957693929 0.623912598104083 0.17441156563157023 
142 0.749129928913136 0.15413950800340415 0.5748614722777016 0.20112521052895072 
143 0.749129928913136 0.07307528278725238 0.6156193833823701 0.1805941159991382 
144 0.749129928913136 0.18727479771887123 0.6353391417346602 0.16214315106907679 
145 0.749129928913136 0.18727479771887123 0.6291577537154981 0.1594489971086884 
146 0.749129928913136 0.1101668294329595 0.5861888367291491 0.192667058873402 
147 0.749129928913136 0.06970603260065109 0.599268232605749 0.2087543659874712 
148 0.749129928913136 0.2575730542128366 0.6739598563027213 0.14263110603285914 
149 0.749129928913136 0.209731570675756 0.6668030381146475 0.14845407284165404 
150 0.7537678689636602 0.02993732095605176 0.6403810526215524 0.1898453052670507 
151 0.7537678689636602 0.18310340297902394 0.6390677768458495 0.1587734596959167 
152 0.7537678689636602 0.06552612026002998 0.6035513816743949 0.2058980026615495 
153 0.7537678689636602 0.06695521410445163 0.628650833161156 0.19092299012776204 
154 0.7537678689636602 0.04669856744492209 0.6176622542152732 0.1866402589513905 
155 0.7554707414547419 0.06755132137768928 0.6137083674729574 0.18562229768732832 
156 0.762484285835036 0.03268092571219784 0.6155068118146672 0.20055911145006863 
157 0.762484285835036 0.04366668812391782 0.659253679343162 0.17609687406116073 
158 0.7638786226596446 0.07587441442626056 0.6428825493599475 0.18565837797603843 
159 0.7836942493188862 0.034920334956077666 0.6763322401113234 0.1554347228691571 
160 0.7836942493188862 0.050067400054519755 0.64227512285791 0.18743257280997527 
161 0.7977368154012604 0.028601256225396294 0.610146265776792 0.22046453419775403 
162 0.8052591866797801 0.18595061309154864 0.6649182776208983 0.17686985785595585 
163 0.8052591866797801 0.09631736388149595 0.6651948735663873 0.18481977816954268 
164 0.8052591866797801 0.18526844948516946 0.6586951104237427 0.21298235530172374 
165 0.8056354045598542 0.0629744072255601 0.6644412935834172 0.20499805167941723 
166 0.8062145371846526 0.18413078052520662 0.6665608844279541 0.2073556467719534 
167 0.8076027198695782 0.1873324603545503 0.649407029404604 0.2102284196145309 
168 0.8076027198695782 0.05088053308236831 0.669326128610645 0.18992504898588436 
169 0.8076027198695782 0.10467844260553158 0.6379195577971805 0.20038247315931032 
170 0.8097760982193849 0.18839200648919666 0.6577645463849618 0.19011053500519268 
171 0.8097760982193849 0.08719431053846324 0.6454515632204021 0.2031401986877006 
172 0.8097760982193849 0.1479231695767943 0.6496072625817118 0.20066629207353362 
173 0.8097760982193849 0.08853959192800491 0.6493548409308898 0.2081230344671976 
174 0.8097760982193849 0.0877259400900112 0.6562559884055148 0.19847333443681694 
175 0.8097760982193849 0.194672140384299 0.6286998497160526 0.1986729751334608 
176 0.8097760982193849 0.051279566340713144 0.5945253005553075 0.22154657356559126 
177 0.8097760982193849 0.08591088360015509 0.6295625364781505 0.20291142596416636 
178 0.8097760982193849 0.05210270904545651 0.6524604028058779 0.20793770329828098 
179 0.8097760982193849 0.13525323132399802 0.6457664218729289 0.17897511886291606 
180 0.8097760982193849 0.06301830944597991 0.6530552168550217 0.21534441133674065 
181 0.8097760982193849 0.06100264407355518 0.6289901169371102 0.21831792552652515 
182 0.8097760982193849 0.031105856415885362 0.7003617702229067 0.19114912763934772 
183 0.8097760982193849 0.1837024976748675 0.6617123122104402 0.21294810140932163 
184 0.8097760982193849 0.029205827487994464 0.6575164362631286 0.22236293320941508 
185 0.8097760982193849 0.12062587621236331 0.6709096636879922 0.19391673733048567 
186 0.8097760982193849 0.030539159180940585 0.6535199263390745 0.23435075721551268 
187 0.8097760982193849 0.13507693841640903 0.6891897099158111 0.187811241121522 
188 0.8097760982193849 0.11191096527199555 0.6668844340165794 0.20676394221125577 
189 0.8097760982193849 0.1026013524144307 0.6308712871764968 0.2296350267193036 
190 0.8097760982193849 0.07276115487641678 0.6677283465842367 0.22000302698802382 
191 0.8097760982193849 0.16834996006513825 0.6861555005553017 0.212741953400968 
192 0.8097760982193849 0.0345581174414992 0.6392112959825293 0.23172520467423166 
193 0.8097760982193849 0.03305634734678876 0.6260714815798756 0.25216185589807877 
194 0.8097760982193849 0.04300106152571875 0.6770988338009013 0.22078192493900117 
195 0.8097760982193849 0.18179392310994377 0.6963716015451897 0.1897315648450542 
196 0.813824898384677 0.18179392310994377 0.6667351577361564 0.2139296657781335 
197 0.813824898384677 0.114283559025092 0.6277143393913117 0.23566540445789538 
198 0.813824898384677 0.06965965973017291 0.5924867080504094 0.22900594760030774 
199 0.813824898384677 0.18247405592764065 0.5640691977005216 0.2288559499554143 
200 0.8296837124458378 0.20321435319852638 0.5965747890609727 0.22325834879080048 
201 0.8297582875236317 0.04179813226658526 0.6786591908111453 0.20289322135985502 
202 0.8297582875236317 0.18901469094721873 0.6931743305456463 0.2041018100443083 
203 0.8297582875236317 0.18883887329514423 0.6600677108030918 0.21936897151097645 
204 0.8297582875236317 0.11008809042716279 0.6640341617387431 0.2219080598912592 
205 0.8297582875236317 0.20343761752414488 0.6883409020143828 0.22509444744815282 
206 0.8297582875236317 0.1877346878862805 0.6919501448844182 0.22196179699843369 
207 0.8297582875236317 0.08781799600134226 0.6541555944655065 0.23273359263709253 
208 0.8297582875236317 0.03509062563100546 0.6737202739059606 0.220304446233157 
209 0.8338835635358969 0.031439646339056146 0.6591326756303958 0.21187366592721898 
210 0.8338835635358969 0.05138546702767927 0.6448693036339908 0.21277563626992796 
211 0.8338835635358969 0.03343311290593839 0.6397226443591129 0.22301740271792217 
212 0.8338835635358969 0.14687332173976006 0.6670005380424304 0.19807457159235517 
213 0.8338835635358969 0.18327103342715295 0.7054643739368788 0.189065535633312 
214 0.8338835635358969 0.06824483374768033 0.6676742681031181 0.22865348618761847 
215 0.8343716780291578 0.07136986722607692 0.6725836760562061 0.2060313587443875 
216 0.8343716780291578 0.07511885874980527 0.6362831592151232 0.21884731107303004 
217 0.8344558499438689 0.09024998263310642 0.6663834217709874 0.21252799114323018 
218 0.8348311830715567 0.07029774610029252 0.6728743748146732 0.18404862270958836 
219 0.8348311830715567 0.18001601396579048 0.6473899024613385 0.21580182624971006 
220 0.8360852513011529 0.031306594504097285 0.662995767571865 0.24037423969892607 
221 0.8360852513011529 0.1822908913174839 0.6450780669123488 0.22952432959431465 
222 0.8360852513011529 0.12186694408055143 0.6799847248313551 0.19786546161666876 
223 0.8360852513011529 0.0799684748385931 0.6717856836196006 0.2264647631378965 
224 0.8360852513011529 0.0372706256754182 0.6699502597905392 0.24388299525591722 
225 0.8370718807153821 0.21159720947988922 0.7219361981538336 0.17586578580150522 
226 0.8370718807153821 0.22281178192613613 0.6941211548203859 0.1917533983341098 
227 0.8370718807153821 0.04384180340607936 0.6275845659761293 0.25925981770947654 
228 0.8370718807153821 0.2898463718681703 0.7212345561144708 0.16051929312207922 
229 0.8370718807153821 0.19689556437835218 0.6443318075484773 0.22765128197012813 
230 0.8370718807153821 0.111905120535003 0.621545051269509 0.22970563816216102 
231 0.8370718807153821 0.08811389812314371 0.5867092237405889 0.23931041729033378 
232 0.8370718807153821 0.19147615218946 0.6612638203626477 0.2116332508624762 
233 0.8370718807153821 0.18794243299864033 0.6109861538206068 0.21619848376135925 
234 0.8370718807153821 0.12172755362916232 0.6638524132206366 0.19949318630890955 
235 0.8370718807153821 0.12112163071122888 0.6533742940033181 0.22124264002836183 
236 0.8370718807153821 0.18282210181115227 0.7037222120896379 0.19947705398641005 
237 0.8370718807153821 0.03693450360397191 0.6926036585777781 0.21195617121462101 
238 0.8370718807153821 0.05592279124961843 0.6687493384996129 0.23051206903808927 
239 0.8382890979072761 0.1861939747223054 0.6841435287604211 0.2144805370267834 
240 0.8382890979072761 0.05219991178583393 0.6325886880653796 0.2375079631958513 
241 0.8382890979072761 0.03150511368718268 0.6342279449930986 0.24473214117737646 
242 0.8382890979072761 0.18727256992880642 0.6805143594728054 0.20618591219869548 
243 0.8382890979072761 0.041063260348358714 0.6693610929538119 0.23238443813720464 
244 0.8382890979072761 0.2664676544640487 0.7039673223704784 0.18692222196186167 
245 0.8382890979072761 0.028666089099830958 0.6587012266986031 0.23235499403189105 
246 0.8382890979072761 0.03257045386349403 0.6586680013250314 0.24150169385029657 
247 0.8382890979072761 0.04884080507168216 0.6693303345417002 0.23370126459112817 
248 0.8386206748097709 0.1896555793315584 0.7015425303238155 0.19918692827759107 
249 0.8386206748097709 0.14693265796987504 0.6663680750398874 0.23803104455383817 
250 0.8386206748097709 0.08014904189717174 0.687008870801875 0.22320526745793715 
251 0.8386206748097709 0.030305493136859485 0.6593014257349613 0.21849948276824735 
252 0.8386206748097709 0.0985785265088794 0.6450458488509198 0.2154532834955147 
253 0.8386206748097709 0.19054652277321607 0.6500857374013989 0.22121115994907872 
254 0.8386206748097709 0.1334166392124999 0.6825385521036625 0.23347903701046804 
255 0.8386206748097709 0.03778570415492176 0.6765423693559893 0.22847415546896604 
256 0.8386206748097709 0.22031685886837418 0.6865664939629419 0.2211541534442341 
257 0.8386206748097709 0.07354875511393905 0.7116120387052404 0.19366047404036094 
258 0.8387637699896767 0.05135488538784438 0.7092807409379684 0.21614053197299055 
259 0.8387637699896767 0.07750383675519036 0.6862939760042853 0.21239052040622736 
260 0.8387637699896767 0.09524690202140576 0.6319357312983382 0.23604406561738456 
261 0.8387637699896767 0.18605577153222913 0.6788505636487291 0.2012018377041898 
262 0.8387637699896767 0.2295857930308001 0.6832998057108421 0.19375503437626482 
263 0.8387637699896767 0.05834594643958761 0.6632699441037482 0.24252786368932056 
264 0.839704827612009 0.17267342906837344 0.7056924314310031 0.2153465939542546 
265 0.839704827612009 0.11968310092304242 0.6933282894337309 0.22674267927658126 
266 0.839704827612009 0.09856945194165881 0.6855546795291944 0.20510322895676308 
267 0.839704827612009 0.08579818800772797 0.6880867754562539 0.213258823775889 
268 0.8400194842516249 0.042300348614427954 0.6648610380394331 0.22262130999400845 
269 0.8400194842516249 0.10683356878073273 0.6443424155914937 0.22854454635977392 
270 0.840754524910901 0.04771743885123606 0.6921405889854805 0.21259107818039022 
271 0.8425066667371013 0.028444412274573515 0.6967989337874056 0.2295172256407273 
272 0.8425066667371013 0.03676118407473783 0.6909717382741314 0.22629334765889053 
273 0.8425066667371013 0.06820686466740288 0.7041005847348433 0.18904197258662253 
274 0.8425066667371013 0.2671467836578355 0.6633513864605504 0.20336041223415696 
275 0.8425066667371013 0.030708748305890245 0.6110498949883849 0.21665767860678906 
276 0.844023519368062 0.032254531688922276 0.6292955073353745 0.23687766189753529 
277 0.844023519368062 0.10481999863741624 0.6491836938643741 0.211674168608754 
278 0.844023519368062 0.02982713174156233 0.6370348981002004 0.2370069284383583 
279 0.8448888446145258 0.03412115584289862 0.6212658886697233 0.25733793170022107 
280 0.8448888446145258 0.16035324913513874 0.6559445006844964 0.24530997726642254 
281 0.8448888446145258 0.12606820736142244 0.7221777202829107 0.19514774654418285 
282 0.8448888446145258 0.17286297209155066 0.6983453093739562 0.21450922087164648 
283 0.8448888446145258 0.07595882070787059 0.6569500464860096 0.24721555165158765 
284 0.8448888446145258 0.177732896055773 0.6444557805624379 0.229007514967996 
285 0.8448888446145258 0.177732896055773 0.6561788423394007 0.22455594613987837 
286 0.8448888446145258 0.06668064548992426 0.6497414799892435 0.24103867101033583 
287 0.8448888446145258 0.055428868373485186 0.6370603144717523 0.2526198685604694 
288 0.8448888446145258 0.03459874817669132 0.641532904475876 0.24374670367686044 
289 0.8448888446145258 0.08175243980781027 0.6825374137202006 0.21038313552285196 
290 0.8448888446145258 0.051883017706853204 0.67849193821347 0.23315377615926725 
291 0.8455447924088682 0.1860392737819396 0.6561694727248077 0.2274734562912489 
292 0.8455447924088682 0.05133634350003938 0.6305321770575785 0.25750162965986517 
293 0.8455447924088682 0.04170066849158562 0.7083391563076636 0.2190216080087781 
294 0.8455447924088682 0.03374399758068181 0.6891675758009222 0.23527434547843787 
295 0.8455447924088682 0.23797754045167893 0.703657684432544 0.1931137575144991 
296 0.8455447924088682 0.08293049458927788 0.7004425757628678 0.21778550211215006 
297 0.8455447924088682 0.031168737915788162 0.6883821410325349 0.22274226793850488 
298 0.8455447924088682 0.060501914144541 0.654611695351198 0.26272376055448765 
299 0.8455447924088682 0.031177373694644014 0.6637662685565134 0.26062220847435547 
300 0.8456324654633313 0.20278063895457937 0.6817976398641108 0.21217572660982148 
301 0.8456324654633313 0.07898120796780031 0.671727334076346 0.22455823162251218 
302 0.8469211340229973 0.09180181296087049 0.6798801641714001 0.21910234437565218 
303 0.8469211340229973 0.028469715228751725 0.6882612793683412 0.23339681494202671 
304 0.8469211340229973 0.030367238648372746 0.70458327191111 0.21288035135939914 
305 0.8469211340229973 0.03782427398573494 0.7261592252566161 0.22026221386924522 
306 0.8469211340229973 0.15131734771620362 0.7221796000623087 0.19312005545173072 
307 0.8469211340229973 0.12472458965675028 0.6955271010832355 0.22711088180370126 
308 0.8472285693664446 0.05587170917586792 0.6740133668706636 0.24584662116426562 
309 0.8472285693664446 0.029954796665730823 0.6512701235820997 0.23400457204787428 
310 0.8472285693664446 0.02860306301394411 0.6212381890959643 0.25310701298388416 
311 0.8472285693664446 0.048574012032415605 0.6444158686021442 0.23289295674280527 
312 0.8472285693664446 0.06576953158993967 0.6972829725361931 0.2033809935628093 
313 0.8472285693664446 0.061405225028935806 0.7035179955563614 0.20146022064413258 
314 0.8472285693664446 0.09584817834235597 0.662542292475641 0.21960389481784418 
315 0.8472285693664446 0.08900384991802074 0.6419768397109338 0.22601475976557736 
316 0.8472285693664446 0.25560504923201327 0.6761573263206034 0.19027983269622292 
317 0.8475328383541217 0.20062583730456945 0.6703054036159133 0.2028538099910753 
318 0.848741152596907 0.21184116193128172 0.6877887098432773 0.20191012346000559 
319 0.848741152596907 0.1836620825984644 0.6629027731675685 0.22256891620534336 
320 0.848741152596907 0.08995083529274907 0.6461732034795097 0.219730921532522 
321 0.8491927661425818 0.220445121618107 0.6839200528052326 0.20086433871248036 
322 0.8491927661425818 0.06822319962367676 0.6418278815907641 0.21391243546298477 
323 0.8491927661425818 0.248124086751837 0.7001854062894787 0.17775549858889414 
324 0.8491927661425818 0.03736286089887231 0.6444188572416996 0.26292207111964067 
325 0.8491927661425818 0.11883084333819463 0.697256709367394 0.20619628484620717 
326 0.8491927661425818 0.13952288128090673 0.65123298904837 0.24577569839695035 
327 0.8491927661425818 0.05266197814264924 0.7099089079313944 0.20276380615066383 
328 0.8491927661425818 0.0731528494009216 0.6955289679821455 0.2183748217073802 
329 0.8491927661425818 0.028528983929998815 0.6741440546181254 0.24854121804683696 
330 0.8491927661425818 0.04702901789487053 0.6783186612157921 0.24638828052946754 
331 0.8491927661425818 0.20468825085862716 0.7283343722475595 0.18569642110590848 
332 0.8491927661425818 0.11745941431505967 0.6706244144206484 0.2361934391971106 
333 0.8491927661425818 0.036782535206104486 0.6683817763727237 0.21484391487270607 
334 0.8491927661425818 0.04928203708666488 0.6723310695709773 0.21602335344054685 
335 0.8491927661425818 0.1951531316718661 0.6851444638782349 0.20574263007035995 
336 0.8491927661425818 0.06785037589429387 0.6906973804465311 0.22528548585682337 
337 0.8491927661425818 0.04485976078487991 0.621324834246724 0.26404930846689506 
338 0.8491927661425818 0.08183711169799719 0.7018258284729979 0.198278507001334 
339 0.8491927661425818 0.05749654385798227 0.6749270882238486 0.23197128089981586 
340 0.8491927661425818 0.04779905618291574 0.6463154777028054 0.271387813696084 
341 0.8491927661425818 0.09643190917731054 0.6582928291426098 0.23874331606552587 
342 0.85008263804257 0.03348298057088242 0.6703852839946864 0.23050828031212198 
343 0.85008263804257 0.05440634174726117 0.7349891802190444 0.19797274625066505 
344 0.85008263804257 0.17189590633931187 0.6819623349384007 0.22206054377913334 
345 0.85008263804257 0.048727496651848175 0.6890527600524823 0.23076868250274798 
346 0.85008263804257 0.02889467006022599 0.6526667257504167 0.26029970734140717 
347 0.85008263804257 0.049180490807350805 0.6370444029512572 0.22271444449005168 
348 0.85008263804257 0.029838356234652072 0.6744402920436362 0.25048766406860173 
349 0.85008263804257 0.06325147873136545 0.6757752615914083 0.22795120256372225 
350 0.85008263804257 0.06391644787258081 0.6390226788366584 0.2534366713502726 
351 0.85008263804257 0.039717091075385874 0.6708406545991651 0.2546201864697574 
352 0.85008263804257 0.04598925410510397 0.6727072949083208 0.2518333904618309 
353 0.85008263804257 0.03039677077113754 0.6846704007476061 0.24013607199904957 
354 0.85008263804257 0.10459151289696617 0.6623747918238477 0.2347716622535397 
355 0.85008263804257 0.028332029788809 0.6488215037952823 0.2570446275183349 
356 0.85008263804257 0.029049145075589543 0.5807306744214038 0.2829845464033399 
357 0.85008263804257 0.11264484952147948 0.681339746186408 0.22108132072390538 
358 0.85008263804257 0.047267010386253895 0.6846218116883686 0.22373109592428247 
359 0.85008263804257 0.07259064005114305 0.7148092448886812 0.21856099776006818 
360 0.85008263804257 0.029215948263714844 0.7464906724744549 0.19574429963782713 
361 0.85008263804257 0.04589122890680095 0.7289433367151771 0.197105796871626 
362 0.8512541709955519 0.21587498952011183 0.7328901575916915 0.17967371990997502 
363 0.8512541709955519 0.06950585644309899 0.71599934692267 0.2116860844845744 
364 0.8512541709955519 0.02812451027708763 0.6574137823464062 0.23665349017838175 
365 0.8512541709955519 0.028590278511635446 0.6474169033546298 0.2374430996730521 
366 0.8512541709955519 0.04916458027752128 0.6245063355453411 0.2562106200013462 
367 0.8512541709955519 0.19820441560719718 0.6823143633953394 0.2169263838431262 
368 0.8513920021799817 0.048111158768224103 0.7206947193214757 0.22194984197809614 
369 0.8513920021799817 0.04340313308581485 0.714210796304717 0.21422636182794813 
370 0.8513920021799817 0.030059718041545974 0.6825542421408269 0.24569573541094678 
371 0.8513920021799817 0.03166718935422458 0.7171906906663582 0.20658525066531133 
372 0.8513920021799817 0.0333413768986242 0.6493592698018404 0.27392866931803334 
373 0.8513920021799817 0.20058609243173875 0.7265173591338445 0.19987826482156643 
374 0.8513920021799817 0.060075588521775816 0.7132766147348419 0.2142684809052781 
375 0.8513920021799817 0.032857588088471695 0.6856568463118596 0.22225104571778606 
376 0.8513920021799817 0.1534609482413528 0.7278778410768468 0.19131155938355823 
377 0.8513920021799817 0.090866221502746 0.6603458937820907 0.2439910860136306 
378 0.8513920021799817 0.029251319444259564 0.6198359438927769 0.2630558679127316 
379 0.8513920021799817 0.06437085817816834 0.7056331398162503 0.2089826376054951 
380 0.8513920021799817 0.03070124703622187 0.6776923458059649 0.2409043392645026 
381 0.8513920021799817 0.06074812464340041 0.6811452857559815 0.23136163089960227 
382 0.8514859226983656 0.053208476577055165 0.6906080097971503 0.23287423443484073 
383 0.8514859226983656 0.042466144227277465 0.6696151397025637 0.2630807548079408 
384 0.8550671713570028 0.1355990551497413 0.6587637805960245 0.2473471738460222 
385 0.8550671713570028 0.04976520410902119 0.6761128162023737 0.22883820793260154 
386 0.8550671713570028 0.19488058573801445 0.7013367259168857 0.20552622684483624 
387 0.8555514983689926 0.03909159382724135 0.676929810251495 0.2612851644925294 
388 0.8555514983689926 0.22413007795305884 0.7027628226634263 0.21361541838523068 
389 0.8555514983689926 0.05339633765926113 0.6530599597256042 0.2560960915869369 
390 0.8555514983689926 0.03520430787468653 0.6325560961467592 0.2467922294053715 
391 0.8555514983689926 0.11485137969954026 0.6358898448758712 0.2221299708110847 
392 0.8555514983689926 0.18216810588461088 0.627870973936845 0.2310033153705484 
393 0.8555514983689926 0.062472399712818934 0.6002005156979882 0.2547343939718798 
394 0.8555514983689926 0.028618764733660203 0.6643135255128736 0.22185158554831955 
395 0.8555514983689926 0.04117140423629612 0.6844938340039816 0.23649461947998116 
396 0.8555514983689926 0.036120627712218856 0.665744558634833 0.2617884052410862 
397 0.8591869854687169 0.18406083563627895 0.6657353015193213 0.26121227252468243 
398 0.8591869854687169 0.07312216968615697 0.690016413280291 0.24225555309811656 
399 0.8591869854687169 0.0778254198710011 0.6792664332760003 0.2441082641038351 
400 0.8591869854687169 0.0778254198710011 0.721995307745693 0.23091875871742723 
401 0.8591869854687169 0.03660996439523726 0.6564650291709244 0.27551603362630783 
402 0.8591869854687169 0.0529426077006938 0.6817593554791617 0.24710046383343656 
403 0.8591869854687169 0.09603685570241483 0.6605141492000238 0.2565526285054585 
404 0.8591869854687169 0.04201607414339337 0.6376411212655946 0.2556196024621505 
405 0.8591869854687169 0.09010918500307492 0.6615136147623599 0.24088075744775553 
406 0.8591869854687169 0.11281079336798885 0.6422890667593146 0.2578210795707319 
407 0.8591869854687169 0.10192349218489109 0.6502824596553919 0.25317134676409736 
408 0.8591869854687169 0.04762721379007653 0.6411694299113838 0.2708593791959334 
409 0.8591869854687169 0.029475602065715274 0.6404283176035866 0.283664830269972 
410 0.8591869854687169 0.028998680900429768 0.6868341375038483 0.23890314007696176 
411 0.8591869854687169 0.09441764648746648 0.6845412991157409 0.24465828990713553 
412 0.8591869854687169 0.1870728660660564 0.6650588922592733 0.2381083576113714 
413 0.8591869854687169 0.18866908322230913 0.6356147752399354 0.25302615225842345 
414 0.8591869854687169 0.16472437264520118 0.7136015308897101 0.20558204046535158 
415 0.8591869854687169 0.03345107511189871 0.6719592403760137 0.23902505193408452 
416 0.8591869854687169 0.029819298459473585 0.6326214090121927 0.25443596736419677 
417 0.8591869854687169 0.1656405866193002 0.6776769531106648 0.21896795259761948 
418 0.8591869854687169 0.21612399517682962 0.6749046263582075 0.2080353332158722 
419 0.8614085304829361 0.08315069852798586 0.6140981957026808 0.25617360154659014 
420 0.8614085304829361 0.07446462483421791 0.6227623770194852 0.2507899863968741 
421 0.8614085304829361 0.09528437820001062 0.6666466437119112 0.23511457018675114 
422 0.8614085304829361 0.20717663136219802 0.6972348397768138 0.20382048380871587 
423 0.8614085304829361 0.032946487895503244 0.6857408646320391 0.22475575213746177 
424 0.8614085304829361 0.1804109909956593 0.729494436082624 0.21752084545777853 
425 0.8614085304829361 0.2430755721914134 0.7423112994289932 0.18904883770762568 
426 0.8614085304829361 0.02863925216966463 0.725209856270068 0.22772558091255876 
427 0.8628493390606371 0.029107630597766096 0.6920218670602161 0.23094579580953634 
428 0.8628493390606371 0.19027609393845402 0.7288576236380037 0.19871889030805215 
429 0.8628493390606371 0.04591222386888814 0.6755043388944675 0.23608751006317294 
430 0.8628493390606371 0.02928797597933231 0.7106523204968719 0.2395317949736535 
431 0.8628493390606371 0.05082850845341487 0.728461047189056 0.2210128474249847 
432 0.8628493390606371 0.0941241811835419 0.7585442883971522 0.18380629745383087 
433 0.8628493390606371 0.2297806349412669 0.7074909525614689 0.21391417270614466 
434 0.8628493390606371 0.02828106130076292 0.7161329071193391 0.21476652443252953 
435 0.8628493390606371 0.1603942216506448 0.7495812100878351 0.20325308558635885 
436 0.8628493390606371 0.028374475840711958 0.7020511651837616 0.24091779392919666 
437 0.8628493390606371 0.05511809308521311 0.7235343968381106 0.212933362212135 
438 0.8628493390606371 0.03754647408362591 0.7083294559677287 0.24549514280406973 
439 0.8631391251777895 0.22544472164113172 0.6878533849457362 0.22655533209948564 
440 0.8631391251777895 0.18602650585699568 0.7098982328997211 0.19844728047509402 
441 0.8631391251777895 0.031090768321858378 0.7084052910012949 0.23896338498322714 
442 0.8657663164995019 0.18332202076029228 0.7017104223880876 0.2293033358698792 
443 0.8657663164995019 0.05350876685040716 0.6991306860483877 0.23661521208483335 
444 0.8657663164995019 0.2750239388456181 0.7072209665204533 0.2034972640224783 
445 0.8657663164995019 0.029338603634108288 0.639368306930656 0.2630130479279549 
446 0.8657663164995019 0.03244716190348708 0.6849392386248419 0.2669956900357516 
447 0.8657663164995019 0.07954768106147442 0.7375421913138138 0.21779003125439775 
448 0.8657663164995019 0.12417416958303061 0.6975346195511205 0.24390244845629822 
449 0.8657663164995019 0.1893714155165489 0.7394699276946542 0.18933150268482896 
450 0.8657663164995019 0.07433901753228296 0.7286654753250149 0.2085449331318998 
451 0.8657663164995019 0.18491853908227007 0.668973858360449 0.24385795113326722 
452 0.8657663164995019 0.028395265068288815 0.683162111870237 0.2415682563266756 
453 0.8657663164995019 0.06642566222201564 0.659425406157083 0.25347241064614323 
454 0.8657663164995019 0.18626093549350436 0.7177530609446154 0.18837418053482394 
455 0.8657663164995019 0.0900792192526925 0.7527799654554355 0.17293006404978964 
456 0.8657663164995019 0.03150212118543163 0.6466949868200265 0.2719730529900575 
457 0.8657663164995019 0.15295499400390708 0.7102263498715028 0.20550947238119185 
458 0.8657663164995019 0.028323812720868088 0.6914509463766729 0.22838528276198064 
459 0.8657663164995019 0.21172122849673328 0.6986376757974322 0.2342939387694689 
460 0.8657663164995019 0.07776917943101239 0.6810753632293683 0.2510435969940191 
461 0.8657663164995019 0.05567888907877937 0.6471328813878995 0.27892455061338517 
462 0.8657663164995019 0.08525327257724744 0.6849774166957995 0.24354068243299437 
463 0.8657663164995019 0.15332010932078788 0.6713622327043218 0.24547571040290123 
464 0.8657663164995019 0.03184262452681164 0.5901032538432402 0.2947376846642084 
465 0.8657663164995019 0.05301124579746419 0.6930111713688374 0.24470878449028485 
466 0.8657663164995019 0.031391386811908145 0.7257642920115249 0.2254300890006331 
467 0.8657663164995019 0.028877628621460726 0.7209606121282123 0.23253220412274322 
468 0.8657663164995019 0.04425964078578421 0.67855526406767 0.23820339339077667 
469 0.8657663164995019 0.0519184183767533 0.7298244841142038 0.2114711133256335 
470 0.866108084934226 0.06377507194848507 0.7082798673806846 0.23613386519685592 
471 0.866108084934226 0.06377507194848507 0.6843960304527984 0.22385978077748528 
472 0.866108084934226 0.12101229765132 0.6420162624836407 0.23829402214944714 
473 0.866108084934226 0.09249461541434656 0.6828649863284553 0.21377599415010545 
474 0.8677400965779727 0.053867011453857354 0.6696401794231133 0.23237368639825282 
475 0.8677400965779727 0.028792151534375785 0.6860708419402416 0.23569062840095895 
476 0.8677400965779727 0.05641346527897894 0.6953086840868111 0.2505735890527009 
477 0.8677400965779727 0.04714353966078667 0.7114012986392519 0.2312179869140487 
478 0.8677400965779727 0.19959355428492234 0.7114060995145363 0.21532423006149184 
479 0.8677400965779727 0.07841052537006972 0.7259188403598104 0.2216338892577398 
480 0.8677400965779727 0.1158273004282842 0.6681994235919428 0.23323306220048123 
481 0.8677400965779727 0.03485355152848724 0.7366947813199668 0.2090869142697335 
482 0.9066583732467655 0.19381493646182998 0.7370961009834782 0.21465161906459757 
483 0.9066583732467655 0.03740171944804067 0.6708418893158352 0.27484981136061687 
484 0.9066583732467655 0.20669896715927855 0.73375737472237 0.22433267539440155 
485 0.9066583732467655 0.18916628023550222 0.7642913062808757 0.20312614453066 
486 0.9102484494062449 0.05466748441720287 0.7058783908275397 0.2575972143097854 
487 0.9102484494062449 0.04749571529221076 0.7098362558696293 0.2721678938686462 
488 0.9164207408048566 0.20056672791621016 0.7157517646455823 0.2506076607961865 
489 0.9164207408048566 0.12239284499084446 0.7390246774196604 0.25100840775877936 
490 0.9164207408048566 0.147813650313769 0.7522133487883578 0.2396263336583355 
491 0.9164207408048566 0.02887131326451238 0.7238969839088409 0.2726938847000525 
492 0.9164207408048566 0.04599731929175768 0.7092319514743645 0.2708980259492179 
493 0.9164207408048566 0.05303338153406562 0.6931388993516554 0.289612471350139 
494 0.9164207408048566 0.02856000329741562 0.7482663120932981 0.28030649148856446 
495 0.9164207408048566 0.06419869323105974 0.7362012770601626 0.27595646486572406 
496 0.9164207408048566 0.1896068636647182 0.7387807358807581 0.26129429928168346 
497 0.9164207408048566 0.18542457843396432 0.8020111376775894 0.2142536695619763 
498 0.9164207408048566 0.15119303053068564 0.7781929418250153 0.24411453696424415 
499 0.9164207408048566 0.040892841843757535 0.7005966108949939 0.29218438552762044 
500 0.9200821870522649 0.0525946910192938 0.6885168782886654 0.2855011571246933 
501 0.9250375974470295 0.19220403223859098 0.7518094808283748 0.23071219272543445 
502 0.9250375974470295 0.09808031393687469 0.6530127597285325 0.3019485883206813 
503 0.9250375974470295 0.07798442897202573 0.7289519296587438 0.2702132289209306 
504 0.9250375974470295 0.038919595902374406 0.7559778958486562 0.2451674862407166 
505 0.9250375974470295 0.23341238035921516 0.7656577130050533 0.23133232833422313 
506 0.9250375974470295 0.030953763381162017 0.7637227032943602 0.24791380876063537 
507 0.9250375974470295 0.06211289457207198 0.7015871933546745 0.2783399884345161 
508 0.9436296266114186 0.03155947238009738 0.6947750012750482 0.27556428411407596 
509 0.9436296266114186 0.028974279180311625 0.7281933696207687 0.27196873695568 
510 0.9436296266114186 0.03574967999627689 0.7077910603585504 0.2761719728006773 
511 0.9436296266114186 0.063672217838437 0.7591530210795775 0.2508380615445638 
512 0.9436296266114186 0.030127619139810154 0.7514529179417935 0.26394281840773115 
513 0.9436296266114186 0.08917516813511935 0.7404297522969977 0.2642120153392021 
514 0.9436296266114186 0.03205681102958712 0.6662186104832448 0.30543526748470406 
515 0.9436717203552578 0.13877768468338175 0.7613022662199973 0.24709568262429724 
516 0.9436717203552578 0.18539029296608947 0.7525881272176614 0.23651865667524538 
517 0.9436717203552578 0.06268568971787714 0.8089272539538712 0.22127123874058097 
518 0.9436717203552578 0.03051608533501282 0.7886570707628964 0.2635121248191015 
519 0.9436717203552578 0.04063184299900472 0.7865380950673533 0.22770082287550533 
520 0.9436717203552578 0.0307822648329401 0.7792917150370702 0.2377558617913343 
521 0.9436717203552578 0.06401378394942447 0.7641728350435499 0.2443310062329211 
522 0.9439255496742085 0.10182922214071004 0.7464710519076285 0.2552887883960043 
523 0.9439255496742085 0.19206754744125304 0.7729792804652429 0.22448424943296805 
524 0.9439255496742085 0.04697818466918029 0.7448845106491818 0.2723781378883493 
525 0.9439255496742085 0.04377854662618269 0.6667347521628654 0.29058163915252766 
526 0.9439255496742085 0.031130566665511707 0.7094279499242222 0.30062791107069414 
527 0.9439255496742085 0.03539539539119428 0.7949184752297508 0.23371481390238136 
528 0.9439255496742085 0.035493008533446405 0.7128703727108944 0.2569229494467607 
529 0.9439255496742085 0.044870139336439 0.7301173307947434 0.2618178670252749 
530 0.9439255496742085 0.10183902817267049 0.6930664095378376 0.2887027266296548 
531 0.9439255496742085 0.04320796338849538 0.7316464820013697 0.29844273560552737 
532 0.9439255496742085 0.05438103000615565 0.7869180270331406 0.22466802960058074 
533 0.9445859994793947 0.05338514541065217 0.7895218545909166 0.2603108865616853 
534 0.9445859994793947 0.19783796886193597 0.7526184807708552 0.25754033583842656 
535 0.9445859994793947 0.09414091869621215 0.7851833328042802 0.2537827869571744 
536 0.9460888428303533 0.029708133019158933 0.7375551395725085 0.29441045835598084 
537 0.9460888428303533 0.028878028806646788 0.7163758466230126 0.27837765715596524 
538 0.9460888428303533 0.18784078997863415 0.7605448284986043 0.2414859269958376 
539 0.9462716565503425 0.1901421544703072 0.752384731316493 0.24504555457119837 
540 0.9462716565503425 0.12237960549981328 0.7806928839557629 0.2439935876107581 
541 0.9462716565503425 0.030492336126191216 0.7363642259274218 0.2574663828580373 
542 0.9477382208028542 0.15979803573124382 0.7857383357955071 0.23336062254741935 
543 0.9477382208028542 0.03365860463584147 0.737273102589029 0.2903186474250673 
544 0.9477382208028542 0.04632910531934897 0.7773365880959352 0.2714961680309515 
545 0.9477382208028542 0.11718642956804826 0.7334625608883945 0.2824309089437397 
546 0.9477382208028542 0.10036156935557847 0.6813507111408719 0.279623412862783 
547 0.9477382208028542 0.04487801053769141 0.7539822333239967 0.24043184592232 
548 0.9477382208028542 0.03006783053392865 0.6768339841682267 0.2838503186136702 
549 0.9477382208028542 0.05863440349218923 0.7349144247912941 0.2705159758805123 
550 0.9477382208028542 0.02828321034002494 0.7333053115862271 0.2807537246320345 
551 0.9477382208028542 0.047945281788320894 0.7816039428549908 0.24048577243259223 
552 0.9482948000772927 0.23349075652983373 0.8420218081689789 0.18498305081713529 
553 0.9482948000772927 0.20996752316011605 0.8011034093913955 0.23023935456284134 
554 0.9482948000772927 0.029726147639424404 0.781072606356803 0.2568885708959904 
555 0.9482948000772927 0.0504050153815462 0.7260163315553498 0.2727864320428733 
556 0.9482948000772927 0.2395699099542652 0.7633569974534171 0.24039093947841184 
557 0.9482948000772927 0.08140762115064556 0.7491168713951318 0.24692021344969325 
558 0.9482948000772927 0.031162140867671263 0.8133888038408461 0.23118226473067655 
559 0.9482948000772927 0.18366194425777188 0.7384150014282251 0.25919550617616044 
560 0.9482948000772927 0.13998279412543 0.7696011417466276 0.2592319935816735 
561 0.9483136202096225 0.032568551780777624 0.7847516407521015 0.25807311514110615 
562 0.9483136202096225 0.045719438317191496 0.7253573883423352 0.2742646774626249 
563 0.9483136202096225 0.06491056000687566 0.7472223503847923 0.262654038175742 
564 0.9483136202096225 0.035876999859420715 0.7512930325047869 0.2741464547213551 
565 0.9483136202096225 0.0693527141321106 0.7328716055905041 0.29552052017161945 
566 0.9485306035996022 0.03343452797100526 0.7435527501927908 0.29274082529650014 
567 0.9485306035996022 0.05429376715415137 0.7278818066599256 0.266143276864941 
568 0.9485306035996022 0.028473400103554914 0.7935000996246556 0.24625456092610176 
569 0.9485306035996022 0.05086321448728488 0.7630334195699718 0.2808933811762998 
570 0.9485306035996022 0.18808302651174216 0.8019771026665293 0.24208034262847136 
571 0.9485306035996022 0.14396460925557547 0.7938178309150989 0.25340544536414084 
572 0.9485306035996022 0.11970775655199842 0.7253622200369283 0.265254281064796 
573 0.9485306035996022 0.029129212801273646 0.7138932256996644 0.29474073142709534 
574 0.9485306035996022 0.08097431901609364 0.7268703986424525 0.2670692889273452 
575 0.9505679779611214 0.18742907582776944 0.7287304425118901 0.25146130493272256 
576 0.9505679779611214 0.06189400277530215 0.7122846520032675 0.26670273441236164 
577 0.9505679779611214 0.03851026469262575 0.6561795798071147 0.27646851384187415 
578 0.9505679779611214 0.18737762778373168 0.6907372276575229 0.26923314329816683 
579 0.9505679779611214 0.10504088255108221 0.7565640435966385 0.26064806742653407 
580 0.9505679779611214 0.11873621730548779 0.7696258118716421 0.2503104051287069 
581 0.9505679779611214 0.06694629010581912 0.7039586212461273 0.2865481123120689 
582 0.9516970573528126 0.05279201367984469 0.7539539412265923 0.2767379715018453 
583 0.9516970573528126 0.20418044586629616 0.7253812456654825 0.2531595714540485 
584 0.9516970573528126 0.04122344073731953 0.7589806442711406 0.28665806452260206 
585 0.9516970573528126 0.07590778143761578 0.7480969054471652 0.29676081088090617 
586 0.9516970573528126 0.0847551528502489 0.7466735975209852 0.28754494432877115 
587 0.9516970573528126 0.0854878097392176 0.7396926525556419 0.2712238522320529 
588 0.9516970573528126 0.03318162344865291 0.7742807437771387 0.2631345000577608 
589 0.952682759959741 0.1770980821579007 0.8263349173081842 0.21651896439224425 
590 0.952682759959741 0.18398411803149142 0.7806101079716545 0.2630048037362491 
591 0.9568970223240567 0.11361836603809829 0.7791253024383292 0.2497179288991808 
592 0.9568970223240567 0.18620576069801206 0.8174087084565772 0.22900195196160752 
593 0.9568970223240567 0.14514888159976186 0.801021862792 0.23493527549688753 
594 0.9568970223240567 0.04276223407815537 0.7347220116296558 0.2826151906077278 
595 0.9568970223240567 0.0665305027329014 0.7480103613238772 0.25892026849187255 
596 0.9568970223240567 0.19094138281309467 0.7285357197452107 0.26217331793257553 
597 0.9568970223240567 0.1267752414248385 0.7264463634731851 0.2638954577361701 
598 0.9568970223240567 0.12344344418578244 0.7204937966573197 0.26621597867720964 
599 0.9568970223240567 0.049745170362930864 0.755098808929268 0.28566953526543887 
600 0.9568970223240567 0.05005244510438581 0.7480921389890629 0.31272243313146114 
601 0.9572876464340851 0.04271904570476024 0.756823317636977 0.29287034365087644 
602 0.9572876464340851 0.07180995327654098 0.7789727358964786 0.26641958095444285 
603 0.9572876464340851 0.0971809566443132 0.8354772740428419 0.20807109221488188 
604 0.9572876464340851 0.1919421690137112 0.7930202449801922 0.22530926112607208 
605 0.9572876464340851 0.06347717140556926 0.7750310586209216 0.23448423155261255 
606 0.9628983491049697 0.0690162925647316 0.7087805963763179 0.26834555792129877 
607 0.9628983491049697 0.07088881253532348 0.7268607523926736 0.29042140274241707 
608 0.9628983491049697 0.19198944549309443 0.7233379219042555 0.2510741671105304 
609 0.9628983491049697 0.0971399309580504 0.7469449173258208 0.2789502029914006 
610 0.9628983491049697 0.13889481661936498 0.7518738626000396 0.26202922925520045 
611 0.9628983491049697 0.31557250318935387 0.834631023330178 0.20021727683295634 
612 0.9628983491049697 0.18578506108987403 0.7937170818748943 0.2505941705378363 
613 0.9628983491049697 0.031969511472870825 0.7898976537442608 0.2544021918339701 
614 0.9628983491049697 0.06389288262410021 0.7987821638684275 0.24983165940889407 
615 0.9807188360963173 0.1353274185501186 0.7970389911888893 0.26997052504742935 
616 0.9807188360963173 0.03907512118920901 0.7571354304522658 0.28930789226311004 
617 0.9807188360963173 0.02928034577857018 0.7575914382352605 0.31209282334069843 
618 0.9807188360963173 0.1847034395163771 0.7600095604313478 0.29175034831346375 
619 0.9862365981163335 0.03721071279863363 0.7311772114824608 0.2923307529921455 
620 0.9862365981163335 0.02891679829557569 0.719642507105186 0.3025353333010616 
621 0.9862365981163335 0.19184815989502338 0.7429373868847009 0.27340371729524865 
622 0.9862365981163335 0.10586909577566793 0.783081543536129 0.266928708209352 
623 0.9862365981163335 0.29778733522067197 0.8260482765696693 0.22044336428264877 
624 0.9862365981163335 0.17104854147519424 0.7825753070762722 0.29634065337653215 
625 0.9862365981163335 0.05215510199595969 0.8295790340620106 0.23831978793950148 
626 0.9862365981163335 0.028891031099367633 0.7956570966376095 0.27368123440548553 
627 0.9862365981163335 0.18723109935710547 0.8413224032584312 0.21774178148752993 
628 0.9862365981163335 0.02975117395790363 0.8216526893775082 0.24852220372483888 
629 0.9862365981163335 0.05019314168631116 0.7403140119127527 0.30733605940441466 
630 0.9862365981163335 0.09422183200238383 0.7068374043041732 0.30225428426079276 
631 0.9862365981163335 0.09422183200238383 0.7438273917669037 0.2836649056742888 
632 0.9862365981163335 0.08039040061881263 0.8183919228315462 0.23410776420370133 
633 0.9862365981163335 0.07311015963963217 0.8395948113411376 0.24712385171183862 
634 0.9862365981163335 0.08307128919519814 0.8353474417633368 0.2404850805716135 
635 0.9862365981163335 0.14295704359792608 0.8322088047356034 0.24053467028750378 
636 0.9862365981163335 0.05939982500697261 0.8251977387500824 0.28045399613318645 
637 0.9865838846341319 0.0720486715706868 0.7684051377492543 0.2892343846360208 
638 0.9865838846341319 0.19011554029518163 0.7916118716295338 0.2699094467499833 
639 0.9865838846341319 0.07699901439200625 0.7997825761772354 0.2864490094733089 
640 0.9865838846341319 0.18621682692654415 0.7521709758871276 0.2994231177989932 
641 0.9865838846341319 0.0678953594158401 0.785752132908069 0.2942049022082393 
642 0.9865838846341319 0.03800778902095496 0.7583637889967739 0.31762468894913926 
643 0.9865838846341319 0.0654122410104061 0.7614352498857233 0.3055583288003024 
644 0.9872504154852055 0.09628852171971074 0.7516097192832767 0.3125908708235487 
645 0.9872504154852055 0.032851875121809204 0.7277866861653769 0.33555076950006246 
646 0.9872504154852055 0.10677616958052266 0.8005997972682827 0.2630474792259274 
647 0.9872504154852055 0.17798980060410496 0.8082328974934255 0.26003685173349855 
648 0.9872504154852055 0.1824328041712545 0.8026476752690197 0.2539121605224743 
649 0.9872504154852055 0.14429670402344563 0.778920187637087 0.25816784474658855 
650 0.9872504154852055 0.22687633357654235 0.7995177420241101 0.241401257301914 
651 0.9872504154852055 0.05754205142237085 0.7371628179550078 0.297824067551298 
652 0.9872504154852055 0.080394875301081 0.7552892984077256 0.295223300360841 
653 0.9872504154852055 0.08623313032647062 0.7704073440938596 0.26867458066989136 
654 0.9872504154852055 0.05718480678114468 0.7070680698796342 0.28912977146917135 
655 0.9872504154852055 0.07018312857889177 0.733072326227513 0.2813997721259339 
656 0.9872504154852055 0.07257004893700346 0.7470106832389808 0.31306479005274934 
657 0.9872504154852055 0.07286037326281435 0.7990100749434484 0.28692605085424144 
658 0.9872504154852055 0.1835730767396523 0.7874898227645264 0.2754157721512347 
659 0.9872504154852055 0.045453681578500466 0.7730897445522983 0.2978589215890879 
660 0.9872504154852055 0.034964477831167025 0.7951674630614891 0.2916225562168605 
661 0.9872504154852055 0.06180031911718561 0.8594018349799164 0.22481357660737758 
662 0.9872504154852055 0.18228226794583435 0.8461794153213179 0.23237323134077695 
663 0.9872504154852055 0.0693681189796662 0.7881143978980499 0.2839897633146394 
664 0.9872504154852055 0.0693681189796662 0.8147241443336193 0.2955532975746214 
665 0.9872504154852055 0.03624518141757029 0.8222933545425583 0.26363081179619247 
666 0.9872504154852055 0.029442023662930646 0.7737348834918745 0.26965674387308347 
667 0.9872504154852055 0.038292941606617455 0.78250405452774 0.2883584909726095 
668 0.9872504154852055 0.13830509255967374 0.8190384576699461 0.2516659723065824 
669 0.9872504154852055 0.02973549643482756 0.834108930447409 0.23632464130101768 
670 1.018480337928563 0.04068316860757098 0.8053021288231393 0.2577020132903311 
671 1.018480337928563 0.23245840289074698 0.7838341957855105 0.2557607717339689 
672 1.018480337928563 0.08561937464511575 0.7612064865289103 0.29419453786009564 
673 1.018480337928563 0.04308617014322812 0.7258117376443292 0.31718008328897096 
674 1.018480337928563 0.04103713486788399 0.7250166978248802 0.29717320931580715 
675 1.018480337928563 0.029517881000766598 0.6957469591388874 0.3188774061008111 
676 1.018480337928563 0.18393281632265454 0.7660472601169536 0.27882534563631983 
677 1.018480337928563 0.19535627282196122 0.7920841144085151 0.28186679527298514 
678 1.018480337928563 0.19429607497007206 0.7634129798863317 0.2615938719741386 
679 1.0206492270198049 0.19174699351352228 0.7932806753206985 0.26936205322256607 
680 1.0206492270198049 0.034788417290118515 0.7849288837436741 0.335108161594946 
681 1.0206492270198049 0.05615968342667601 0.7861322039353487 0.3201158540330597 
682 1.0206492270198049 0.0381429893252944 0.7292145432992476 0.32011387418933207 
683 1.0206492270198049 0.075290919837333 0.7917013373267836 0.29214147016920494 
684 1.0206492270198049 0.13549642767103562 0.7646758870226965 0.26902698118810164 
685 1.0206492270198049 0.04509299443211058 0.7483272291522685 0.32122220890625486 
686 1.0206492270198049 0.02864573560177608 0.7215649541840456 0.31433845810823463 
687 1.0206492270198049 0.030536083740994136 0.7830579331250173 0.31567912724739106 
688 1.0206492270198049 0.028385925294750456 0.7450620160472756 0.3066296879080489 
689 1.0206492270198049 0.1815230646859326 0.8056598956417432 0.28611020801909676 
690 1.0206492270198049 0.1896667808214733 0.7997236672794159 0.2688061668223756 
691 1.0206492270198049 0.04224003730008803 0.7880829136667421 0.29077745766021473 
692 1.0206492270198049 0.3349044818668521 0.8419818445770554 0.23151519729759168 
693 1.0206492270198049 0.1900021689191541 0.7491122552775941 0.2985220650437263 
694 1.0206492270198049 0.02964800051950356 0.7859796535144464 0.2724716811119137 
695 1.0206492270198049 0.02964800051950356 0.7639415456330442 0.28764858300941304 
696 1.0206492270198049 0.1510689271948321 0.724508079968798 0.285186416159374 
697 1.0206492270198049 0.0438608943311647 0.7580005084603895 0.31285868708491965 
698 1.0206492270198049 0.02865169877450717 0.7355117419641901 0.34084651644955827 
699 1.0206492270198049 0.08159353785575285 0.7304944178081635 0.3163721610154819 
700 1.0207997159980287 0.07531196989743061 0.7839076231175734 0.2939000957466817 
701 1.0207997159980287 0.20601361952076785 0.813905461060564 0.267549653409486 
702 1.0207997159980287 0.22406171787049547 0.7575577990640185 0.26727537368061743 
703 1.0207997159980287 0.033911346427809845 0.7712157232418826 0.27495188288790384 
704 1.0207997159980287 0.10371403388610548 0.8496536306293956 0.24859131146613264 
705 1.0207997159980287 0.04095367600576273 0.7463999917552405 0.32357729000669183 
706 1.0216449087301764 0.07415416697423988 0.7713496215656519 0.29345553001832647 
707 1.0216449087301764 0.040889033565701845 0.7337890650348989 0.30650697938279714 
708 1.0216449087301764 0.235266397048266 0.815907832429835 0.26376261510206256 
709 1.0216449087301764 0.18381263045322918 0.7354543065517618 0.3087116373342767 
710 1.0216449087301764 0.15444509824000224 0.8115513674912498 0.2608948589303126 
711 1.0216449087301764 0.05641818288830736 0.7742069083687592 0.28398396450854496 
712 1.0216449087301764 0.15089386178425535 0.7840377182662532 0.2898281497221841 
713 1.0217568211924086 0.15190056426849083 0.8220122428752762 0.28830246689996836 
714 1.0217568211924086 0.030332493247678085 0.8536633646949081 0.2727543105362514 
715 1.0217568211924086 0.06791379386210483 0.8154471078687098 0.2830619949839399 
716 1.0217568211924086 0.0652497077512527 0.8308154134046377 0.2889709908560995 
717 1.0217568211924086 0.03455805631773618 0.8500849638502347 0.30186868545995993 
718 1.0217568211924086 0.050534637637188864 0.7973103305570294 0.32365587284453945 
719 1.0217568211924086 0.03125579402247741 0.7817462803283646 0.31333508074459 
720 1.0217568211924086 0.052228903403191376 0.7992155188915878 0.3029098253641785 
721 1.0217568211924086 0.04477167291463247 0.7870649019598398 0.30290693443045436 
722 1.0222634659187526 0.03146233061956532 0.8305311625864316 0.2759194735275826 
723 1.0222634659187526 0.0670703558054441 0.781299361953271 0.30780924788365116 
724 1.0225756949078297 0.08250436179545458 0.7704545352304554 0.31535153244964714 
725 1.0225756949078297 0.06224887730333881 0.8461710660863981 0.2785312604443471 
726 1.0225756949078297 0.12989991308622634 0.8762200784083335 0.23724565586588042 
727 1.0231636898042153 0.05467987735381382 0.8003212652874019 0.2792231302728572 
728 1.0253610337509376 0.031098643706718204 0.8069798586104684 0.29729149160348556 
729 1.0253610337509376 0.08001097424857954 0.803493945873653 0.2880272382642362 
730 1.0253610337509376 0.18025879251482882 0.7945839386686906 0.2979198249077781 
731 1.0253610337509376 0.0573855117825368 0.7925514867511707 0.30070698049184735 
732 1.0253610337509376 0.21523231495821332 0.8655869663176529 0.23036276507930953 
733 1.0253610337509376 0.07230879855781064 0.7934882650544561 0.301734175968236 
734 1.0253610337509376 0.18426317729885325 0.7926065685429626 0.3114192374742092 
735 1.0253610337509376 0.08079550386203892 0.8222980757182589 0.3116725862842517 
736 1.0253610337509376 0.04899279250237953 0.8230891407977498 0.2930535487584514 
737 1.0267576830892124 0.07804173315184815 0.8335600967966962 0.30044884662430577 
738 1.0267576830892124 0.06680311348010938 0.7828203591989891 0.3140167286924022 
739 1.0267576830892124 0.20741047540141705 0.7959895126516044 0.2872226179751609 
740 1.0267576830892124 0.039130899187581 0.9068017840431364 0.24985983704082096 
741 1.0267576830892124 0.1846324390170325 0.8449183066794307 0.2781170318376322 
742 1.0267576830892124 0.1846324390170325 0.7988968980654059 0.3111126108407153 
743 1.0267576830892124 0.04215967682401156 0.8035572776193756 0.31846369694693033 
744 1.0267576830892124 0.14954190075137208 0.8203831321562197 0.27527521692910756 
745 1.0267576830892124 0.08831507379875977 0.8188324975950328 0.3238740123978374 
746 1.0267576830892124 0.0286302851381776 0.7964611454230772 0.31295505279082353 
747 1.0267576830892124 0.06651333268156841 0.7851018684016107 0.31744126510115594 
748 1.0267576830892124 0.0667194882681023 0.8084592673827515 0.2883048613073192 
749 1.0267576830892124 0.06310322053058749 0.8011404174496651 0.28282287951407054 
750 1.0268303733666562 0.10435066206154912 0.7787634896564659 0.29951485372542325 
751 1.0268303733666562 0.08251654233298333 0.8449212457288477 0.26572125307423006 
752 1.0268303733666562 0.03491604966398364 0.8228204929205815 0.27960791851108524 
753 1.0268303733666562 0.07256368896363068 0.816449436407032 0.30371679294960013 
754 1.0268303733666562 0.23336344983247506 0.8913192162422676 0.26341176099740526 
755 1.0270402768448454 0.041157590574646255 0.8406498383551114 0.31617832204121626 
756 1.0270402768448454 0.03177643597988303 0.7475936724416381 0.34769422382539106 
757 1.0270402768448454 0.037894843857898354 0.7577143510315332 0.30126053382432233 
758 1.0270402768448454 0.14036923321821926 0.8005118755198327 0.3004068796319457 
759 1.0270402768448454 0.030187089320946853 0.707854273485914 0.33723264145761306 
760 1.0282819377943742 0.247102757597055 0.8527281511868577 0.2339874429297766 
761 1.0282819377943742 0.03409406592230271 0.7663956427629246 0.3059099631643773 
762 1.0282819377943742 0.09029487845989755 0.7626300915583477 0.32020581806346454 
763 1.0282819377943742 0.18771462888718932 0.8234245272231967 0.2761430876267349 
764 1.0282819377943742 0.10872755280861487 0.8572641260497899 0.26078865167083687 
765 1.0282819377943742 0.031040118226528576 0.8174828393010796 0.32162460429150813 
766 1.0282819377943742 0.1675632798592295 0.8262597224412574 0.2731750709699712 
767 1.0282819377943742 0.029495949376992497 0.8451611524291539 0.2538427557033189 
768 1.0282819377943742 0.22146164644335742 0.8566330928954481 0.2485441889752007 
769 1.0282819377943742 0.07291777025120762 0.8020859814158949 0.2884481954766156 
770 1.0291539590515777 0.09765183183241245 0.8389952512857686 0.275761195410336 
771 1.0291539590515777 0.0489099842875476 0.860434133654243 0.2733353801179787 
772 1.0291539590515777 0.02984503946431038 0.8337953249157094 0.3062138629564801 
773 1.0291539590515777 0.02984503946431038 0.7628811599639342 0.32525673937013744 
774 1.0291539590515777 0.057520757063753376 0.7459915168550311 0.31385842075699816 
775 1.0291539590515777 0.19230843438441123 0.8033212480321978 0.28001441064706034 
776 1.0291539590515777 0.18075222130226434 0.8248325132066591 0.295292624383027 
777 1.0291539590515777 0.03905096661589054 0.7699337597754984 0.34273495277529736 
778 1.0291539590515777 0.036758025264635334 0.8376525051878926 0.30221240386695875 
779 1.0300972676575222 0.2587686143745465 0.8432992254324744 0.27540762039500316 
780 1.0300972676575222 0.09403360748967649 0.8083064110852225 0.2933070960265921 
781 1.0300972676575222 0.26965865387131327 0.8405427613010563 0.2579945380288599 
782 1.0300972676575222 0.034055927563897866 0.8733619541793198 0.237309266069637 
783 1.0300972676575222 0.06520738125320866 0.8533473622354908 0.28393367665340846 
784 1.0300972676575222 0.19141938193745422 0.8663844478002447 0.23924017684096155 
785 1.0300972676575222 0.02831734858224196 0.8968979245337161 0.2612551478134575 
786 1.0300972676575222 0.02831734858224196 0.7921995243271583 0.2999235329309458 
787 1.0300972676575222 0.26555442704978754 0.7761341992537726 0.27460656779263853 
788 1.0300972676575222 0.03858871777154761 0.8056011307402706 0.28074338771814045 
789 1.0300972676575222 0.03721326734629838 0.7703977026138412 0.3274206162099922 
790 1.0300972676575222 0.25306772756472523 0.8309799056381533 0.2834915118593245 
791 1.0300972676575222 0.2167961424737415 0.8414863400011895 0.2837702226593954 
792 1.0300972676575222 0.1659015543198526 0.8463005723067827 0.27414239478653796 
793 1.0300972676575222 0.18495859946249368 0.892953831833407 0.23579829309814707 
794 1.0300972676575222 0.06726985519627489 0.82272775974039 0.29605094299574697 
795 1.0300972676575222 0.046493345511080135 0.8226542274525547 0.3264932853797788 
796 1.0300972676575222 0.19032154143277277 0.8056278272950652 0.28462604764882216 
797 1.0300972676575222 0.10932224696916168 0.8718639109055809 0.2545813685838119 
798 1.0300972676575222 0.04133752512259149 0.7950539891413992 0.3063284408907446 
799 1.0300972676575222 0.10422703415004898 0.7817981530959959 0.3075200689456837 
800 1.0300972676575222 0.07416523323911318 0.7525149014276808 0.33364752986074075 
801 1.0300972676575222 0.1256315419221084 0.8434163582259872 0.2784160414531625 
802 1.0300972676575222 0.09596799625047185 0.7705569346109218 0.27815140211986655 
803 1.0300972676575222 0.08882763759994487 0.7603477020421285 0.30419162459698806 
804 1.0301021546038045 0.187291941633127 0.8380907181557233 0.24600362596506042 
805 1.0301021546038045 0.18189053824628115 0.7873124467233732 0.27546154776125326 
806 1.0309785769864872 0.19691726220110245 0.7751636928222327 0.28648675937813267 
807 1.0309785769864872 0.18755525983619942 0.8149378716978888 0.24797181381147174 
808 1.0309785769864872 0.06677157210116623 0.7709953356097654 0.2883411685385925 
809 1.035062348676381 0.04925169431745945 0.7981126789168589 0.284026546771692 
810 1.035062348676381 0.056784182494409974 0.845667494137769 0.2809495094784065 
811 1.035062348676381 0.1698729849578169 0.8138160738031014 0.2780291372437788 
812 1.035062348676381 0.18325432870980327 0.7648326962183624 0.2903885297607643 
813 1.035062348676381 0.10530326979538644 0.797490042082824 0.31568483343342363 
814 1.035062348676381 0.04068750158938684 0.7672354133054344 0.3336768537174843 
815 1.035062348676381 0.05235897608201782 0.8487527091897618 0.29164675859831235 
816 1.035062348676381 0.11540090175108474 0.9266677608194905 0.23211024417092255 
817 1.035062348676381 0.1857779443364168 0.9062775033187135 0.24087815870274662 
818 1.035062348676381 0.12662311179997449 0.8826567513571493 0.2721678459049118 
819 1.035062348676381 0.12662311179997449 0.8947449022303133 0.24346966371989712 
820 1.035062348676381 0.07090043751952545 0.9099097513861246 0.23913520363113114 
821 1.035062348676381 0.06616500484773465 0.8686171010157205 0.2736588946165064 
822 1.035062348676381 0.04434801213997842 0.8410172649443219 0.2723178282852462 
823 1.035062348676381 0.13575254208267273 0.7884883432199253 0.30788938091172013 
824 1.035062348676381 0.12343698959157322 0.7921339970061859 0.310590531666147 
825 1.035062348676381 0.034980028094665216 0.8161843982433693 0.3004166356621085 
826 1.035062348676381 0.19007645015379038 0.8383768544501815 0.2552572748123561 
827 1.035062348676381 0.1124275719083932 0.7908845161973536 0.30564748404230846 
828 1.035062348676381 0.05259773127319153 0.8170551763712675 0.2914644533854997 
829 1.035062348676381 0.06367507731719252 0.8292062162209439 0.29489590899681845 
830 1.035062348676381 0.08593519906998957 0.8034824728794377 0.3161927146980197 
831 1.035062348676381 0.188853361552732 0.8334808881838488 0.2798992557153131 
832 1.035062348676381 0.08950147435807332 0.7729844848567391 0.3298732121303667 
833 1.0355184449511121 0.030269094211203648 0.8760029805377999 0.2645728220794908 
834 1.0355184449511121 0.07218145816037366 0.8450883775182566 0.28931349277896906 
835 1.0355184449511121 0.19403755766172617 0.8362987837073571 0.27804675496984477 
836 1.0355184449511121 0.037069245702494785 0.8569827360604466 0.27740961659578395 
837 1.0355184449511121 0.05387041371753044 0.8870193764507608 0.26025768491736984 
838 1.0355184449511121 0.02913615189968716 0.9103120301771195 0.24340536846962438 
839 1.0355184449511121 0.03696135312949126 0.8784994025970435 0.2753773893379249 
840 1.0355184449511121 0.028275598752257224 0.8452178321526428 0.31415639419518854 
841 1.0355184449511121 0.07367105525177474 0.890432051773296 0.24511735355085254 
842 1.0355184449511121 0.07414350126205829 0.8493649786379287 0.289656160828561 
843 1.0355184449511121 0.029566349410059676 0.8175814878462467 0.3022038169630257 
844 1.0355184449511121 0.09219361326572577 0.8791138249383008 0.27704840181526014 
845 1.0355184449511121 0.029064944527683524 0.7616173761328281 0.3669226872712598 
846 1.0355184449511121 0.03237430298547932 0.849424555961514 0.32128213720042387 
847 1.0355184449511121 0.03115593068886129 0.8511931394827562 0.3148659049766696 
848 1.0355184449511121 0.02870655063473579 0.7868461324360385 0.36281986446419257 
849 1.0355184449511121 0.067891081439645 0.8157411368055473 0.2935310765853759 
850 1.0355184449511121 0.31126979205415006 0.8991227970626705 0.21630398371694462 
851 1.0355184449511121 0.09550773785265358 0.8627809184500952 0.25594551491099715 
852 1.0355184449511121 0.03063611515908903 0.8323768480411892 0.2912227201294124 
853 1.0355184449511121 0.15897597487270632 0.7876256938416882 0.315126688170466 
854 1.0355184449511121 0.17610982304602435 0.8833645030904891 0.25580920589914097 
855 1.0389805560904495 0.02835993028977506 0.8404730414251271 0.29284650997902195 
856 1.0389805560904495 0.030647178644381642 0.8166703781978166 0.3115900808660849 
857 1.0389805560904495 0.21168106318380694 0.8507684923879665 0.25737619491786085 
858 1.0410512980764473 0.17115931578097526 0.8518885698895228 0.27311156405354453 
859 1.0410512980764473 0.20093840263881751 0.8265386385210005 0.27816525445481544 
860 1.0410512980764473 0.032955014997324554 0.8298332411266108 0.3073231520854756 
861 1.0410512980764473 0.1857154332285569 0.7904225208024312 0.3050768104777771 
862 1.0410512980764473 0.1552047352945193 0.8765405950952428 0.2555451858825277 
863 1.0410512980764473 0.029952849164582837 0.8327088505898955 0.2989741945853372 
864 1.0410512980764473 0.034556154855790285 0.8077772100733489 0.29759787680222966 
865 1.0410512980764473 0.034688642982560136 0.839238900538746 0.2720996638274763 
866 1.0434541273645943 0.06008849861778239 0.795521315047721 0.29483689617670733 
867 1.0434541273645943 0.10349833236764558 0.7970292690897688 0.3303147264223546 
868 1.0434541273645943 0.029114024696108767 0.7934077605288935 0.33564689506015827 
869 1.0434541273645943 0.05889920189916973 0.8163825756168137 0.30528748006168477 
870 1.0434541273645943 0.07828164191046899 0.84073602775125 0.29969557184450074 
871 1.0434541273645943 0.04693904204688994 0.8560214556683479 0.2829643359962194 
872 1.0434541273645943 0.12215654455469437 0.8276802880063857 0.311724341677583 
873 1.0434541273645943 0.13441738490165037 0.8803563402650962 0.2606459999661801 
874 1.0434541273645943 0.18948906231539683 0.8975519864141728 0.26692789941247375 
875 1.0434541273645943 0.06066409974005316 0.8479625891884852 0.2977316613256414 
876 1.0434541273645943 0.18410416001420796 0.8659275347265644 0.2892050462925696 
877 1.0434541273645943 0.2013782508036625 0.8917193289437562 0.26363331385407107 
878 1.0442508563321997 0.2385349329368686 0.8744230002459978 0.27490724860527155 
879 1.0442508563321997 0.15225713710221203 0.8733320427289409 0.28985202723376124 
880 1.0442508563321997 0.11157902235302405 0.8537236795803158 0.30749093323852966 
881 1.0442508563321997 0.0355246020281036 0.8745921177613172 0.2778252964151219 
882 1.0442508563321997 0.07639909534716142 0.8362010288273378 0.3050133639845102 
883 1.0442508563321997 0.09453384823079032 0.8612300630252854 0.28696332639399413 
884 1.0442508563321997 0.16295907896342565 0.9072892131157739 0.2672301621713267 
885 1.0442508563321997 0.05723014961671121 0.8680954245521991 0.2862870394375394 
886 1.0442508563321997 0.1380401681662412 0.8857172661025723 0.26797127981126234 
887 1.0442508563321997 0.1380401681662412 0.7690436261868967 0.3367965178034509 
888 1.0443091581965191 0.05401687531729188 0.7281912566571294 0.32388888102180713 
889 1.0443091581965191 0.177824983041909 0.7879941453601522 0.30050496187812475 
890 1.0443091581965191 0.030050047325735494 0.8050915112978778 0.3471713778071071 
891 1.0510093926896031 0.09110443403123662 0.7756338979793812 0.32407499288403085 
892 1.0510093926896031 0.07416172304323193 0.8516645080954652 0.3059967103454833 
893 1.0510093926896031 0.047281646899189456 0.8058387452817518 0.343562844840856 
894 1.0510093926896031 0.05079403024225616 0.824743094629829 0.30973268469932996 
895 1.0510093926896031 0.07743715377720266 0.7823463585387737 0.3077746906251512 
896 1.0513182681226427 0.03393856231955039 0.7765497277465292 0.3320246982215976 
897 1.0513182681226427 0.031195408126821596 0.7308509885430823 0.33434123830499335 
898 1.0513182681226427 0.035677230804545344 0.7672472501938009 0.32720935600491885 
899 1.0513182681226427 0.08517513474130958 0.7938201780022346 0.3273525876714036 
900 1.0513182681226427 0.19226689351894327 0.8394846461094698 0.28265123398116043 
901 1.0542388816350463 0.04453846852683069 0.7709106291127087 0.32786801250889214 
902 1.0552522778378375 0.2990649234320432 0.8357737506269227 0.25214730534044477 
903 1.0552522778378375 0.1364365930789439 0.8098109769866124 0.30017461152000446 
904 1.0552522778378375 0.19627560744071723 0.8858537650954025 0.25782926181742943 
905 1.0552522778378375 0.11921226917889033 0.8767548205656776 0.29017113690103885 
906 1.0552522778378375 0.03980779896035003 0.8272875847961505 0.32219490973861575 
907 1.0552522778378375 0.18459377560170168 0.8464307689750085 0.2775831949839076 
908 1.0552522778378375 0.03460590171533369 0.8331811987154557 0.32851878625995007 
909 1.1007725524224754 0.060521787329515034 0.8501135686732051 0.29452869450517816 
910 1.1007725524224754 0.04257206973853695 0.8383718708421224 0.30953472817646316 
911 1.1007725524224754 0.030267283543743712 0.8579873661804213 0.29785546391233975 
912 1.1007725524224754 0.062155133610554816 0.8232806683338303 0.3224830163084048 
913 1.1007725524224754 0.031507717716937195 0.850763245886941 0.29384124953509083 
914 1.1007725524224754 0.03399167537357023 0.8470725800391321 0.3037661154480203 
915 1.1007725524224754 0.1240177297406406 0.8093072380307014 0.29686025197316623 
916 1.1007944762324056 0.07258443675217087 0.8207785402946779 0.28153198568239585 
917 1.1007944762324056 0.059604031118888394 0.8389021177331795 0.30158059966402057 
918 1.1007944762324056 0.13961892609922752 0.7989921388123545 0.29265915388165625 
919 1.1007944762324056 0.05533421234076855 0.7813360660922168 0.34653975046900976 
920 1.1007944762324056 0.22971221242883924 0.770137458484798 0.3419569329523423 
921 1.1007944762324056 0.11940941416735065 0.8165290698550767 0.3524486525925653 
922 1.1007944762324056 0.20967530872857476 0.8538619205342891 0.29404820405894827 
923 1.1217600761220563 0.06545251932849967 0.8405382817693756 0.3256655203882982 
924 1.1297967157468107 0.0410353537205744 0.8970554518315497 0.30977212452364544 
925 1.1297967157468107 0.07572892552354298 0.837564500926049 0.3429748483464343 
926 1.1408584900961463 0.030340301180871408 0.7783272712972915 0.3919681760862298 
927 1.1408584900961463 0.05205131912760493 0.8403867712138303 0.3601907096085676 
928 1.1408584900961463 0.030614900613006393 0.8561481714936121 0.35725358199576046 
929 1.1408584900961463 0.04987859977086779 0.8453776097440605 0.3892846746923952 
930 1.1408584900961463 0.05905634119433582 0.9477255526512991 0.31383731814366783 
931 1.1408584900961463 0.1738292120175968 0.9038726853961574 0.3149008557425794 
932 1.1408584900961463 0.0654341709882618 0.9151336736381873 0.3401847329756413 
933 1.1408584900961463 0.055689405602437944 0.9205564902715253 0.3419277993615946 
934 1.1408584900961463 0.0850433774566508 0.9406376608589209 0.36192140058806965 
935 1.1408584900961463 0.06503309014685522 0.9438027550410379 0.34969175890547216 
936 1.1408584900961463 0.04820676212908782 0.9357943782956303 0.3307573264262489 
937 1.1408584900961463 0.1443640267743103 0.9075672168498691 0.3569360441795165 
938 1.1408584900961463 0.08763907997488082 0.8781370834522246 0.37160674953239786 
939 1.1408584900961463 0.039640952776036666 0.8964023794071954 0.34311612828852156 
940 1.1408584900961463 0.028379819369954047 0.8673428632410354 0.3425102285879418 
941 1.1408584900961463 0.05954134224219497 0.9065619124517236 0.32319570033758027 
942 1.1408584900961463 0.154104835955706 0.9200466896598927 0.31666649247636763 
943 1.1408584900961463 0.08896996234939908 0.8464899560349136 0.35447987932212943 
944 1.1408584900961463 0.03925206553327066 0.8495603826804179 0.36576028386203535 
945 1.1408584900961463 0.1844330402264142 0.9421835761953231 0.29231764241668606 
946 1.1419668658483018 0.03515504280616608 0.8614121160260304 0.3592305789064987 
947 1.1454988448096861 0.17945682041056407 1.0251851513123371 0.25112187937580155 
948 1.1505210079287107 0.14794006862136885 0.9678348888027399 0.30639296752325285 
949 1.1516215320731475 0.1813500911600453 0.9419456637680264 0.3218332676988496 
950 1.1516215320731475 0.1361926404286805 0.8839664482552164 0.36000340621096233 
951 1.1516215320731475 0.031159736356906404 0.855739680151015 0.3502554073644239 
952 1.1516215320731475 0.028487016625352794 0.9062566816257479 0.35202768019268166 
953 1.1516215320731475 0.18311271468292326 0.970482380657465 0.31145038528321817 
954 1.1516215320731475 0.07069598570630907 0.9508322908202381 0.33710431776164146 
955 1.1516215320731475 0.039004068834310825 0.8722741951021077 0.3985840877631986 
956 1.1516215320731475 0.1573076939534085 0.9276915307112176 0.3412615283766195 
957 1.1516215320731475 0.031164638145584907 0.9713766921589836 0.30486033383712996 
958 1.1516215320731475 0.05332786869674551 0.9178696293471281 0.3398950388689814 
959 1.1516215320731475 0.06122745874348721 0.8937778280247639 0.38877117391926924 
960 1.1516215320731475 0.06462391443980829 0.9205059865317218 0.3548344190504905 
961 1.1516215320731475 0.16565410309356202 0.9695095214869517 0.2843624930271133 
962 1.1516215320731475 0.1434217972422251 0.9054315434705805 0.3353153895809684 
963 1.1516215320731475 0.035072666042698555 0.9282428005848853 0.3414916697187952 
964 1.1516215320731475 0.029686661692402336 0.9058708801460754 0.3662456263672485 
965 1.1569997125890825 0.2183013706708552 0.9225889179020824 0.32145871522256814 
966 1.1569997125890825 0.03026026518529833 0.8344157680953711 0.39395754695436885 
967 1.1569997125890825 0.181509614867647 0.9645672698585606 0.3235978037608018 
968 1.1569997125890825 0.059060290765909955 0.9854093974249882 0.32279710640914294 
969 1.1569997125890825 0.06813903496340694 0.911020634426819 0.3780957544879735 
970 1.1569997125890825 0.03198452875842143 0.8940028488025118 0.3752734714714071 
971 1.1569997125890825 0.07771227409907788 0.9161459437823342 0.352833132052205 
972 1.1569997125890825 0.09118107468780137 0.9048944364435884 0.3587623351036286 
973 1.1569997125890825 0.040529569793391854 0.9326508337398214 0.3540463840517988 
974 1.1569997125890825 0.265896798235308 0.9767185552426183 0.282801475954769 
975 1.1569997125890825 0.14455501383227623 0.927862254238679 0.33087539556710455 
976 1.1569997125890825 0.12351714616484621 0.9245506044895121 0.33098046803707776 
977 1.1569997125890825 0.0726718437503628 0.8544410159626359 0.36436635893645325 
978 1.1569997125890825 0.03122402031416682 0.9488289197643118 0.32256150890228746 
979 1.1569997125890825 0.1178659791784898 0.9368755893619338 0.3241995921927908 
980 1.1569997125890825 0.042834075002021486 0.8397880178677981 0.3943616649934694 
981 1.1569997125890825 0.03208354715751876 0.9264463417503511 0.3235833993254013 
982 1.1569997125890825 0.1870497613484968 0.9795683199991374 0.2765039514704217 
983 1.1569997125890825 0.05517089393987705 0.9684508799492266 0.33159660144626674 
984 1.1570220213832159 0.03223895356782865 0.891556711968254 0.37758573284871483 
985 1.1576102153460066 0.08705052422334172 0.9004056195555036 0.3428769480348989 
986 1.1601945904332565 0.18588149663948403 0.9510704469828261 0.28748213938897577 
987 1.1601945904332565 0.06242403748400881 0.9426020993865902 0.31237511239696886 
988 1.1601945904332565 0.17212266139599142 0.9383900551124296 0.33642230986595983 
989 1.1601945904332565 0.06474249292844089 0.9258290957913611 0.35335736221489983 
990 1.1601945904332565 0.08009060487406336 0.9330136218485234 0.3348429400140481 
991 1.1601945904332565 0.19103633131286407 0.9882836507747942 0.29085150586677555 
992 1.1601945904332565 0.19359403031502703 0.9706730498773035 0.3086566066015121 
993 1.1601945904332565 0.0824084147157572 0.9408235952864187 0.34771069401414506 
994 1.1634371092790547 0.030194887213574235 0.8082921207318492 0.42632768814197347 
995 1.1634371092790547 0.06421798518445736 0.8973948560219308 0.3647930484835697 
996 1.1634371092790547 0.06421798518445736 0.983279616472241 0.3008183537920656 
997 1.1637030745149048 0.07835252771195386 0.9321298689305115 0.36061222968429546 
998 1.1637030745149048 0.030599672703697667 1.0062274327992498 0.3108523693873881 
999 1.1637030745149048 0.04762237655867746 0.8776215077985939 0.3917450591854073 
