0 0.3786211539740429 0.061568442817226864 0.25630492620196355 0.06502253642139669 
1 0.3786211539740429 0.05368266397963417 0.2808464670048626 0.07264078889427278 
2 0.3786211539740429 0.11197714065153255 0.28480324493916764 0.06240643595788423 
3 0.38011019905409554 0.16747002128217514 0.31620225284232617 0.05234607175603718 
4 0.38011019905409554 0.03346915089545783 0.2948072854956002 0.06469161732792265 
5 0.3871979395672416 0.1835173019133306 0.31675180667437697 0.05902811320782816 
6 0.39270176129723083 0.13345621863866297 0.31347884687517436 0.05779774291876541 
7 0.39270176129723083 0.1835173019133306 0.31602514060225545 0.053109854950538014 
8 0.39270176129723083 0.10827345844323699 0.3242960371533681 0.05925925111274965 
9 0.40179367698854884 0.02874249936388705 0.3154805583054516 0.0832768544225052 
10 0.41444985890201974 0.18269507098617416 0.33918782038416545 0.06317638125661595 
11 0.41444985890201974 0.04078180603022082 0.3379293518480168 0.07840962630766396 
12 0.431102990473779 0.03650503306272029 0.3569382973554908 0.07285798877438003 
13 0.431102990473779 0.1824786600131482 0.3718443514658108 0.04490751706758066 
14 0.431102990473779 0.1160067180387808 0.36019512622643024 0.06675116110984458 
15 0.431102990473779 0.02838519998318363 0.37075299052350785 0.0647419046387747 
16 0.431102990473779 0.18345595060595635 0.3738994008602512 0.053424451530076966 
17 0.4355618340644458 0.03092323097310582 0.3601901537876486 0.07213245404884241 
18 0.4355618340644458 0.02835195835909437 0.3577816847648903 0.08659469797830938 
19 0.4355618340644458 0.11088840213299739 0.3800832628065296 0.07413078404641446 
20 0.4355618340644458 0.06120324009959137 0.37176897344750404 0.08932571448620102 
21 0.4355618340644458 0.1814023505579651 0.3919781779926218 0.057517688961348706 
22 0.43730266845378396 0.03053391691520021 0.3670454600917924 0.10074288051231568 
23 0.43730266845378396 0.21394204539257392 0.39476216750146975 0.05368771053848736 
24 0.442476564200568 0.07669427992577421 0.39374438468454304 0.06995481036172806 
25 0.442476564200568 0.15156589623270436 0.380489072985023 0.07468395183592498 
26 0.442476564200568 0.031380100254294205 0.3916446104347943 0.09410981320092898 
27 0.44497751863039947 0.07960334501060916 0.397661620156045 0.07239489556798182 
28 0.44497751863039947 0.02839979389750988 0.3922430901368592 0.0985895822729125 
29 0.44497751863039947 0.1844281847011628 0.39528017817911254 0.061009611622979264 
30 0.44497751863039947 0.030290957296626207 0.38441626203821816 0.08874608129373808 
31 0.44759056490049776 0.13441757713131322 0.385841193036451 0.07257791076440406 
32 0.4587273711202331 0.09614092043187955 0.40093574846230634 0.07408739890469404 
33 0.4587273711202331 0.1804194808009885 0.4018912064559282 0.06485673025621766 
34 0.4587273711202331 0.039975614100144226 0.41134271001391315 0.06509107146167997 
35 0.46507737477784333 0.18213145352630128 0.4108307601452324 0.060079127572168586 
36 0.46507737477784333 0.18427513781773602 0.4078368725692586 0.056866632998540736 
37 0.48249103447442593 0.3009808351663592 0.42306739285694067 0.04783427382656705 
38 0.48249103447442593 0.26582192736103283 0.4261258158204911 0.052376188851361444 
39 0.48249103447442593 0.19629010383139803 0.40947648145239773 0.0750045258212632 
40 0.4849842608548508 0.046677922869429005 0.4058275545195914 0.08689300026391168 
41 0.503530634681394 0.03717228054032851 0.40848345208270953 0.09492153611581701 
42 0.5232794985558936 0.23618859621690086 0.4341202348054339 0.0635847169112038 
43 0.5232794985558936 0.19278914764934538 0.4374291873016952 0.07692555294728406 
44 0.5232794985558936 0.175696573969421 0.42310313265720456 0.08230754384824303 
45 0.5265445335115949 0.175696573969421 0.42650802430679735 0.08199830626293933 
46 0.5265445335115949 0.23088280292762353 0.44400642878005353 0.0726163282501251 
47 0.539575837299126 0.06168710242429672 0.43162196923463586 0.10926637698397274 
48 0.5517769128322062 0.028453524894869697 0.42208579556912973 0.13102660867176555 
49 0.5517769128322062 0.028957904311568212 0.4608925449033744 0.1002248693391625 
50 0.5517769128322062 0.029002865840265464 0.45921870782238017 0.11956373169734245 
51 0.5591913613497298 0.029705493322905743 0.47001048261583367 0.11090442370161688 
52 0.5679398725800112 0.05601329736194578 0.4811050094301424 0.10973518129249638 
53 0.5680730279663039 0.036844675040059595 0.4798769569919318 0.10699257366974435 
54 0.5680730279663039 0.21077150222550822 0.4891076622205305 0.09675808729591828 
55 0.5680730279663039 0.07689644760808052 0.4857110319112902 0.10735357373617355 
56 0.5680730279663039 0.18136730231982004 0.5096050295489262 0.09481910305693442 
57 0.5680730279663039 0.03931200528914881 0.511856821719 0.09956279346040209 
58 0.5774914050594169 0.05990039057918046 0.4923028894642541 0.12389509845364371 
59 0.6167249520615036 0.032711059945871535 0.4897051545693485 0.13695912837501958 
60 0.6167249520615036 0.18369185108380867 0.5088124872513307 0.10084618975445864 
61 0.627231882938685 0.046334353288390445 0.5059173939079156 0.13118827236331654 
62 0.6288797048369287 0.15550954693901975 0.496557982603768 0.1443582925773523 
63 0.6288797048369287 0.0308342181514515 0.4866522657608202 0.16385726781619125 
64 0.6288797048369287 0.03603842205550363 0.5164688723868077 0.15716955184992815 
65 0.6315693757939634 0.03113368292460549 0.5227568353644181 0.15884493967524968 
66 0.6315693757939634 0.04249077142683875 0.48986626962558905 0.16736269936919365 
67 0.6315693757939634 0.13905642056137316 0.5255580563300414 0.1418157642459172 
68 0.6315693757939634 0.07431206900330141 0.519463322293763 0.14001312595156887 
69 0.6482402597327396 0.1910450717992062 0.5519698150316261 0.10024300211902204 
70 0.6482402597327396 0.1858587484694997 0.5703609900223842 0.10350021039402704 
71 0.6607327249166021 0.1214746792138831 0.5660266600446672 0.12202686454590476 
72 0.6666580257002612 0.3229000431673247 0.5801915077061087 0.09825956988448666 
73 0.6666580257002612 0.30109406517486487 0.5802473297342613 0.10383702407998317 
74 0.6666580257002612 0.26080571317051304 0.570723649616819 0.12091690077484654 
75 0.6784696910579172 0.049441473241386785 0.5481836700148874 0.16250425202835286 
76 0.6784696910579172 0.19597253949724255 0.5539960892497366 0.14561210789840817 
77 0.694140881774482 0.04628103935218989 0.5769293169572928 0.15129262194463253 
78 0.726813994808678 0.03463531064545541 0.5495508051350233 0.18128313503905938 
79 0.726813994808678 0.06343261001676676 0.5893750608288338 0.13591821001240292 
80 0.7376178961171517 0.03727554739525755 0.5861030080786226 0.16207740783276403 
81 0.7376178961171517 0.19651990778731987 0.6134018680806418 0.12025733523447302 
82 0.7376178961171517 0.048061478813849076 0.5950956377303926 0.15553084695874964 
83 0.7376178961171517 0.06819721493028684 0.6471781794526292 0.1405279970437531 
84 0.7376178961171517 0.05607227474279891 0.5953222626790156 0.1918203908980045 
85 0.7409299759498206 0.03405906915870844 0.6041643965145366 0.16938266104766495 
86 0.7409299759498206 0.19552030270091617 0.6425855028280539 0.14645205344596446 
87 0.7417765752523526 0.16150672686643527 0.660184799506965 0.14117480931828677 
88 0.7491264977865206 0.04392824045844444 0.658279793302081 0.1427754218285005 
89 0.7491264977865206 0.18270102469511798 0.6572922286757504 0.13643707113234244 
90 0.7519307784039126 0.18270102469511798 0.6116688516179212 0.18452722338773145 
91 0.7519307784039126 0.2043192755411025 0.6539826884780027 0.14817128734477997 
92 0.7519307784039126 0.14326528814789044 0.634120948203197 0.17747327906657764 
93 0.7560407965831613 0.20861263494875457 0.6558387026834572 0.1444971548238285 
94 0.7560407965831613 0.23788841196446006 0.6833831035244505 0.11573979571908377 
95 0.7560407965831613 0.23837472735808685 0.6658031571932496 0.1351268473557562 
96 0.7560407965831613 0.041524305016107196 0.636572596267884 0.18869718417715436 
97 0.7574225723511782 0.3361521585841726 0.6968072737988927 0.09467169654545447 
98 0.7574225723511782 0.21732009247340553 0.6646089453523387 0.1605472305006054 
99 0.7574225723511782 0.02946857626907928 0.6766068198512577 0.16444025579733224 
100 0.7574225723511782 0.028350637482961797 0.6679471909399971 0.17182214521097844 
101 0.7574225723511782 0.24935278678890727 0.6847381540562321 0.12855347405745357 
102 0.7640076022168851 0.3174837702763134 0.6670318110492001 0.1414319049578297 
103 0.7640076022168851 0.06601855364985756 0.6663031952563435 0.17648903182959175 
104 0.7640076022168851 0.04599119154091795 0.6404086132970914 0.2045975332852449 
105 0.7640076022168851 0.03816645482704986 0.6397744333140344 0.20536358702321061 
106 0.7640076022168851 0.04079400513022792 0.6408388217262835 0.19113663312239182 
107 0.7641666589277163 0.05670389523780327 0.6282881892880045 0.18928010292989766 
108 0.7641666589277163 0.028305975252454447 0.6498379956182071 0.17058614016628917 
109 0.7725616468916194 0.08073493303661682 0.6930716593180406 0.15650112576346947 
110 0.7725616468916194 0.050201980235426324 0.6801862312264297 0.17323008736918533 
111 0.7725616468916194 0.06533090071945717 0.6672202589826414 0.18605795682521983 
112 0.7727897447770607 0.22538763573554815 0.6853753506520709 0.1547540675778882 
113 0.7727897447770607 0.10430698359463372 0.6559778337960146 0.17736240329857383 
114 0.7729852180196157 0.22021249774434767 0.6841199034925756 0.15267442497538122 
115 0.7729852180196157 0.08981968134163529 0.6458551321413021 0.1910733398515196 
116 0.7729852180196157 0.039124283558146955 0.6249941838485328 0.22417863943316765 
117 0.7729852180196157 0.14450608432323767 0.6673375974948349 0.18366747458084864 
118 0.7729852180196157 0.03385843738981726 0.6503147897038976 0.20264757426393848 
119 0.7917840469628298 0.05800674876492596 0.6283396745820178 0.21001475896309713 
120 0.7917840469628298 0.21952120182263773 0.6723306361229173 0.1694848943469616 
121 0.7919231279722875 0.07199632624352982 0.7126817433375875 0.14334975573547878 
122 0.7919231279722875 0.18388679483451625 0.7103173351038016 0.14364512410394167 
123 0.8003237662535219 0.04595997573784783 0.6677368919928905 0.20147495347863256 
124 0.8003237662535219 0.0665615401934107 0.7175245948143993 0.14800046021801924 
125 0.8003237662535219 0.1830517372217522 0.7004184127416366 0.1572441637807023 
126 0.8131015716879585 0.06178714253161848 0.6853947016001698 0.21254031466304973 
127 0.8184138612240139 0.0653263831207525 0.7298301510452999 0.14132134558240703 
128 0.8184979429786509 0.18636155213051722 0.7570095104708047 0.10716177816365254 
129 0.8184979429786509 0.19156015890019024 0.7314920327209867 0.15278696490501717 
130 0.8235571325878253 0.20097334564973315 0.7146510009098959 0.1692840817082046 
131 0.8235571325878253 0.07082029717499283 0.6674748104003599 0.213334948337515 
132 0.8240704273845949 0.11480917932403403 0.7269643583416254 0.170944557354599 
133 0.8240704273845949 0.1786895812344786 0.7337884393286108 0.16045154061981545 
134 0.8307166953127367 0.028399156383004883 0.6883730861243025 0.22388664922938306 
135 0.8307166953127367 0.16967314216372728 0.7380326668143107 0.1686206183638539 
136 0.8307166953127367 0.0528373970901829 0.7384961864643842 0.1545800969629297 
137 0.8319738748229875 0.153934509947041 0.7333252660798772 0.17127720180151357 
138 0.8359434629168166 0.2142170362429325 0.7639558727992101 0.1529972370576822 
139 0.8359434629168166 0.055354250722786755 0.7730662685459208 0.14405058046565158 
140 0.8359434629168166 0.028652488803886097 0.7659851047945817 0.1499776052942302 
141 0.836117386342478 0.2827777179232432 0.7560336654357191 0.13598459443275476 
142 0.836117386342478 0.07640423877042221 0.7154193499052448 0.21121109928462756 
143 0.836117386342478 0.06704610141852108 0.7493375034657593 0.18365784974604119 
144 0.8400628746193939 0.20768776819236873 0.7378854206819304 0.18900241461757813 
145 0.8400628746193939 0.0892468055940878 0.7622917977746683 0.16637782778623522 
146 0.8400628746193939 0.10966231060534136 0.7201674004475387 0.20129690917995136 
147 0.8400628746193939 0.07220019733044544 0.7203778864932286 0.17338224564180127 
148 0.8400628746193939 0.21085247495001083 0.7077956341021052 0.18522570246210185 
149 0.8400628746193939 0.21085247495001083 0.7256222765236297 0.17668190341219245 
150 0.8474613785674088 0.048706213512746094 0.7843608589375185 0.13838689515609867 
151 0.8474613785674088 0.22624833481864717 0.805286428427033 0.10856751353539408 
152 0.8474613785674088 0.21561559845619682 0.7614027182403961 0.1791612934827497 
153 0.8490564779447598 0.5239778307821538 0.8037589793656686 0.08736725030355309 
154 0.8490564779447598 0.22854322589099477 0.7772962936091614 0.15024087735406233 
155 0.8554510055168173 0.18653476930279358 0.755536483096875 0.18395425088663914 
156 0.8554510055168173 0.1058817503129621 0.7476271843143617 0.1944079630850398 
157 0.8557316732518203 0.14456749730528415 0.7706484259825479 0.17786231835671854 
158 0.8588316289893073 0.3068442981131114 0.8001562296706033 0.11072926971829976 
159 0.8588316289893073 0.05273445066965174 0.7148022378418563 0.22765778850680754 
160 0.8588316289893073 0.26563966457264376 0.7569760025364024 0.16738126153334273 
161 0.8588316289893073 0.03619176928713518 0.7312114877590313 0.18962277510096995 
162 0.8588316289893073 0.18704650634219125 0.7730881410348301 0.15324985780139652 
163 0.8611820243220554 0.2647030358964777 0.7510732282351124 0.16693562527409173 
164 0.8611820243220554 0.0559213570483942 0.7607739161286802 0.1744705521868993 
165 0.8611820243220554 0.1818054210593798 0.7519492255792406 0.17064527179478883 
166 0.8611820243220554 0.03609862681674739 0.6937217005722288 0.22817888300880496 
167 0.8628365262752641 0.13200062444220864 0.7610199517853585 0.19700653936122567 
168 0.8628365262752641 0.03615349664885993 0.7505827956009153 0.20374438002426362 
169 0.8628365262752641 0.0282505012385373 0.7980841377944805 0.15756924311960027 
170 0.8628365262752641 0.18347426259245866 0.7803097796808652 0.1779651199990233 
171 0.8628365262752641 0.0314320009411419 0.7541869385908495 0.1952519297576032 
172 0.8628365262752641 0.09634930564760384 0.7385581274889989 0.2122692142714255 
173 0.8628365262752641 0.10418196449324993 0.7552929431014459 0.19314546803130095 
174 0.8647078281352881 0.3348350675323063 0.7973988086136636 0.12364706159303362 
175 0.8647078281352881 0.18899534629141843 0.7642549208398814 0.17677518283671612 
176 0.8647078281352881 0.19438132781997236 0.7781624880551621 0.1736789950706711 
177 0.8647078281352881 0.1934740983005885 0.770567342859763 0.19438115058614036 
178 0.8647078281352881 0.3069163567943809 0.7718216013142931 0.16502264278335352 
179 0.8649395313954344 0.2096431799106105 0.7842403784470318 0.16925795971524377 
180 0.8649395313954344 0.04297309993866044 0.8249417315271445 0.1581689391958556 
181 0.8649568880547545 0.1854745685366148 0.7870130691547227 0.18715971608085036 
182 0.8649568880547545 0.2709794514044469 0.7930253404139597 0.15222764896039187 
183 0.8649568880547545 0.19445601792054215 0.7817051727730175 0.18791111825106824 
184 0.8746428545846777 0.15642500132210682 0.7424913094384711 0.22749392646934974 
185 0.8746428545846777 0.09395983244321125 0.7852401002635804 0.19039292503915367 
186 0.8746428545846777 0.13069012943079594 0.8115113400790052 0.1604300967473679 
187 0.8749428268132702 0.346335658946521 0.8480862126069392 0.07828363639536802 
188 0.8749428268132702 0.296017228825812 0.8215555275456222 0.1260828878970947 
189 0.8755001070569336 0.18276758342667587 0.8000529768417489 0.1651611283506551 
190 0.8755001070569336 0.12774621830686678 0.7930876638777207 0.17330270555267815 
191 0.8755001070569336 0.19266375412605283 0.7905534470993945 0.15566378900811298 
192 0.8809002508416892 0.21832368560899054 0.7501269104609218 0.19039892284311963 
193 0.8809002508416892 0.19561106290555483 0.8047489023460427 0.14822897546525618 
194 0.8809002508416892 0.15634863409056377 0.7791433313235423 0.1815999844990608 
195 0.8809002508416892 0.031562759879194685 0.7853005424955624 0.1795259913874512 
196 0.8809002508416892 0.03590707677411063 0.7660926121158537 0.20224029180626343 
197 0.8809002508416892 0.21949747898150918 0.7854630583784967 0.1595142498400099 
198 0.8809002508416892 0.19446421741068576 0.7800495182798909 0.18530312129442492 
199 0.8809002508416892 0.03865495163430098 0.7460676249701539 0.2351087855193874 
200 0.8809002508416892 0.0811215737564218 0.7675047996198839 0.23142461317175891 
201 0.8822810864132933 0.30415690730588824 0.842526216374574 0.11288623845516159 
202 0.8963272260638918 0.2067839756100852 0.8133996752880884 0.171644942958787 
203 0.8963272260638918 0.1919320038397891 0.8204019855523597 0.16462583545087858 
204 0.8963272260638918 0.22357514780305812 0.805287814688113 0.18887431129311938 
205 0.901737979343655 0.20156761630704914 0.8236685390240901 0.16326292724452926 
206 0.9340031006665144 0.18327798857419214 0.78911438727155 0.19421319523841085 
207 0.9345365466429848 0.05594810392067091 0.7872780711038977 0.2112977327787205 
208 0.9345365466429848 0.20688272416533293 0.8272040044714795 0.16487850437388807 
209 0.9345365466429848 0.030401174476630658 0.8460115091435282 0.17323122447478637 
210 0.9345365466429848 0.43563084932701834 0.8564951886253239 0.12592364245735038 
211 0.9345365466429848 0.24691175618004685 0.8355473294510392 0.16955658306355714 
212 0.93461857749505 0.34636671465545726 0.813891862526864 0.1595031099096089 
213 0.9347656913832788 0.34636671465545726 0.8258909383187092 0.16325337673580737 
214 0.9347656913832788 0.14067961628130493 0.8340676952646706 0.18327490980047045 
215 0.9347656913832788 0.19741507001664932 0.80229553245059 0.24520742330944184 
216 0.9347656913832788 0.1830304915746566 0.7979575313700243 0.24101744238014816 
217 0.9347656913832788 0.21877176002886314 0.8453923653940514 0.18833480536208733 
218 0.9347656913832788 0.04831651437482318 0.8420583306659124 0.19824289882483948 
219 0.9385978832614309 0.18804749132157259 0.802400771681807 0.22921193368541581 
220 0.9445639440230235 0.22831425686898382 0.8629613419069261 0.14573292716387665 
221 0.9445639440230235 0.11837319037467683 0.8342713739325218 0.21568719185536647 
222 0.9445639440230235 0.21354426553923725 0.8219362594650096 0.20873942294132836 
223 0.9445639440230235 0.1098664424423585 0.8124328820467677 0.22568615359284064 
224 0.9445639440230235 0.17732751219585494 0.8192074235571248 0.21811278002888976 
225 0.9445639440230235 0.41522138570534933 0.8774020880044842 0.1331503744129461 
226 0.9445639440230235 0.07983076671619199 0.8205860393237792 0.21460079211096914 
227 0.9445639440230235 0.18527829111083316 0.8667768564662353 0.16238160461322637 
228 0.9450780589449362 0.09450191204526655 0.823242699536736 0.21767508501298655 
229 0.9450780589449362 0.032608151361350764 0.8714391910086725 0.19323614070438233 
230 0.9450780589449362 0.18627518436394433 0.9005207959317224 0.14064285090711384 
231 0.9451190136653331 0.18225827546914614 0.8646159281288972 0.20780440649807178 
232 0.9451190136653331 0.16553886876743945 0.8311157708175531 0.23204933133181754 
233 0.9469276866702256 0.23422477110785964 0.886274778817742 0.1630465042062854 
234 0.9469297907649918 0.03036917657330911 0.8518615661831126 0.21737973119412712 
235 0.9469297907649918 0.041383592363747224 0.8773095740940268 0.17129734147287773 
236 0.9471452362476603 0.06988318521743309 0.8401793636251577 0.2345188488063672 
237 0.9471452362476603 0.33890831595748244 0.8915676614514593 0.164560707543479 
238 0.9471452362476603 0.12731926510171224 0.8587766015944358 0.21058311523716397 
239 0.9471452362476603 0.15253323399481283 0.8749568730276486 0.17608207387889202 
240 0.9471452362476603 0.285797147172613 0.8991233978637196 0.12415576281622254 
241 0.9471452362476603 0.18746401479336872 0.8455231099443362 0.21349443267249335 
242 0.9471452362476603 0.19497627409896853 0.8934504542088759 0.17819842927857377 
243 0.9471452362476603 0.6457727097772414 0.931952078899539 0.05304888516577974 
244 0.9471452362476603 0.17125703444441176 0.9137316665674576 0.11683152682665049 
245 0.9471452362476603 0.2421063771879858 0.8942501544939675 0.14754501875089368 
246 0.9471452362476603 0.04024541522407113 0.8455326232064558 0.21358520126769973 
247 0.9471452362476603 0.1849531259773955 0.8488962001891932 0.1897966738540412 
248 0.9471452362476603 0.25152649537159316 0.8696181670724784 0.16003865077025517 
249 0.9471452362476603 0.06696219832271626 0.8244414668251241 0.21335917184107434 
250 0.9471452362476603 0.21348163232943235 0.9053192169363073 0.12971484783443574 
251 0.9471452362476603 0.04347776366904587 0.8946682233353399 0.17220943706605257 
252 0.9471452362476603 0.2641413844489192 0.9039788034428226 0.13479463967140615 
253 0.9471452362476603 0.23175232825281555 0.8797449234828156 0.17499408047644785 
254 0.9471452362476603 0.1855956197027114 0.8414767370305553 0.21422462752682367 
255 0.9471452362476603 0.1869459348967738 0.8486679416368036 0.19852129830646442 
256 0.9471452362476603 0.4711105267494915 0.900539111611669 0.10918917843636096 
257 0.9471452362476603 0.32393391559153945 0.8552634032158625 0.17963887341247364 
258 0.9471452362476603 0.09549364290549028 0.833843304682468 0.2202810749994684 
259 0.9471452362476603 0.2857903001373081 0.8678568657840109 0.16282595461648164 
260 0.9507265546511476 0.33601129569195987 0.8885946389751639 0.1408884186470379 
261 0.9507265546511476 0.03307295150006372 0.8539602360355738 0.22191737244215454 
262 0.9507265546511476 0.0446558136199933 0.8505259621047989 0.21300397083790035 
263 0.9507265546511476 0.22658971681646578 0.8575540754019411 0.17862445495751317 
264 0.9507265546511476 0.35717567674011774 0.8814851834399658 0.13670684073006742 
265 0.9507265546511476 0.21340591604541956 0.870245304730789 0.1578547404982457 
266 0.9520359027101329 0.18641403314101332 0.8650573340090332 0.1845157635993144 
267 0.9520359027101329 0.2446301046392622 0.8590265526116474 0.18921998545032204 
268 0.9520359027101329 0.14282675360625735 0.8408004016437058 0.20845318459923723 
269 0.9520359027101329 0.2734208156958561 0.8692000224515126 0.1803470725472509 
270 0.9520359027101329 0.25807927449858814 0.8616966239976036 0.20284453979644246 
271 0.9520359027101329 0.1816999793306427 0.9159005949090591 0.13660953924719024 
272 0.9520359027101329 0.1836587254810667 0.9149482358497845 0.13921728587255824 
273 0.9520359027101329 0.05203671404309458 0.868410507109118 0.21921583698178657 
274 0.9520359027101329 0.18453751549563688 0.8669850278794655 0.19570970416140934 
275 0.9564262505486545 0.05300986209987007 0.8700160826855272 0.18981405825694148 
276 0.9564262505486545 0.11205843598689401 0.9183744968953468 0.127981998105414 
277 0.9564262505486545 0.5552440075772362 0.9232872922475419 0.07997705696574012 
278 0.9564262505486545 0.4430171885525827 0.9285667570126571 0.08928359525644182 
279 0.9564262505486545 0.04167768626755311 0.9018139107960693 0.190952236757171 
280 0.9564262505486545 0.23350846375774664 0.9124297526600902 0.14836706340160496 
281 0.9564262505486545 0.22589419084132056 0.898398928852687 0.16500048684157764 
282 0.9693131581471587 0.5022171252393803 0.9104289497760719 0.12230189152495828 
283 0.9693131581471587 0.4203116488705191 0.896960538142669 0.14511703912925847 
284 0.9754071118850712 0.1955732639312562 0.8407269253147844 0.22153421282648614 
285 0.9754071118850712 0.05335227161705847 0.8491602818452771 0.236830365636875 
286 0.9754071118850712 0.4308109566804333 0.9120177981333979 0.13182186460954373 
287 0.9754071118850712 0.029925450390244954 0.9041728190097443 0.18736118114744432 
288 0.9754071118850712 0.20889598535943973 0.8933022007758631 0.1845194689977133 
289 0.9754071118850712 0.06033847188541799 0.882188288766173 0.200357432479089 
290 0.9954858193467944 0.056417636624311554 0.8470676698864479 0.21939481251749762 
291 0.9954858193467944 0.19337890763562163 0.8904960484210099 0.17531562153686434 
292 1.019988645383734 0.24187021306849352 0.8826433878501894 0.18765945240683451 
293 1.019988645383734 0.08564966336315717 0.8676715449624434 0.23742057725270335 
294 1.019988645383734 0.05329632963164249 0.8975183931716493 0.19723172495943958 
295 1.019988645383734 0.03369667307961698 0.9037714507333866 0.19889153321817227 
296 1.019988645383734 0.03369667307961698 0.86318835878397 0.27757312123956185 
297 1.019988645383734 0.1838648357914026 0.911419378776128 0.20699777540806172 
298 1.019988645383734 0.39480010772319013 0.9477543093967533 0.15166319875516426 
299 1.019988645383734 0.26897651341214834 0.93526159526276 0.19662155135239334 
300 1.019988645383734 0.09003708543468024 0.8929500888061455 0.26116958604414786 
301 1.019988645383734 0.18511110708502435 0.9577101929181969 0.1916260649748044 
302 1.019988645383734 0.08400171711420014 0.9508656604166352 0.205016979445831 
303 1.019988645383734 0.5498681477450246 0.9938814544668028 0.08405347447137021 
304 1.0202153334053263 0.16305362604072857 0.938175356758417 0.20789909107465962 
305 1.0202153334053263 0.20670490214746592 0.9418161042169243 0.18274288340807324 
306 1.0202153334053263 0.11878996996998706 0.9351664283045541 0.20379172122166284 
307 1.0391696569505313 0.2098547228491674 0.9764671580195791 0.1321124349384054 
308 1.0391696569505313 0.3078859184313628 0.9551853478556775 0.1489588362943589 
309 1.0391696569505313 0.14079352037363596 0.9159364654784554 0.25018517496587045 
310 1.0391696569505313 0.04725493896246228 0.9029912894809768 0.2602458507131383 
311 1.0391696569505313 0.26759237480173137 0.9676916103725145 0.17218586009452397 
312 1.0391696569505313 0.1233107517224296 0.9421437090020036 0.22622100988342528 
313 1.0391696569505313 0.058797011546827295 0.8935203804136033 0.26411308020966834 
314 1.0391696569505313 0.20920310022994182 0.9466782485872345 0.19839884764699814 
315 1.0391696569505313 0.1071825288631965 0.9480054764435751 0.22680731596118925 
316 1.0391696569505313 0.0900982652656757 0.9734922258247712 0.19473647920682427 
317 1.044585087050413 0.37123805547531924 0.9858169256940955 0.15468423518029745 
318 1.046188289080854 0.1848814821925961 1.0050118969802766 0.13143837446320275 
319 1.046605812201769 0.25034510220771916 1.0036982216137784 0.12759220939870267 
320 1.046605812201769 0.4806494915262201 1.0171791825371195 0.08956817506749074 
321 1.046605812201769 0.19968216079556717 0.9569146585874446 0.2198585008355306 
322 1.046605812201769 0.31239878207716143 0.9845330810985177 0.17539767160661593 
323 1.046605812201769 0.029981516212539708 0.9694474851421779 0.2312167148562329 
324 1.0497896115503766 0.25811565516844365 1.0143988503712569 0.13479658485613266 
325 1.0497896115503766 0.034152663398017556 0.9810089039999319 0.20540864573968176 
326 1.0497896115503766 0.3119881485289522 0.9936284979891862 0.15840367067714461 
327 1.0497896115503766 0.33494906777383404 0.9734050041610338 0.17292187798953468 
328 1.0497896115503766 0.18624102762048958 0.977793889267542 0.18151007247210113 
329 1.0497896115503766 0.4937095918773058 0.9918179939961346 0.12997521120024969 
330 1.0497896115503766 0.04301258106445134 1.0123003242712099 0.1453370942531319 
331 1.0501527836123044 0.23831426574728862 0.9899301394595199 0.1787701901732113 
332 1.0501527836123044 0.23831426574728862 0.9445061374290246 0.23238401755468446 
333 1.050171223202937 0.20125466129643674 0.9580760201468307 0.20994388547175533 
334 1.050171223202937 0.21279300346054605 0.9708759858073409 0.18461227695685398 
335 1.050171223202937 0.06768548942355533 0.9559642115083294 0.2037272664032487 
336 1.050171223202937 0.27843559076566693 0.9554564362841172 0.1996732473025102 
337 1.0509215899281001 0.06051137396319283 0.9318287224826073 0.24857854016711048 
338 1.0509215899281001 0.19305250535827165 0.9930958567965084 0.1730360448987523 
339 1.0514362192546165 0.3251739252670824 1.0193986699482798 0.111836327241301 
340 1.0535562625125356 0.04328630017651455 1.0072225750871253 0.16946543371693645 
341 1.0535562625125356 0.3063878262817703 1.0135379909064952 0.12543229404459774 
342 1.053557074156009 0.4592323035744771 1.0212464912225896 0.1003643547181072 
343 1.053557074156009 0.34746776707110594 1.0227167798381807 0.11839529392176336 
344 1.053557074156009 0.2201849713839371 0.9861369882753969 0.20238975278786023 
345 1.053557074156009 0.3900130284465777 1.0357074650475695 0.09653574619683578 
346 1.0547061213289044 0.4496651107063933 1.025873424956475 0.11866181235691214 
347 1.0547061213289044 0.02914137296919412 0.9831603156265959 0.23177538712087478 
348 1.061964099116216 0.030365671375321358 1.0020947951704267 0.1820989970321322 
349 1.061964099116216 0.18623943932292028 0.9982514729775962 0.18193556710324416 
350 1.0637267201598144 0.33308577470960876 0.9971427701515446 0.17324823925801902 
351 1.0637267201598144 0.18970342173059251 0.9748190072381886 0.22294718849387238 
352 1.0637267201598144 0.36155870091716213 1.0045333741953635 0.15511473501939152 
353 1.0637267201598144 0.4872508490261994 1.0125227212513939 0.12124832787167453 
354 1.0637267201598144 0.028585859596891337 0.9812196558307694 0.2429117566843258 
355 1.0637267201598144 0.22541360255831572 1.0029370886176219 0.17487780020765578 
356 1.0637267201598144 0.24007604591191492 1.0015604966521348 0.18872932123667377 
357 1.0637267201598144 0.35886842862232576 1.0018513525059978 0.1721214957273163 
358 1.0637267201598144 0.2353242443085948 1.0116110733627257 0.15685805907434835 
359 1.0637267201598144 0.5918749593024959 1.0333699797472045 0.09683733855837225 
360 1.0637267201598144 0.07749640844297116 0.9993743390088166 0.18855002901633544 
361 1.0637267201598144 0.04845791199718381 1.0269375525673277 0.15743767923617483 
362 1.0637267201598144 0.2110715929500524 1.036720775486485 0.12535064056693845 
363 1.0637267201598144 0.3274044950777417 1.0328352466649695 0.11452456273871298 
364 1.0637267201598144 0.4422063211891745 1.0358203130446308 0.10763338043804709 
365 1.0637267201598144 0.3501339708650873 1.0257782049176178 0.1326364756538412 
366 1.0637267201598144 0.18932015285631218 1.0141063075905394 0.1756332845389045 
367 1.0637267201598144 0.07544795543781041 0.9548727797359127 0.2687696456585262 
368 1.0637267201598144 0.20830958224969792 1.013559661567169 0.1740600276176616 
369 1.0637267201598144 0.18239472601129497 1.0155614882377544 0.18820891439309856 
370 1.0637267201598144 0.3782151697507507 1.0222281152439208 0.15523639689166538 
371 1.0637267201598144 0.06765874097196573 0.9609306065625147 0.24820978939997318 
372 1.0637267201598144 0.4489151188632763 1.0190158658550312 0.1378421221288994 
373 1.0637267201598144 0.3911406522089944 1.049083699510549 0.09332961952380063 
374 1.0637267201598144 0.2196017023561445 0.9825467536937359 0.23105858350802277 
375 1.0637267201598144 0.07973553510884054 0.9772446477113367 0.24520777623174725 
376 1.0637267201598144 0.1822518225548846 1.0046684616119468 0.19686797386565866 
377 1.0637267201598144 0.4253846541402956 1.0342053597171765 0.12360889614314323 
378 1.0637267201598144 0.20361702653211874 0.9791091977363442 0.21222757563176306 
379 1.0637267201598144 0.08067984591710364 0.9800075542686421 0.22972446048422024 
380 1.0637267201598144 0.4765684813964589 1.0100716297116992 0.13963861467140293 
381 1.0637267201598144 0.253792314907829 0.9908178360833334 0.19220280449631472 
382 1.0637267201598144 0.23585636051486794 0.968479251952943 0.20829668970482973 
383 1.0637267201598144 0.20535623154065458 0.9559230306247224 0.2185968533828251 
384 1.0637267201598144 0.20535623154065458 0.923211178491036 0.2584462911196325 
385 1.0651382993060174 0.06478600355285598 0.9908543201761741 0.175748258443252 
386 1.0651382993060174 0.20052535788787965 0.9682807243579827 0.19317743189806563 
387 1.0651382993060174 0.041912822672729416 0.9943296617483502 0.20995915264866463 
388 1.0651382993060174 0.42837122143612977 0.9961306388140547 0.15480251055909433 
389 1.0651382993060174 0.31340466675710205 0.9836011840155616 0.1929809211356883 
390 1.0651382993060174 0.23525810024358834 0.9592020155784274 0.22063809115538757 
391 1.0674923411119515 0.08682074169259968 0.9494707285095207 0.2502794459157397 
392 1.0681713920222708 0.3021388288823117 1.0010288998771268 0.16657998546830446 
393 1.0681713920222708 0.15542682318801077 0.989960250953033 0.20821124190377888 
394 1.0685481988326233 0.1555056256996417 0.9553062954100215 0.2273486178089136 
395 1.0720142804743917 0.03003690816292157 0.9701809915373869 0.21123997221292165 
396 1.0720142804743917 0.0722514263487952 0.9876331114718785 0.22997427434035625 
397 1.0720142804743917 0.08785772524632646 0.997670235828019 0.20436238906790757 
398 1.0720142804743917 0.09288963380859083 0.9711677173458209 0.23389967525913957 
399 1.0730965583650212 0.6119177142939862 1.0281862225898117 0.10886816071325066 
400 1.0730965583650212 0.27849048752471295 1.012278392448223 0.15236755394841714 
401 1.0746615123987924 0.21765248653105357 1.0061110478669433 0.17869152283209813 
402 1.0746615123987924 0.3624990241354305 1.0282699406012683 0.134053738353501 
403 1.1015064482995123 0.622614516536379 1.0284204708968852 0.1066353922674968 
404 1.1015064482995123 0.18300470813957148 0.9986377089633574 0.18299115929180332 
405 1.1015064482995123 0.18300470813957148 0.9556295329782795 0.25503771264766856 
406 1.1021397158400394 0.185485580532361 0.9698027633704434 0.22468311779378905 
407 1.1021397158400394 0.2791736215049188 1.0134586071354525 0.18733559557249865 
408 1.1021397158400394 0.2775947266410952 1.0020321558090715 0.2101392626078164 
409 1.1021397158400394 0.1960399430048185 0.9749448827688391 0.24809639717339235 
410 1.1021397158400394 0.0327803432952434 1.013933591033638 0.24520936339724334 
411 1.1021397158400394 0.0653329315158889 0.992564892677539 0.27020033786664693 
412 1.1021397158400394 0.2676251546406588 1.044588745131241 0.18380952233995104 
413 1.1098618213143119 0.11803785504989056 1.0114007556354159 0.23416422659102523 
414 1.1108486958944186 0.21986283578348076 1.0410984141834227 0.16404451896672417 
415 1.1108486958944186 0.23334426368529365 1.0240021696047878 0.18095150546574684 
416 1.1108486958944186 0.6032725931081416 1.0758256991631183 0.08314403761871193 
417 1.1108486958944186 0.09203017800421119 1.0210432807368888 0.24354537327174175 
418 1.1108486958944186 0.08138327945710207 1.025726312851628 0.2349095621143821 
419 1.1108486958944186 0.1279972300413117 1.0267425576390243 0.23603424921338478 
420 1.1108486958944186 0.28839683727513393 1.0538654702603247 0.16349070345482264 
421 1.1108486958944186 0.18167465150497988 1.0496524569309238 0.17855994299106395 
422 1.1108486958944186 0.049259167220820035 1.062593598352863 0.1755805291667633 
423 1.1108486958944186 0.04837878954642722 1.0140227487654256 0.25370444882723225 
424 1.1114246775941694 0.8218167162124176 1.0994208677411677 0.04649571916125078 
425 1.111532196157537 0.29490480224072985 1.0665403215537543 0.16024153082235612 
426 1.1193762749135394 0.32608193675998765 1.0803113261517205 0.12412443460522109 
427 1.1193762749135394 0.2559560185894807 1.0623506703578172 0.1842946321149342 
428 1.1193762749135394 0.11203216544867613 1.0562389243873642 0.20593097763066034 
429 1.1193762749135394 0.0651946008040424 1.0640431481488826 0.1925148877402104 
430 1.1193762749135394 0.2556740046110969 1.070907890625916 0.1637055723423977 
431 1.1193762749135394 0.43279864821090436 1.069647494214898 0.14338634696749794 
432 1.1193762749135394 0.19357772317154748 1.0129848641975998 0.23280060050731644 
433 1.1193762749135394 0.18666822266178057 1.026460197983305 0.21784378087727882 
434 1.1193762749135394 0.07899221395627164 0.9964450036627993 0.25191292387334796 
435 1.1193762749135394 0.06807355660785921 1.0028866483231778 0.25547295394275227 
436 1.1201391360360138 0.09231843551094951 1.0563999006872655 0.19885235179173844 
437 1.1201391360360138 0.18850460231852867 1.0845465168495103 0.14449875496574657 
438 1.1201391360360138 0.18850460231852867 1.0575871340801184 0.17531169611572534 
439 1.1205401146511356 0.45566033346295254 1.0601871207021152 0.14468717293916347 
440 1.1205401146511356 0.7127283037592327 1.096526250871445 0.07815067025341818 
441 1.1229524428786493 0.7073816600207604 1.1034600672009385 0.07522264214437273 
442 1.1229524428786493 0.17941028503462583 1.0921991074135449 0.13928220189359886 
443 1.1229524428786493 0.35655558917420294 1.0803843205849215 0.14385966938820674 
444 1.122994218841901 0.8924600181748796 1.1139770070473203 0.03738004556222003 
445 1.122994218841901 0.03926440509543695 1.0647512027231831 0.21735575068877555 
446 1.122994218841901 0.7190438775851068 1.0885963500116722 0.09697615327716527 
447 1.1254564596836687 0.3638308214194991 1.0773220860076584 0.15292765997194127 
448 1.1254564596836687 0.14924038792756084 1.0580865375118056 0.22018101133779347 
449 1.1254564596836687 0.07753302135840508 1.0424948451101954 0.24658018277325153 
450 1.1254564596836687 0.28665645127435374 1.0957229301201497 0.1225438408211541 
451 1.134650331616653 0.28665645127435374 1.0938781014625962 0.12541524572606086 
452 1.134650331616653 0.12711180521825 1.0871012834726896 0.14990075829450114 
453 1.134650331616653 0.2223025578585622 1.0990333639232168 0.13066339310832092 
454 1.134650331616653 0.2223025578585622 1.0673439508937543 0.20292144172980944 
455 1.134650331616653 0.059100801530223235 1.039657626531595 0.27436987371784244 
456 1.134650331616653 0.23334918280113642 1.1120394623742462 0.12434178149572567 
457 1.134650331616653 0.07312001993128435 1.0246637637071905 0.2786900922345876 
458 1.134650331616653 0.07034371893237266 1.0776485788716799 0.19391707905547417 
459 1.134650331616653 0.18290795059790402 1.067994240198489 0.21245775358322438 
460 1.134650331616653 0.19720911824598036 1.0880820055036362 0.18466006119920664 
461 1.134650331616653 1.1208623381884546 1.1328995763859095 0.0038314514757803995 
462 1.134650331616653 0.4483238245403682 1.1198691077953267 0.0950265720051217 
463 1.134650331616653 0.0915968716824456 1.0922786072790323 0.19193293911345247 
464 1.134650331616653 0.5978867409843367 1.1139058744164425 0.10041468143438768 
465 1.134650331616653 0.16108831390062386 1.1015196324035985 0.15373668852274006 
466 1.1358926970411753 0.21379114446647393 1.0398705601813854 0.2519729801364387 
467 1.1358926970411753 0.21379114446647393 1.0716794322074812 0.2086629683925718 
468 1.1358926970411753 0.27810082942600356 1.076747730034314 0.17345261472556717 
469 1.1358926970411753 0.4477492848546535 1.0765803413973438 0.1585833362671711 
470 1.1358926970411753 0.20509431901857564 1.0831434401268103 0.18450234447281752 
471 1.1358926970411753 0.02917950865088354 1.1093918915078915 0.15580047970793542 
472 1.1358926970411753 0.20625011198446191 1.098277206621736 0.16677475517798962 
473 1.1361163821137494 0.29482159877654845 1.1192984937115915 0.1165865472800232 
474 1.1361163821137494 0.2992958379098293 1.10945812455888 0.12584345588454068 
475 1.1379779086148027 0.2992958379098293 1.1127239352141427 0.12410645099926017 
476 1.1386412699570263 0.22936181780235992 1.1033300691373762 0.16408422089625185 
477 1.1386412699570263 0.21296351088463714 1.1169640787322597 0.12833061755783684 
478 1.1395143387526905 0.18393836534801838 1.0816959529258752 0.20550239180464286 
479 1.1395143387526905 0.29984333585758355 1.0878661328622845 0.17143260419454578 
480 1.1395143387526905 0.33434865200779246 1.0907674537456578 0.1517248679853144 
481 1.1395143387526905 0.13260413181827696 1.0751697994409546 0.18480428909190455 
482 1.1395143387526905 0.4366375924917483 1.1077252633467412 0.11148538547727312 
483 1.1395143387526905 0.07699607789240517 1.0927184943614385 0.18510856956415253 
484 1.1395143387526905 1.0052551842658344 1.1300413335144184 0.025516468985483372 
485 1.1395143387526905 0.06270818080596476 1.0925744619049038 0.18569113583968494 
486 1.1395143387526905 0.32476172708528317 1.11309686905506 0.11647689085380168 
487 1.1395143387526905 0.21205894399265918 1.0868113664472365 0.18873213520089327 
488 1.1395143387526905 0.2553819054619298 1.0974403561904151 0.1656956085612123 
489 1.1395143387526905 1.1386412699570263 1.1394975489681582 1.210728580682344E-4 
490 1.1395143387526905 0.09712111052541006 1.1187457026005942 0.1445456778341721 
491 1.1395143387526905 0.4477507267932542 1.1246011462870749 0.09626460784553219 
492 1.1395143387526905 0.07272199942740383 1.1014500942611847 0.1837796691176861 
493 1.1395143387526905 0.30682044497536903 1.108669929690164 0.154082881089411 
494 1.1395143387526905 0.3132597265137171 1.1128680140737353 0.1338255977345259 
495 1.139629130481551 0.2922063993090269 1.110369256723718 0.14330099525185905 
496 1.139629130481551 0.32472569629441217 1.098287641800149 0.1663147297447044 
497 1.1402674629509761 0.18827847671548184 1.1071209389671843 0.15095020522673294 
498 1.1402674629509761 0.5801334017938585 1.114713305275769 0.10780555044090703 
499 1.1402674629509761 0.5402398111089717 1.1041694081829527 0.1313569206833921 
500 1.1402674629509761 0.2907571469280944 1.0976296193556228 0.17621273928152237 
501 1.1402674629509761 0.3146914625799907 1.1077418793404081 0.16020688222650914 
502 1.1402674629509761 0.3146914625799907 1.0929072364893315 0.16811397761563268 
503 1.1402674629509761 0.09332980322736285 1.108029110759991 0.16735272891684497 
504 1.1402674629509761 0.18990966805802378 1.1027674870107769 0.17584315357252223 
505 1.1402674629509761 0.07064136180596166 1.096074505446113 0.17700649488975287 
506 1.1402674629509761 1.042776053119889 1.1336618068354345 0.020829304482244595 
507 1.1402674629509761 0.11691409541477038 1.109730463151004 0.15639351932527631 
508 1.1402674629509761 0.21928783221187526 1.1052168432261638 0.15289863103634185 
509 1.1402674629509761 0.29501622828718255 1.0939333719501223 0.167007044667484 
510 1.1402674629509761 0.07371758694703118 1.0638842059520748 0.22105126180678666 
511 1.1402674629509761 0.10770949320285296 1.0598840442069306 0.22911169030215428 
