0 0.3786211539740429 0.06714674190528953 0.276571546667647 0.06711528329462427 
1 0.3786211539740429 0.15600200662763747 0.28582737600590996 0.06070202254754181 
2 0.3786211539740429 0.15560029079997448 0.2986824363213683 0.059245635592295856 
3 0.3786211539740429 0.02959144214893644 0.2978821813717251 0.07586488421056674 
4 0.3786211539740429 0.12964941775335703 0.30971934884510255 0.06874566680332965 
5 0.3786211539740429 0.15215400767832293 0.32342959851827546 0.05997992671416748 
6 0.3895448216188192 0.04952187535662282 0.32832930053484627 0.07015354036312024 
7 0.3895448216188192 0.08373089950617041 0.3199791369275526 0.0803812753096929 
8 0.3915234937961851 0.06351020033327535 0.3272428467532241 0.07129279699030372 
9 0.3915234937961851 0.1291434202171521 0.33082766629068383 0.06669568315743464 
10 0.3915234937961851 0.18543497385888383 0.34324639344026653 0.05667288774542257 
11 0.3932560085647753 0.047281113903798536 0.3455104565012751 0.06574967716434332 
12 0.39862873736642745 0.08892862404838013 0.3548035168634896 0.05568885259625533 
13 0.4108860187811912 0.06971162963223429 0.3605323526332178 0.06931654428127412 
14 0.42184333543444447 0.10528349375611865 0.3678755447463632 0.05517817389311805 
15 0.4331914815442739 0.18190264437409193 0.3669628484290683 0.053537861206913936 
16 0.4347277081244303 0.14061889191990218 0.3516886146546593 0.08007667982452009 
17 0.4364235116347692 0.18190264437409193 0.37032458071882285 0.0684675480341471 
18 0.4364235116347692 0.13374179408819542 0.3708566017671472 0.0736853773565026 
19 0.4425858375166916 0.18413763761636245 0.38254370674069393 0.061820131765871394 
20 0.4425858375166916 0.12151629029694826 0.37686149715495143 0.0701540890555022 
21 0.45163646594425527 0.0585825716746023 0.3812272338376044 0.08782360139207894 
22 0.45163646594425527 0.22411422798290367 0.3980223533684137 0.053230935116603664 
23 0.45163646594425527 0.21215932710789565 0.39191429538906714 0.05818958565924425 
24 0.45163646594425527 0.029491005547295952 0.37486041458921016 0.09193219618043973 
25 0.45163646594425527 0.03126042642476542 0.37917600637045645 0.10123147322174003 
26 0.46830719454424447 0.07322633669240897 0.38166870252486196 0.09503201047460257 
27 0.46830719454424447 0.15555498543199497 0.395344556627907 0.07784970918939958 
28 0.5130206804772707 0.03337670567681012 0.3806725563580142 0.10140522320529047 
29 0.5130206804772707 0.029675739897071576 0.3975402624068647 0.08479917484370474 
30 0.5130206804772707 0.17074318042041844 0.41256977085594715 0.08506604892518874 
31 0.5134737120471997 0.052106941977988645 0.4175562375233 0.09388912597639675 
32 0.5306848311185796 0.1879514105327787 0.4239925030331977 0.09204214166921357 
33 0.530689047601745 0.037686191400802184 0.4209729568210214 0.11201292932978751 
34 0.530689047601745 0.11219069692047993 0.4467353516810671 0.09993662060060211 
35 0.5306987779423832 0.053180749107970646 0.43841947490877925 0.1228773244449277 
36 0.531100549056363 0.052255551343229546 0.4387329467933974 0.11638403193545 
37 0.531100549056363 0.2654419540635843 0.4585452704269099 0.08028507358445214 
38 0.5391074379948226 0.04028697380881638 0.4280010299746872 0.1332492150991683 
39 0.5458091787059964 0.07611157497020782 0.45639350621094416 0.10197921020901834 
40 0.5599437643919072 0.1506225337068802 0.47462450945356294 0.08292158521654502 
41 0.6015900737631644 0.059494952136106005 0.4645957322911718 0.10039530590537937 
42 0.6015900737631644 0.24997274503589284 0.4744375717667576 0.09193016087298357 
43 0.6026130647463209 0.09286473328777707 0.4579208913816259 0.12860404423936395 
44 0.6234252720487284 0.15426896560340342 0.4834449972314859 0.11826032640209044 
45 0.6397252409878439 0.07396596038316769 0.516605038606479 0.10515915574022588 
46 0.6397393636347882 0.07381207580869144 0.48722817095388693 0.1395905138632095 
47 0.6397393636347882 0.18241175273879248 0.4976056960356956 0.12564354205783132 
48 0.6397393636347882 0.04947240379351358 0.5190810678831568 0.14528485709885322 
49 0.6553519098415426 0.045665780319238236 0.503406886210609 0.16212357710062636 
50 0.6553519098415426 0.029753155215396246 0.5222535679387544 0.14494827131025592 
51 0.6553519098415426 0.09084068390918466 0.533605229171626 0.1581724864965923 
52 0.6553519098415426 0.20315255242267458 0.5615244621354889 0.12982564200794067 
53 0.6553519098415426 0.028463010300774746 0.5496086565164064 0.14162448625578677 
54 0.6553519098415426 0.13112736672877423 0.5602589374932769 0.12579832386039247 
55 0.6553519098415426 0.1810388984853844 0.5648004224360386 0.13910960673293352 
56 0.6638453686256001 0.11814702945139209 0.5737669040065233 0.1321864014507777 
57 0.6638453686256001 0.05366745999072853 0.559884496712207 0.13656489638040428 
58 0.6649738605702754 0.04457213149618869 0.5519318656688191 0.16744900609239416 
59 0.6649738605702754 0.11214597606858258 0.5642200465786337 0.14099499800663706 
60 0.6649738605702754 0.04813084726246551 0.5735349593708448 0.13832820636877197 
61 0.6649738605702754 0.03943247792151894 0.5533094348850698 0.15619873651965088 
62 0.6649738605702754 0.03197383400328639 0.5538457044194212 0.15700576660266766 
63 0.6822952382972512 0.23576997290016796 0.5926207174990716 0.11902752296146611 
64 0.6822952382972512 0.19508199461750558 0.6020910406420386 0.12157053036221409 
65 0.6840340710934047 0.16774627829235775 0.5858469121423696 0.14339765947373004 
66 0.7065802399852146 0.23092451727812255 0.6102322654762877 0.12350986378155696 
67 0.7065802399852146 0.2362891402462059 0.6140612190698218 0.12091253340413871 
68 0.7065802399852146 0.07779851199132536 0.5684269593099016 0.16089922040974222 
69 0.7527128983482272 0.21730911312879983 0.6021668036946574 0.13606227316403444 
70 0.7527128983482272 0.09414589634849226 0.6247907853255926 0.12494326925114513 
71 0.7527128983482272 0.12192090444197698 0.6195453384653261 0.1447216309000204 
72 0.7839507310036552 0.1377314188886454 0.6076801634426165 0.17032509287894368 
73 0.7839507310036552 0.16238440016306363 0.6156316558787404 0.16824872432540872 
74 0.7839507310036552 0.08145599874370735 0.6544610476162187 0.15585269572222266 
75 0.7839507310036552 0.28094661997685194 0.6839768020984867 0.11340171828620647 
76 0.7839507310036552 0.08126786303134315 0.607836209209365 0.2172282373184858 
77 0.7839507310036552 0.044156156436748306 0.6338670481773773 0.20006222791363823 
78 0.7839507310036552 0.2127622763450407 0.6681825799473372 0.16768640560041256 
79 0.7839507310036552 0.20890272648581276 0.6852641783466653 0.15853694798052476 
80 0.7839507310036552 0.24829629277473766 0.6830811540462792 0.1736151006237263 
81 0.7839507310036552 0.21762664836596385 0.725142328147827 0.1288161387275406 
82 0.8001009124178619 0.1649054323359402 0.7253317529771868 0.1370776737401459 
83 0.8001009124178619 0.1937756665155763 0.6917100456069326 0.17461446131730335 
84 0.8001009124178619 0.1664067074603551 0.6969282865434754 0.17961424997668643 
85 0.8001009124178619 0.18397324587274913 0.7036833682675264 0.163127317527398 
86 0.8076801085361334 0.054748939138000705 0.6628323997822728 0.18674495761268242 
87 0.8076801085361334 0.06990800496099313 0.6765307009665364 0.18937844672528184 
88 0.8076801085361334 0.036705189217039046 0.666502080525526 0.21213308509474066 
89 0.8091560369816703 0.09360256368107152 0.6893168662814355 0.1985731848131603 
90 0.8127044649672057 0.10311687370346966 0.7031090679662361 0.19855421033247467 
91 0.8127044649672057 0.20850500804789376 0.7006110686783789 0.1782733418893815 
92 0.8329675143533584 0.05368304971909952 0.7235502120701695 0.17084901356568974 
93 0.8329675143533584 0.02897312104832297 0.6815679962900748 0.21614597200681662 
94 0.8329675143533584 0.23634673811456078 0.7318046823849562 0.14499016919238766 
95 0.8329675143533584 0.23784414587130065 0.7267303857179083 0.16812741393694194 
96 0.8329675143533584 0.33281664955768175 0.7615338834028382 0.11576155989000382 
97 0.8329675143533584 0.3091319126572029 0.7353188204325677 0.14451365017806775 
98 0.8329675143533584 0.22277054679446437 0.7348773408587438 0.16998254783054106 
99 0.8340274604200592 0.20732058581789398 0.7330886036262191 0.1730762711516705 
100 0.8340274604200592 0.2880239163487823 0.776192684333165 0.12343037006443328 
101 0.8340274604200592 0.03966128117358954 0.7307975871373699 0.20303842492290916 
102 0.8340274604200592 0.18722640109980698 0.7339849328785477 0.18988905259596395 
103 0.8340274604200592 0.03072233135916706 0.6691934386974643 0.2541503718183833 
104 0.8340274604200592 0.24875716495539382 0.75779788598129 0.1518683772916783 
105 0.8340274604200592 0.2654808196065995 0.6996442551112332 0.20213893605246264 
106 0.8340274604200592 0.0653437237306046 0.7161939798013454 0.20651430166480403 
107 0.834382406632096 0.03145675149826662 0.7315988440103673 0.19298298849079643 
108 0.8360126626153409 0.03906917211810462 0.7461068445288375 0.19257575445747047 
109 0.842077645223681 0.19136561092651944 0.7546641871882228 0.17699384403621282 
110 0.842077645223681 0.030029693395758388 0.7493431488356767 0.19058055156729561 
111 0.842077645223681 0.19407404982573498 0.7854219426678164 0.1397095249037442 
112 0.842077645223681 0.12471423382658316 0.7734143346173845 0.1476441818315996 
113 0.8429887772216413 0.18531750735520935 0.7515215672909383 0.1837220297518774 
114 0.8429887772216413 0.18531750735520935 0.7159666882786018 0.20008186702319364 
115 0.8550079299832066 0.18471342258035706 0.7105974019077484 0.20772124375008336 
116 0.875532971079796 0.20043198588611333 0.7544070485746166 0.18077039350643778 
117 0.875532971079796 0.43349658471843155 0.7821562593652979 0.1379993324235684 
118 0.875532971079796 0.12149607282123252 0.758161314190309 0.1914924577817509 
119 0.8813519139892371 0.1037210926440207 0.7237954078182974 0.20575286323993702 
120 0.8813519139892371 0.19269271075375174 0.7565256759623618 0.18859871460185676 
121 0.8813519139892371 0.2565733380262093 0.7844809483559688 0.16780201332642217 
122 0.8842205823519589 0.055143031332816166 0.7460785027044269 0.203533549249954 
123 0.8842205823519589 0.25134146686729153 0.7847311937372579 0.16560598878953642 
124 0.8842976107902049 0.19170924865841613 0.7943273290441257 0.1801930024013298 
125 0.8842976107902049 0.05645159175394612 0.7797152435929237 0.21718142753757622 
126 0.8910144321638364 0.4770521115363136 0.8386643424953255 0.09630790097483753 
127 0.8910144321638364 0.22442643836303755 0.8094327991183097 0.17539837442858572 
128 0.8910144321638364 0.1822066316187762 0.7752279958153885 0.21456466940765778 
129 0.8947015797050587 0.15986879420828046 0.8068059300088735 0.1981868919921338 
130 0.8947015797050587 0.09006874313707375 0.7853072112359331 0.22487680795419152 
131 0.8947015797050587 0.24709063659737027 0.8150735306248211 0.166528356744909 
132 0.8988204468673656 0.06795041945476345 0.8024561740752397 0.21750190163256874 
133 0.8988204468673656 0.25086637414898927 0.8241943007325699 0.17435973068425611 
134 0.8988204468673656 0.042656016318319334 0.7568056598843987 0.25514576537601485 
135 0.9000628248766033 0.18977019822555558 0.81029992220809 0.1793525501042569 
136 0.9036664019070355 0.21426596515529395 0.8371563437771953 0.16561760530141223 
137 0.9036664019070355 0.08667409218640633 0.7767631424208131 0.22755152639405185 
138 0.9036664019070355 0.2603878746305638 0.8313945859672738 0.1565820062809279 
139 0.9398919829209329 0.1578711310488682 0.8020629823434222 0.21241263655417444 
140 0.9426224481607074 0.2132946186505146 0.8257281167602059 0.14788853036500266 
141 0.9514882615218839 0.05711693727562547 0.8047966686359216 0.20826321531565678 
142 0.9514882615218839 0.3154868877693317 0.8726469828599825 0.1274991522390415 
143 0.9514882615218839 0.10535294540694963 0.8242610446977661 0.2208484088904087 
144 0.9514882615218839 0.028492371923795223 0.8004682299546129 0.23161487139307035 
145 0.9515177974267222 0.1301180753098088 0.8314914082336617 0.21740002134546998 
146 0.9515177974267222 0.12219734400854962 0.8644797044749188 0.2040798473943964 
147 0.9515177974267222 0.22432145853242733 0.8845683944506582 0.17090815500823683 
148 0.9515177974267222 0.27607821034744406 0.8892734219039267 0.14426273230505698 
149 0.9515177974267222 0.1835573441392697 0.8756949309777752 0.18718531057126675 
150 0.9579433364288888 0.048092294810475174 0.8479333354540513 0.218898231432456 
151 0.9650502096949348 0.1981808509329425 0.8996549984851214 0.15695509246344286 
152 0.9650502096949348 0.0485864157907854 0.8537036121460676 0.23143132534495803 
153 0.9650502096949348 0.16620944231278384 0.8794162528764569 0.18946181549814273 
154 1.0010550501887505 0.2610369971723968 0.865600490998278 0.1862912075518166 
155 1.0010550501887505 0.28601859422531745 0.8465629530727458 0.20038228204191738 
156 1.0010550501887505 0.18649781814499478 0.8326118207523366 0.21984326754158937 
157 1.0020364235934642 0.18758599862235237 0.8824482492638119 0.19975161535840175 
158 1.0020364235934642 0.19754872060709883 0.9067684089218029 0.18794376424039785 
159 1.0020364235934642 0.42839299961230093 0.9326664881740153 0.13909530267169357 
160 1.0020364235934642 0.23335299746193497 0.9243736664192893 0.1623279948575688 
161 1.0020364235934642 0.19486283902566096 0.8998196170225119 0.2059966398355087 
162 1.0084161261175637 0.09184603159142801 0.8661032717606992 0.26030722235671844 
163 1.0084161261175637 0.22072346568092008 0.9082865809064129 0.21426108587855527 
164 1.0084161261175637 0.08451990665130303 0.8967921950181748 0.23314835767437272 
165 1.0094338763490196 0.203657068997843 0.9332482291314433 0.17443469468162265 
166 1.0094338763490196 0.08857113897173538 0.898899053223999 0.21555132326326182 
167 1.0094338763490196 0.3314658283085956 0.9230289360449555 0.15518945030670664 
168 1.0094338763490196 0.2234241762651287 0.9111444874786844 0.1919541365601142 
169 1.0094338763490196 0.13747884276302674 0.882038516277655 0.2324660585499896 
170 1.0094338763490196 0.06752808386826491 0.8744068005828721 0.2512906043877442 
171 1.0094338763490196 0.035869504098613135 0.8752319795728462 0.2722794106348711 
172 1.0094338763490196 0.3931680363414994 0.915564422251639 0.18028221835383768 
173 1.0094338763490196 0.09232922969371975 0.8783018014202886 0.2634965027722439 
174 1.0094338763490196 0.2545394317899642 0.9303374955466445 0.17235830833358895 
175 1.0094338763490196 0.09621466925422971 0.9209720165295393 0.2139373872634038 
176 1.0094338763490196 0.19741803133839753 0.9018024960008731 0.23866243055616412 
177 1.0094338763490196 0.054872628466282575 0.9496347843755083 0.16860941387290015 
178 1.0094338763490196 0.18619901134665703 0.9136951201485916 0.22371682082416242 
179 1.0094338763490196 0.6883975383087229 0.984420201905574 0.05664300858439882 
180 1.0094338763490196 0.052083166304387495 0.9505386149068843 0.16697649364915979 
181 1.02070875829401 0.7105442820225101 0.973592736668289 0.07455300718059857 
182 1.02070875829401 0.19805044344383396 0.9240391215354679 0.20023372033869777 
183 1.023247029055151 0.08367424793144429 0.9159847088788009 0.2255393965695961 
184 1.023247029055151 0.26456836070507644 0.9569272874915178 0.16327425544091237 
185 1.023247029055151 0.22007911574486802 0.945335649318873 0.20225288301196517 
186 1.023247029055151 0.2031131732954286 0.9654432338530337 0.1830473353224952 
187 1.023247029055151 0.36945168324596916 0.9729820598318976 0.14397394394704177 
188 1.023247029055151 0.06513196060425007 0.9614467878529049 0.18116611495132168 
189 1.0263440528956376 0.2043262269166317 0.9418948678130177 0.20646157946219246 
190 1.0263440528956376 0.1074976634312323 0.8812412815937377 0.27753267622001826 
191 1.0263440528956376 0.37135370072393314 0.9488727983443084 0.1770699102813044 
192 1.0263440528956376 0.18950994536947485 0.9543455557280145 0.19270848863865697 
193 1.0263440528956376 0.48107301862951796 0.9993963014362764 0.09336805846263392 
194 1.0263440528956376 0.04354533295972915 0.9557878922664499 0.19244394888835825 
195 1.0263440528956376 0.18117659183596768 0.9172660925615878 0.23317634672633716 
196 1.0263440528956376 0.2912137695504049 0.9356343665508333 0.19836237414827942 
197 1.0263440528956376 0.27254804207997907 0.9694482322838444 0.15742576652552287 
198 1.0263440528956376 0.23636843860427617 0.9668387865675006 0.17797146899596614 
199 1.0263440528956376 0.2584931767775147 0.9705520596744679 0.18077109975919683 
200 1.0263440528956376 0.22476875178868355 0.940062987573213 0.21247488197870779 
201 1.0263440528956376 0.07977154633660725 0.9199669479425747 0.25869616154291125 
202 1.0263440528956376 0.2835432235366326 0.9544989323750376 0.19245003744824352 
203 1.0263440528956376 0.19073016965828488 0.9357172645076062 0.20578402125199682 
204 1.0263440528956376 0.09593731785941025 0.9635364208779689 0.18662435196448102 
205 1.0263440528956376 0.14437968943475626 0.9272293605653229 0.2481395335628153 
206 1.0263440528956376 0.1997495047704106 0.9209833076419357 0.23545497135924978 
207 1.0263440528956376 0.10819534137590472 0.9575796674274604 0.19982661763973383 
208 1.0263440528956376 0.09606360159069319 0.9598363381438624 0.19594692839111486 
209 1.0263440528956376 0.20327744652788926 0.9293740181559772 0.2232484640061555 
210 1.0263440528956376 0.03365593970800658 0.9223976285385618 0.2600434903676745 
211 1.0263440528956376 0.2641511137932553 0.9494721391050671 0.20240754061450678 
212 1.0263440528956376 0.35417393522632346 0.9759719667592006 0.15529279888395053 
213 1.0263440528956376 0.23207438326947266 0.9359531926141474 0.21926277894228802 
214 1.0263440528956376 0.37926252000676336 0.9697786329556787 0.15449748707658886 
215 1.0263440528956376 0.11589832057586393 0.9409419145799531 0.2226847471398836 
216 1.0263440528956376 0.1571424907905815 0.9560548064390809 0.20348264815412195 
217 1.0263440528956376 0.4706643581519269 1.0049387268343812 0.10051175855243936 
218 1.0263440528956376 0.23981402786540681 0.9511263356389752 0.19967337585185166 
219 1.0263440528956376 0.20291254272662096 0.9560574047977506 0.18288207534913412 
220 1.0263440528956376 0.26553519753966803 0.9240080672495742 0.2186609858933995 
221 1.043544003233174 0.0678842875479605 0.900392707674379 0.2500094631687458 
222 1.043544003233174 0.21208731683823126 0.9397315321454209 0.19591731376548857 
223 1.043544003233174 0.3672177017198959 0.9510485187799534 0.17090434471136393 
224 1.043544003233174 0.03498078654134754 0.8940549388027816 0.26958057496440735 
225 1.043544003233174 0.03427320668963432 0.9142643610249568 0.26380235898792226 
226 1.043544003233174 0.14754579788439853 0.9213748887520864 0.25703932179795946 
227 1.043544003233174 0.1931890855642062 0.9667013924122329 0.19752166455892267 
228 1.043544003233174 0.09636512943557746 0.9829188478057767 0.19995450358748465 
229 1.043544003233174 0.042240118466628576 0.9595947765153868 0.24653186078702805 
230 1.043544003233174 0.14982862633597213 0.9291666628930331 0.27034720030448756 
231 1.043544003233174 0.08383482855326467 0.9463416447088809 0.20776904809523788 
232 1.043544003233174 0.04322962036730122 0.908338430464905 0.27667298150488795 
233 1.043544003233174 0.09166675465362314 0.940938591320162 0.21805141979350612 
234 1.043544003233174 0.2915637703837057 0.9410649429102882 0.20344769685348935 
235 1.043544003233174 0.05394240693095302 0.9465791874807743 0.2412974316830263 
236 1.043544003233174 0.1250776316816493 0.8989553226583362 0.2790565884918904 
237 1.043544003233174 0.16541930700976332 0.909532679612515 0.2674460952989652 
238 1.043544003233174 0.05224635953505422 0.9010705054564009 0.2877376238200797 
239 1.043544003233174 0.05224635953505422 0.9700027938821825 0.21307456163936042 
240 1.043544003233174 0.03500265934927944 0.9785610691970006 0.19689181454908267 
241 1.043544003233174 0.10194507504835823 0.9436031984258666 0.24755777161856604 
242 1.043544003233174 0.41398889134529865 1.008769698101014 0.11575613116884283 
243 1.043544003233174 0.2546842839100245 0.9634180196634815 0.20112465751298456 
244 1.043544003233174 0.08725494859201213 0.9892718151715444 0.17759494859351607 
245 1.068905824891055 0.3605202606265136 0.9884083584986192 0.1477965579830736 
246 1.068905824891055 0.20473632045272422 1.0037162333888174 0.16321650642695637 
247 1.068905824891055 0.6555525614854723 1.0258696584695293 0.08021921162524993 
248 1.068905824891055 0.5253023465431369 1.017842167366538 0.11584051379453755 
249 1.068905824891055 0.22433349466320346 0.9744477651264886 0.20930537167300609 
250 1.068905824891055 0.2824589658577422 1.0045220340393561 0.16573744085595402 
251 1.068905824891055 0.04914146385472693 0.9805082598817534 0.23659887286715525 
252 1.068905824891055 0.17609446744920965 1.0097275994329846 0.18420305902065215 
253 1.068905824891055 0.17942321178768958 0.9628916258540658 0.23542001991121286 
254 1.068905824891055 0.17942321178768958 0.9757038086153893 0.22957550217100253 
255 1.068905824891055 0.25432768184010196 0.9684824319371421 0.22378732706879756 
256 1.068905824891055 0.15909826981460481 1.0076669207463398 0.19844515333407275 
257 1.068905824891055 0.15909826981460481 1.03165367162748 0.1572269229454803 
258 1.068905824891055 0.028254645458852746 1.0009964121086008 0.21265089570363443 
259 1.068905824891055 0.061525636389267606 1.0238744120848984 0.17439772163171935 
260 1.068905824891055 0.2429136450856552 0.9863345720340397 0.21668667260702176 
261 1.1156359714002462 0.07534134279591383 0.9876850448010942 0.2244459308347777 
262 1.1156359714002462 0.07135842132831814 0.9843089222362014 0.23769071793585128 
263 1.1156359714002462 0.21522230498598752 1.0289270449980905 0.17085670382635104 
264 1.1156359714002462 0.46019400644581304 1.035098588645239 0.14665246380110653 
265 1.1156359714002462 0.5407804873330032 1.0406113197953568 0.12762186971922965 
266 1.1156359714002462 0.4785289690814225 1.0645610657980122 0.10993777879616361 
267 1.1156359714002462 0.3084312281544949 1.0579386660989778 0.15544283312613044 
268 1.1156359714002462 0.34842041427597614 1.0395273854982154 0.18942710821537834 
269 1.1156359714002462 0.19219834261109703 1.020251945294147 0.22181433181954893 
270 1.1156359714002462 0.4498854384758603 1.0668521854549715 0.13502113020985906 
271 1.1156359714002462 0.23712460126986823 1.0437831832092042 0.19045611245279415 
272 1.1156359714002462 0.3025049074269208 1.0742806538291478 0.15151378712714908 
273 1.1156359714002462 0.2445768277661225 1.0548090780505102 0.19424584284354862 
274 1.132618865283827 0.23779517749827375 1.0675348898706505 0.17234764771131017 
275 1.132618865283827 0.11071153216662881 1.0333499223045775 0.24247472955486005 
276 1.132618865283827 0.11071153216662881 1.0746468777675031 0.16786922448369784 
277 1.132618865283827 0.31952609320959663 1.0780800728613762 0.14899674800848745 
278 1.132618865283827 0.0412472622250469 1.0699047550239416 0.20958617043042752 
279 1.132618865283827 0.08617005200916558 1.0487384691075037 0.2261149135632236 
280 1.132618865283827 0.15612781293805136 1.0569215812624981 0.22153920711850475 
281 1.132618865283827 0.36655390246401415 1.0343377984201274 0.2190619143267311 
282 1.132618865283827 0.21274812087244863 1.0622578729930885 0.2039480364914498 
283 1.132618865283827 0.16319079283705037 1.0266696418276433 0.2595451154170237 
284 1.132618865283827 0.13864580207066354 1.0333771289436477 0.2678416472468085 
285 1.132618865283827 0.23099423450071355 1.0581088693775675 0.19791407104907408 
286 1.132618865283827 0.20610548403394877 1.0364899948198514 0.2207061054499385 
287 1.132618865283827 0.20981003820720548 1.0501321916383395 0.21917925725829915 
288 1.132618865283827 0.2694038773581537 1.04719145578155 0.2174257127027387 
289 1.132618865283827 0.048399734960382704 1.0222123768217237 0.2753299869444363 
290 1.1402885485643657 0.18677193159711022 1.1007663720182044 0.14422044825532077 
291 1.1648169961822923 0.18669849138780167 1.0929140759556657 0.15570824731574903 
292 1.1648169961822923 0.2581722092830574 1.0615857637273125 0.21254747104229196 
293 1.1648169961822923 0.1830141963356193 1.0684641917653088 0.21400258232318284 
294 1.1648169961822923 0.19247671225013405 1.0685356297803255 0.20936765792873038 
295 1.1648169961822923 0.1552967487753646 1.0463024618387846 0.25022225753136645 
296 1.1648169961822923 0.029381934652441603 1.0578645873890944 0.2593518567900188 
297 1.173378025666031 0.18713596434375324 1.0695608014546338 0.2265884852628938 
298 1.173378025666031 0.18360184870454316 1.0982931158517268 0.2056570089117885 
299 1.173378025666031 0.21984292352485485 1.1037450855666915 0.17316504986870324 
300 1.173378025666031 0.3724521833150649 1.1272638202598289 0.1316345841060732 
301 1.173378025666031 0.19877358350649513 1.116569902290452 0.18091051703505479 
302 1.173378025666031 0.4148163263036992 1.1367912339662727 0.12718664441623437 
303 1.173378025666031 0.19980485610794396 1.1048108237202159 0.1928499424733964 
304 1.173378025666031 0.22873730514467977 1.1240274546568567 0.17864281747539829 
305 1.173378025666031 0.03013854040205792 1.1190205944462275 0.18583368496850833 
306 1.173378025666031 0.7309123792174448 1.1495602972135635 0.07007226769076372 
307 1.173378025666031 0.10480678613173705 1.1284625262151236 0.18767125526034203 
308 1.173378025666031 0.5730450463009288 1.1561421488691221 0.08502272999854917 
309 1.173378025666031 0.1636299246455742 1.1198411593571123 0.2063301681635448 
310 1.173378025666031 0.04562471841973294 1.0947137959563635 0.2499586604032896 
311 1.173378025666031 0.1920801376369278 1.1021130709588334 0.2314515163418332 
312 1.173378025666031 0.3552536782039047 1.139188910555648 0.14149125663457315 
313 1.173378025666031 0.21086500660915264 1.1243564687689338 0.17292154834910153 
314 1.173378025666031 0.10975812484709961 1.1407628518829607 0.1618721837074686 
315 1.1735957028746544 0.3077919555175633 1.132753503401003 0.16537392431254938 
316 1.1735957028746544 0.2882048492235684 1.1500645168470902 0.13006106526590855 
317 1.1735957028746544 0.35737703949745253 1.1184293020347948 0.19027904675188706 
318 1.1763665315106737 0.3055158799823416 1.134716914855883 0.16560509939941975 
319 1.1763665315106737 0.3552254281108896 1.1237063030106715 0.19184101869396414 
320 1.1763665315106737 0.20297146996935353 1.0911295942500072 0.2483868907655261 
321 1.1763665315106737 0.3571726225772665 1.1336020687520771 0.1626013696517924 
322 1.1763665315106737 0.4136199403738037 1.1093300480233976 0.1713006996261763 
323 1.1763665315106737 0.515235313381977 1.0886585689373798 0.17655993238802611 
324 1.1763665315106737 0.6162558556076921 1.0917052529939926 0.15894580667539543 
325 1.1763665315106737 0.5583721110474672 1.103297346218223 0.1456400355422327 
326 1.1763665315106737 0.22878518628533911 1.0900173312130215 0.20870067461355643 
327 1.1763665315106737 0.590458200000586 1.1405339553061231 0.11164253508213953 
328 1.1763665315106737 0.4509829766672782 1.1295205435390638 0.14422974245036668 
329 1.1763665315106737 0.09796527219282293 1.0872826626057719 0.2710708622284865 
330 1.1763665315106737 1.073605469130733 1.1741030009029207 0.014237527114495135 
331 1.1763665315106737 0.39270628266108837 1.1611811995772339 0.10865941970780349 
332 1.1763665315106737 0.27089278708493214 1.1289023576649284 0.18129537524803913 
333 1.1763665315106737 0.3201129197455143 1.1195879606195538 0.19190908921646918 
334 1.1763665315106737 0.3201129197455143 1.0969744040176532 0.2135437627492253 
335 1.1763665315106737 0.2552397975252176 1.131694745749631 0.16512212827527775 
336 1.1763665315106737 0.15123653613576962 1.0824447166324171 0.2519935487527651 
337 1.1763665315106737 0.15123653613576962 1.1099998746451776 0.2252544317443305 
338 1.1763665315106737 0.15123653613576962 1.1191856578646366 0.2117618839152044 
339 1.1763665315106737 0.23184146580590614 1.1281393370086032 0.16023331449215228 
340 1.1763665315106737 0.3226303994641781 1.1461231367616593 0.13215330238821466 
341 1.1763665315106737 0.6547281950184035 1.1465102347462368 0.10925612322195531 
342 1.1763665315106737 0.1742001829617912 1.133270067338665 0.16228998144220133 
343 1.1763665315106737 0.06412621131394311 1.1476369071233843 0.15747192924998385 
344 1.1763665315106737 0.5348036027536293 1.1513959482783476 0.10416786543230713 
345 1.1763665315106737 0.5348036027536293 1.1386711617514034 0.12962028415100216 
346 1.1763665315106737 0.4276024181636844 1.1314063790427458 0.16031543548139554 
347 1.1763665315106737 0.4276024181636844 1.1517462058977794 0.12615054584352214 
348 1.1763665315106737 0.644873712987167 1.156614774020113 0.09978562312049792 
349 1.1763665315106737 0.5728327532334287 1.150487488553078 0.11165826060921837 
350 1.1763665315106737 0.1818476175892164 1.1056054086036167 0.21301014022730266 
351 1.1763665315106737 0.23239737740450161 1.133491233768268 0.17859965962667787 
352 1.1766843887577114 0.3673630994691874 1.1150611468099965 0.19570165881526427 
353 1.1766843887577114 0.3673630994691874 1.1016451819663517 0.21490736814483977 
354 1.1766843887577114 0.6238835429306364 1.137945761104387 0.13526648891260246 
355 1.1766843887577114 0.18939062363071293 1.0941980910875562 0.24271852023762175 
356 1.1766843887577114 0.18939062363071293 1.1350957491872136 0.16557143628832682 
357 1.1766843887577114 0.0790889130612263 1.146441221664893 0.16446688748787194 
