0 0.3786211539740429 0.18183982513633667 0.27993331093211354 0.05671342023535562 
1 0.3842311748442399 0.037910342382595046 0.28315825716545523 0.08401917605934738 
2 0.3842311748442399 0.044689820402225834 0.29839198177266996 0.07834220730048727 
3 0.4137769816837598 0.07385996315080838 0.31092747225969136 0.07786332063111193 
4 0.4137769816837598 0.04368779444576942 0.3030970039320055 0.086040581031379 
5 0.4255312916483531 0.05128862677457073 0.31947031881977495 0.08812362669846109 
6 0.4255312916483531 0.037792898372474376 0.33429737686965194 0.09163725220977455 
7 0.4255312916483531 0.1190560770939769 0.3439165044788703 0.07454663192008741 
8 0.42637358798481306 0.028505714330084444 0.3574559493945918 0.08266588286661865 
9 0.434832999003707 0.028587823187620327 0.36898218904114544 0.07721201102553679 
10 0.434832999003707 0.10718675058225624 0.3562701231121584 0.0784346563280316 
11 0.434832999003707 0.030433520569941183 0.3768402587440934 0.07041125987214536 
12 0.434832999003707 0.2251949040027871 0.38443792217963313 0.05581780476272967 
13 0.434832999003707 0.03253042067958348 0.36982684525342396 0.08830448894246624 
14 0.44135011550889747 0.04178525702663422 0.36902916087145815 0.09187484194200755 
15 0.44135011550889747 0.028543101507454545 0.35250125287195677 0.11479542923845765 
16 0.44135011550889747 0.18804044716380203 0.3882426520446693 0.06412023496910017 
17 0.44438831035995574 0.0440064209423614 0.4002516374060798 0.06727795892411136 
18 0.44438831035995574 0.061466671602465765 0.39560315247012495 0.06909972323251194 
19 0.44438831035995574 0.06603078381684094 0.3736731901927834 0.09689035995267013 
20 0.44438831035995574 0.0290472583215222 0.37162576497656613 0.09598051401983644 
21 0.44438831035995574 0.18313814928994127 0.37909049201831535 0.07835869285689669 
22 0.44438831035995574 0.18232472553334378 0.39389740821789243 0.06652033098833349 
23 0.4466163088607567 0.039983496933654626 0.39081655241634955 0.07882019376832743 
24 0.4466163088607567 0.2120705288276403 0.39787747115772026 0.06711230535077384 
25 0.4466163088607567 0.2563137405160579 0.399549984677412 0.055820971770264266 
26 0.4522465547675234 0.23799444282004115 0.39257368827399247 0.06432003902784136 
27 0.4543095746438246 0.040522183103132915 0.38691774439248794 0.08311512385387274 
28 0.45448513200041263 0.23980436900870233 0.40101387909946706 0.05964677342107834 
29 0.48183293263576443 0.08921329534064723 0.3910163239163349 0.07288802835407021 
30 0.48183293263576443 0.1564436841777189 0.3849491650200419 0.0824183499061182 
31 0.4818950229375968 0.13442047522491207 0.3852550340533608 0.07390035278360325 
32 0.4818950229375968 0.057490177711808435 0.39196485922334373 0.08884617310846069 
33 0.4818950229375968 0.14595010427192426 0.41431971529505895 0.07594141607520814 
34 0.48639124866231465 0.028410782195602655 0.4019754228037255 0.0907979558965404 
35 0.48639124866231465 0.030595215343084053 0.3777801437339897 0.1236249003133042 
36 0.48639124866231465 0.1873896831862693 0.42449351367513966 0.07370769644886314 
37 0.5250129225731278 0.04226812452688114 0.4049664595204456 0.10370066405714702 
38 0.5250129225731278 0.1899055827030074 0.4271008401123681 0.0817535546169711 
39 0.5250129225731278 0.18240346597301396 0.42005238114482424 0.09924525044994595 
40 0.5250129225731278 0.1899055827030074 0.42669537467317753 0.09992674424410572 
41 0.5250129225731278 0.03174481307004956 0.4306190339702332 0.11055594027386233 
42 0.5302060721172352 0.18358168651379045 0.4290298579749719 0.1112881541157013 
43 0.5302060721172352 0.09750289263797769 0.4211578666964443 0.12669705068059178 
44 0.5432161561966596 0.028573908439325602 0.43090596162604966 0.14087044692391645 
45 0.5432161561966596 0.1856031033196432 0.43542519803870416 0.1135294571661874 
46 0.5543095571512673 0.04584501111980027 0.41985447607689125 0.13272188395770887 
47 0.5543095571512673 0.05898680372984197 0.4145819227020515 0.13266279865170436 
48 0.5543095571512673 0.06605431652106565 0.44960464062936273 0.12158066487933046 
49 0.5543095571512673 0.10219476188354916 0.4616304707162287 0.11400223870236764 
50 0.5543095571512673 0.03737440747105498 0.4387449652231441 0.14356224882812493 
51 0.5684228254740322 0.19001484782414718 0.49015783757520165 0.09212917082974374 
52 0.6259702526492611 0.05383175009683278 0.45951386043043774 0.12988175654036296 
53 0.6259702526492611 0.05132994237748882 0.4612083631650198 0.13274779500645242 
54 0.6259702526492611 0.07465522373567898 0.4827713647853394 0.138594579751421 
55 0.6275532127492424 0.036113366646361264 0.5006568396489971 0.14910591892667766 
56 0.6275532127492424 0.060268040226901284 0.4844189244491711 0.15722975340439585 
57 0.6384698569701981 0.18822983973997406 0.5284016250412081 0.11488708756557865 
58 0.6510368901097487 0.18918001387969327 0.5233736747516243 0.11992440798569061 
59 0.6510368901097487 0.03837949719112544 0.5051850208585473 0.16525751851616646 
60 0.6510368901097487 0.12960573967726935 0.5420546037199455 0.13524039786668057 
61 0.6510368901097487 0.055128189790092194 0.5111915652907374 0.1643158183621684 
62 0.6510368901097487 0.09876610636525905 0.5297926364754993 0.15580152851363852 
63 0.6714622001581382 0.04622402345947792 0.5533057233001819 0.15994488127269826 
64 0.6714622001581382 0.05908949414442764 0.5452937647600214 0.1663607382672091 
65 0.689430993080328 0.18227959338958835 0.5528171211650013 0.1499566481859907 
66 0.689430993080328 0.0614826576480382 0.5395808252738936 0.1758959547576448 
67 0.689430993080328 0.1607929207856311 0.5517627130956131 0.18264541914797128 
68 0.7147271196546622 0.18850394498558584 0.5519309115654962 0.1703797762280194 
69 0.7147271196546622 0.05331480916008159 0.5735463608307118 0.16732645383430086 
70 0.7147271196546622 0.08820465846774628 0.5782105167195024 0.17016851763744287 
71 0.7147271196546622 0.12485406812863131 0.5608473426382667 0.17168086160245116 
72 0.7147271196546622 0.2547466511454831 0.6207995797379797 0.12359586305616471 
73 0.715284721700884 0.14961295177757544 0.5984743401426853 0.16491293039355887 
74 0.715284721700884 0.04050414264544816 0.5885646752027168 0.18713845020736689 
75 0.7202349150134435 0.03700978872064159 0.5606425517486447 0.2044888239442878 
76 0.7202357440810846 0.13720631354274676 0.590098077948294 0.17115403215250544 
77 0.7202357440810846 0.07311722113192805 0.5830208745048128 0.18680130598807007 
78 0.7237366046037966 0.08090551667118044 0.6021929126240331 0.1840329175334053 
79 0.7406828420999574 0.1355148578638805 0.6226590775740627 0.16786833869120066 
80 0.7488410745550359 0.06200881787285086 0.6195641204905135 0.182421376900271 
81 0.7488410745550359 0.06066653879357832 0.6265683798703623 0.1806117496970552 
82 0.7628211427237022 0.1816359037790242 0.6332702575341506 0.17897877118910732 
83 0.7628211427237022 0.041342937951933834 0.6000466209870231 0.2058887761048571 
84 0.7628211427237022 0.1271217271737961 0.6563884324147923 0.1598041974986992 
85 0.7682102953388161 0.031171065930529377 0.6453072399372726 0.1644582020901958 
86 0.7682102953388161 0.03625709046967153 0.5991149907620408 0.19194208380376981 
87 0.7806416469939502 0.11217426119535193 0.5996288843603812 0.21016564978636978 
88 0.7853681778813559 0.0620889132186749 0.6161398785383204 0.19505864582041796 
89 0.7853681778813559 0.07138294037656442 0.5756543266621066 0.22223551634311142 
90 0.7864553872713708 0.1598624521774849 0.611426175348771 0.21077981838064397 
91 0.7979866457866459 0.03608635989431302 0.6597591575368592 0.18016567198373434 
92 0.7979866457866459 0.18198707432020764 0.6541395630495164 0.176978085042597 
93 0.8086633964571515 0.02892215550909398 0.6239411258523483 0.22224822828815508 
94 0.8086633964571515 0.03344345899431614 0.6502532304720643 0.2067993474775502 
95 0.8086633964571515 0.030327084370377646 0.6868829542540762 0.18993884497584915 
96 0.8112827044618645 0.02843051436818186 0.700218164729059 0.17672276275558257 
97 0.8185817363188881 0.03103703158793534 0.6988746628276346 0.19215098877375567 
98 0.8185817363188881 0.28587993029449227 0.7184738351920585 0.14437254173744052 
99 0.8199795470847913 0.033195699484632676 0.6600585738686271 0.2201025908585345 
100 0.8199795470847913 0.17928393552739652 0.6837476473943197 0.19124708518157574 
101 0.8206095890293703 0.1844943937831066 0.6129678648513582 0.24458015552247359 
102 0.8283690856551417 0.1813364108711186 0.6685192990925868 0.21212765571755157 
103 0.8283690856551417 0.02862834446151093 0.6639243180278883 0.2164656516802762 
104 0.8283690856551417 0.04130789862652984 0.6685216030975494 0.1977339613140184 
105 0.8297175731273723 0.12553378080049463 0.6334997574273884 0.24340006401398706 
106 0.8356126060834501 0.18191653817792705 0.6612264848008815 0.22443401394862517 
107 0.8357406780658901 0.06087180021080903 0.6348057158678339 0.25706964110496777 
108 0.8357406780658901 0.07928358818350942 0.6221798176598601 0.2419904455558754 
109 0.8357406780658901 0.02983120493106003 0.6542555954131288 0.24112888786679232 
110 0.8474060997509258 0.1836511700208445 0.7652621499263359 0.15204673550192027 
111 0.8479267245262468 0.030197112440280883 0.7380016663627559 0.21768480904569967 
112 0.8479267245262468 0.27177732544860356 0.7281766460334845 0.17792210239829612 
113 0.8711232086203803 0.10019728415501121 0.7110033914223348 0.2094318654015909 
114 0.8711232086203803 0.1983508123994868 0.7056640832957173 0.208364212490688 
115 0.8711232086203803 0.2701140658111173 0.7440761410480579 0.17547425494002208 
116 0.8712134734532736 0.08727136045280265 0.7698610356712959 0.18020154554216763 
117 0.8937944871575766 0.07946686032809762 0.7152956538757406 0.23263783894909604 
118 0.8937944871575766 0.2496086011460743 0.7399820551282973 0.19589011857757183 
119 0.8937944871575766 0.08588126218705451 0.6963671424998965 0.25802236302855874 
120 0.8937944871575766 0.11050439983939374 0.7505554435773216 0.19866843195772746 
121 0.8937944871575766 0.18546851696804173 0.7212153031748876 0.21237715826406522 
122 0.8937944871575766 0.02889170025302865 0.6743673167954847 0.24468957573932573 
123 0.8937944871575766 0.2018209907291193 0.7348896551763909 0.18381386251689608 
124 0.8937944871575766 0.036146539020589834 0.7212675429183917 0.22503709821307277 
125 0.8937944871575766 0.029186311763852953 0.6701669005507175 0.2814720150185206 
126 0.8937944871575766 0.09252154759884956 0.6716342356575876 0.2615824781803352 
127 0.8937944871575766 0.09666598849759435 0.7143414972082526 0.2534644426573962 
128 0.8937944871575766 0.19893737808405768 0.782568879932133 0.1981348541206311 
129 0.8937944871575766 0.044894118936299056 0.7082403165086966 0.2733176132775431 
130 0.8937944871575766 0.06263540910283255 0.7184788764938401 0.2573869171487356 
131 0.8937944871575766 0.13141899514719102 0.7401196260183467 0.2432087605731735 
132 0.8937944871575766 0.09186445361780812 0.7348252108296618 0.24735220934588897 
133 0.8937944871575766 0.045326698598467066 0.7421991325668247 0.22208171508648927 
134 0.8937944871575766 0.183262308708147 0.7665052535515564 0.2037859174314705 
135 0.8937944871575766 0.08607733669750746 0.7578082494543578 0.2213053587368847 
136 0.8937944871575766 0.1888741717561388 0.7263682742613196 0.23432069592331073 
137 0.8937944871575766 0.2229162665348439 0.7085383426771821 0.23888866128185957 
138 0.8937944871575766 0.12587410203012 0.6741659658839849 0.27440601339743786 
139 0.8937944871575766 0.0362952872681437 0.7559398304784233 0.2518913049618143 
140 0.8937944871575766 0.0437839916184365 0.7391897219086283 0.24025160284911687 
141 0.8937944871575766 0.07240143089035585 0.7409120709733213 0.23223945287719605 
142 0.8937944871575766 0.1622316355750421 0.7275061873519486 0.23816890346143335 
143 0.8937944871575766 0.056909518460714854 0.7272167035265226 0.24768279236536542 
144 0.8937944871575766 0.20362300619042553 0.7560616164356453 0.21172871762313836 
145 0.8937944871575766 0.11694323710398805 0.7084646936312714 0.24641768881777912 
146 0.8988938519444579 0.04082434150743436 0.6928380881607867 0.25800068208492266 
147 0.8988938519444579 0.044817019245434866 0.7346975714900156 0.23706504805229048 
148 0.8988938519444579 0.3361233118601547 0.781488231468317 0.1917658897784099 
149 0.8988938519444579 0.03990239020542119 0.7986159379361655 0.1971100653322221 
150 0.8988938519444579 0.2529120864731713 0.7998759335508075 0.1756122214088851 
151 0.8988938519444579 0.08808157718383437 0.7667652040311659 0.2009820190523062 
152 0.9009624173002447 0.09010788228668719 0.7532769425235105 0.23665519682917022 
153 0.9009624173002447 0.06821224604586328 0.757323050977016 0.2243122584725623 
154 0.9060342940165008 0.033293886139121084 0.8068575782467435 0.17402281678698153 
155 0.9060342940165008 0.031520356304622396 0.7699293469881897 0.22665156484680923 
156 0.9161185058071188 0.1889152515658968 0.7594859360979653 0.21820273377721192 
157 0.9191979078737509 0.1820450477075218 0.7601830408580811 0.22777804758965656 
158 0.9191979078737509 0.05663692167015027 0.788564351194264 0.22313351171086535 
159 0.9224681430330665 0.02898389835386509 0.7222116032917315 0.2822755930653604 
160 0.9224681430330665 0.02898389835386509 0.754820569346722 0.25616703208901925 
161 0.9224681430330665 0.08354827871054003 0.6955456024173736 0.2789928933391096 
162 0.9224681430330665 0.09612425938647852 0.7015379829440318 0.267879742193567 
163 0.9224681430330665 0.1938140768480402 0.7344691137483578 0.2428203151394239 
164 0.9224681430330665 0.043319147690294824 0.6825697043561014 0.28511859948281565 
165 0.9224681430330665 0.11793611826702158 0.736695301553255 0.2792977768022408 
166 0.9224681430330665 0.029570195768707223 0.7528458482470071 0.26012331444799625 
167 0.9308132234519699 0.05927158849534059 0.7767057090699243 0.23361507577439836 
168 0.9308132234519699 0.1908115925361112 0.7966192558788633 0.22242304922973338 
169 0.9308132234519699 0.14719443245763722 0.8346063425992789 0.17376748125152583 
170 0.9322645499361032 0.1885714547218591 0.7822640453326694 0.2360258568812459 
171 0.9322645499361032 0.12870572006782738 0.7752677843805494 0.2425499827104708 
172 0.9322645499361032 0.24522351102247056 0.8444182301643904 0.17212093261200365 
173 0.9322645499361032 0.0683842323894966 0.7168821600992593 0.27445286059553176 
174 0.9322645499361032 0.0578162220783273 0.7241923878447392 0.2807491148910617 
175 0.9322645499361032 0.12771632443627642 0.7591717339965416 0.25914499580821276 
176 0.9322928794151261 0.20779514683055803 0.8028084562137489 0.21355991458230184 
177 0.9322928794151261 0.22508829913164197 0.8110213506287249 0.19953397222712796 
178 0.9446216843504657 0.18841140797110054 0.7866333261687911 0.2457984798775482 
179 0.9475554328508046 0.18218086425758556 0.7931797496181647 0.2316460026064983 
180 0.9475554328508046 0.1822424935784216 0.8119346698916866 0.21277286161167536 
181 0.9475554328508046 0.04268574624641772 0.7190189301971746 0.27652902641118343 
182 0.977477590070776 0.12791758318453392 0.7741078417920223 0.27731327615839935 
183 0.977477590070776 0.1896326877208722 0.8863393093309503 0.14524415167057003 
184 0.977477590070776 0.04507211170797861 0.8165266635620232 0.22795640440657225 
185 0.9790166345110863 0.18410942216103357 0.8151448982458867 0.22805981450706428 
186 0.9790166345110863 0.1870536634729796 0.7979845247249362 0.24006594207492798 
187 0.9798815858622973 0.04144699538852358 0.784242275936385 0.2797879334905793 
188 0.9798815858622973 0.042088344689476836 0.82637723275165 0.23702155799410057 
189 0.9798815858622973 0.13651975493083557 0.8092440272639079 0.2687426751855445 
190 0.9798815858622973 0.029714735008554392 0.7367844368792551 0.2955111814432111 
191 0.9798815858622973 0.028883105360821584 0.7661948404095997 0.29035012477831607 
192 0.9798815858622973 0.18853091305560357 0.8116764704288225 0.265817818057986 
193 0.9798815858622973 0.09765637375659583 0.7672299878945997 0.3010911976968919 
194 0.9798815858622973 0.06303870099018206 0.8327051952810981 0.25218895190598817 
195 0.9798815858622973 0.2568721284613343 0.8659328561088059 0.20287147004708042 
196 0.9798815858622973 0.19814746121406906 0.8988501350695055 0.17664191536007098 
197 0.9798815858622973 0.19511185779627116 0.8918158960881979 0.19818593696749714 
198 0.9798815858622973 0.029347532141220156 0.8798186684422311 0.23572597254299016 
199 0.9798815858622973 0.04790211282867032 0.8795183756593494 0.22974810320615385 
200 0.9798815858622973 0.03742615141141798 0.8046622306701257 0.2605322012930003 
201 0.9798815858622973 0.2229958310958045 0.8426925701021099 0.22023352633952178 
202 0.9798815858622973 0.1813061814360567 0.8340249349443106 0.26349191001285216 
203 0.9798815858622973 0.0651398854276399 0.8133427443912447 0.2954346913869189 
204 0.9798815858622973 0.08699247564935475 0.8594309245795387 0.2303575450251856 
205 0.9798815858622973 0.25651997066645255 0.8682624912523014 0.21042132449868686 
206 0.9798815858622973 0.22280581359218457 0.8190776547935031 0.26036228209771745 
207 0.9798815858622973 0.16081714342293824 0.8536649619584028 0.2371834617933264 
208 0.9798815858622973 0.18706327790962554 0.8980679625055441 0.19131065292386817 
209 0.992965929139521 0.18763589137752024 0.8583857500722073 0.21640749344426238 
210 0.992965929139521 0.10804915057651085 0.8778820946925746 0.19868809283615707 
211 0.9996472419270108 0.03864863361740897 0.8399234027522279 0.26226629266951207 
212 0.9996472419270108 0.10612680619857878 0.8632569820165824 0.24099801614447694 
213 1.0440636378253683 0.02872931290488663 0.7956726238461027 0.30590382294288676 
214 1.0440636378253683 0.028297188408696654 0.830392264615595 0.284785821978444 
215 1.0440636378253683 0.20743497163121347 0.886187924832443 0.2286197095855422 
216 1.0526675825043148 0.03561426306364855 0.9068940888883904 0.2360455444763104 
217 1.0526675825043148 0.1851393867282343 0.9262272934572648 0.22499705500045883 
218 1.0526675825043148 0.09593603315205428 0.886046281929928 0.27808467063406195 
219 1.0526675825043148 0.030206071945809564 0.9454047182574341 0.22120661624363397 
220 1.0526675825043148 0.08740771101334018 0.8496239370060729 0.30260976325348965 
221 1.0526675825043148 0.04179992110469489 0.856671400574686 0.30232359769400263 
222 1.0526675825043148 0.20052658253612954 0.8958929788848864 0.2755817854582026 
223 1.0526675825043148 0.18304425889946582 0.8738147314111069 0.28440990519141696 
224 1.0526675825043148 0.028957047477074976 0.8905630493405177 0.2715960759505645 
225 1.0526675825043148 0.18318285834914724 0.9338132815378153 0.24451059760665772 
226 1.0526675825043148 0.040584504886259136 0.8937820254764676 0.2964365563794879 
227 1.0526675825043148 0.18571646102784914 0.9274508307362997 0.25965985124386953 
228 1.0526675825043148 0.028684274431610868 0.9180336925774188 0.25419472239318774 
229 1.085268497217575 0.07775798301256473 0.8457210095629761 0.302742494020823 
230 1.085268497217575 0.1872110597138682 0.8776051846145237 0.2849072342663055 
231 1.085268497217575 0.10716442644412467 0.8494189817252005 0.31572013064372256 
232 1.1108613604712148 0.1856694549593385 0.9070493728088412 0.26495402715183175 
233 1.1108613604712148 0.18907137453698286 0.9297640215422054 0.2572582488907546 
234 1.1108613604712148 0.030893174323015905 0.9472333625991362 0.2604419358650736 
235 1.1108613604712148 0.028706756486884893 0.9173173557789831 0.29368612528722554 
236 1.1108613604712148 0.23665702318249907 0.9529313010338899 0.25365544944450746 
237 1.1361232138891553 0.0582949878687638 0.8562225268105284 0.3247869505195809 
238 1.1361232138891553 0.18408796919451387 0.9490958356303203 0.265584614319182 
239 1.1361232138891553 0.043695227881970285 0.9463889570328105 0.27343713317828106 
240 1.1361232138891553 0.11491113181637441 0.9361737187661746 0.28129584783856354 
241 1.1361232138891553 0.037179102063198 0.9189025473955037 0.30276866071576836 
242 1.1361232138891553 0.10632696808837466 1.007838338061002 0.20903821341411097 
243 1.1361232138891553 0.27206102127479026 1.0221715859178595 0.22763171700771276 
244 1.1361232138891553 0.2392873985873714 1.0185435039834534 0.24767608350990394 
245 1.1361232138891553 0.051818141266769924 0.9738605812401331 0.3052502873839878 
246 1.143101357908681 0.1280033931373111 0.9637737995092773 0.3058813450414219 
247 1.143101357908681 0.03650182866343253 0.9569276186326159 0.30543283415637884 
248 1.143101357908681 0.183959543694291 1.0074656455125632 0.2902878692522011 
249 1.143101357908681 0.18140516505018286 0.9305072451553669 0.32543600431402264 
250 1.1652913480160745 0.2556846609672863 1.007660459818084 0.246239114564884 
251 1.1652913480160745 0.29727771451628515 1.012650227229008 0.2636865042686368 
252 1.1652913480160745 0.30151189400402334 0.9545399510738081 0.29420837014584544 
253 1.1652913480160745 0.25644078607962895 1.0394898193922952 0.20671569479584423 
254 1.1652913480160745 0.03504980225074871 0.9566327831101918 0.31112869353452055 
255 1.1652913480160745 0.1607206180126999 0.9969293159731348 0.26727283609160446 
256 1.1652913480160745 0.23609848546087214 1.0036665903917656 0.24008961473019685 
257 1.1698390119196653 0.11549397498908036 1.0165828313371514 0.29512406891449067 
258 1.1698390119196653 0.20020758376081688 1.0352267307122933 0.2523739216595615 
259 1.1698390119196653 0.20708490035076058 0.9732868417472318 0.298967255153651 
260 1.1698390119196653 0.03759338717035032 0.9532879237908815 0.323088127520958 
261 1.1698390119196653 0.035200683112750805 1.0145613293283133 0.2720743601626372 
262 1.1698390119196653 0.2662237928198959 1.0235331989589809 0.26582985134124665 
263 1.1698390119196653 0.1418253781559851 1.0009899547871042 0.2992017252988859 
264 1.1698390119196653 0.18170122973871747 0.9048483211927613 0.3582638958109755 
265 1.1698390119196653 0.028769466118573887 1.010991644103812 0.28631299593180226 
266 1.1698390119196653 0.030935968856464994 0.9760980518743761 0.3224926428666887 
267 1.1698390119196653 0.2912291884423304 1.038384308855908 0.24198624429484036 
268 1.1698390119196653 0.18035266995019858 1.0157188474801504 0.2874730098201245 
269 1.1698390119196653 0.05759886349578179 0.9405964069292984 0.35508300902393525 
270 1.1698390119196653 0.46683394699827613 0.9972445749748243 0.2633441048227158 
271 1.170786421730419 0.06900216466977126 0.9260737457547527 0.3557835666903708 
272 1.170786421730419 0.050177947186982125 1.0319814468455075 0.30090140711954977 
273 1.170786421730419 0.10782525871437558 1.0313840636043985 0.2657583251059038 
274 1.170786421730419 0.18347001829167364 0.9558677100758834 0.2940575116568875 
275 1.1770285128529876 0.16806352175041053 0.9349402420740204 0.3186652530534956 
276 1.1770285128529876 0.06411441221639469 0.883496327354351 0.35373974910690387 
277 1.1770285128529876 0.06781144081348604 0.8803169426000358 0.3712853800308632 
278 1.1777327437732918 0.0603532378872687 1.0166917199545489 0.30449232278909044 
279 1.1777327437732918 0.24413425338481115 1.0334592493194619 0.28287753620696854 
280 1.1777327437732918 0.07844200098148771 1.0168389889324285 0.3201924736867667 
281 1.1777327437732918 0.10152010420948217 0.9892327038405065 0.31572631424218867 
282 1.1777327437732918 0.3549578293104298 1.0881375015443173 0.2084865510862238 
283 1.1777327437732918 0.034070134774115315 1.0081832931295567 0.3064289753436008 
284 1.1777327437732918 0.1714383396066071 0.9947608179807752 0.3352126747248929 
285 1.1777327437732918 0.06490397520426465 0.9801457561450687 0.32101005956287204 
286 1.1819171240725266 0.06718939943168613 0.9500783429365445 0.33037072874264245 
287 1.1819171240725266 0.1035191321578018 0.9427973902865096 0.3591624929754249 
288 1.1819171240725266 0.18623565071101075 1.041800445569398 0.2843537973824268 
289 1.1819171240725266 0.08778122518980427 1.0076767700473268 0.33419239831299896 
290 1.1819171240725266 0.051274935140060623 1.0373994481167959 0.30451253148667184 
291 1.1843851402266494 0.18562591791799674 1.0510947087942362 0.29286120565058027 
292 1.1843851402266494 0.18480657482147758 1.1178170311687379 0.20233126010449787 
293 1.1843851402266494 0.07739700845291164 1.0338148207410114 0.317013451548655 
294 1.1843851402266494 0.33059643555835533 1.0569914602979915 0.23789361669378933 
295 1.1843851402266494 0.3028282261617286 1.075327440597568 0.24699964043556086 
296 1.1843851402266494 0.02967313567646329 1.0283864826908637 0.32167383124642784 
297 1.1843851402266494 0.09094832560785208 1.0473717511883798 0.2771509828007309 
298 1.1843851402266494 0.1103579527177999 1.0552038678833282 0.2622422849327522 
299 1.1843851402266494 0.8155042853868096 1.1388234659853913 0.08553911734632753 
300 1.1843851402266494 0.18003954165572195 1.0905985759676697 0.23743801891139832 
301 1.1843851402266494 0.23268602359288645 1.0852130963911661 0.22688407434576882 
302 1.1843851402266494 0.27354084890135205 1.0482460892794534 0.2640544159835446 
303 1.1949877036811791 0.05413211863427781 1.045091611114206 0.3164008961370149 
304 1.1949877036811791 0.04714784478941503 1.0633911092286623 0.2938556700411773 
305 1.1949877036811791 0.03469978167741192 0.9700438737595126 0.3496121831382225 
306 1.1949877036811791 0.0426173558023943 1.0553337630184882 0.2698004985642186 
307 1.1949877036811791 0.5302080134252195 1.127889387079869 0.15652139075078367 
308 1.1949877036811791 0.1910431043020038 1.0881343154146879 0.22973192875491827 
309 1.1949877036811791 0.040052567912558706 1.060778308808794 0.29845877906911306 
310 1.1950423926198837 0.03273947992359583 1.0469891384602592 0.33593189638735804 
311 1.1950423926198837 0.17980051058782087 1.0740439053636235 0.26841794919183665 
312 1.1966109354946708 0.13964058899954776 1.0283439817952469 0.32672400217169517 
313 1.1966109354946708 0.2568671078374149 1.035052870087147 0.29136517876820867 
314 1.1966109354946708 0.04129385641047858 1.0441818830729472 0.334125241246478 
315 1.1966109354946708 0.029986310631934503 1.081184455506073 0.2940058845957519 
316 1.1966109354946708 0.18645701968307343 1.0288093055230065 0.30948140938322505 
317 1.1966109354946708 0.27167037657441384 1.0762098822052684 0.23127247354044767 
318 1.1966109354946708 0.07289818499750526 0.9982021179091469 0.3351323618298124 
319 1.1966109354946708 0.06479653280127783 0.9642740877220924 0.3634939112170154 
320 1.1966109354946708 0.04734229649106189 0.9824426356732707 0.3470322409478299 
321 1.1966109354946708 0.18437681489481533 1.0065840830471389 0.3493707537140809 
322 1.1966109354946708 0.05481993052092552 1.0270797268584113 0.3607341009491834 
323 1.1966109354946708 0.3894764668799402 1.158261480088604 0.14645180047123335 
324 1.1966109354946708 0.03276917727779863 1.0741730279152752 0.2824838925863401 
325 1.1966109354946708 0.04205257143565632 1.011568138654407 0.3481866862737227 
326 1.1966109354946708 0.21361247068307992 1.050245012514238 0.30409403057518786 
327 1.2042925158155446 0.07540133726582375 1.0565517120163703 0.3004106855609341 
328 1.2042925158155446 0.11205969971101608 1.0811304291978738 0.2869316040867835 
329 1.2042925158155446 0.1976974871304282 1.0745157275014683 0.26516235591739407 
330 1.2049562737480495 0.3637953277321778 1.1187074168353788 0.22079425119366322 
331 1.2049562737480495 0.18658229369288587 1.045667558117146 0.29108018425540505 
332 1.2049562737480495 0.18016511698440701 1.102227539226304 0.2438998694898552 
333 1.2049562737480495 0.18488634772788126 1.0875458087729428 0.24208236349891232 
334 1.2049562737480495 0.0950110159954968 1.0014212448039546 0.34214726563050946 
335 1.2049562737480495 0.22137228127395717 1.057115623272361 0.2920169713398849 
336 1.2184277407041757 0.28395355146486406 1.0950931052198127 0.22628468291715312 
337 1.2184277407041757 0.18478952152867587 1.0303501851925803 0.3241982110492637 
338 1.2184277407041757 0.028562586319260792 1.091052260987915 0.2750844730889414 
339 1.2184277407041757 0.3601481102125931 1.0618096659566723 0.28865443637992794 
340 1.2184277407041757 0.06846301157650395 1.089253391079267 0.26620868750242327 
341 1.2184277407041757 0.061639987809029975 1.1365927202975237 0.22696844204782132 
342 1.2205816028569458 0.0314344466198501 1.0817399352729873 0.29760743934369505 
343 1.2205816028569458 0.04961650542191447 1.09776272253051 0.2843132054250486 
344 1.2205816028569458 0.2601912662748939 1.1059436683349446 0.21811910782580382 
345 1.222746375019886 0.18460156939745725 1.0222768003735798 0.3135333560117999 
346 1.222746375019886 0.17730687019748206 1.0287252825101105 0.2907513987333762 
347 1.222746375019886 0.03130102339880927 1.0284430926207344 0.3572395055037069 
348 1.222746375019886 0.2688165346325748 1.1229837513405854 0.2289129601508207 
349 1.222746375019886 0.10943493433476496 1.0916020563279134 0.2819840518637177 
350 1.222746375019886 0.04924084617032436 1.0628706964804182 0.3257584479263723 
351 1.2228387849557676 0.24566765470151167 1.0812121259825822 0.2639071492425526 
352 1.2228387849557676 0.3211128780242586 1.0670623568825712 0.2736864231355109 
353 1.2228387849557676 0.30443694058274723 1.0126957628198567 0.3103210832505418 
354 1.2228387849557676 0.06501326118778589 0.9376304157128412 0.36960943435197546 
355 1.2228387849557676 0.029440806165210068 0.9710297781119374 0.346669786729777 
356 1.2228387849557676 0.23829374297014058 1.1029912301221625 0.23514430593800567 
357 1.2228387849557676 0.04877081166780626 1.0529825537792639 0.28940134408414175 
358 1.2228387849557676 0.031004265728945775 1.0353726470454936 0.3403891523619012 
359 1.2228387849557676 0.18345015602901288 1.0987433002984444 0.2641512279003447 
360 1.2228387849557676 0.053108816565790314 1.0633791066924785 0.32258440866478444 
361 1.2228387849557676 0.22682462560915162 1.1344782145675334 0.20825971016615893 
362 1.2294605142350936 0.03778202812723784 0.9790834144057668 0.3791519492709958 
363 1.2294605142350936 0.06627703767413007 1.0495314199854677 0.3354957205071665 
364 1.2294605142350936 0.048576122353859205 1.0061625205354192 0.3945796543730519 
365 1.2294605142350936 0.08143934108542897 1.0758375995455445 0.30834534483562887 
366 1.2294605142350936 0.1826078364094287 1.0488904215133739 0.3379849934160029 
367 1.2294605142350936 0.19420758685424788 1.010565004926835 0.37444554715002915 
368 1.2294605142350936 0.3089684428139196 1.1054001687610364 0.2782870214835697 
369 1.2294605142350936 0.24803596318676147 1.0229077929454056 0.3393037281239154 
370 1.2294605142350936 0.2470416371059548 1.0664252492622137 0.3144241595095058 
371 1.2294605142350936 0.028447146607882456 1.0665730561929145 0.3278099823733283 
372 1.2294605142350936 0.1937132529015815 1.0536825842444393 0.3376117691296907 
373 1.2294605142350936 0.18286469905700428 1.085664880330069 0.2985450066107802 
374 1.2294605142350936 0.09830065307996805 1.0476378845818028 0.3098710246559618 
375 1.2294605142350936 0.05336924191701582 1.1009585782431506 0.2906859996583009 
376 1.2294605142350936 0.3077560906198728 1.0893951824218795 0.2671760497906718 
377 1.2301841490048213 0.14074094952399563 1.0659373328659074 0.3037776757511983 
378 1.2301841490048213 0.18981935411275314 1.076188081941157 0.2987795689437409 
379 1.2301841490048213 0.11525422127380536 1.096584753382579 0.3189739631468697 
380 1.2301841490048213 0.23784757483546207 1.0877168315686783 0.2799447241845532 
381 1.2301841490048213 0.11302145083248183 1.041772459317318 0.33767841562361456 
382 1.2301841490048213 0.059202968200677275 1.0768782913039943 0.3151609394860851 
383 1.2301841490048213 0.22344856888657552 1.0851876941849234 0.28724274457256505 
384 1.2301841490048213 0.18457726086153145 1.0564625559040455 0.3564199821149848 
385 1.2301841490048213 0.18518667087922014 1.1141858510688025 0.28848854257516715 
386 1.2301841490048213 0.12318141918075182 1.1138426924155325 0.29069490549764 
387 1.2301841490048213 0.0451825236199227 1.0586735661995184 0.35222732770422505 
388 1.2301841490048213 0.2929458957114153 1.1926938091087171 0.16162696292216217 
389 1.2443827880889498 0.39464932603352226 1.1764169246041982 0.18840276542168563 
390 1.2443827880889498 0.0342824198684301 1.1733709164935144 0.2241706973408209 
391 1.2443827880889498 0.028128382173332838 1.0803663712361065 0.3405776905130771 
392 1.2512222551197738 0.18484144840661137 1.0622590176190119 0.3532392607811615 
393 1.2512222551197738 0.06496098980752081 1.081135327403437 0.32704625101561746 
394 1.2512222551197738 0.12279525336462598 1.0966476053015277 0.3275083487167931 
395 1.2512222551197738 0.03992862031371432 1.0383472249482535 0.376988330253319 
396 1.2512222551197738 0.1849219797273483 1.0816082461022747 0.31745813041414833 
397 1.2512222551197738 0.03009082214639908 1.102692550779636 0.3130879873404351 
398 1.2512222551197738 0.1874769489089736 1.1359418817889884 0.25139136455874844 
399 1.2512222551197738 0.1874769489089736 1.0691930224508446 0.30660564696701104 
400 1.2512222551197738 0.05048523094091919 0.9969926743821979 0.38952407862986455 
401 1.2512222551197738 0.2402898910231475 1.1010243550531025 0.27517510502104015 
402 1.2512222551197738 0.1880446471209797 1.1100279193278615 0.2794954860635356 
403 1.2526062529392101 0.08255786675538308 1.0604177786281297 0.33974947427510516 
404 1.2526062529392101 0.12557038460116807 1.113153903589754 0.3057219391547147 
405 1.2526062529392101 0.07137325611189939 1.126475596441045 0.29545437642895694 
406 1.2538677337861537 0.22984568462216678 1.076770486185778 0.3311008654100284 
407 1.2538677337861537 0.48761840670307804 1.2220917894820642 0.13242641631632443 
408 1.2567107726225788 0.22540649668677032 1.159772897254127 0.26129368390659874 
409 1.2567107726225788 0.1831556960916858 1.1801600206046514 0.22691355955466921 
410 1.2567107726225788 0.03866097802999856 1.1463706475687305 0.28687353842029945 
411 1.258391614113392 0.04332580902771022 1.117908615254748 0.35559402314603433 
412 1.258391614113392 0.20403132421692804 1.1677786535838093 0.2514813284201665 
413 1.258391614113392 0.3215132718633834 1.1604832664695541 0.24368638313639168 
414 1.258391614113392 0.2653013529161429 1.1484735008459044 0.2657138896935308 
415 1.258391614113392 0.30999545541299817 1.1374235252552145 0.2668319455561052 
416 1.258391614113392 0.307613624201408 1.1504415893061926 0.24794275445496772 
417 1.258391614113392 0.047882055086292855 1.0954342409985562 0.32491243823430704 
418 1.258391614113392 0.22947057049258746 1.2028531589546847 0.18671648803578386 
419 1.258391614113392 0.48382265074811853 1.2004517471141636 0.18537883984782166 
420 1.258391614113392 0.048488842968967646 1.087234783396167 0.34133915356072253 
421 1.258391614113392 0.19949050438292776 1.1341823415013819 0.2874704675202532 
422 1.258391614113392 0.06557622413252572 1.0711225865335208 0.3529629281332441 
423 1.258391614113392 0.244090764149111 1.0462074100250685 0.34829466923559055 
424 1.258391614113392 0.1846613584696027 1.0497301525676308 0.3392137575683794 
425 1.258391614113392 0.19892545825379704 1.0423066410335222 0.3463033642093446 
426 1.258391614113392 0.27824486768265727 1.1112455113345021 0.30890291544283693 
427 1.258391614113392 0.186633746058251 1.116356764192235 0.2938542259422888 
428 1.258391614113392 0.3094530196816206 1.1495230662356397 0.28354554222796696 
429 1.258391614113392 0.05012718747672664 1.104659448446966 0.34852647263262665 
430 1.258391614113392 0.03287961810232734 1.0481421650312535 0.3883185697564818 
431 1.258391614113392 0.07035034819018418 1.0478174226999433 0.391532424070452 
432 1.258391614113392 0.14686602639311444 1.1333823349972616 0.2892409356313628 
433 1.2613198929985294 0.18134958615848823 1.1396623033298565 0.27685748721435965 
434 1.2613198929985294 0.028729816262427835 1.0950109855817514 0.32587187267808976 
435 1.2613198929985294 0.04583474802394475 1.1108510647135708 0.32794800394143564 
436 1.2613198929985294 0.04252091824721704 1.0102071832819701 0.3750516725852276 
437 1.2613198929985294 0.03025901125599555 1.0960741235771696 0.32848543807718417 
438 1.2613198929985294 0.07588770949517638 1.0198940253187259 0.37774030219826094 
439 1.2658940499061857 0.03994527885383642 1.0901173476109949 0.34410554380820046 
440 1.2658940499061857 0.31153405449778365 1.1446332309551088 0.2773119743962695 
441 1.2658940499061857 0.3549632255197378 1.1433412131151885 0.26693489747720955 
442 1.2677522629446625 0.17663921388532877 1.0384620057117784 0.36606756603240526 
443 1.2677522629446625 0.14514461461052172 1.0808152038817953 0.3491509088065336 
444 1.3282401599650395 0.18921069931493686 1.0949797761430469 0.3431032966877428 
445 1.3282401599650395 0.03425985892554144 1.1345964758794695 0.32958692402068646 
446 1.3291505612539076 0.047653599370831905 1.187043596256296 0.26329312392948295 
447 1.3291505612539076 0.26145278351217827 1.2304008625496479 0.18707688889023227 
448 1.3291505612539076 0.12923174781744284 1.2346121634048743 0.21878520212957095 
449 1.3291505612539076 0.15932007700414344 1.0919474703947116 0.3800054245320397 
450 1.3291505612539076 0.08721100134628897 1.0938955009340554 0.3897898561214605 
451 1.3291505612539076 0.19377449324472382 1.1379322888001915 0.3441142040651725 
452 1.3291505612539076 0.09416854933555366 1.1413107910592808 0.33957829186631006 
453 1.3291505612539076 0.2995513971955966 1.1899455991802463 0.30605578456377897 
454 1.3291505612539076 0.30265381445910017 1.210697945887711 0.2778570560503075 
455 1.3291505612539076 0.07006787320812308 1.238682726680681 0.240946722347531 
456 1.3442351570044924 0.028924991651305 1.1778748390310798 0.3319635201052664 
457 1.3442351570044924 0.07310260155235046 1.2550717843861272 0.2617769587541254 
458 1.3442351570044924 0.3101408262976716 1.2778530584829342 0.2124640521568594 
459 1.3442351570044924 0.45744406452146213 1.2539304891369258 0.2195746378770638 
460 1.3442351570044924 0.04527216434402103 1.1552363211346919 0.36903206962168594 
461 1.3442351570044924 0.26538688570774177 1.185897769545008 0.3233619804356334 
462 1.3442351570044924 0.19536820917725614 1.1850802761793746 0.32616799839222993 
463 1.3442351570044924 0.3658888095172519 1.2532598022916033 0.23979933120530875 
464 1.3442351570044924 0.23346007299236754 1.202830718394843 0.30842059395164373 
465 1.3442351570044924 0.1756455903186855 1.196472281751236 0.3308400490752174 
466 1.3442351570044924 0.21369167214077492 1.209334901417852 0.30015125246427055 
467 1.3442351570044924 0.06322470427910001 1.1426322009541874 0.3842925915227969 
468 1.3442351570044924 0.19913766482406275 1.1428422251054724 0.36231981543630853 
469 1.3442351570044924 0.11727473641960921 1.150264957386839 0.37104838394280126 
470 1.3442351570044924 0.18999742330588723 1.125550285091168 0.39097176290595953 
471 1.3463020979420703 0.05220952823791312 1.0990440975734066 0.4083267028770695 
472 1.3534034814076592 0.30555991446176417 1.098453882547564 0.3588725016994099 
473 1.3542197227602546 0.20160152373497567 1.1172992382702351 0.37711556958397024 
474 1.3559597474613643 0.19597284864678102 1.2196267254710416 0.3003207818404604 
475 1.3649940900958861 0.09934381269345019 1.2200115910019906 0.2687383738976249 
476 1.3649940900958861 0.4743580437216653 1.2476258702944123 0.2532104319001225 
477 1.366395719528153 0.20570542692403893 1.2350826457711017 0.3044743820339978 
478 1.366395719528153 0.09201690820939415 1.1815168520005648 0.3788844872019493 
479 1.366395719528153 0.22998015826011706 1.2489538045129673 0.260220199020817 
480 1.366395719528153 0.22220313252162355 1.204037049819981 0.3099050155347804 
481 1.366395719528153 0.18690207661063968 1.0825452621404825 0.4171099206634658 
482 1.366395719528153 0.08542101793253179 1.1629714577806634 0.37421529499383016 
483 1.366395719528153 0.21644512978296615 1.218822289164661 0.31172960563771135 
484 1.366395719528153 0.10776758903806472 1.1790446239562054 0.37624192033519954 
485 1.366395719528153 0.20235209831506157 1.248953344731792 0.2775510455610195 
486 1.366395719528153 0.06979428238389511 1.1868114236394411 0.36680774511367487 
487 1.366395719528153 0.21620580121798905 1.165409379703329 0.35075590561429787 
488 1.366395719528153 0.04870101100609136 1.1393965636303982 0.3702609430455778 
489 1.366395719528153 0.18561059253102344 1.165923896731041 0.3233748840313875 
490 1.366395719528153 0.1900444828653873 1.1553961600565137 0.3554388399983131 
491 1.366395719528153 0.21399779874249406 1.1955190635245239 0.3206455652153584 
492 1.366395719528153 0.25071896954786027 1.2680710801963728 0.23742803910294102 
493 1.366395719528153 0.04281167720791502 1.2253989554101585 0.35000046169117865 
494 1.366395719528153 0.38038931230362605 1.327503847212226 0.15503092798775392 
495 1.366395719528153 0.22701982531376835 1.2738921920370818 0.2839492541572706 
496 1.366395719528153 0.06412042765037294 1.2904429143159994 0.2704346306519853 
497 1.366395719528153 0.2094467632316294 1.3095000221605635 0.2205361393609425 
498 1.366395719528153 0.2951825927758095 1.2982364597912772 0.2258035025048505 
499 1.366395719528153 0.04332496311396321 1.2423199033231502 0.3276164227176818 
500 1.366395719528153 0.13402812694234065 1.191461371229127 0.36201076505252744 
501 1.366395719528153 0.18284418474911168 1.2622199719341667 0.2770894089286645 
502 1.366395719528153 0.07866329600017342 1.200657973716933 0.3823136572721218 
503 1.366395719528153 0.03464520063995684 1.1823145033435647 0.3804827599881275 
504 1.366395719528153 0.15173440302838967 1.178659302567092 0.3281179655952899 
505 1.366395719528153 0.21443597907164813 1.2343420456472185 0.31969617272577494 
506 1.366395719528153 0.06749023322918771 1.2015230157962415 0.3696920780902929 
507 1.366395719528153 0.03343399751211595 1.222581198582343 0.3277004607727791 
508 1.366395719528153 0.18408953281006604 1.255295978341704 0.31028005061787706 
509 1.371110010127355 0.18034638841263864 1.2228419472227616 0.36438329888573623 
510 1.371110010127355 0.26926688922625497 1.2070802707492445 0.34325438738221603 
511 1.371110010127355 0.05276230550754132 1.087595362910204 0.4912513022919477 
512 1.371110010127355 0.20406778696149988 1.305577652400128 0.22686209529739296 
513 1.371110010127355 0.028409669757361405 1.2207305919794051 0.37183981647962977 
514 1.371110010127355 0.07316881293586608 1.2020264939226903 0.35443790726306035 
515 1.371110010127355 0.3168591566463045 1.2654623304492818 0.2654221848749334 
516 1.371110010127355 0.041152689305136735 1.1810756102895827 0.38333658108047153 
517 1.371110010127355 0.1834825164825611 1.175660713010238 0.37024484206386865 
518 1.371110010127355 0.05674043914935958 1.2700975043516183 0.2757957810752343 
519 1.371110010127355 0.35871396266940603 1.3078653929229793 0.19652626872429085 
520 1.371110010127355 0.1852075085890268 1.2633594737479081 0.2889034260492838 
521 1.371110010127355 0.1852075085890268 1.274853717974716 0.24927021237545444 
522 1.371110010127355 0.4535669960324103 1.2978886641685583 0.20606210772590147 
523 1.371110010127355 0.18929772667366954 1.241905359121604 0.3200658843259234 
524 1.371110010127355 0.4566696145830082 1.2803816661442684 0.21235634673867776 
525 1.371110010127355 0.22130783722806768 1.2443898826391984 0.3042468020517452 
526 1.371110010127355 0.03871630158588999 1.2559358440805921 0.32732388558111225 
527 1.371110010127355 0.18625397697095464 1.276990708409881 0.26930579201370247 
528 1.371110010127355 0.19158746424936282 1.2479051275447306 0.31079662832995214 
529 1.371110010127355 0.21573388948416752 1.2355593708444204 0.3501232907982043 
530 1.371110010127355 0.1501971855479461 1.1650510321532384 0.39052181498227223 
531 1.371110010127355 0.1396949330296746 1.162178289578436 0.3782003688463526 
532 1.371110010127355 0.19194564187497634 1.2831447995582257 0.28355114447529406 
533 1.3748782786301792 0.07583020487122723 1.2536576064689104 0.32862354814662403 
534 1.3748782786301792 0.19379321204447714 1.2462379310472897 0.32918596407051076 
535 1.376376191848416 0.11954716801081283 1.2489976198132702 0.3210084186708009 
536 1.376376191848416 0.2809215380075657 1.2706050395323651 0.2916899346821675 
537 1.377128761211881 0.22317975192975903 1.24767545497304 0.31733186098862504 
538 1.377128761211881 0.18571484507049985 1.1759806637673913 0.3790483047996239 
539 1.377128761211881 0.1891196645340473 1.1824880377680964 0.3669428173635687 
540 1.377128761211881 0.21406519889726877 1.3150802876165892 0.19951739023427262 
541 1.377128761211881 0.18468824493288996 1.2516046613826586 0.3262364659059574 
542 1.377128761211881 0.049871471013563866 1.2699431889402644 0.28712335031274544 
543 1.377128761211881 0.26834962673246027 1.202633321515446 0.3564516462811849 
544 1.377128761211881 0.08176420819533074 1.2320818061565764 0.3591209069411012 
545 1.377128761211881 0.3846562927761419 1.280137012432791 0.23803495947835257 
546 1.377128761211881 0.3119658671374402 1.3003141854409335 0.2086899261914552 
547 1.377128761211881 0.18422607101963054 1.2983443259385488 0.210468947860394 
548 1.377128761211881 0.03297529211469314 1.210037307891112 0.3534997717512954 
549 1.377128761211881 0.41567333029503156 1.3260706210521271 0.15828433419090562 
550 1.377128761211881 0.21183649019332484 1.2775378726966482 0.24804863731839466 
551 1.377128761211881 0.20571461035158736 1.2942311382900284 0.26147835104425454 
552 1.377128761211881 0.06560237385002456 1.26924990978598 0.3116661655070967 
553 1.377128761211881 0.12757996577177325 1.2253125702770384 0.36732623513467266 
554 1.377128761211881 0.45638198412886305 1.2986105262238172 0.22423597557734837 
555 1.377128761211881 0.04959137830629239 1.2145074326530512 0.39689559832419513 
556 1.377128761211881 0.28296640510354254 1.175963790645905 0.3763743458161916 
557 1.377128761211881 0.06053028631186746 1.1475966585160429 0.4168810889594678 
558 1.377128761211881 0.2878604370855548 1.2765640428743186 0.26287301180018624 
559 1.377128761211881 0.044730717490572766 1.2505185430289667 0.3156454207777081 
560 1.377128761211881 0.18879956584940993 1.3081778270748998 0.230247639011804 
561 1.3866275926133023 0.0700119770768678 1.27536185622359 0.2983418167523366 
562 1.3866275926133023 0.18690657012202874 1.2437822608470048 0.318700371750823 
563 1.3866275926133023 0.2347647898271828 1.3434771340879352 0.16495313862681943 
564 1.3866275926133023 0.2790925156341933 1.2875363609615604 0.2889224077949027 
565 1.3866275926133023 0.26129928987965 1.3425421583536936 0.1802373928804864 
566 1.3921714783574826 0.2312802315864433 1.2648022589276133 0.30298566490459866 
567 1.3921714783574826 0.22055555118049566 1.322671815348951 0.2352525478077944 
568 1.3921714783574826 0.09257560210812348 1.2600712146198156 0.3096362458459003 
569 1.3921714783574826 0.07885351674070504 1.2878293962412277 0.2799807066501481 
570 1.4358495738562225 0.3853068025981886 1.317372311623597 0.22546232278098452 
571 1.4828315215820238 0.8792140687982148 1.3732689621791978 0.09037423508026599 
572 1.4828315215820238 0.21605843232898714 1.3347125621885356 0.20004383523774033 
573 1.4828315215820238 0.2394378749492179 1.3471097881573126 0.2636550316198211 
574 1.4828315215820238 0.20123699800278222 1.2747723886417917 0.3754304277016212 
575 1.4828315215820238 0.06542002112960814 1.3546073616034315 0.2520566438558779 
576 1.4828315215820238 0.3642830493302277 1.3648632426423133 0.2445186330583095 
577 1.4828315215820238 0.4007076420891336 1.3677834151461532 0.24311045798507955 
578 1.4828315215820238 0.04349923598625919 1.2694788207102403 0.4038351026401101 
579 1.4828315215820238 0.19378669238769164 1.3029092882730455 0.35047050510991795 
580 1.4828315215820238 0.1942540100804711 1.3441063001712612 0.3033311798477546 
581 1.4828315215820238 0.3769956166522231 1.3762572423804504 0.27065333230517763 
582 1.4828315215820238 0.3953255090987453 1.357650702075294 0.3188856701107534 
583 1.4828315215820238 0.24254528221619817 1.3488745940824716 0.34258284463718475 
584 1.4828315215820238 0.14293236485302852 1.3697001846448873 0.3307430701679692 
585 1.4828315215820238 0.19888557342200922 1.3095621774748039 0.40652123915634875 
586 1.4828315215820238 0.3576378372604663 1.4063228548394522 0.24721334745396312 
587 1.4828315215820238 0.2843840076223673 1.361123548813537 0.325035689413649 
588 1.4828315215820238 0.18431620465655937 1.2711516731659507 0.43843424561378774 
589 1.4828315215820238 0.031033599782776686 1.3628350380897332 0.35068153671990715 
590 1.4828315215820238 0.39193533461546026 1.4130467817222594 0.24546164764810285 
591 1.4828315215820238 0.24358580111697853 1.343517707038002 0.3367077948399366 
592 1.4828315215820238 0.08620075597677815 1.2982422082409781 0.3876050823934769 
593 1.4828315215820238 0.1913992989940843 1.3890917041110324 0.29890472564644727 
594 1.4828315215820238 0.09699976247391262 1.3649776075226305 0.36008976239674423 
595 1.4828315215820238 0.25906784802324334 1.3844017353907039 0.3090344034476275 
596 1.4828315215820238 0.04390167872444631 1.416553177076281 0.2757626059186118 
597 1.4828315215820238 0.6684869902038327 1.450572153630656 0.13403872075314416 
598 1.4828315215820238 0.19878851604986372 1.296342466419993 0.39226656892078404 
599 1.4828315215820238 0.43211873514430216 1.4333801250350922 0.19454673534013317 
600 1.4828315215820238 0.24651553173019264 1.4225936458136021 0.2480499248534796 
601 1.4828315215820238 0.24651553173019264 1.3726853108875345 0.29671114576622587 
602 1.5076285610578228 0.24461650482879463 1.4153145536148661 0.2782753703673621 
603 1.5076285610578228 0.26929848699324394 1.4414340175712894 0.21522033655237044 
604 1.5076285610578228 0.061773774621078865 1.3515765811187828 0.35989645110032986 
605 1.5076285610578228 0.32481163974427296 1.427751628887948 0.23007695112466192 
606 1.5076285610578228 0.45532516292337294 1.4087851535848535 0.2696828467953567 
607 1.5076285610578228 0.07919793443998259 1.3063019480049813 0.41308813639720304 
608 1.5076285610578228 0.5757583222599773 1.3803819706156935 0.28988554001713945 
609 1.5076285610578228 0.5829324131665033 1.413158906922979 0.25343967063056366 
610 1.5076285610578228 0.21500356036723106 1.4577962824408297 0.20523319044470664 
611 1.5076285610578228 0.06799607019637384 1.3808066893567952 0.3412750283100698 
612 1.5076285610578228 0.08874088731373554 1.3550686831084322 0.36676491562928915 
613 1.5076285610578228 0.10432987379586577 1.3371130308152621 0.37180851122423253 
614 1.5076285610578228 0.6361689463062549 1.4336058312304714 0.22339319175584743 
615 1.5076285610578228 0.20163258114148766 1.3925646127966909 0.32407824152587894 
616 1.5076285610578228 0.14171641537903146 1.3942528747322487 0.3215510716587983 
617 1.5076285610578228 0.21123543297911015 1.4158223949165496 0.2886230899544967 
618 1.5076285610578228 0.23836480220241768 1.4127458548974055 0.28652852583173866 
619 1.5076285610578228 0.19916114875961108 1.361163151569449 0.3465939985401105 
620 1.5076285610578228 0.6967445686450491 1.4530215235319104 0.16031549586810762 
621 1.5076285610578228 0.16007691714161945 1.3637994836606635 0.33953180872657196 
622 1.5076285610578228 0.22912835349872368 1.3592206496177215 0.3235084899700658 
623 1.5076285610578228 0.12759370556658636 1.2372323975096 0.4642018685049642 
624 1.5076285610578228 0.17528142012923956 1.3818269637993246 0.3235626923508214 
625 1.5076285610578228 0.37050073636327635 1.410998387523063 0.272740205425772 
626 1.5076285610578228 0.18616485940142458 1.4453995905693366 0.22883086597992244 
627 1.5076285610578228 0.05720900050983431 1.3911900885449493 0.3541530598875632 
628 1.5076285610578228 0.04750913414795711 1.3236304843405122 0.3979818834119194 
629 1.5076285610578228 0.06230673445102662 1.3616051396539324 0.35403127191839395 
630 1.5076285610578228 0.19210201393744092 1.442845722464265 0.22997107985001927 
631 1.5076285610578228 0.19168032584822262 1.386160050673469 0.3453506075919023 
632 1.5076285610578228 0.08211350568067886 1.370265671375091 0.38412641939858705 
633 1.5076285610578228 0.04022934233623889 1.3367573278053675 0.395708064741107 
634 1.5076285610578228 0.21197703822794714 1.4261251453519006 0.26379907106268835 
635 1.5076285610578228 0.09658121156616079 1.4006043308287515 0.32534014226285 
636 1.5076285610578228 0.2640100528081281 1.4830648193853 0.1723982553702639 
637 1.5076285610578228 0.21122226453943763 1.4703099755609275 0.1961132969500086 
638 1.5076285610578228 0.2752095007544431 1.4388676105114497 0.24742207531804156 
639 1.5076285610578228 0.08394399095686238 1.3747077624896131 0.3586688037643109 
640 1.5076285610578228 0.24100412833602972 1.356134657356388 0.36015264299847743 
641 1.5076285610578228 0.24100412833602972 1.375636851442351 0.3434893216649698 
642 1.5076285610578228 0.22356592700557487 1.3500944065405407 0.384723885517419 
643 1.5076285610578228 0.25955819840678446 1.4128164582856988 0.2918682236514407 
644 1.5076285610578228 0.10298615858483488 1.4057908458484165 0.3114805345226817 
645 1.5076285610578228 0.21400228331396987 1.3403519742915069 0.38473211962181797 
646 1.5076285610578228 0.21400228331396987 1.3416182719407403 0.37318431574293526 
647 1.5076285610578228 0.16994045258536633 1.3762990556936374 0.3395585320992777 
648 1.5159322185096995 0.13920028030208428 1.3752005089885073 0.33866600164437316 
649 1.5159322185096995 0.8761439004882436 1.4049974739700184 0.19925072018019563 
650 1.5159322185096995 0.06696905002035565 1.344756326981104 0.3549420911287597 
651 1.5159322185096995 0.18684145858750503 1.330661541092139 0.3879867029449115 
652 1.5159322185096995 0.19018107330811967 1.3879929859041604 0.33118695445405094 
653 1.5159322185096995 0.07743776063867602 1.3713043792652735 0.36345906706798997 
654 1.5159322185096995 0.10209721631422572 1.3738461926656622 0.3383301894213962 
655 1.5159322185096995 0.30719917199748015 1.3653403101173487 0.3554165305597536 
656 1.5159322185096995 0.30019282348980153 1.449560766560622 0.2479336945467516 
657 1.5159322185096995 0.12854265887094582 1.3637636646222122 0.39245994367542086 
658 1.5159322185096995 0.08837156918226502 1.32683209915401 0.4245288025036364 
659 1.5159322185096995 0.30266541817191556 1.4549862579449853 0.24478618465267846 
660 1.5159322185096995 0.29285154372793426 1.416688494485061 0.3079221315407413 
661 1.5159322185096995 0.4058578469790737 1.4082897920239834 0.2923522850747694 
662 1.5159322185096995 0.14226512284916215 1.3684439895290905 0.37051926155000847 
