0 3.2077984887677182 0.40505749898320953 1.806427993875464 1.9818371597861222 
1 10.009808889470856 1.7758709069655068 5.892839898218181 5.822273383299012 
2 16.18385636428253 2.0768592861260586 9.130357825204294 9.975153296143253 
3 18.726507155892055 8.739154272910538 13.732830714401295 7.062124949659245 
4 14.56325431389617 9.526910166514618 12.045082240205394 3.5612330990026764 
5 41.593079256054054 5.067133363499597 23.330106309776824 25.82774402987818 
6 26.844730538676917 7.954422757907341 17.39957664829213 13.35746473048317 
7 43.65213764993871 14.026378363743262 28.839258006840986 20.948575289069133 
8 53.02360120540062 22.201719898548838 37.61266055197473 21.79436128100178 
9 76.04175937693604 4.051113382803022 40.04643637986953 50.905073964451624 
10 34.737507839251656 12.984188642936468 23.86084824109406 15.381919517029967 
11 42.01144360951437 27.796274000121564 34.90385880481797 10.051642826518584 
12 76.49254816553402 7.323795207049456 41.90817168629174 48.909694263161505 
13 86.40102748721698 21.09206147304285 53.74654448012991 46.180412740904295 
14 116.27095546522189 13.342742567089 64.80684901615544 72.78123731568243 
15 71.41733521183728 10.130748135590276 40.77404167371378 43.33616131739409 
16 72.14903037924978 21.81604244856784 46.98253641390881 35.59079708316585 
17 87.98244914371122 23.734090396005286 55.85826976985825 45.43045015060891 
18 106.10513449941911 23.128706089899055 64.61692029465908 58.67319520701172 
19 100.79968270634106 19.233434890898724 60.01655879861989 57.67604694624169 
20 84.76516828862863 26.892511677685995 55.82883998315731 40.92214793487801 
21 136.2829753647823 33.933679107634376 85.10832723620834 72.37188143310023 
22 130.47976098314118 6.976307715778047 68.7280343494596 87.33012930530833 
23 99.25694643458297 18.085735632304033 58.671341033443504 57.39671359541418 
24 46.464511332545776 30.275230210358544 38.369870771452156 11.447550464033949 
25 76.78996160297643 34.415406113734264 55.60268385835535 29.963335536208778 
26 104.69485996354369 20.108087465061093 62.40147371430239 59.81188043236081 
27 115.91798106453496 41.34734078743432 78.63266092598464 52.729405417360546 
28 78.22461366358402 20.0638474465374 49.144230555060716 41.12587219107913 
29 74.9844700760141 31.422703678098593 53.20358687705635 30.802820420430347 
30 84.35120732705214 59.68021634453802 72.01571183579507 17.445025022327897 
31 65.66904854372197 46.56948732792668 56.119267935824325 13.50542925337643 
32 163.60239948513444 30.378325660884325 96.99036257300938 94.20364601842448 
