0 0.3758549962963245 0.12391204645402967 0.2585180206019155 0.0516989330752224 
1 0.4000201565305013 0.03429325591447966 0.26056346431623134 0.06933019391680321 
2 0.4000201565305013 0.04054763757326911 0.27030734643337967 0.06881515560114246 
3 0.4000201565305013 0.09457174550889258 0.2731821372719877 0.06764586095396441 
4 0.4000201565305013 0.14296352333715906 0.29243624453893907 0.06296207498301076 
5 0.4000201565305013 0.14296352333715906 0.2921317245950783 0.06248203044706346 
6 0.4000201565305013 0.055380804194369214 0.27411377904551515 0.060221211592855636 
7 0.4000201565305013 0.04566461419317519 0.27262750069655195 0.06858990967135148 
8 0.4000201565305013 0.08340078558683985 0.28806883558305557 0.05737437823287492 
9 0.4000201565305013 0.19495828805299578 0.28454992610325314 0.05054331583520407 
10 0.38998594631059097 0.02852091667879157 0.26885650350245127 0.07358894444772723 
11 0.3868475357834174 0.02837062746148631 0.2603411881449777 0.06559654650643851 
12 0.3989641140499036 0.02841151469746862 0.26559413368349855 0.06632506728715666 
13 0.3842705562516849 0.056308196825717687 0.2702977245335036 0.06344821555375545 
14 0.3842705562516849 0.057065160766011376 0.27441858981683115 0.0656812242120354 
15 0.3842705562516849 0.04523528758075846 0.2791613252105669 0.06882336617352651 
16 0.3842705562516849 0.050348867920100654 0.2647338909060081 0.08016217327601673 
17 0.3858232194235629 0.046438259992751696 0.2616495599196741 0.07681489866725004 
18 0.3858232194235629 0.03835786798178069 0.25093860020888986 0.08205499898905493 
19 0.4526783486663101 0.05130853323229273 0.2612481140488402 0.07504860740202383 
20 0.4455353032179077 0.0456279451080693 0.24491532699377452 0.07705896915828966 
21 0.4455353032179077 0.11878573432382263 0.26582769355478403 0.06249914509823946 
22 0.4455353032179077 0.046888135397379634 0.2533652991833138 0.07924880049541125 
23 0.45402698049871965 0.028681434135501005 0.24842392826112264 0.0963651273386611 
24 0.3657227023134577 0.12245522837102471 0.2664121456388919 0.067702439267145 
25 0.37405319822878563 0.04231867307222537 0.26845808380147623 0.0750365242710709 
26 0.37405319822878563 0.14473964048888527 0.28324135574910314 0.06504641884435775 
27 0.37405319822878563 0.12322971699190938 0.2902299420527585 0.06596133726467314 
28 0.3644126529499087 0.16536738710695156 0.2962489075260915 0.05663106365819595 
29 0.3981495975809239 0.05872195909211775 0.3055413121739186 0.06497513599373829 
30 0.3981495975809239 0.11699577182369963 0.3001430667889599 0.05815074462875087 
31 0.3976597200041723 0.16172300619171817 0.3053228649718763 0.05347949962447862 
32 0.3976597200041723 0.03250421561685214 0.2962838661431226 0.0847925747902947 
33 0.3976597200041723 0.21928781136867645 0.30913197351494187 0.0404521992133899 
34 0.3629329197272598 0.07018153916422303 0.2880692573375547 0.05073793338690296 
35 0.3629329197272598 0.03982168688453475 0.28334232993369884 0.0623147846516549 
36 0.3875416880309329 0.0921332646653521 0.27557052808015603 0.06589413730793638 
37 0.3629329197272598 0.04387704470190523 0.27729693014454443 0.06512798585307139 
38 0.3482140960966494 0.11397442115280274 0.28558077535683535 0.04962774174678897 
39 0.3743461039900673 0.06771634482236913 0.2814296694092943 0.06294915396301591 
40 0.3743461039900673 0.06102030998969794 0.27155541881650075 0.07020030521113149 
41 0.3714710238123402 0.029829521018095193 0.2717300047123384 0.0685384092796611 
42 0.3714710238123402 0.028987103794601503 0.2682449374659419 0.07370212560161021 
43 0.36958725242887397 0.046631414832526946 0.28399401753368514 0.05694001279571156 
44 0.36958725242887397 0.18207411241426794 0.2764645277273724 0.050875828647924407 
45 0.36958725242887397 0.03383147380297684 0.2652935977461124 0.06413637391587368 
46 0.3510587770622096 0.07261714626639217 0.2712183008631328 0.06312062379567342 
47 0.3576741593985871 0.029076857527746375 0.27018287591110757 0.08226486281145666 
48 0.3728236892757147 0.029381391932721882 0.2800105218735633 0.06437394319245739 
49 0.36993214019551274 0.15858989489814665 0.28705658469323275 0.05151447855693936 
50 0.37043782066504777 0.08193176612924408 0.2767987436702716 0.06401165003524195 
51 0.36880415871707567 0.029241049444921154 0.27302487922966606 0.0750451313282096 
52 0.36880415871707567 0.03505232700441191 0.2766634519091014 0.07175515522691285 
53 0.36880415871707567 0.18236806221775367 0.2935798614162607 0.04891891188635825 
54 0.36880415871707567 0.044800157404877736 0.28236298428952367 0.06625670224056683 
55 0.36533620846476034 0.08670294548072599 0.2908898595098908 0.05590718395399871 
56 0.39142691943655367 0.05417621191554291 0.28753913333097175 0.06899084306937185 
57 0.40511838803396005 0.06231780377955325 0.29955477444651685 0.06812627760628437 
58 0.40511838803396005 0.09137414803530858 0.3101884650105903 0.05586105494469655 
59 0.39142691943655367 0.07934913509862859 0.30080487736680156 0.0556572886460849 
60 0.39142691943655367 0.059232473392888105 0.28911294423506606 0.060404776387731625 
61 0.39142691943655367 0.05557968537370064 0.28611583572171806 0.06410029353910564 
62 0.379936823388876 0.09380903869332119 0.2709667103428138 0.06976055327620771 
63 0.379936823388876 0.05240953833479161 0.2735790808435453 0.07275451953066213 
64 0.379936823388876 0.05240953833479161 0.2802832906942094 0.08385002521316107 
65 0.379936823388876 0.1813288161492537 0.2961255380573275 0.06073409057483138 
66 0.379936823388876 0.18130916271116979 0.2933966550129435 0.06272008385065928 
67 0.379936823388876 0.07704984929640508 0.3041420191295817 0.06860936474137679 
68 0.379936823388876 0.10806042035814731 0.3006504948225098 0.06187388081558425 
69 0.39321920724849513 0.18146811408917157 0.29461049832460967 0.06040522361663749 
70 0.39321920724849513 0.03559934264026992 0.28922667374360866 0.07770498418672614 
71 0.39514215549635145 0.034613080856828 0.2835414093256114 0.0747488828367417 
72 0.3892047946890505 0.14602864766140616 0.3055790872178272 0.05245892279899664 
73 0.40378858107374105 0.033512000782356006 0.28816045748338776 0.085889480666268 
74 0.40378858107374105 0.05166785355445112 0.30979525857641 0.06369818241322461 
75 0.394055639556292 0.029265127349337696 0.30570138132395275 0.07202177618843107 
76 0.3928845393855429 0.058008587271205475 0.30863983717740534 0.0678893612042514 
77 0.368488221494487 0.05619722979879752 0.3050046650952149 0.06129830383928949 
78 0.3655975836948956 0.09181614655895495 0.30898323278085765 0.05420187876250177 
79 0.3705214769920119 0.16838683834454393 0.2976892504286462 0.05703010699712275 
80 0.3830600423186218 0.03215996442004234 0.2832231945254146 0.07511203706107154 
81 0.3705214769920119 0.04456773538984107 0.2980049321824568 0.06336999432703432 
82 0.3705214769920119 0.039815232065910755 0.30023841916620336 0.06875638982564165 
83 0.37453841321621406 0.04675039276652924 0.30401254741874906 0.06375924060284727 
84 0.3680309981710938 0.10575589844959589 0.2998739943756473 0.06300735680021256 
85 0.3680309981710938 0.08637007092334194 0.2948696429045714 0.06433268060560218 
86 0.36563573720017384 0.06274559840906961 0.2813925849544303 0.06761161477504243 
87 0.36563573720017384 0.04125511265486396 0.29166193105612126 0.07076530667308242 
88 0.36563573720017384 0.18139198856607844 0.3062746585323083 0.048330011206835034 
89 0.3678356352020177 0.03322145275842345 0.28607549271910837 0.06869109504275016 
90 0.3691895929398346 0.04267457936094449 0.29287023201200135 0.06911581010358696 
91 0.3691895929398346 0.09468520048304968 0.29363409076436947 0.06022649102837258 
92 0.3691895929398346 0.12309258713499335 0.29527446320534134 0.054677502296753645 
93 0.3691895929398346 0.1383861095959808 0.28514035481039224 0.05853525155018671 
94 0.3635724743416192 0.03295796571273699 0.2699798872264018 0.06713517989092031 
95 0.3618409237327955 0.12091935197675407 0.2831118021317128 0.05343635063455546 
96 0.3666287938739682 0.050601845504675495 0.28353481044222395 0.05815218392492109 
97 0.34905821089238337 0.031015348500654245 0.25958258397956013 0.08079975355814763 
98 0.3923438749415955 0.031015348500654245 0.2803221277231932 0.05966037958492772 
99 0.35672450255159877 0.0502784213459055 0.28329142468539875 0.05462746933546096 
100 0.358095350761237 0.18032779369740737 0.3009099055058345 0.04055727203344778 
101 0.358095350761237 0.029496194761532098 0.2773639768773869 0.07646946027191057 
102 0.3515993257213568 0.029647522313831044 0.29274621508081644 0.060238803501176455 
103 0.3488981402475075 0.10254651801821636 0.28557878805695225 0.06055009596764018 
104 0.3575052084760728 0.03307598334202359 0.282222447074683 0.07394877348301633 
105 0.34545942007338654 0.1831497829023104 0.2873429191049999 0.04133320201885504 
106 0.34545942007338654 0.08708284117567412 0.2664555163695368 0.05230649940565575 
107 0.3648325249865703 0.10999124010984496 0.27820170841515945 0.05205477217906357 
108 0.3648325249865703 0.09930712205789603 0.2769703267871852 0.06663837873444735 
109 0.3648325249865703 0.058818034687712156 0.2838696270726117 0.07033646586555793 
110 0.35983808536404743 0.1380866894303064 0.3014045465530101 0.0474199902926431 
111 0.35983808536404743 0.054154622681046746 0.27834706691978 0.0723733116274757 
112 0.3790918093841164 0.1380866894303064 0.29868939712906484 0.043602728061064286 
113 0.34972211712609874 0.1872442740878822 0.3036393064025025 0.03696997611805939 
114 0.36397879837068353 0.1294150313734265 0.2937837898056274 0.05134282794825207 
115 0.3491349062842335 0.04585425189057369 0.2719978888379019 0.07656365655419471 
116 0.36332524620835654 0.036938769087796385 0.2785400643924237 0.07140816189073458 
117 0.36332524620835654 0.04502535527796419 0.28375428756419746 0.07302486938841656 
118 0.37261898868435617 0.14602459173820953 0.29990054820808626 0.046412087598082755 
119 0.36332524620835654 0.046336180944834826 0.28765687126087325 0.05765074658195106 
120 0.3574226860659085 0.029510815393246105 0.2817927236397244 0.0521945601814083 
121 0.3574226860659085 0.13496300599176794 0.290344131085904 0.04026486212955721 
122 0.3622242597636862 0.15100538466231 0.2856195193175131 0.04876692422495146 
123 0.3622242597636862 0.028446052440431555 0.284109041443374 0.06394224232458212 
124 0.37916250771734283 0.08827826498883957 0.2915724851190529 0.05925533673962474 
125 0.35612811999828425 0.09301768628600242 0.2861523662597214 0.054959496243354604 
126 0.35612811999828425 0.09116013347214959 0.2924340226498724 0.05703855941367554 
127 0.3500087991384995 0.07810941695244845 0.2826010289485069 0.06134533390101607 
128 0.3500087991384995 0.10159618259290987 0.28630143146394427 0.060766986108824056 
129 0.34803613515184534 0.10159618259290987 0.28342872193694235 0.05721461132282324 
130 0.34958207130670965 0.05125161805239128 0.28129296454644026 0.06352793702902719 
131 0.3513227316315727 0.06521348739673141 0.2726535847050977 0.0596615823388173 
132 0.3513227316315727 0.03665533728005491 0.26427819448071543 0.07170650835328699 
133 0.3528914875029153 0.18565266087822943 0.2883426001707894 0.045482947149676746 
134 0.37217698754538486 0.1078495178280745 0.28150093899144113 0.05756033790529655 
135 0.3803722558934964 0.07365378743103837 0.2781743565994627 0.06353345886012222 
136 0.3803722558934964 0.06451814029302205 0.288206035753283 0.05351387903771886 
137 0.3803722558934964 0.06451814029302205 0.28721191364965093 0.055689173232684304 
138 0.3803722558934964 0.16026987480603658 0.28603420350919967 0.05601203115268345 
139 0.36722224437338946 0.031213696113835582 0.27629655032573996 0.07015526932409175 
140 0.36546650340069636 0.029678062508542446 0.26588027533340364 0.08359260372976426 
141 0.36546650340069636 0.028905457778819463 0.2824469893730992 0.0685721281009406 
142 0.3789512960400889 0.05753871904293485 0.2887466768125021 0.056604394554698345 
143 0.36546650340069636 0.05800402725089421 0.2931551172961274 0.0600617589970753 
144 0.36546650340069636 0.045680038313962786 0.28181696669294654 0.06609549730559248 
145 0.38353921344494746 0.05125992210855687 0.2857346169178717 0.05975763041233007 
146 0.36546650340069636 0.04376972602295955 0.2708617710498766 0.06882382138703859 
147 0.36546650340069636 0.03069282638694816 0.2733285599709544 0.06645608011671338 
148 0.35595354302005344 0.03334105843664991 0.2756011956274995 0.07027184536525019 
149 0.3580225157962329 0.07819448433770693 0.2750862344115664 0.05582801999459003 
150 0.3513176300374464 0.03786044530559075 0.2687833388506226 0.061537364000512934 
151 0.3454209910112145 0.0653109258695027 0.2679008986081026 0.06476180329585882 
152 0.3441319585501543 0.031461918032052304 0.2680044587244087 0.0725284854778516 
153 0.34963397969835047 0.06635075770519064 0.28162538510952095 0.06511694487286106 
154 0.37550188554629105 0.04254322030413284 0.28194728734367225 0.07895873361973436 
155 0.3628604351756499 0.03199226561326824 0.2797594683012977 0.0884828919096455 
156 0.3982672516669399 0.050041473550971945 0.2882681703702131 0.06495139712033843 
157 0.3558520158464388 0.1926515863780577 0.2913128012424132 0.045098871334605106 
158 0.37694047583257334 0.03108270777972437 0.2863250154084853 0.0789204672229207 
159 0.37322687360491696 0.06721445279686461 0.2911075436829757 0.061793231101350266 
160 0.37322687360491696 0.05140678242411153 0.29070836475646844 0.055574218372410535 
161 0.3732713183213317 0.12152948528688066 0.28071446527218996 0.05629456110403137 
162 0.38076791558089346 0.08376224011405849 0.2792863036556853 0.0618787144947551 
163 0.3732713183213317 0.10149680708536635 0.27871947418315796 0.06313554752169684 
164 0.3732713183213317 0.03712532855593557 0.27710163961265977 0.07143924834452267 
165 0.3613132018412041 0.0748978252782087 0.26823667004553126 0.0681092116491668 
166 0.3613132018412041 0.15119706211809253 0.2715249463689674 0.056950832727226945 
167 0.3613132018412041 0.10617871188462048 0.26188184294596584 0.06140853531120384 
168 0.3613132018412041 0.09030099525685827 0.28090276510524576 0.06427228058532922 
169 0.3696661106561665 0.07913066534277494 0.28044866104669885 0.06776463475143936 
170 0.35831452359516136 0.031048379587164165 0.26634481288363576 0.0713796930203728 
171 0.3503945157151527 0.12764326709942395 0.27436552512358675 0.047726639584085906 
172 0.34577498087169917 0.07634134145689055 0.2642597652411605 0.05043625941044317 
173 0.3746412004356928 0.07634134145689055 0.24683470246603545 0.05697513877689057 
174 0.3829563143550323 0.09663546644222203 0.25204206972741544 0.050800984896939044 
175 0.3829563143550323 0.04125524782752488 0.25674618566712515 0.05902848051177986 
176 0.3829563143550323 0.1761792432301984 0.27806551451553096 0.05030385436812039 
177 0.3829563143550323 0.03144956571782167 0.2627727067110499 0.06273464747168367 
178 0.3829563143550323 0.03144956571782167 0.24892734624038138 0.06848343074814 
179 0.377452386074537 0.03949169832212045 0.2599541802505996 0.06601902255289958 
180 0.359035578456635 0.05334815073529012 0.25439257596347226 0.07082179368574604 
181 0.3735325499466692 0.16948159423089088 0.2763661781420898 0.05159864656704967 
182 0.3735325499466692 0.04488594445297507 0.2671562642668611 0.0690323919266575 
183 0.37431858389765243 0.16352856325875675 0.27721291103959705 0.05340231077827744 
184 0.3735325499466692 0.05636650378999365 0.26594307356533464 0.060208055243567246 
185 0.39321592803584593 0.046325345816442494 0.2804779277733512 0.06677145407170083 
186 0.37385657184470444 0.028300314539275832 0.2850855149691903 0.062315249366293964 
187 0.37385657184470444 0.028597558081127364 0.27322785883371725 0.08076417228056568 
188 0.37385657184470444 0.17822627409531555 0.29828894978204085 0.0510608808297169 
189 0.38814164656431177 0.17979391905256817 0.2942323105695351 0.05997389979639608 
190 0.39013219845402286 0.17979391905256817 0.3003603615889599 0.05492931209027025 
191 0.37688014182601964 0.11730970829962874 0.30480809854126456 0.05668223322126328 
192 0.37688014182601964 0.04468499425227016 0.2912085176091606 0.0720355740774665 
193 0.3829738397340457 0.14716510037069286 0.30601806782489066 0.045839567516212064 
194 0.3986658553228984 0.029514413224607145 0.3066191931936697 0.07043677151320887 
195 0.3986658553228984 0.07457023416145378 0.30346323864051616 0.06498174680705418 
196 0.3986658553228984 0.03122937920838963 0.3039785100706906 0.06456525441820027 
197 0.3986658553228984 0.1353856261563976 0.3099211337516495 0.053846132994623194 
198 0.3986658553228984 0.04650267132561008 0.29387064089487286 0.07253009425911576 
199 0.3986658553228984 0.039336973793616 0.3040454152750842 0.07164621973675285 
200 0.3986658553228984 0.03370507032978139 0.2932375531021741 0.07550357476926253 
201 0.3986658553228984 0.03370507032978139 0.27821645374524295 0.07930564135178238 
202 0.3986658553228984 0.10356480966815418 0.3041026026529237 0.05416710874001438 
203 0.3815079780884873 0.029972847343860205 0.2998124707292375 0.06135234217501247 
204 0.4169849330418077 0.04040798355874861 0.29188700806994916 0.07939401190373004 
205 0.4169849330418077 0.04317489158331298 0.31518920146656854 0.06525936118226304 
206 0.4169849330418077 0.07569779239889278 0.3181119421267847 0.0674764412240968 
207 0.4169849330418077 0.11991392644632536 0.3142500957734369 0.07044825459443789 
208 0.4169849330418077 0.13358078780857066 0.3136609623150052 0.06855987398591673 
209 0.4169849330418077 0.0663023482994821 0.3140752028729634 0.07336856675185553 
210 0.4169849330418077 0.17286763003345135 0.32353698952300863 0.06276618201227215 
211 0.4189223475683152 0.06408439271043691 0.30944618330594204 0.07065782756474161 
212 0.4822930506679839 0.055867095870252334 0.3229275557470126 0.07989754312123026 
213 0.4169849330418077 0.03127970839591762 0.3003433067324674 0.09260025791951626 
214 0.4169849330418077 0.02893066866853053 0.32017024087392126 0.08629457883425534 
215 0.4169849330418077 0.02893066866853053 0.3134203141276176 0.08426313056912084 
216 0.4169849330418077 0.05146267264094713 0.3117743390728987 0.07172074897432157 
217 0.4578674034024417 0.15850595110719662 0.3219707118372782 0.06356164288929093 
218 0.4578674034024417 0.032917833413812096 0.3106354182151447 0.08880531622551151 
219 0.4578674034024417 0.02925868829644458 0.30739989656948946 0.10749434405988109 
220 0.4578674034024417 0.036125924011644765 0.31212563724054176 0.09490685045267613 
221 0.4375680160406917 0.03146681717549802 0.3084805050958432 0.08998779929769593 
222 0.4375680160406917 0.1418286706751752 0.3169453332556381 0.06487003374570774 
223 0.47049847132310657 0.13076394982143802 0.32416936765560467 0.07231067916390793 
224 0.47049847132310657 0.05478637961829012 0.3097767666746453 0.08233459393316364 
225 0.4491576433702215 0.11701927679452351 0.3075858027540434 0.07988626270167214 
226 0.45577249754192045 0.031202878392171347 0.31473564787016506 0.09441734772650705 
227 0.5771169407762728 0.0448962782091616 0.3141837521462897 0.08669452485648131 
228 0.45577249754192045 0.053533994014386244 0.31648593294461086 0.08203200930326435 
229 0.45577249754192045 0.06752933976826522 0.3000839322397579 0.07617546781243 
230 0.45577249754192045 0.1162355077672726 0.2960052969132627 0.0704376924277915 
231 0.4330860342010233 0.031091101079290577 0.2765169970135424 0.08414047088454217 
232 0.46882810024036475 0.18236447439712816 0.29908772967551894 0.05745384324451479 
233 0.4153164149925471 0.19534052825823572 0.29801956928975415 0.051828842043072365 
234 0.40245338457250085 0.04319904054736988 0.2826154373783656 0.07160142935405693 
235 0.4139256710058214 0.18250918210817094 0.2798756436866928 0.06511734159290586 
236 0.40245338457250085 0.05314266961661337 0.2655354059254962 0.06734088720032043 
237 0.4134821365846192 0.05085739196544581 0.25940781418302145 0.06760667515481025 
238 0.467262146319864 0.04696771543292679 0.2672307386103948 0.08093756592219918 
239 0.467262146319864 0.04696771543292679 0.28158771672391475 0.08378470753495386 
240 0.467262146319864 0.13771809272072605 0.2996938286906334 0.07846227178569248 
241 0.45481092092262754 0.03769954613125021 0.2923392767264427 0.09022321565176959 
242 0.435622935915943 0.1126959348126875 0.2865341485797039 0.07382399788907175 
243 0.4211672293669735 0.19475929456262014 0.29939614783565055 0.056446894172167625 
244 0.4340193758442285 0.07323870424645677 0.27814378629063935 0.07691699858042358 
245 0.4263791775233278 0.12561677111924544 0.28492007917455575 0.07633223323552216 
246 0.4238299117781813 0.11260667352363496 0.3091070271392724 0.06350767457428635 
247 0.43804282722080895 0.08951661119176978 0.3180891256328655 0.06430977738487059 
248 0.422651894611749 0.03150790101510428 0.29690872653588796 0.08838378778528945 
249 0.47149577561309686 0.06357888896256929 0.3176059652951967 0.07799156323790354 
250 0.47149577561309686 0.1662455179872158 0.33270342510362355 0.06808007340706086 
251 0.47149577561309686 0.028672757864095823 0.3266456613939432 0.07950177775190836 
252 0.47149577561309686 0.08443224527270599 0.31928112767495176 0.07356292685537598 
253 0.47149577561309686 0.04758163749951397 0.3227335266114369 0.07144894858221558 
254 0.4842925222047752 0.03249057098822458 0.31829482428692984 0.09174133599791479 
255 0.47149577561309686 0.04724013933970167 0.31208572922585637 0.08308176014174844 
256 0.4241341260173399 0.032064578412573694 0.3218961767392173 0.06975490813988128 
257 0.4268482050666197 0.043331005662495495 0.32663382951561587 0.07216723903082761 
258 0.45220575784221023 0.05103436425139602 0.321701314187064 0.06681806920819502 
259 0.46333730592202743 0.10097840036631642 0.32662239122320247 0.0660275211783103 
260 0.46333730592202743 0.06553509053217667 0.33244148003672797 0.06289503546487367 
261 0.46333730592202743 0.032247595421422144 0.3131551909758704 0.08818510428952422 
262 0.46333730592202743 0.02930012163418768 0.3092963048955648 0.09784333395382208 
263 0.4924848527689392 0.11613339852733519 0.33615248724910807 0.07009907926906757 
264 0.46333730592202743 0.21945626230748547 0.3438410202908489 0.06026074567809556 
265 0.5145819154156024 0.21405191061861786 0.34639152576792526 0.07343990693802646 
266 0.5145819154156024 0.04369004748115841 0.3410904454449894 0.09173166531148082 
267 0.5145819154156024 0.033937111888501764 0.34937501308919333 0.09079068670079604 
268 0.5145819154156024 0.0477115029169738 0.3492584347113115 0.10294497236040348 
269 0.5145819154156024 0.03359833060121605 0.35233616593936345 0.10414248512118959 
270 0.5145819154156024 0.03460886846691136 0.3460369687915322 0.10291560339244805 
271 0.5145819154156024 0.05259237981300153 0.33557622747504723 0.10113820347265984 
272 0.5145819154156024 0.15240770612416382 0.3478823881983442 0.09553372266985095 
273 0.5145819154156024 0.23201897803808816 0.36712637784787466 0.07819246274397999 
274 0.5145819154156024 0.11515951224303321 0.3623112963334912 0.09205287912068026 
275 0.5163350746255105 0.21536584240140147 0.38408719897561217 0.07237075464014608 
276 0.5163350746255105 0.03094468276268498 0.36673256500436197 0.09763774396009856 
277 0.5162985888328128 0.09741808262604942 0.37884961939925854 0.08751902870470331 
278 0.5147693356847791 0.21689330276323704 0.3880156668420604 0.0739394437611674 
279 0.5258517701114032 0.2613955790676261 0.3948985798877219 0.06612674475456422 
280 0.5258517701114032 0.1340737078503237 0.3818317551505339 0.07356368784566632 
281 0.5083397425990497 0.03368184090235542 0.35082488576962445 0.09329443536370241 
282 0.5083397425990497 0.0309739733141023 0.36080377619048254 0.0889979958646549 
283 0.4901964367584982 0.17858820991194632 0.3648307894891003 0.06976047451595659 
284 0.4984679038472195 0.032501426654103736 0.3445870806717996 0.10385980997831346 
285 0.4917032316084221 0.17858820991194632 0.36232823628208444 0.08377647620851031 
286 0.47117853606963167 0.049102975016719765 0.3279443948662104 0.10264867188228836 
287 0.49203585645106795 0.05062226359946482 0.3176774201392779 0.11037787823194607 
288 0.49203585645106795 0.16479224850977056 0.35731923778580243 0.08739460519721097 
289 0.4907580900875708 0.03868118015708593 0.35723773865162367 0.10612395058604829 
290 0.5131698479450801 0.1845112886117507 0.37032135232855945 0.0869306233142558 
291 0.5122798470745724 0.058733558229869066 0.37361779994239086 0.09391222427911243 
292 0.5276600763900192 0.058733558229869066 0.39172695917627026 0.09435800485854305 
293 0.5276600763900192 0.046938591929871924 0.36602991549199415 0.11315310891625507 
294 0.5234889715659252 0.04144457633139249 0.347243509423941 0.09854169964240955 
295 0.5234889715659252 0.21033437532165633 0.37470556048840115 0.08320647970922568 
296 0.5296888621955508 0.21818968364144287 0.384071934589933 0.07580806570887588 
297 0.5296888621955508 0.17055849820075203 0.37045526934940126 0.07704728411064792 
298 0.45680924756449626 0.17055849820075203 0.3475421148253772 0.06796456668463542 
299 0.45680924756449626 0.04915537363454303 0.3417956884435601 0.07394976060244743 
300 0.4688750451428369 0.028881854957713782 0.3416283917848534 0.08503607799889254 
301 0.44399599797835343 0.14872236987725293 0.33000568375832245 0.07758654845658734 
302 0.44399599797835343 0.039439308253689194 0.3174000506289909 0.09038272454054821 
303 0.5113948508726778 0.10006447159608192 0.34495589845326013 0.09188831310030994 
304 0.5321881343918404 0.03275744808943979 0.3357446482852297 0.09848512652925451 
305 0.5083881620039691 0.050438053720805016 0.32850851015552635 0.08163574519429118 
306 0.4489003133787836 0.04928923078642311 0.3362751313710962 0.08187140635116658 
307 0.44594145638836297 0.04279136894816321 0.32032189729748173 0.08993059410080238 
308 0.48217962361675365 0.18262874330425136 0.35061617184442856 0.0658174774167067 
309 0.4517669847464139 0.1953291738943743 0.3588782789077753 0.05526361727250813 
310 0.44424127433745386 0.18190515780954733 0.35312794830946204 0.05385901845145524 
311 0.44424127433745386 0.06322472565703126 0.33073811269560593 0.090479545367046 
312 0.44424127433745386 0.028552487686633876 0.32812091325977966 0.11352089376315723 
313 0.4501144180759567 0.04394093306456991 0.3440620814803459 0.08653731045640796 
314 0.44802614130243595 0.12532910945850767 0.35071970637203437 0.06844027878313777 
315 0.44802614130243595 0.03433624547213392 0.34404970052595363 0.0828632295366123 
316 0.46876035565408974 0.12151732374787474 0.3455664988775125 0.07078055391478785 
317 0.5088788774517317 0.02880383685224885 0.34876773981261827 0.09210498472561814 
318 0.4749154942424104 0.16292141987690542 0.36111831762800567 0.07845926345377284 
319 0.4749154942424104 0.1573658906759641 0.3528017099174683 0.0765325334504594 
320 0.4749154942424104 0.1838483628287465 0.352923249884589 0.07886535011744487 
321 0.46158607533345986 0.03843818258061165 0.337461811064839 0.0968325342878471 
322 0.459500774764102 0.1808277854708769 0.34074867882513343 0.07060890788703238 
323 0.4428437884176155 0.08284509769350895 0.3212543293320198 0.08416991166070038 
324 0.4410569685273813 0.041626964824013866 0.30708577682298793 0.10253510053951674 
325 0.47763504843102605 0.1592889548284147 0.3308696429017384 0.07524392926804299 
326 0.47763504843102605 0.0398282427580015 0.33417586914838765 0.09500303027396849 
327 0.487474920147888 0.043658197496241655 0.3284686041920884 0.08367863239547621 
328 0.46258170301162205 0.18392188912643892 0.337051955261513 0.07640859652019233 
329 0.4446947639819692 0.13803457386023157 0.32060358655178894 0.07607709551315356 
330 0.4445819184203697 0.03872930591811419 0.3087815977490165 0.0836542040505617 
331 0.46846085974526275 0.034295330731839116 0.3001414454678868 0.07023900580106397 
332 0.4312555084521472 0.16301642609474873 0.29953366754393024 0.06528645580191454 
333 0.4583386317000564 0.06439180814417439 0.3196193928658267 0.07564163720043476 
334 0.4583386317000564 0.03087881557586251 0.3199140561326657 0.08761539377815052 
335 0.4312555084521472 0.05223988867341342 0.2994454280105736 0.09612098312290175 
336 0.4312555084521472 0.032248106547343114 0.2864449366058785 0.10168201202495565 
337 0.43032240093143564 0.052422653583429416 0.295732951102623 0.07875841571864498 
338 0.481094487223163 0.10973225661325595 0.30416029203510075 0.08206074932122877 
339 0.43032240093143564 0.06768579421073154 0.32229787801467613 0.07462751287557265 
340 0.4352212691473518 0.07850221660716741 0.34049081660282937 0.07104795081667271 
341 0.46067762756304054 0.18197343129848015 0.3356933429900178 0.06505696298860099 
342 0.46067762756304054 0.05199263840798968 0.32837383284953425 0.08408048694785993 
343 0.46067762756304054 0.12144136436303572 0.3451209957099436 0.07663370249474545 
344 0.4807537282213606 0.182290774465688 0.3517781264052597 0.06691376442766202 
345 0.4826620521598173 0.03206153799205307 0.36240984400485077 0.07757986605835558 
346 0.44995703963078265 0.04673040104138888 0.3472913823124779 0.07809425836115606 
347 0.46987676671457296 0.18166202708949553 0.3537457425170057 0.0647407742716648 
348 0.46987676671457296 0.1923065713292481 0.3606334599596953 0.06103948836279866 
349 0.46987676671457296 0.05948713554156003 0.35197137337264456 0.07589068135247193 
350 0.46987676671457296 0.031511148521924194 0.34817500037888716 0.08191825736458606 
351 0.4743012101732069 0.028729491834766762 0.3380510866810297 0.09662670404786884 
352 0.4743012101732069 0.03992812312374002 0.3490727348908653 0.0872365662828385 
353 0.47555451564016366 0.05592743258999132 0.3314144465256994 0.08951575859704973 
354 0.4339493092639613 0.02810078984916309 0.33487897710495135 0.074623919525057 
355 0.44218479439706604 0.1296199794124825 0.35132100541993694 0.06326126397846378 
356 0.44520497869533876 0.06270286909638899 0.334412346139261 0.08461468122801724 
357 0.4435256678642634 0.048532415374178337 0.3281486637178525 0.0814361845288457 
358 0.43527657430902755 0.18166898862478925 0.3523023313696943 0.06942859146207767 
359 0.4234462804789166 0.18858926314128224 0.3271767518257989 0.06392600422544795 
360 0.46479513469877193 0.22032316150127654 0.35063915193723927 0.055346871208289836 
361 0.46479513469877193 0.058014723974431 0.3364088230204079 0.08585706088296162 
362 0.464863533349061 0.0848354890926176 0.3419038850726273 0.07982645575085472 
363 0.464863533349061 0.041797804374227795 0.3238737120466703 0.09871281655632844 
364 0.464863533349061 0.061045254764207316 0.32934957023621286 0.09867349188097634 
365 0.46492961683088496 0.17120376004998655 0.3493320694569094 0.07459179570313895 
366 0.45862533740834954 0.21414235210396684 0.3467230148041356 0.06330745875401074 
367 0.4656355305454595 0.18383981628926388 0.3442403252646844 0.07158754406138151 
368 0.4656355305454595 0.09748192234146268 0.33354857890314865 0.08076099756341434 
369 0.45060042742635054 0.0992697101462481 0.32987970201928973 0.07259085051096424 
370 0.48947934268201826 0.035200942306047193 0.3415448118911207 0.08443175201100143 
371 0.4578652020457595 0.16464483853817974 0.3472362536680912 0.07044766463194543 
372 0.45060266546317557 0.06499063126494777 0.34591887873700305 0.07260278084700135 
373 0.46835875319232184 0.09485354902169926 0.32337122861591605 0.06679133426383935 
374 0.47373327200384674 0.18146131233771337 0.3283679193080672 0.07238988635840087 
375 0.44969886827923494 0.19240417581937208 0.33657316083993016 0.0581045465156915 
376 0.44969886827923494 0.0446127708143715 0.34179991450488784 0.06975381311341394 
377 0.44969886827923494 0.0446127708143715 0.33605406424083356 0.07261370683862539 
378 0.44969886827923494 0.14911969264274386 0.3428836447709388 0.058823926391243654 
379 0.44969886827923494 0.04207102116380838 0.33157443251461605 0.0790499355018449 
380 0.44969886827923494 0.02974395732915899 0.32578174881279753 0.08549709296151498 
381 0.4527304121017973 0.03182052067935732 0.34201135076912514 0.0791364676770291 
382 0.45670283018405394 0.03390266597011718 0.3423044826838672 0.08534458823166162 
383 0.47576699431485586 0.03826795580793069 0.34684208361060925 0.08421994154442927 
384 0.47576699431485586 0.04666305792305886 0.34426647423070905 0.10284206151557594 
385 0.4765888471201498 0.03285995280982473 0.34206877916937234 0.10499565043276844 
386 0.4395695893527155 0.18146396235795118 0.33117063439704275 0.08083544230453792 
387 0.4395695893527155 0.18146396235795118 0.3352531371597904 0.08119857140455163 
388 0.4395695893527155 0.17400610592667462 0.34565677202174605 0.0677705720455418 
389 0.4395695893527155 0.03699479561526258 0.33538694802479707 0.07755318591414186 
390 0.44028933562018874 0.1545997807469462 0.33505881187897957 0.061253888006707426 
391 0.43090133037597644 0.03642682226326448 0.31956028706531847 0.08097597616202296 
392 0.43098686767748967 0.09287859088606978 0.32317097072121304 0.07410592809477444 
393 0.4367316796725569 0.03120788640868232 0.2927386520462435 0.10232243462402812 
394 0.4457527448098601 0.06385420920411627 0.3210334369304092 0.07775225362697295 
395 0.4688088120678818 0.1246959901670477 0.3284271334997954 0.07595297331983276 
396 0.45874537134651366 0.042416702416748844 0.32505545804414404 0.08585956203361146 
397 0.4457527448098601 0.028980204931946182 0.32595466720742555 0.09014201702832071 
398 0.4457527448098601 0.036221970818292454 0.3265328945852967 0.09736671644298873 
399 0.44524023206948954 0.08773087837507246 0.3340998015583127 0.07185175021446638 
400 0.46959674362287596 0.11424658125475746 0.3388754710901259 0.06914468515941961 
401 0.4653951298872725 0.04028357987173247 0.3279484398447786 0.08853103260865938 
402 0.44583215244519975 0.1087130144310437 0.31758248351018636 0.07770739981539701 
403 0.44894349208997764 0.10736048993014255 0.33106011636512367 0.08013045813062239 
404 0.49614078379766713 0.1087130144310437 0.3317845605229767 0.07732158994574903 
405 0.49614078379766713 0.05546828147119793 0.32424135676131155 0.08165736488091256 
406 0.4613819170079459 0.07780739284233013 0.3507243003221316 0.06881484455861374 
407 0.4677975288590532 0.0383050360725565 0.3278415288463876 0.09706932470444285 
408 0.4458941827390004 0.10517578088605321 0.33455271232078665 0.07082597166473449 
409 0.4558249126228957 0.10517578088605321 0.3198982291234425 0.086854109406881 
410 0.5251616560801505 0.16530365483754658 0.3362954424022386 0.06633072898391397 
411 0.46751208687811047 0.062098822583803746 0.3333488594898031 0.07945241666566341 
412 0.4792374037437562 0.07222192703310201 0.33531901199432956 0.08514915033108958 
413 0.5340921118052488 0.06044548419684126 0.33750096126195245 0.08958146335256198 
414 0.5670778251492329 0.034813576002072744 0.3271897251805637 0.1129313823944386 
415 0.5670778251492329 0.058541990148497584 0.35904066032483384 0.07885403262060076 
416 0.5670778251492329 0.08499517477327645 0.347434573250558 0.0821029542368974 
417 0.49621758270476646 0.06294559350159937 0.3603161394660168 0.07987202471122742 
418 0.49621758270476646 0.19781145532044692 0.35922633784166796 0.07971129938702391 
419 0.5227613412365819 0.07402973736263826 0.37230113050678626 0.08727838103047021 
420 0.49621758270476646 0.029275221233518185 0.3542296512915918 0.10496688752265099 
421 0.5165000656694105 0.05628794633750057 0.3755413874641239 0.09318213521975223 
422 0.4839449149154789 0.03280681248692153 0.34502633520166104 0.11075876268618295 
423 0.5086782232061728 0.036477347883131596 0.37141727844922234 0.08910831368667281 
424 0.5086782232061728 0.1519244320127082 0.3464235336159774 0.08652117315519497 
425 0.5086782232061728 0.12920595754783162 0.3444326070479206 0.07610176322565855 
426 0.5086782232061728 0.07813185743931757 0.3382019617545667 0.07964634404444573 
427 0.5086782232061728 0.04748012496075843 0.33810072573218986 0.08103703701685779 
428 0.5040216530859594 0.028894362626673734 0.3378201835034093 0.07667995947941622 
429 0.5040216530859594 0.14957138954702143 0.325218560078319 0.07524569981249576 
430 0.4962670079139713 0.19827547303002013 0.33915847245696085 0.06460672835479327 
431 0.4962670079139713 0.07311276882413592 0.3321876941565959 0.07297317104396465 
432 0.44990957944984605 0.1830289073372457 0.3365699850897658 0.06293995969697744 
433 0.47009537356494996 0.18327419806194298 0.33628308234677307 0.062118538791830595 
434 0.47009537356494996 0.03132879398077352 0.31014742141906915 0.09852187737080229 
435 0.4349573008133855 0.06504196874336364 0.31880352411021884 0.07919718755686683 
436 0.4349573008133855 0.05588053074939446 0.29880107717364557 0.07908214331497573 
437 0.4007123269815002 0.06804378154373843 0.29771398408432637 0.07163868548725126 
438 0.38384885620016734 0.06804378154373843 0.3061314274704162 0.05729474757382178 
439 0.39011442616173786 0.02882816927757737 0.30577356867066174 0.06854436809532932 
440 0.3860068256252364 0.034426505997727126 0.3050965931512342 0.05853198230691193 
441 0.38800229060174246 0.028987608905633913 0.3035392555089773 0.06719436733312727 
442 0.4051401928088126 0.028987608905633913 0.28178399245004476 0.08635159360052125 
443 0.49179855389784255 0.06487313323180922 0.2998010153467313 0.08784387854551527 
444 0.49179855389784255 0.18246508384400012 0.31603709394057283 0.06997716092488758 
445 0.5064761814120091 0.18244762068929793 0.3230369660620569 0.08192138402961445 
446 0.5006808049126841 0.12115889840887532 0.33309020342922485 0.08210083331500781 
447 0.5006808049126841 0.056373043094943745 0.31952731523053884 0.08302339410075213 
448 0.49179855389784255 0.1981245226085521 0.33168018734462673 0.06349224282710066 
449 0.49179855389784255 0.05960862242129944 0.3218994026235069 0.06670819871553627 
450 0.4709802883000238 0.05960862242129944 0.3118366668245923 0.07271511163126942 
451 0.39223738050607065 0.051702125051264994 0.28643392326402817 0.07382089723117505 
452 0.39178239759390215 0.035013075536706094 0.2854508774730515 0.08216531884254819 
453 0.39208127140388754 0.030053817655541208 0.286400789116228 0.08837287698142893 
454 0.39208127140388754 0.029730390324274974 0.28143014825652835 0.08231028368583994 
455 0.396880912983546 0.06019958452584061 0.29366277942510666 0.08304200525310025 
456 0.39408590028457424 0.030250753916631047 0.29606697551835104 0.08528682063363283 
457 0.39408590028457424 0.03900673573151284 0.29159300029702456 0.09028514963035054 
458 0.39208127140388754 0.14102338207615292 0.3051053002525585 0.060722855879613964 
459 0.3879438415256807 0.031390822102145416 0.29494879597474477 0.07838019474646928 
460 0.386976436067317 0.07450342307464526 0.2913639504486993 0.07627717918629152 
461 0.38903679978476124 0.16813318183230516 0.3001749659109797 0.05611172295868615 
462 0.40842158802942274 0.18953582129797897 0.3005655091613501 0.05974152572201705 
463 0.4455558452164543 0.030625209720195872 0.30448203996301393 0.08459044709195396 
464 0.43252731947164047 0.04477339545105148 0.2910668113364379 0.07792118185015774 
465 0.4000533057429457 0.12245769416974939 0.29794692526396627 0.059711365420971364 
466 0.4000533057429457 0.05223390957085404 0.2974095256794704 0.07180523940114998 
467 0.43008083274891945 0.0984495481508377 0.2891296942055669 0.06735887509719364 
468 0.43008083274891945 0.058206196618687846 0.3068739179727454 0.07063025253247128 
469 0.37077423439574086 0.05497475237435657 0.30285843383549266 0.06674578071401732 
470 0.378884170062853 0.030142354332607445 0.3078156990600241 0.07131948522674358 
471 0.4189721563725438 0.030147036669071054 0.29548350739695306 0.08884914214060827 
472 0.38309058793155365 0.059559210867745516 0.28595855540522197 0.07169481675645187 
473 0.38309058793155365 0.03572483965205202 0.28495679666730706 0.07247237957353121 
474 0.38309058793155365 0.09284546720649364 0.2982373475395149 0.06328329869674897 
475 0.3887233528672893 0.02886295435890765 0.2860580262900062 0.08846910004281965 
476 0.38606420410940034 0.16206181376287535 0.31067273863257633 0.052745862693673214 
477 0.4378070319526474 0.18266560255595865 0.3083664162424063 0.05328945469790817 
478 0.4378070319526474 0.04847656067979685 0.30856559338225953 0.0712700546325964 
479 0.4378070319526474 0.044666195974707 0.30234863097223263 0.07880159326475542 
480 0.4392718651547021 0.13005721751484983 0.3226615432597153 0.07322738224887422 
481 0.4378070319526474 0.09294578613644595 0.3182391183851999 0.0837757494189296 
482 0.4382068106394046 0.028664563595516605 0.2947141304338255 0.1024024587467746 
483 0.42874637755389405 0.03069289483365617 0.2776754692090238 0.09577908605358743 
484 0.48476654034582906 0.15256309673901883 0.28874612934345456 0.07348341900518222 
485 0.48476654034582906 0.03703593435149842 0.30027953618757236 0.09035517178216489 
486 0.48476654034582906 0.032574634271126966 0.3056171578924126 0.08824718762513811 
487 0.4184784527765118 0.04024493201773428 0.3099316673515679 0.07338900233755138 
488 0.4184784527765118 0.033569284041928396 0.2814340108913637 0.08125360509754227 
489 0.4184784527765118 0.033569284041928396 0.2832545158859355 0.08340291786735357 
490 0.42621286159017113 0.11980973709132842 0.28862338010477473 0.06909877261338249 
491 0.43582782991664215 0.06264220947933087 0.299484081519447 0.06854091451144222 
492 0.42621286159017113 0.04746317884445544 0.3067051242499368 0.07022242330988969 
493 0.42621286159017113 0.19992171971846454 0.32932153342494125 0.061930898717933947 
494 0.42621286159017113 0.04908575508754404 0.3207505927399326 0.07427846273549658 
495 0.43837047397397594 0.03932929970012926 0.3070782615419189 0.09104676607613209 
496 0.44209256461313234 0.03899884184884559 0.3288445631251025 0.08482284765804375 
497 0.4642423597813223 0.033132688288979625 0.3340652869907966 0.08572653872483811 
498 0.486872692140419 0.18439383544335336 0.35518531709029116 0.07147941896588558 
499 0.486872692140419 0.030539690507478245 0.3555313283986602 0.09228860963935989 
500 0.463493244983606 0.030539690507478245 0.3612795821561697 0.09506906028652969 
501 0.463493244983606 0.18162755758806848 0.3633921931145872 0.07463486654216243 
502 0.463493244983606 0.05559253176590084 0.36048851689969325 0.08134039174097492 
503 0.463493244983606 0.18378610551602195 0.36285832926978134 0.06733845327126692 
504 0.463493244983606 0.06880806273234316 0.3689334517604555 0.07338536257459262 
505 0.45228585762204293 0.03807017578403433 0.3253145371599412 0.09836943544049098 
506 0.42649375340163925 0.07799820658900031 0.3108319592560578 0.08302991122159012 
507 0.42649375340163925 0.04366982677927345 0.30265143929151594 0.10333357405797086 
508 0.4448163849683752 0.039480422534520235 0.32422995294308105 0.08058389505518691 
509 0.4632788510434443 0.08152750392850942 0.32484325422381016 0.07625860205210638 
510 0.4632788510434443 0.05571769739093547 0.32952717160324274 0.08251123365184351 
511 0.45968743598717243 0.05671248543653478 0.3090839782730358 0.09627533575281699 
512 0.46632516627553894 0.03614929933369314 0.31376761438653994 0.10026005097464881 
513 0.46914606968201295 0.030372074808076136 0.33335275099538053 0.0848575565656329 
514 0.48783266246404156 0.07435418102349091 0.3451316772375531 0.08019295933743613 
515 0.48783266246404156 0.05008108785146603 0.31281897780560003 0.09717154570388185 
516 0.4526434559488728 0.18194057114357468 0.34216779520580126 0.06188373254620119 
517 0.45639822284624604 0.08531895250820741 0.3374367030715986 0.07060537532477308 
518 0.482462905382433 0.03261080679743643 0.323104575210483 0.08832434029132277 
519 0.482462905382433 0.09253221784940353 0.32317627197638643 0.07224074529061647 
520 0.4369675841773706 0.06937597141511372 0.3148780910193354 0.07376491321581868 
521 0.45625133096645004 0.030247421272594808 0.31187537551725025 0.0968731152411597 
522 0.4592154684030467 0.1158416153592592 0.3360044275076468 0.07509882343133946 
523 0.4592154684030467 0.05215786379217535 0.3245627424864871 0.09279200367774992 
524 0.4592154684030467 0.04138905765114805 0.315646683031256 0.09935933153127617 
525 0.45595431459430086 0.12534704110615202 0.31939711488711137 0.08223809798674724 
526 0.45605800074377717 0.12534704110615202 0.3341101504288953 0.07192755033454656 
527 0.4369675841773706 0.18881857082502246 0.3358678984010066 0.06683216586502566 
528 0.42827037910772614 0.06981819250127685 0.31361206606509345 0.0830589778197916 
529 0.4375684060555557 0.03470270643294602 0.3290267428406841 0.08255965789986111 
530 0.45562163983553866 0.034726806727292024 0.35164015995804154 0.06865801403300932 
531 0.45209547857307064 0.03786636942686804 0.33988773001659006 0.09783800608965897 
532 0.4491135510041897 0.03698850834080893 0.33830715602139716 0.09221018234881777 
533 0.4484466985953372 0.06100494313876693 0.33043695528817596 0.08290609341258798 
534 0.45570422834482927 0.0598590753904275 0.3320152335650786 0.09483136896580219 
535 0.5011734596335904 0.051744378796470904 0.3393540195924134 0.08843107393993727 
536 0.4658559910566833 0.036245146323418416 0.34393441487994714 0.0910894019258693 
537 0.4909555000580444 0.03524946813267744 0.3336820747700532 0.09268204926525932 
538 0.4909555000580444 0.03524946813267744 0.3235137357887654 0.1157702989538907 
539 0.4909555000580444 0.02842144168803126 0.34461947879558424 0.08369291375017104 
540 0.4874884995820589 0.13062967607070095 0.34972358673617393 0.06914314825556998 
541 0.5139506881411992 0.03283785320593171 0.345396452523047 0.0974569883534667 
542 0.47264670155662 0.20862058227586458 0.38120569176356117 0.050295482562676526 
543 0.4583706943345077 0.037377686253693865 0.3456586582564271 0.09359870744216477 
544 0.4583706943345077 0.06524170410185877 0.3539109839429883 0.06974565920281221 
545 0.43740554084033806 0.028746995125018483 0.32518462217172633 0.09432958144106683 
546 0.43740554084033806 0.04899767930234825 0.32389108434637875 0.0814189053493131 
547 0.4324312773364063 0.12452881872820942 0.329009705196983 0.062395342389635906 
548 0.4314597617477649 0.14533297659152514 0.327447198345155 0.06926922815775642 
549 0.44726700753476945 0.12537555742581005 0.3132989991562589 0.07981062314550234 
550 0.4594768997545278 0.04504812084236953 0.3162796200630072 0.08533590359844691 
551 0.42946474140142754 0.16161856080260306 0.33997042850698045 0.068213206418408 
552 0.4332960246667847 0.0496047118716097 0.3197910412850693 0.09443602276485129 
553 0.4332960246667847 0.03625099799550421 0.31256872921568574 0.08435853416239884 
554 0.4332960246667847 0.11963329645931517 0.31520486948219273 0.07649769257439049 
555 0.4332960246667847 0.03456212268729616 0.30900194761423005 0.08508184610539589 
556 0.4332960246667847 0.18233926354619112 0.328277896467342 0.0599071799231531 
557 0.43328626832086803 0.03355394332596825 0.30331462729366376 0.07861647768928835 
558 0.46802270951333025 0.061952015683863396 0.3164908484928698 0.08593564648353882 
559 0.49204854405092807 0.18130530571023498 0.33866229695521893 0.0795827768098312 
560 0.49204854405092807 0.11528813554075554 0.3323113944893833 0.07963147316367762 
561 0.46666765650420483 0.07491397030355208 0.3267000478104117 0.0702245907111876 
562 0.49175901605996736 0.0779534253669016 0.3326134518215648 0.07957148117180132 
563 0.49175901605996736 0.05862761146669575 0.34854913164877666 0.06933073804457163 
564 0.49175901605996736 0.12465502404955661 0.3559208825493086 0.06228901335452737 
565 0.49175901605996736 0.11987691221656926 0.3512678977704781 0.06403836718268546 
566 0.49175901605996736 0.03279673092226118 0.34115639118839575 0.07013317416157895 
567 0.4568233515010045 0.03279673092226118 0.328636463688458 0.09146632789600036 
568 0.4568233515010045 0.03470939742532642 0.33430198161077784 0.08328228538682919 
569 0.4507277113885571 0.040997763984996737 0.348120947958803 0.0637371828815325 
570 0.42681802651432 0.034127616840264205 0.33411811335870367 0.07887896389757254 
571 0.44732559124147936 0.1701076801561626 0.34726169600716617 0.06198084690281163 
572 0.43500445426414935 0.06846231977587804 0.3357874405432196 0.08162547414683452 
573 0.435105804126127 0.03936415593449988 0.3235523682477205 0.08285002840850426 
574 0.4289783823298449 0.030429379489114557 0.3442721877327118 0.06700038418374639 
575 0.44460802199349325 0.0512523630373409 0.331810588805605 0.08253194202376908 
576 0.4666792714016229 0.028531632209877023 0.3435425186967889 0.0774058751759456 
577 0.44460802199349325 0.02985923880946168 0.331849503493304 0.08551830745938914 
578 0.4436911820092594 0.09651581849436569 0.33830458439700917 0.0701169938246879 
579 0.4436911820092594 0.07342957284213021 0.3436350756820813 0.0728382139821788 
580 0.4436911820092594 0.0759768712250455 0.3388476294471555 0.07147419673091826 
581 0.4436911820092594 0.051918775429001515 0.3413230868709354 0.07072593225545876 
582 0.4436911820092594 0.028149448596078035 0.3426537014695961 0.08732618373888262 
583 0.4436911820092594 0.04194536152170942 0.34768613327286774 0.062011405830424644 
584 0.45637496823732915 0.08068983756222484 0.35829383001500964 0.06088769360874861 
585 0.45637496823732915 0.05575385098749173 0.3443095810101147 0.07830993693154824 
586 0.45637496823732915 0.06231622686464847 0.3496011657698289 0.07740352617549408 
587 0.45839236240695697 0.08546183101294705 0.3440857958559753 0.07036157475394901 
588 0.45839236240695697 0.08425302579772585 0.3373412473794341 0.08236095076695528 
589 0.5407240525270871 0.02936671869598183 0.3419402417066987 0.08392972753943294 
590 0.5407240525270871 0.04474574287267449 0.3426509211277266 0.09230795311012142 
591 0.5407240525270871 0.03555106942563632 0.34192619158174714 0.09544971051532897 
592 0.5407240525270871 0.10378669172918102 0.3533666979590289 0.09629118336982262 
593 0.5407240525270871 0.03338072257704302 0.34282283300180727 0.10522140370113198 
594 0.5407240525270871 0.04440706417694398 0.33803984497844336 0.11021168799121318 
595 0.5407240525270871 0.035667222110480803 0.3336526111255026 0.12977579805901904 
596 0.5407240525270871 0.06720139244527304 0.356110086686161 0.09771629762393867 
597 0.5407240525270871 0.06720139244527304 0.35782800021813954 0.09479796372617913 
598 0.45183338121822436 0.08626436781779828 0.3243385881747584 0.08396786074532105 
599 0.45272421011063146 0.07618243333596267 0.313437886140967 0.10036349195448221 
600 0.45272421011063146 0.04832187955345928 0.3155256542204121 0.09484016188501852 
601 0.47753330660732624 0.03442222103786534 0.3291461728054203 0.09861777597140013 
602 0.47753330660732624 0.033096058698864755 0.3307747588245987 0.10191234711119451 
603 0.45747513093880865 0.18173889335791127 0.3370422226874981 0.07944563306054961 
604 0.4970101956402187 0.056601596110798146 0.3352197053814826 0.09185361068143716 
605 0.45747513093880865 0.10651790375944295 0.34590166934619354 0.07568758437697742 
606 0.4663037980205454 0.08556210964648837 0.3701826893070965 0.07447388939475677 
607 0.4879298811286105 0.1839268065114163 0.37549026802527413 0.05981189217929601 
608 0.4879298811286105 0.03503030086564312 0.3357397164638325 0.09916096092414929 
609 0.4879298811286105 0.031904139979844655 0.3280742847840582 0.10261683692849417 
610 0.4777640981670681 0.07181722282948198 0.32681961566104667 0.08954200930285953 
611 0.45256702410503674 0.07181722282948198 0.3341822028767185 0.08477949238929948 
612 0.4821995818474358 0.04063245007726752 0.3453619591972288 0.08547636096410073 
613 0.4973176021550671 0.135068600332769 0.36100895179174886 0.06963371194355619 
614 0.5143403203680097 0.09387273296333888 0.3674864701912641 0.06758685524400833 
615 0.5143403203680097 0.05950777711478603 0.35297286241520154 0.09318175889771073 
616 0.5143403203680097 0.034005555864317145 0.34142446807691973 0.10524421913475474 
617 0.5185706664663932 0.08048203855647894 0.3699786986740462 0.08547264974839695 
618 0.5143403203680097 0.03806678399968178 0.358100297231102 0.10089565351054108 
619 0.5341207749060821 0.04344210323302166 0.37215245256098206 0.09401774781275948 
620 0.5341207749060821 0.0667273766247863 0.38851856477849894 0.08192997542875406 
621 0.5341207749060821 0.02903509579136932 0.36538076427519345 0.11948031834229095 
622 0.5234444439031334 0.10416863872768733 0.3757490543742118 0.07893341863981651 
623 0.5143403203680097 0.20459771216263142 0.36585568029936155 0.06958622988736697 
624 0.555867443605508 0.07638559440015624 0.34967253098577084 0.08886561684008122 
625 0.555867443605508 0.1637410053082222 0.3627381790390283 0.08605230604441563 
626 0.555867443605508 0.07298988906793547 0.3806322954706855 0.0846221755429766 
627 0.5103223975936523 0.25827185600753644 0.38375147846980734 0.06753960133805238 
628 0.5103223975936523 0.05165656605431488 0.39003833305728836 0.0852173801453299 
629 0.49721679125198265 0.03172015437508067 0.37951613561319897 0.08714894861368788 
630 0.49721679125198265 0.046037676411539 0.34617472488907086 0.1073670557763851 
631 0.49721679125198265 0.04430573955452771 0.35066822290525923 0.11032180693035039 
632 0.509752667034208 0.15805712015065432 0.37823516320084727 0.09227961561119018 
633 0.5024236642877951 0.029422087045926706 0.367074980889731 0.11977150269469491 
634 0.5024236642877951 0.04225237335684716 0.3634362944332669 0.11208474279544646 
635 0.5735777053275585 0.03123299520375002 0.35364162748952055 0.11821335498009473 
636 0.5133557774172416 0.04234551762801686 0.34087629077048687 0.114321417585217 
637 0.5095007014163806 0.029133234473837994 0.3425196620525909 0.11289387475383364 
638 0.5095007014163806 0.05337536910999211 0.3623310384159889 0.10925703612799983 
639 0.5095007014163806 0.03598779367810653 0.3747603117157421 0.10850148624997032 
640 0.5095007014163806 0.03598779367810653 0.3736495988092957 0.0951531547775484 
641 0.5093784545547241 0.040409302191197656 0.3679771951827376 0.1017071203423691 
642 0.5080502997103321 0.03328622083009204 0.37053253641035183 0.09774217611635116 
643 0.5145833414285911 0.04166374966618324 0.35621733920250903 0.11624203046041934 
644 0.5026848278090053 0.0567901185989882 0.3650126908901402 0.10937222873514342 
645 0.5026848278090053 0.03336772650181358 0.39267804598978095 0.09397061720158394 
646 0.5237395681772401 0.028934301401752342 0.39253420448552495 0.09990370101570642 
647 0.5237395681772401 0.03585933238020461 0.37524871965876344 0.09623284199937662 
648 0.5237395681772401 0.029263582832791936 0.3584356619557098 0.12000443948024114 
649 0.5199240506509735 0.10971180986922746 0.3775477462031876 0.09608262628801266 
650 0.5199240506509735 0.03168660503451632 0.3553278354867012 0.12211973724359539 
651 0.5199240506509735 0.05258942938349803 0.36320294319058777 0.10819532501059256 
652 0.5379444252768326 0.12609786390054312 0.36424156081399356 0.10575445150161458 
653 0.5485475840875377 0.06109341928537132 0.38015842674689687 0.12096657453002078 
654 0.5485475840875377 0.07472626709984309 0.3703293228581143 0.1178391855698036 
655 0.5379444252768326 0.08751927479981916 0.3703808264743205 0.10758619491741593 
656 0.5199210077702656 0.03920490917249321 0.33612789791533754 0.10944210303098531 
657 0.5166579216253904 0.08625723246266055 0.3351906953904341 0.09242331545118321 
658 0.5052387659793015 0.05267463916788382 0.34645502539652334 0.10065416071220898 
659 0.5052387659793015 0.14824988520033483 0.36370220396149133 0.08641349967520216 
660 0.4940229217258895 0.03643128429389742 0.3594340582103351 0.08723062191952913 
661 0.47186013413097594 0.18470437380647162 0.335423700372081 0.08017510919652202 
662 0.4710716480858254 0.05136531169487517 0.34615452747835695 0.07971818203147904 
663 0.5209535609896881 0.08521402371557095 0.35511283875611294 0.08626458844204664 
664 0.5404141068762495 0.034254147161263446 0.3412361053755424 0.10318086122467261 
665 0.5404141068762495 0.04563487540648407 0.3468326763099221 0.1061460880578572 
666 0.5404141068762495 0.13240337454752357 0.3633919894280321 0.09065611507397997 
667 0.5404141068762495 0.05207811628644154 0.3806594657460416 0.09882073448569363 
668 0.5404141068762495 0.03712508348324234 0.36962164659103813 0.09226331433826118 
669 0.5482019756147659 0.03712508348324234 0.36757413952799695 0.10774165527089258 
670 0.5482019756147659 0.03248193319974789 0.38531375387087546 0.10391594366246876 
671 0.5404141068762495 0.06170147039790158 0.39872341785583415 0.08819406498149383 
672 0.5404141068762495 0.1758532692641813 0.4008186192985241 0.08258642930943025 
673 0.5781737925808066 0.06877250243513762 0.38583181604222655 0.08900999746727739 
674 0.5781737925808066 0.04571125780334154 0.3688018129297005 0.0993518300983776 
675 0.5781737925808066 0.06415159838942264 0.38342052800325493 0.09440876161526356 
676 0.5781737925808066 0.05907274256309161 0.35798170171214927 0.11276366445343027 
677 0.49829095335597967 0.02980063027958019 0.35590403711114305 0.10536467951524404 
678 0.49128580969291563 0.029139190116531762 0.3683715115008156 0.0978170830934536 
679 0.523145516439978 0.1633691737024307 0.3903759257430822 0.09539521642915522 
680 0.523145516439978 0.07179928321445271 0.37695594017420625 0.09858530848271675 
681 0.5251900849583533 0.07179928321445271 0.3670329237941688 0.11153590969245868 
682 0.5640109372080524 0.16035217917100306 0.37615081917458026 0.10916118861774078 
683 0.5345412106786448 0.06296733871765466 0.3847427268802092 0.11688317395573158 
684 0.5345412106786448 0.028473234337960732 0.3771513269480262 0.14152740753233645 
685 0.5345555659921616 0.0963278852154705 0.4198020308028577 0.10233977225347618 
686 0.5562742263816273 0.18578548821434357 0.40021926301769944 0.1062314306685168 
687 0.5431517009079327 0.14241274075429103 0.4295304723625434 0.10643410058775661 
688 0.5553737749055501 0.11216379886659486 0.4513764640450739 0.09991280510418135 
689 0.5556430708563053 0.1830949781324286 0.4581148194702565 0.08856394324263922 
690 0.5556430708563053 0.06122652823911818 0.43301736187641243 0.12402182181026222 
691 0.5488431263127247 0.05519829587210816 0.43336653161855854 0.1067660013758127 
692 0.5718231780004596 0.21358162693307617 0.45255234302537595 0.08852225376252551 
693 0.5992801390146916 0.1815426364483191 0.43262552744939 0.10814797391790207 
694 0.5992801390146916 0.18196195542509372 0.42494006288226127 0.10832664849314959 
695 0.5992801390146916 0.03479633896289613 0.4388817302137272 0.1138040437323618 
696 0.5992801390146916 0.03518940910767252 0.4195581803834455 0.13416531581968844 
697 0.5992801390146916 0.05261656386878412 0.3996823448177977 0.13234366983121235 
698 0.5992801390146916 0.04348684892001046 0.4141421543519813 0.12675177541715202 
699 0.5992801390146916 0.09357309323442187 0.4146346031306888 0.1014305917662542 
700 0.5992801390146916 0.02995758305858629 0.4022398118160174 0.11585786802527596 
701 0.593125178836557 0.02995758305858629 0.3809382914079262 0.11767597734324074 
702 0.593125178836557 0.2092465100626028 0.3951267678670201 0.10198518145769538 
703 0.593125178836557 0.2080903830987486 0.3971616418095812 0.09382819474750226 
704 0.593125178836557 0.18590175868307696 0.3968276683957486 0.09695546947551832 
705 0.6202079517399984 0.0650072085832515 0.3982013923309701 0.11422690056248543 
706 0.5904656738604729 0.08166784790270452 0.401646979670107 0.10670527655967842 
707 0.5904656738604729 0.03742988735692562 0.3756985298532843 0.12954017116223296 
708 0.5836973067463426 0.07200689629051271 0.41364177091479193 0.1089941040269163 
709 0.5836973067463426 0.034489998340884745 0.4018138408276494 0.12959077805484345 
710 0.6033325009989594 0.1848410492977171 0.40775008129538615 0.11089540714897006 
711 0.6627780344885031 0.04583825290357098 0.4237473140619588 0.12781632994698158 
712 0.6215514739369261 0.10215267262645562 0.40606777068822314 0.13077582462244958 
713 0.5996003145956144 0.06636222970477149 0.3957337380071545 0.1281304240299981 
714 0.5996003145956144 0.04342301631232757 0.40384631124222203 0.13662414562479935 
715 0.6241095034550489 0.07779965543713464 0.4059644744180264 0.13249582789939482 
716 0.5996396658170712 0.09271573573365113 0.442750422369134 0.12647764286211954 
717 0.5963770975151215 0.051955807551916935 0.41454589178846457 0.12407121192083015 
718 0.6650706365787704 0.031592326416266935 0.4174017880492557 0.13597263259954084 
719 0.6650706365787704 0.029337826254476396 0.4278381554210971 0.12758230982315424 
720 0.6650706365787704 0.15130619312421215 0.43287959771679174 0.1084227215884098 
721 0.6650706365787704 0.07328748204479703 0.444007765978094 0.1260473230532587 
722 0.6650706365787704 0.04053443498622179 0.4459963327332318 0.11748619925950723 
723 0.6650706365787704 0.1839785294230193 0.46210256510373227 0.10866087572574337 
724 0.6650706365787704 0.0862534211435184 0.4469614517875526 0.112619310941866 
725 0.6650706365787704 0.19688196496109572 0.42770341377516186 0.11985701425473301 
726 0.6653903967954321 0.19660187957904346 0.4414855536896131 0.11608048217790604 
727 0.6653903967954321 0.05403007812728093 0.4153769879199218 0.13273706891883588 
728 0.6133879298372032 0.15719690077395873 0.41897175333517966 0.12036927868338385 
729 0.5734612687953093 0.05504261189471405 0.39893044642622033 0.10260250468026186 
730 0.5734612687953093 0.029746951327818592 0.37898365616830687 0.12252722980081578 
731 0.6126507840874378 0.030382444339228393 0.37493054395054054 0.12240204148920505 
732 0.5983414269498548 0.030382444339228393 0.3694545373965449 0.11921401944308174 
733 0.5983414269498548 0.028617013672466874 0.4054854418056343 0.11062415106858611 
734 0.5983414269498548 0.04031434852430409 0.39051387177332947 0.10705120641228341 
735 0.5829732257266214 0.18335744367631007 0.3908515372917281 0.0832286489109294 
736 0.5877462099116098 0.05009407124133832 0.3856033388677472 0.09724240333379443 
737 0.5877462099116098 0.06477383925273561 0.398780894841862 0.08672750719773845 
738 0.5471416884986067 0.031075911184401235 0.39017699548856527 0.1057900686156601 
739 0.5471416884986067 0.04202264467144485 0.3919048284409528 0.10872735617792834 
740 0.5411640248079636 0.03337503631890301 0.38130596714307685 0.10663570382797156 
741 0.5657463852622021 0.04901834182638722 0.37666810884477503 0.10156501779058609 
742 0.5657463852622021 0.068097817885556 0.3687140815680507 0.09944091344513827 
743 0.5907819324318971 0.07306238516379539 0.38792843764399626 0.09963374227403039 
744 0.5907819324318971 0.0446779797795786 0.4050109891269797 0.10765607873754944 
745 0.5569207159251847 0.03944223655166038 0.38930784946027785 0.10549297041116626 
746 0.5899166310532437 0.02864835331604215 0.36083820469965644 0.14013749739667863 
747 0.5942664405405026 0.029142502227170877 0.3926335012289392 0.12031029935430448 
748 0.5942664405405026 0.19003063946471388 0.42254867971499865 0.09134890726822656 
749 0.6280927312548658 0.23824932311871322 0.43159951043484196 0.10033250709853338 
750 0.6280927312548658 0.0414844935003029 0.41041946992216505 0.11726524106915137 
751 0.6280927312548658 0.19389183833613807 0.4354267606231694 0.09695241183298123 
752 0.6280927312548658 0.19893881065233474 0.4249399833349878 0.10253556917547886 
753 0.6132794287920176 0.04747762182447839 0.4136196024504776 0.10490143646569393 
754 0.5741757189966002 0.05166641039666183 0.411584358615418 0.10243755568676029 
755 0.5605775048497231 0.056429907581312416 0.3937125606743988 0.10609622879746954 
756 0.5726355105860838 0.240715073332783 0.418193058550799 0.07906281595028507 
757 0.5283290193152146 0.04222152262387553 0.40586315945541934 0.10024786986024568 
758 0.6443382483249673 0.24038854494883818 0.4275228429619339 0.08275488528839826 
759 0.6443382483249673 0.14417194066113798 0.4252905927926263 0.10096592178056076 
760 0.6443382483249673 0.20369420147602874 0.4284799225977135 0.09356848599783099 
761 0.5782482548382986 0.04000590579803197 0.4061150363818815 0.12433335295627812 
762 0.5782482548382986 0.2209533650438753 0.4116578878928567 0.0915571550411128 
763 0.6419733011647115 0.27743396056995356 0.4351994840980486 0.08675534080162876 
764 0.6419733011647115 0.06626907864788395 0.4321583755775696 0.10655523142469743 
765 0.6419733011647115 0.030841433359280097 0.4056439039824564 0.12750159137019856 
766 0.6206158460397043 0.041286949491157625 0.39373542970094805 0.10879855989006117 
767 0.6206158460397043 0.030436932614063814 0.4086281766390073 0.12544745636208113 
768 0.6290214032108736 0.043031549178224875 0.4063267878522823 0.1321815812798294 
769 0.6318303814654956 0.06838730124175549 0.40959589582155953 0.1356789611147282 
770 0.6318303814654956 0.0670735930122788 0.412750038309647 0.13726008682881916 
771 0.6517183407569541 0.13604317802180294 0.4477465605863849 0.11429160594335315 
772 0.6460772881292964 0.19182267002256312 0.4619449596669591 0.10867947484906008 
773 0.6154973185966175 0.1487826725942885 0.44140459040799135 0.11774882976517936 
774 0.6316691750517408 0.04160070957327227 0.44155410284772295 0.13325133233190598 
775 0.5702776511902939 0.02904892317362655 0.3869185316381278 0.15365421908995375 
776 0.5989226887999933 0.07764498815255476 0.4258634656980798 0.11521999385630596 
777 0.5702776511902939 0.0765012472658228 0.4107276146520259 0.11358140885694556 
778 0.5703381729446917 0.19879128545045993 0.4375987694958405 0.09911945779096364 
779 0.6025897485530038 0.08914746409628617 0.4113265426912895 0.11408578440012004 
780 0.6122378733612064 0.04470544591672506 0.4249794611499599 0.10545343590601522 
781 0.6122378733612064 0.033289110983395924 0.41702765084320337 0.128736949081191 
782 0.6021192793204956 0.18256186978013894 0.4406477181039273 0.10707782215611043 
783 0.6021192793204956 0.17547198508706768 0.4445118676942958 0.10562600755468714 
784 0.6021192793204956 0.03968726336351378 0.43406066262471277 0.12444194981899623 
785 0.6334255819545904 0.07874004397664754 0.41970155930461234 0.12173177968353732 
786 0.5898890367686608 0.1453276542716604 0.4336384308716845 0.10681382159226309 
787 0.5841786494764408 0.03390448423152404 0.41335867756730627 0.11190496459852216 
788 0.5832492693961244 0.029385997807792583 0.42576889273998947 0.11666611030740322 
789 0.6068694702771178 0.04316263523728199 0.3973421360220343 0.13129049377582314 
790 0.6068694702771178 0.18387481112382098 0.40944028181200626 0.11828023045095017 
791 0.6068694702771178 0.08051178677283673 0.38781528003461385 0.11136614253337011 
792 0.6017702174745231 0.08015419378079199 0.4139145884286713 0.1128254422563572 
793 0.5735970352285034 0.03961976178901227 0.41694347497012907 0.1139841759235781 
794 0.5890598928936038 0.03308082949256605 0.37740201354025726 0.1337843385864433 
795 0.5523661153068549 0.03478816079109254 0.41688434808747493 0.11868657127701424 
796 0.5967536406828381 0.15976294655503337 0.4283697135716229 0.09749946533159601 
797 0.5967536406828381 0.15976294655503337 0.4080935818246157 0.10192328831043662 
798 0.5523661153068549 0.03491701043060379 0.40063862273114764 0.10713890850714443 
799 0.55636478597141 0.20671095960909158 0.40857806375873884 0.09104751635115407 
800 0.55636478597141 0.20671095960909158 0.4108082972219592 0.10040522591365948 
801 0.6043024126986825 0.04381860395011534 0.40510381668944173 0.10349338036793225 
802 0.6043024126986825 0.05835132568435152 0.3903924709700667 0.11875808821332497 
803 0.5760879791116952 0.11885246490154087 0.38526163419104276 0.1135321110684709 
804 0.5760879791116952 0.030518999568482714 0.3678747861466478 0.13075170336237701 
805 0.5760879791116952 0.04639449107719408 0.3933093893356119 0.13663869674825843 
806 0.5546905552011806 0.14725867734991027 0.40495758113374536 0.11579441963212618 
807 0.5572270206835763 0.14725867734991027 0.40106637574981274 0.11076603036246957 
808 0.5781580058232894 0.189962931142235 0.42101254551753864 0.11039374407849398 
809 0.5415190193318123 0.03940636989064813 0.41962783131804304 0.10028091669974187 
810 0.5415190193318123 0.1876701909111385 0.4123467758321644 0.1119730429672618 
811 0.5438713405564733 0.08059023392510349 0.40203786169974676 0.12613650406287785 
812 0.5515641902170897 0.04273043335004178 0.4122137869646998 0.11885111529230266 
813 0.5425658986359589 0.04548395009168021 0.420878023322228 0.1035499216038847 
814 0.5558098315431171 0.02811912174487935 0.40384122939621264 0.1232841738913022 
815 0.5413521462163524 0.05431094027864489 0.41423685450200876 0.10420781974638649 
816 0.5413521462163524 0.19171894960157854 0.4181473604459309 0.09299044023499542 
817 0.5372295214209939 0.1457730027223885 0.40250932738805567 0.09775640330757586 
818 0.5504020934259546 0.12299719369785952 0.42111488783120177 0.09385406670847748 
819 0.552996789439004 0.03734435425755431 0.3999746001922522 0.11576597308782005 
820 0.5927142718207367 0.046429326515980335 0.4114300625468117 0.10407658524156649 
821 0.5927142718207367 0.04248420934544688 0.40855229395948667 0.11577892493063965 
822 0.5856823067255131 0.1921315610831746 0.43317458489645067 0.09233128096418067 
823 0.5856823067255131 0.1921315610831746 0.4438056353610635 0.09428557078582532 
824 0.5856823067255131 0.16600368377784402 0.4364801297557933 0.104790405370201 
825 0.5734967142330816 0.05655607049783205 0.4245595396123591 0.1005236812159653 
826 0.5734967142330816 0.18228853813124704 0.403994449271386 0.09238892414152934 
827 0.5734967142330816 0.03468742715566097 0.39565593333093496 0.1183382935099285 
828 0.6173618080516089 0.031727506183034604 0.4200105608619177 0.11638906556090768 
829 0.6173618080516089 0.23778507329176327 0.44863394667841633 0.09059674896850543 
830 0.6136339498239402 0.042821801764566354 0.42668433808609285 0.10268277060219264 
831 0.6136339498239402 0.02970598255074808 0.42164151759343843 0.12210520056535386 
832 0.5994707977240009 0.2718675001744269 0.43784733871357023 0.08662608821897641 
833 0.5734967142330816 0.22879094652532533 0.43028107275613575 0.08265202190475893 
834 0.5505387264048083 0.031127678579272188 0.3773136030355084 0.12418906028883285 
835 0.5505387264048083 0.029132934236183072 0.38792603288597827 0.10850408694659174 
836 0.5505387264048083 0.11649466916102462 0.3753590233360479 0.10013828727924604 
837 0.5505387264048083 0.1104252276372497 0.3983179695154572 0.09251183319209491 
838 0.5505387264048083 0.19172560382009862 0.42448597372506947 0.0902024588875378 
839 0.6132169961145597 0.02842397385177058 0.4035291958266273 0.13906087916093662 
840 0.6132169961145597 0.041516072350526304 0.4286726321518397 0.13565085341743172 
841 0.5976298821813866 0.05233840791398002 0.43410943311725625 0.12060373962972423 
842 0.5648521279004929 0.05233840791398002 0.43127127784555824 0.10178614868926536 
843 0.5816680629371012 0.1818490996555508 0.4201265285930793 0.0838651590359527 
844 0.5410167061483883 0.045480820560314335 0.3741063027994817 0.11252959891338085 
845 0.5706920954214163 0.07236414566079807 0.39953425560668887 0.10326704985951386 
846 0.5740475708252181 0.17597731375797096 0.41684107459513836 0.08907193202104269 
847 0.5740475708252181 0.13206096298920447 0.41606639236893334 0.10343034790482356 
848 0.600811469540782 0.04904347073430431 0.41272577482838113 0.11127968021945729 
849 0.5867766987827449 0.046650641311910684 0.43708793087139974 0.10935025049261031 
850 0.5867766987827449 0.046650641311910684 0.43727999183571115 0.10241012533803627 
851 0.5867766987827449 0.0985961208127518 0.43184823834505254 0.11558445281032347 
852 0.5765726764109226 0.19950620161466723 0.4520633558962611 0.09513080518239285 
853 0.601016779999373 0.03348099735961074 0.4337273599839613 0.11379358878652879 
854 0.6143117625434915 0.02815188072946517 0.4039898371792297 0.13171049012295274 
855 0.698600976704861 0.10531296339986435 0.3977092688325501 0.12724691353845377 
856 0.698600976704861 0.030110969139160004 0.42824798240381623 0.12521827578412784 
857 0.6833360463969956 0.21765789571987426 0.4359597619922519 0.08745797940408885 
858 0.6285795027575294 0.033549039802654695 0.4028991376279629 0.12884485140718138 
859 0.7029995716318961 0.06810186309172367 0.4132308869977735 0.12929015721209852 
860 0.6497817156888027 0.044336506163384935 0.40718224634494177 0.13516528154028257 
861 0.6497817156888027 0.09757133212411419 0.40389369312658263 0.1313612466882591 
862 0.6315609339724859 0.037006292621278004 0.39340572126954676 0.13251265292561631 
863 0.6295324852058996 0.05996072888835894 0.41581687424644803 0.12941969129647304 
864 0.6662501263117675 0.045137718060808754 0.4025405491963948 0.14802894262036576 
865 0.6662501263117675 0.03814035767557078 0.43459523059174815 0.13651396822907802 
866 0.6559864349389407 0.03794879655772159 0.41094441132594456 0.13552671298928465 
867 0.6559864349389407 0.03132931188293584 0.43680995787725657 0.13935913564731967 
868 0.6559864349389407 0.18482375467908393 0.4362602897417005 0.14285837410691113 
869 0.6559864349389407 0.049393760302490604 0.41624441825881575 0.15076835923240603 
870 0.6559864349389407 0.037134977832045744 0.4395828321554542 0.15988956300391682 
871 0.6542764265280893 0.03913731673546356 0.4323853494509845 0.1523558099224261 
872 0.6573557761535574 0.039381456057968646 0.4020930679099136 0.15512578480659597 
873 0.6549017563956633 0.06636581052112016 0.41304837359592816 0.12996214263673803 
874 0.6549017563956633 0.1882988553924884 0.4302555076389718 0.12962462491961443 
875 0.6549017563956633 0.1956446189492131 0.43925105603665426 0.12482073110303986 
876 0.6549017563956633 0.036690881478218626 0.43153204773147 0.1446104224086477 
877 0.6628278914462266 0.18392142521106356 0.4454806466760406 0.12859321733989465 
878 0.6549017563956633 0.15865680350127645 0.44194654712324827 0.13815807520908494 
879 0.6549953328815808 0.188459696917364 0.4461556625670119 0.1301304593356264 
880 0.6549953328815808 0.188459696917364 0.45671011704624476 0.11634719555020469 
881 0.6549953328815808 0.04634654323386395 0.4554060589807104 0.12329266126412822 
882 0.6549953328815808 0.18161167755266028 0.4712515647634762 0.12049950259157921 
883 0.6549953328815808 0.0944983741884719 0.4318863026740408 0.13717791633751875 
884 0.6514652894969052 0.029869859408251785 0.4236296257359399 0.14472538630204582 
885 0.6514652894969052 0.09439512351693745 0.40432280103709295 0.15087052951782187 
886 0.6514652894969052 0.04433816168911441 0.4373567296960632 0.14677906639776803 
887 0.6514652894969052 0.04670086051915795 0.47155941579990834 0.13903170874266724 
888 0.6665994357299823 0.0592454276546798 0.46027608709262374 0.1302762826204367 
889 0.664686828291711 0.029404004001022856 0.4440779131487988 0.14276864861559552 
890 0.6564625956786807 0.045576058703872026 0.4676420049386205 0.14874756307437764 
891 0.6564625956786807 0.06377658556755188 0.49492866613889114 0.1312996913143748 
892 0.6647165807103137 0.028491534013261148 0.4953051981949788 0.13509796978661276 
893 0.6647165807103137 0.04267762530976563 0.4942334237623038 0.14374173296592938 
894 0.664890227232697 0.05917827903426122 0.4990062006965923 0.13342261424753657 
895 0.6642536347631475 0.09862933416386932 0.4953098632941441 0.14551616371159856 
896 0.6642536347631475 0.03156832755139301 0.4647187095066112 0.17133777819939025 
897 0.6644326449150041 0.039652520687038846 0.44198942124872975 0.1828049312719333 
898 0.6647165807103137 0.11332141048981924 0.4757824901382983 0.16357930802812998 
899 0.6647165807103137 0.028885165850301778 0.4792247242668035 0.16189895665199308 
900 0.6647165807103137 0.03353832681360967 0.4778284081528692 0.16907726725388167 
901 0.6658482451802098 0.10484566678060184 0.4956428458672957 0.1413934557083655 
902 0.6658482451802098 0.07045876928459474 0.47382123398505327 0.1483170596073161 
903 0.6647165807103137 0.18266819621501026 0.4675725857964777 0.12924533266232957 
904 0.6647165807103137 0.036340372982183455 0.4666688032940468 0.14735853675435012 
905 0.6647165807103137 0.04405074657450867 0.4607163991915101 0.13966639179912524 
906 0.6380586571975942 0.03753417234140458 0.44406985398284604 0.1444204429890028 
907 0.6542893480440193 0.038211846829893904 0.4245931030265704 0.15006022285502177 
908 0.6625027432681038 0.042554378246189364 0.4292179429121706 0.15161453714148804 
909 0.6798446809892154 0.18228949520595367 0.44221721609222714 0.14144415624457307 
910 0.6798446809892154 0.1831694469611163 0.4587738130063315 0.14882632137372906 
911 0.6798446809892154 0.0329043187931326 0.44212143636724704 0.1609751224811396 
912 0.6540869909977326 0.06874913691406956 0.4640009749921133 0.12566750722264552 
913 0.657232644765857 0.02872616216098861 0.4593845473054643 0.1424800591303769 
914 0.657232644765857 0.033753555620328425 0.4722855857337296 0.1408856640476398 
915 0.657232644765857 0.03132560081630106 0.4446570160987125 0.15793445946080784 
916 0.6451710519920802 0.12459876336862302 0.47931888919234716 0.13766980785863442 
917 0.6494476781042077 0.19167997072824178 0.4935288811945071 0.11764190667976755 
918 0.6494476781042077 0.035024535952952976 0.46023563032820497 0.13735139468791221 
919 0.6494476781042077 0.06611618105183166 0.4624710754335674 0.15347754940599828 
920 0.6494476781042077 0.029086772903334845 0.491712091088673 0.14713139187655438 
921 0.6377349197714953 0.04562950768290164 0.4830822019353883 0.14285549575678408 
922 0.7002084272271687 0.04298760337025728 0.4758341760605414 0.15434588688854764 
923 0.6589312057982675 0.043755359938295386 0.46468969043500946 0.1341886874389525 
924 0.6589312057982675 0.13275452782298586 0.4584317392838874 0.12385110413075485 
925 0.6589312057982675 0.04753094942387634 0.43585943896779233 0.16003959592708128 
926 0.6589312057982675 0.055253535763159986 0.4306187215894432 0.17501200076040985 
927 0.6712508706229392 0.04758145757806477 0.43326364780439686 0.1692973129563008 
928 0.6712508706229392 0.028859687790310815 0.46663224162758027 0.1566946841412018 
929 0.6712508706229392 0.1971595824382679 0.4814009221378929 0.1337839842348636 
930 0.6733284256072846 0.1883505727236088 0.5105358639567579 0.12899443709625996 
931 0.6712508706229392 0.02851220452673765 0.44992158438012425 0.1827050681186774 
932 0.6712508706229392 0.03593832104279575 0.48759842926032015 0.15755324154018618 
933 0.6712508706229392 0.034278190874317487 0.49268706697658793 0.14097984727902949 
934 0.6589312057982675 0.044950211999723856 0.4781527536581848 0.1480292740151759 
935 0.6589312057982675 0.12461399779623866 0.4534383483345206 0.1447993094496202 
936 0.6622359961241175 0.13738233662278246 0.4512876137421892 0.14421544190639982 
937 0.6360120257061885 0.12658498468479293 0.43899422117169196 0.14545897698151478 
938 0.6360120257061885 0.1085522082112778 0.4653003649152047 0.12879138095737686 
939 0.6360120257061885 0.16751314768680417 0.495379439165758 0.11560701761800106 
940 0.6355369609125534 0.030856592307106925 0.4436933074545483 0.18068394680519004 
941 0.6355369609125534 0.038743557636211706 0.46744458345087697 0.15772471976501995 
942 0.6305292868852075 0.045393517506535815 0.4500219240578612 0.15655136209124648 
943 0.6486672108789008 0.0647595239802455 0.4678450706504087 0.1500406182782276 
944 0.6486672108789008 0.12647424612948285 0.4649045106550386 0.14862232919158558 
945 0.6294070476187162 0.03406968742568977 0.4836238111737018 0.14519531719790418 
946 0.6634182959946854 0.028536516181061608 0.45446389582491176 0.16482860262552998 
947 0.6634182959946854 0.0548546380153959 0.45651511173353154 0.15049993463952702 
948 0.6488747199520923 0.11049588383889725 0.48045419563506747 0.14416870395381684 
949 0.6488747199520923 0.10778561368920914 0.49408853239615247 0.1422650795796422 
950 0.6488747199520923 0.031048813378584922 0.5040609065600584 0.15528423284237275 
951 0.6564725823474872 0.031048813378584922 0.4984309441118506 0.1520345777077965 
952 0.6564725823474872 0.06007305904765954 0.49387927559343187 0.14403684668314046 
953 0.657323526242772 0.2505597428909706 0.5498537283016057 0.07934406024959462 
954 0.657323526242772 0.2289088504746152 0.5468213635824357 0.08605940654856209 
955 0.6488747199520923 0.03171743626319771 0.5164218161279377 0.13042873311758502 
956 0.6455290907514826 0.03905995124973121 0.503454452625381 0.1481777510777597 
957 0.6455290907514826 0.03571780902119937 0.47842672812342824 0.155746912689989 
958 0.6203428474700441 0.22352715502615786 0.5102153758974339 0.10354335604177688 
959 0.6252517792397599 0.12464342849338245 0.4764567718212222 0.13707019324154185 
960 0.6252517792397599 0.1245525380796103 0.4813341762775773 0.13632789515204752 
961 0.6252517792397599 0.02872337013965735 0.4943604256754473 0.1501162795640862 
962 0.6318261316475345 0.07754041443089121 0.5206676167739386 0.12539025071541954 
963 0.6201432863525919 0.07913157327738479 0.4727485579829474 0.1610982676866232 
964 0.6201432863525919 0.07913157327738479 0.4813160210259331 0.1460398929055716 
965 0.6220905690557971 0.0376364694125323 0.47369639421271553 0.14907854397074993 
966 0.6207197287374905 0.05735501562551421 0.4730880413252647 0.1540136660058963 
967 0.6207197287374905 0.08678408521242206 0.4492673542786043 0.15879732128497828 
968 0.6178913687178291 0.02915444531550947 0.4639818227246153 0.1488541599899454 
969 0.6178913687178291 0.04713703265049462 0.4315935553978132 0.1580399762123467 
970 0.6178913687178291 0.05957898489899311 0.46240757850202857 0.14661985269486436 
971 0.6209421479088013 0.05957898489899311 0.4785457330562307 0.14752280618318644 
972 0.6222934197738867 0.17817457371872375 0.4874671196386338 0.13417968711837372 
973 0.6222934197738867 0.12657146215692774 0.4941866447662786 0.12154984269785885 
974 0.6360500219815862 0.1432292801825507 0.5064872439189171 0.10864392903614027 
975 0.6360500219815862 0.1954351149593809 0.4976089176850381 0.11720118308075554 
976 0.6344376631751995 0.24051266644535885 0.5123922870779457 0.10469700150625565 
977 0.6475329474823376 0.22680002235364125 0.5200972069320681 0.11050709471357659 
978 0.6475329474823376 0.030984341361800567 0.48818863506417337 0.15141652959684793 
979 0.6475329474823376 0.1378018622326324 0.5145237666963843 0.13660222367569147 
980 0.6475329474823376 0.1378018622326324 0.5159458804696166 0.12634993862709987 
981 0.6237332838722358 0.10506043728200325 0.4779465801423569 0.13771800476574605 
982 0.6237332838722358 0.17242881136957827 0.47528342673814916 0.12785139943210463 
983 0.6195475423810368 0.030840324633299675 0.49459813196481467 0.1368598246360863 
984 0.6195475423810368 0.1469622170469384 0.5165132176361741 0.10901289736166182 
985 0.6198407271933779 0.03580917983235756 0.46932178498087185 0.15215286156556937 
986 0.6163703005104754 0.032853378579812985 0.4605495252812309 0.15002791806029522 
987 0.6540916253215312 0.04604956091237226 0.44038290523655194 0.15332910141623857 
988 0.6540916253215312 0.04604956091237226 0.48522879350704123 0.1347137269536258 
989 0.6636746746072134 0.03408572555147542 0.47428608657501753 0.14894010412423883 
990 0.6636746746072134 0.029679217987890475 0.48719757875600034 0.14430345921775412 
991 0.6636746746072134 0.030273347371715182 0.4990923819439045 0.13338598184387762 
992 0.6636746746072134 0.18036355355581374 0.5039500720592937 0.11860240065947002 
993 0.6209590445020763 0.03472334945036825 0.48127979124509795 0.13646142602433572 
994 0.6275029205288505 0.18815505834355753 0.49325924017533473 0.13065338586800246 
995 0.670475999949458 0.028664410404262035 0.5011189841447825 0.13807826803570744 
996 0.670475999949458 0.029339211706009217 0.49419267115500715 0.14253064492300258 
997 0.670475999949458 0.08179733445721539 0.5014492521457133 0.1313351375835849 
998 0.6593158632726112 0.030657930316196607 0.4494381844386653 0.17159777940936685 
999 0.6718757063030173 0.02965395679842356 0.48084589272997014 0.16141602955235948 
