0 0.3786211539740429 0.03525751231602019 0.27931885431488346 0.07979025570951884 
1 0.3786211539740429 0.030421523094225807 0.2701599309623485 0.0772917309059507 
2 0.3786211539740429 0.046175356573946946 0.2712983141094847 0.07825014387801042 
3 0.3849092055703126 0.0829156989215029 0.277803105583529 0.06920172068621677 
4 0.3849092055703126 0.07926669902380909 0.28864644729564615 0.07046200672545519 
5 0.3882502077725058 0.12214141941809853 0.2961285404881779 0.07377836846941616 
6 0.3882502077725058 0.04565413928278808 0.2959528243970929 0.07757962066100293 
7 0.39190478519983063 0.030133941468361746 0.29344565353699803 0.08665561157765353 
8 0.39190478519983063 0.1550748572128197 0.30733373635180145 0.07580889386246505 
9 0.3926933101179781 0.18479618854514357 0.322625019120026 0.0671363346018204 
10 0.3926933101179781 0.06599569226176955 0.31003168970010386 0.0782207575577305 
11 0.3946794489205436 0.16756177544758402 0.3256014716623442 0.059480738881384006 
12 0.4050248015873663 0.16756177544758402 0.3278937574494356 0.06566774534225404 
13 0.40818760052188346 0.05070067088544554 0.341203236080039 0.0693535126180566 
14 0.40818760052188346 0.18409855519311374 0.34415895877739816 0.056396179379403125 
15 0.40867097750789866 0.13686778173178876 0.3434019745671215 0.059625125379682786 
16 0.4520441283613266 0.036860041811869096 0.3374711699792548 0.08469848968960321 
17 0.4520441283613266 0.055091488427724954 0.333921327203399 0.09035604064156637 
18 0.4520441283613266 0.031147240657258702 0.3495317088608194 0.0847106867971508 
19 0.4520441283613266 0.191647275243748 0.36994281289125813 0.06826177923454321 
20 0.46758367710537846 0.09756665588396436 0.3574666467184065 0.0917807682138599 
21 0.46758367710537846 0.084747150959209 0.3632156071880653 0.08981893066737262 
22 0.46758367710537846 0.03369607435188775 0.368512045338407 0.09928638428388918 
23 0.46758367710537846 0.1815341621519777 0.3804565711032688 0.08392735906618681 
24 0.46758367710537846 0.03631277317856786 0.3843624430421009 0.09370899586178241 
25 0.475723498096944 0.035944202138471826 0.3913833264875629 0.10226192947839696 
26 0.48010001827423016 0.20185065553590914 0.40752507394388515 0.07441396071967521 
27 0.48010001827423016 0.034287346092604684 0.4007104430421558 0.10031264420362225 
28 0.49006565464988394 0.20443145753576866 0.4226257494431705 0.06819328360772871 
29 0.5070042531960391 0.20299064116151863 0.4013007023436723 0.09226680780425559 
30 0.5070042531960391 0.2609568647889999 0.4403506868269566 0.06162106563509092 
31 0.5070042531960391 0.14014376052132627 0.42987069558797353 0.09021031791456485 
32 0.5109145765029426 0.040948606140271196 0.42996030641073846 0.10186511448312897 
33 0.5109145765029426 0.05635692309308001 0.43240352567657026 0.09141956784779982 
34 0.5109145765029426 0.033683013855471906 0.4230478334527146 0.1052125341792532 
35 0.5279245807211981 0.029215886924555574 0.4078300658159864 0.11699796662599372 
36 0.5279245807211981 0.21438635784103488 0.42143741346225094 0.09871733143485259 
37 0.5279245807211981 0.050247677848303154 0.43616311086912196 0.10227517099148173 
38 0.5286916455188074 0.03795246609081347 0.4462765696250284 0.09806125619680464 
39 0.534893645120719 0.11932522155876066 0.4384965753176144 0.09574443942938354 
40 0.534893645120719 0.029386221545894892 0.4461711221715624 0.10193951147722442 
41 0.534893645120719 0.11114267262889703 0.44965587113625466 0.10594996356880616 
42 0.5387138458476798 0.06776337506400772 0.4548473760063104 0.09932324804042868 
43 0.539687277134476 0.02877489577265838 0.4530425065441803 0.11208273907671001 
44 0.539687277134476 0.028591587722783314 0.42850059209012925 0.130729579633635 
45 0.539687277134476 0.20000200890960712 0.45119426465611845 0.08896598593584097 
46 0.539687277134476 0.04512243135243346 0.4475412361506095 0.12523562073278519 
47 0.5416216740472493 0.06533918682167007 0.46417718907119215 0.10520880901650163 
48 0.5416216740472493 0.04718607940089024 0.4331898836523687 0.1160772533861883 
49 0.5692807211419824 0.1021764073689354 0.44953883305830644 0.11181308753069438 
50 0.5825345965282747 0.03165618860569846 0.46033311206888194 0.10566064692704208 
51 0.5825345965282747 0.029632775199691857 0.45632911432951423 0.13377090817220424 
52 0.5825345965282747 0.0572301683279869 0.45585174930473227 0.12807747989053067 
53 0.5827176862095279 0.02836428633271834 0.4421559566870555 0.13782729764252521 
54 0.5827176862095279 0.055662647890522284 0.43110990441083513 0.1319489266672558 
55 0.5827176862095279 0.129320647343506 0.4608289858312988 0.13462855443799435 
56 0.5827176862095279 0.031672933693350835 0.45732640396209917 0.15555917238725903 
57 0.6290309780679528 0.031672933693350835 0.46383880651879905 0.16825565093761125 
58 0.6290309780679528 0.02864721987019871 0.490871130069895 0.1436081207771653 
59 0.6290309780679528 0.1847388604356962 0.4873682288452556 0.12805521657619934 
60 0.6290309780679528 0.03361768313787204 0.4462854763556455 0.1441510951367341 
61 0.6290309780679528 0.07172265889728706 0.46078390199482944 0.1524776580594377 
62 0.6290309780679528 0.18351768875044355 0.44765314827897734 0.14676874825155053 
63 0.6290309780679528 0.2058224115562296 0.4785554151021084 0.12887589883475567 
64 0.6290309780679528 0.18179650576257914 0.49928847737019777 0.1368003586071943 
65 0.6886516327398362 0.07477613966038817 0.5099198591243969 0.14160314395132118 
66 0.6886516327398362 0.08019692476106943 0.5117132731916396 0.15233517639248742 
67 0.6886516327398362 0.09022300841269612 0.5122347825990046 0.16027684067890155 
68 0.6941988292157592 0.18519611926759005 0.5228812560405103 0.14980205788562467 
69 0.6941988292157592 0.052623480365134055 0.4995482368885484 0.1897562213839856 
70 0.6941988292157592 0.06365062924055336 0.5253898246013339 0.18150156103928144 
71 0.6941988292157592 0.06365062924055336 0.512083014236716 0.2044390046903432 
72 0.6957073820744321 0.0282609158158623 0.5196869343146416 0.201601457394993 
73 0.6957073820744321 0.06632812178259584 0.5592853942831392 0.18290443369240394 
74 0.697959547372279 0.0544146263138173 0.5653523211156142 0.17770493715960145 
75 0.7164001027823718 0.034373963723913964 0.5342773497126605 0.20553592409563023 
76 0.7336661895462635 0.21398210268812998 0.579935127243486 0.1679247844474736 
77 0.7336661895462635 0.08531593878111643 0.5781706050245812 0.18182106421589772 
78 0.7336661895462635 0.030483123971326756 0.5704206760711673 0.18564729975862962 
79 0.7336661895462635 0.18038116033129767 0.5851668176890301 0.17833158830720425 
80 0.7336661895462635 0.10479294239101854 0.5332241619318018 0.21282383972013394 
81 0.7336661895462635 0.053927212586503015 0.5313628767060499 0.21442385159183214 
82 0.7430828062756792 0.18158083786960544 0.6058373875052098 0.16058151908512364 
83 0.7430828062756792 0.2309461250943113 0.6099077834114144 0.15816192748494348 
84 0.7430828062756792 0.04455583643014538 0.5621518567825179 0.2061497247711776 
85 0.7430828062756792 0.18607256531242675 0.6107508889203235 0.16489208633833957 
86 0.7460996767098778 0.15017782529958174 0.5829838915403942 0.1828421873432373 
87 0.7460996767098778 0.1696368093959847 0.5825737793508005 0.1866298447915481 
88 0.7460996767098778 0.11882024021584708 0.6051097778278957 0.17510296282405668 
89 0.7612463124048591 0.18211169822902062 0.5841042842461438 0.18820025536025684 
90 0.7612463124048591 0.13554219694267888 0.6028196890892432 0.19290823527238965 
91 0.7612463124048591 0.1346496412336632 0.5859711079064291 0.21043049492952914 
92 0.7612463124048591 0.04376804666931858 0.6340413108770633 0.16797403571203345 
93 0.7612463124048591 0.028463334916973015 0.5550633929040066 0.2270802554408245 
94 0.7612463124048591 0.12715287579681128 0.5393418565596008 0.22384847618495562 
95 0.7612463124048591 0.09167199549854768 0.5965831366961202 0.2212306263617376 
96 0.7612463124048591 0.029341983289383575 0.5279864202952421 0.23530594042833944 
97 0.7612463124048591 0.0526789368811105 0.5616251770116556 0.22183504583553912 
98 0.7612463124048591 0.09279101211700123 0.6220041154480165 0.19218140146582205 
99 0.770826587465931 0.03942075195583643 0.5994208704972871 0.21092424387175177 
100 0.7978054948297909 0.028441384163126554 0.5923812270694896 0.21022829530346607 
101 0.7978054948297909 0.06374416672054554 0.5990969439563478 0.20640583515014563 
102 0.8051349190663667 0.09544517894455128 0.6247340694231144 0.19952360453863274 
103 0.8051349190663667 0.06036136695091191 0.6299303447137322 0.18457990921546807 
104 0.8051349190663667 0.03607135023862432 0.6407381777870682 0.201832488781887 
105 0.8051349190663667 0.048591684414415456 0.6607393182148035 0.18267554472818953 
106 0.8051349190663667 0.09767590385510051 0.6702945923657136 0.17855526291886595 
107 0.8051349190663667 0.141655405218485 0.642468394073909 0.2090611962512384 
108 0.8406757298602384 0.08226660457988429 0.5995680199332939 0.20601581204660532 
109 0.8406757298602384 0.06976561251519334 0.5953562873435773 0.22373326833133117 
110 0.8406757298602384 0.10497376936265554 0.5890454783158595 0.2240822685808643 
111 0.8406757298602384 0.041569968098112225 0.5641925912479612 0.22263906051638155 
112 0.8406757298602384 0.052757744285089635 0.5652888817228131 0.2232877785239971 
113 0.8406757298602384 0.11303058654373788 0.5488535550316763 0.23455820851542472 
114 0.8559717571975196 0.06559164798001701 0.5952549111518853 0.2549706398072644 
115 0.8559717571975196 0.05669898143337094 0.5907193518138832 0.2720890895776572 
116 0.8749818525412413 0.1094260179123062 0.6598564611612633 0.22199457061624078 
117 0.8749818525412413 0.032271991094650995 0.6608684068975821 0.2426875810129241 
118 0.8749818525412413 0.04346342817406391 0.6955078072830078 0.22563419468829132 
119 0.8749818525412413 0.03105889723532299 0.6820005707906752 0.23050973150236756 
120 0.8757659235022892 0.04898291166705369 0.5569914508574012 0.28422054982241657 
121 0.8900696321967186 0.24014827314218415 0.714939014985223 0.19903103843806502 
122 0.8900696321967186 0.08047750058925872 0.6537947272633903 0.2522324157377882 
123 0.8900696321967186 0.12225321283296052 0.64313982374759 0.2329721130413494 
124 0.8905341248899342 0.03468767517940662 0.6451091548286115 0.23399032523540392 
125 0.8905341248899342 0.028751957311214545 0.6333743512553154 0.28091902433370286 
126 0.8951051994659323 0.11255070989127383 0.6739373159615784 0.24396434255731458 
127 0.8951051994659323 0.046170835590873774 0.6360709140524452 0.2666637638058689 
128 0.8951051994659323 0.09072673097728517 0.5920970525601971 0.2603493544817001 
129 0.9079149233780538 0.09072673097728517 0.6517587976282545 0.24570764031004283 
130 0.9079149233780538 0.06381110084524379 0.6399424553292341 0.25990613717682287 
131 0.9079149233780538 0.22967654130075765 0.6351859128997761 0.2283181033635386 
132 0.9138830937466687 0.0736477472466438 0.6679402990274502 0.24708732501836628 
133 0.9138830937466687 0.10328437195044593 0.6686889601057545 0.2628746987704497 
134 0.914465153194704 0.1849684196651728 0.7238274507195839 0.23910489312870983 
135 0.914465153194704 0.1849684196651728 0.7298773448778044 0.2392924847676318 
136 0.9263931007498373 0.03534802709064492 0.6983479479456126 0.26347925686350393 
137 0.9263931007498373 0.04463060931499717 0.6976104878617783 0.2643210246632695 
138 0.9376377665380148 0.04048101683176918 0.6954715119302834 0.28652906825265045 
139 0.9378052840231598 0.03554010313733488 0.7039375698476793 0.2861987502615789 
140 0.9573204379692385 0.060855716549370144 0.7180505635382539 0.282521606417652 
141 0.9573204379692385 0.18134290980449366 0.7713432736393281 0.2407642074769503 
142 0.9573204379692385 0.07179828035945678 0.7368898979063658 0.27769916660416427 
143 0.9573204379692385 0.05171801792071787 0.7835958203555599 0.26569371337488656 
144 0.9573204379692385 0.03754422401312899 0.7091334226460727 0.3135579777946565 
145 0.9573204379692385 0.028739164568413498 0.7587718117173818 0.28678843316497654 
146 1.1217065800388455 0.035697302176775844 0.7862243701809299 0.27348728368916736 
147 1.1217065800388455 0.10383465386524977 0.7712806598219742 0.2776621568877659 
148 1.1217065800388455 0.181487376514158 0.7569220924160714 0.2699544877221978 
149 1.127050135389097 0.06212076543955528 0.7608039057936952 0.320283853524115 
150 1.127050135389097 0.1642001685235218 0.8050248935070979 0.30465179270776716 
151 1.1793486359316658 0.032268517680978326 0.7656331637099436 0.35737827673425293 
152 1.1793486359316658 0.08193641075640959 0.7984737991549115 0.36751430139282926 
153 1.1793486359316658 0.1901244199172396 1.0008722087259718 0.24836557536501624 
154 1.1793486359316658 0.09419552681052049 0.7869784549569739 0.39620348185444854 
155 1.1813149514911663 0.02850507649251169 0.8188453625326049 0.41663703794369583 
156 1.1813149514911663 0.028142831237792168 0.8516841411851489 0.393596551522303 
157 1.1845624891414823 0.06396718245415878 0.8715327332076609 0.37853611874350584 
158 1.1845624891414823 0.08653577857822865 0.9153771755177529 0.3710607458326996 
159 1.1845624891414823 0.06737853218663845 0.904199498682072 0.37286979494133676 
160 1.1845624891414823 0.03443780971783999 0.9258284488397528 0.35109469033477275 
161 1.185644975234833 0.0499646335014491 0.8971527826061093 0.3726289488974232 
162 1.185644975234833 0.07164844287719228 0.9134215981645899 0.36763662510118794 
163 1.185644975234833 0.0365589534023729 0.8842052408083334 0.3894688441977245 
164 1.205173737737239 0.054210387858614525 0.9357456236664867 0.3797665616515961 
165 1.2061504386999797 0.05593789348256891 0.9477093896097014 0.37358888201566814 
166 1.206920623463024 0.028317615654825604 0.9381868727317301 0.37527764668188274 
167 1.2129104887701878 0.18448283551028524 0.9506080714232837 0.33942549717465836 
168 1.2129104887701878 0.1902000784118596 0.8982729426072227 0.36327733703076676 
169 1.2129104887701878 0.05510702766001567 0.8799650475235916 0.38472879990617004 
170 1.2129104887701878 0.18144296431966753 0.9663650369772239 0.34206068464170525 
171 1.2129104887701878 0.13011087794451956 0.9145266594850852 0.3837536003278378 
172 1.218333803069375 0.02827543614514445 0.8749198950440622 0.43022765778719235 
173 1.218333803069375 0.05550984536100626 1.011173884146087 0.3636495829766892 
174 1.2249864683376912 0.22914609772434416 0.9957843391759488 0.32022243022569624 
175 1.2249864683376912 0.043328243732902325 0.8762248928857721 0.4113466036013149 
176 1.2249864683376912 0.03535102889985868 0.8899316047443401 0.41259355082553895 
177 1.2249864683376912 0.05078258341347129 0.8787846976504874 0.41635403316011954 
178 1.2249864683376912 0.07833822512594951 0.8483272521153886 0.4261176477315302 
179 1.2249864683376912 0.08817577165628378 0.8894649236240089 0.4211092537803195 
180 1.2249864683376912 0.16031250520209075 0.9422371178238816 0.37419341369500153 
181 1.2249864683376912 0.033599742325464955 0.9065470592693309 0.42821014518924444 
182 1.2249864683376912 0.15581834370140052 0.9103932152555853 0.40219971212477174 
183 1.2253449592443748 0.07574100309896233 0.9542004131052569 0.38986850002516915 
184 1.2253449592443748 0.08359923638382005 0.8873574152950505 0.43342210075379795 
185 1.2253449592443748 0.15670280903661152 0.8802296724186038 0.4097503208831565 
186 1.2254648809013868 0.036582059434225385 0.8791629602051778 0.43117724657166134 
187 1.2254648809013868 0.20039205754033693 0.9420876485567452 0.3907379471750785 
188 1.2254648809013868 0.03903678785505233 0.99631066825992 0.3652055240131679 
189 1.2254648809013868 0.046104275263534764 0.9638710052806193 0.389573177530651 
190 1.2254648809013868 0.028133248416558017 0.8931220586858213 0.3968003092197578 
191 1.2254648809013868 0.18142657064518203 0.9253376447272609 0.3653759797697844 
192 1.2254648809013868 0.14086555996162334 0.9155751047569731 0.3762510423110487 
193 1.2254648809013868 0.04626038454989969 0.9028581542443925 0.41301446197493713 
194 1.2254648809013868 0.08332422365437496 0.8663688577916954 0.43170749892471083 
195 1.2254648809013868 0.18132298490860432 0.8915139153611105 0.4235021147461051 
196 1.2254648809013868 0.0441193756738768 0.8605269084729633 0.4458765768954746 
197 1.2256979702159765 0.03855338633397819 0.8378163517067695 0.434958062928473 
198 1.2256979702159765 0.028229862589709356 0.862619047033284 0.44037124967794244 
199 1.2256979702159765 0.1822759300683813 0.8191610971675726 0.43270412564730054 
200 1.2257216780104925 0.028109249055615435 0.8930303945103576 0.38056980632936055 
201 1.227841236223543 0.02831591916589601 0.9020083177415614 0.42729872183580125 
202 1.227841236223543 0.250520891233453 1.0069697604529584 0.3331461532598295 
203 1.2301931065642016 0.12416623838037938 0.9592864409288342 0.37222173085505816 
204 1.2402020092791541 0.03445913115859177 1.0462640653781563 0.344726688188783 
205 1.2402020092791541 0.03160938665752656 0.9984799655016121 0.3871526833333863 
206 1.2402020092791541 0.18186670082228945 0.9742456105253362 0.38374589772292783 
207 1.2402020092791541 0.05112241887703805 0.9658091303397152 0.3704543275545663 
208 1.2402020092791541 0.03661975212030668 0.9752319452488655 0.3728254913755127 
209 1.2402020092791541 0.10612891037149795 0.9054799699304614 0.4307601188815084 
210 1.2402020092791541 0.07818278235619619 0.9315406814647937 0.4155666120819227 
211 1.2414206989581436 0.03963613053817783 0.9588484566515604 0.4199824453681939 
212 1.2414206989581436 0.06421184049820393 1.0015814551984292 0.37731685413973054 
213 1.2477780235607467 0.04682788802599346 0.9418575402869966 0.3854504038443642 
214 1.2477780235607467 0.054370100492112425 0.8924492680353494 0.4247889606112292 
215 1.247985842331692 0.19049272690482494 0.9201699287188788 0.37931881271016943 
216 1.247985842331692 0.20099573101531296 0.9214899302440795 0.3899006904294041 
217 1.247985842331692 0.061262119230858905 0.9994142888105598 0.3820027091781992 
218 1.247985842331692 0.028544788374432736 0.8774194002174843 0.42041055064990573 
219 1.2484573785556183 0.04280727411657805 0.8878388036385294 0.43292723493758933 
220 1.2484573785556183 0.029418281907031503 1.0427812015451245 0.31599881417602244 
221 1.24859159636612 0.19319821894224487 0.965914956737502 0.3822568344183438 
222 1.24859159636612 0.0602611624104851 0.9133112683428353 0.4248520747094804 
223 1.2578669482420293 0.04341667188070586 0.8922946508329826 0.4094407006102294 
224 1.2578669482420293 0.036383428206273945 0.9391870554866135 0.41094157950317206 
225 1.2578669482420293 0.048600597572798714 0.9856267154324108 0.3844449275901635 
226 1.2578669482420293 0.10636377442421573 0.8794281078261799 0.4324163689371945 
227 1.2578669482420293 0.028152257527650357 0.9030294322920782 0.414127716490977 
228 1.261654438104129 0.18235477591604593 0.8763509407193982 0.40874389090286617 
229 1.264093284316183 0.07551216469606249 0.8892837001651036 0.41237125971656835 
230 1.264093284316183 0.09634352709770919 0.9261053864347611 0.4073607984879362 
231 1.264093284316183 0.053685187012017535 0.9227409522687059 0.4271400670107556 
232 1.264093284316183 0.08562667685568773 0.9923788441959935 0.3742435089813114 
233 1.2710374753123816 0.13463408959430304 1.001311579891103 0.3611178758748558 
234 1.2793772245393367 0.02857621956391266 0.91219039459992 0.42769418382693375 
235 1.2793772245393367 0.032071380365022314 0.9492626566345606 0.38806680143855266 
236 1.2793772245393367 0.19055068465747133 1.0325648296394738 0.3442652509059346 
237 1.2793772245393367 0.18478582506778496 0.9689652416454557 0.414812385551761 
238 1.2793772245393367 0.18578763288184025 0.9786562975188947 0.38480939785548807 
239 1.2793772245393367 0.09298008384389292 0.8954434339405656 0.4608530446816774 
240 1.2828214091832006 0.16975498080440105 0.94160275353863 0.41225351668944277 
241 1.3486660784316076 0.24263531890319792 0.9814925005330434 0.3924045033343643 
242 1.3486660784316076 0.1856178531803656 0.9646236915870756 0.40451532818321595 
243 1.3486660784316076 0.19034882373072 0.9286234149201873 0.42122288128606805 
244 1.3486660784316076 0.03449398062525727 1.0267611714159346 0.3930524390489258 
245 1.3486660784316076 0.18153887512966327 0.9861079408100883 0.4001432122174864 
246 1.3486660784316076 0.11636866657167597 0.907427632082035 0.43206244784223546 
247 1.352555221192772 0.18525935061475363 0.9587922213171711 0.44058516365254297 
248 1.352555221192772 0.040680173663186846 0.9819244093251304 0.46762185210525603 
249 1.352555221192772 0.09082846709515804 0.911472954191406 0.5004236927544022 
250 1.352555221192772 0.18215783475875677 0.9597041600717096 0.4517286673493237 
251 1.352555221192772 0.17502720822894122 1.0204566878223698 0.43902886012392933 
252 1.352555221192772 0.10147749864255978 1.0530416315829854 0.3983584695406026 
253 1.3640292802998655 0.028700166197649268 1.0017179214520295 0.4594249044964747 
254 1.3640292802998655 0.13183996760328162 1.0748117895748246 0.3976557072663732 
255 1.3640292802998655 0.028269557492575256 1.002756025705862 0.42259703154829775 
256 1.3640292802998655 0.03573987180974908 1.0105315295705228 0.45589979961255445 
257 1.3640292802998655 0.028190848524867747 1.0508190735541318 0.4094844267999711 
258 1.3640292802998655 0.1813247281848973 1.0414444267346519 0.4103450427419552 
259 1.3640292802998655 0.14975516782711096 1.0458364598686858 0.4305252084176205 
260 1.3640292802998655 0.02854650654098812 1.048652058796287 0.4324034973096753 
261 1.3640292802998655 0.028308057765588646 1.0370903448011817 0.45421211744675116 
262 1.3640292802998655 0.028162362746743295 1.072914809498203 0.4507567505582102 
263 1.3640292802998655 0.0430393730389142 0.979151337779002 0.47612190072499744 
264 1.3640292802998655 0.07952099089298917 1.1143004004238224 0.39175891955218445 
265 1.4106880594791997 0.05025658244442111 0.9926693092502142 0.4541575869743543 
266 1.4106880594791997 0.1894996765935074 1.0033019198881872 0.41835019300007953 
267 1.4106880594791997 0.20042464929590437 1.0228946341432674 0.438294168252586 
268 1.4106880594791997 0.033957083463083 1.0059246451180046 0.4827233097565737 
269 1.4106880594791997 0.04844435405295116 0.9839081287133906 0.5190979611696233 
270 1.4106880594791997 0.03698238626019439 1.1236898216562685 0.4430226357683236 
271 1.4106880594791997 0.18041595948837663 1.1197853350439873 0.4418566442718182 
272 1.4106880594791997 0.1526124798372525 1.0814867682227094 0.44919359652748414 
273 1.4106880594791997 0.11082171211216903 1.0924757757294783 0.48376565920823145 
274 1.4106880594791997 0.16126407739941906 1.141037807100297 0.42872453338234967 
275 1.4106880594791997 0.20397589363539384 1.1758901574040572 0.40844288469354406 
276 1.4106880594791997 0.028445909704008114 1.0409668198706938 0.504985431525826 
277 1.4106880594791997 0.02871872296643749 1.0425833478754576 0.4845883128563445 
278 1.4106880594791997 0.028803933689338732 1.0199380237267432 0.4536718952234923 
279 1.4106880594791997 0.14568615202904114 1.0302324947540549 0.4897273686467877 
280 1.4106880594791997 0.14568615202904114 0.9706479861146065 0.49751007788942886 
281 1.4106880594791997 0.1611251467576306 1.0390820016834885 0.47515878765901487 
282 1.4119408737647914 0.1751729902778756 1.0755254562937628 0.45512887971665306 
283 1.413746521018535 0.18700233219596274 1.1668518064471578 0.41216183028805803 
284 1.413746521018535 0.10678078385729611 1.1025778255431689 0.39624780139429655 
285 1.413746521018535 0.13924452508664897 1.045317820693644 0.4489644073814854 
286 1.413746521018535 0.04938484421584526 1.0791586529313613 0.46880879733259784 
287 1.4154883008232286 0.19351668347511897 1.089653772326008 0.4439672804080897 
288 1.4154883008232286 0.02917406083695235 1.110695694978011 0.45847594313029 
289 1.4154883008232286 0.06356382605910184 1.0377309744437173 0.44628810398646407 
290 1.4171156108001726 0.04005407434635414 1.1563736595372982 0.4242428052906024 
291 1.4171156108001726 0.03209332289348892 1.1263456162259828 0.4549511668561306 
292 1.4305163002194115 0.051789770445516393 1.1310095623957812 0.4456516298402605 
293 1.4305163002194115 0.09404905050792534 1.032564392908203 0.5016141098757863 
294 1.4343366605763033 0.1394736790555342 1.1192803325347853 0.4492600062406576 
295 1.4343366605763033 0.06827792586582353 1.045940765384557 0.47379031741275834 
296 1.4343366605763033 0.15911873608519675 0.9998052496673302 0.516643583578997 
297 1.4343366605763033 0.05260584973729704 1.076242070551468 0.4675394802659204 
298 1.4343366605763033 0.18480290561786597 1.0703549577132296 0.45454053340907535 
299 1.4343366605763033 0.1877729277532448 1.081902705003899 0.47799673645415186 
300 1.4343366605763033 0.11641965690471866 1.1482506642777932 0.4283258436957908 
301 1.4354429886043354 0.20562225073047732 1.1648526439069868 0.40804501844903734 
302 1.4354429886043354 0.1979422254771845 1.0682848695978386 0.46284982195721186 
303 1.4354429886043354 0.028462390080999978 1.04367129280546 0.4930495149504973 
304 1.4354429886043354 0.08052025284063236 0.9651417018953503 0.5077340408068762 
305 1.4354429886043354 0.16919366575908762 1.0984686532459111 0.41430839583145646 
306 1.4354429886043354 0.03977973926005964 0.9550265939759031 0.5362118253358021 
307 1.4354429886043354 0.17974602952012947 1.0944783923997894 0.45601833583737744 
308 1.4354429886043354 0.06873606009497125 1.1021525616854446 0.4753607047946922 
309 1.4354429886043354 0.10463083840437311 1.1139237991974986 0.42577552571162824 
310 1.4354429886043354 0.042215749900122584 1.051711556962954 0.4883128830283112 
311 1.4354429886043354 0.029083095521554688 1.0312446193399658 0.46902075314585645 
312 1.4354429886043354 0.13999283047774472 1.127447440844635 0.40041739316883324 
313 1.4354429886043354 0.05694878869648424 0.9706121503286961 0.500963856176062 
314 1.5275946235161695 0.09456527687103676 1.1018784030383475 0.4788730344490962 
315 1.5275946235161695 0.1834799593414931 1.128391783803726 0.45876254161498103 
316 1.5275946235161695 0.060229407587645924 1.087296695030638 0.5178124622106467 
317 1.5275946235161695 0.19052188476303875 1.129567024919684 0.4648669132187086 
318 1.5275946235161695 0.048489284701362 1.1792439055128114 0.46013627405781304 
319 1.5275946235161695 0.02832693979713621 1.1756132359865672 0.500809838225397 
320 1.5275946235161695 0.02836067670193064 1.1320766634730552 0.5244892561875789 
321 1.5275946235161695 0.036358888776629336 1.1212177501173386 0.49215378123111947 
322 1.527927533715559 0.04390531691117812 1.1158512711529496 0.5601564043082973 
323 1.527927533715559 0.028154457210502706 1.2091518623570356 0.4837900821073467 
324 1.527927533715559 0.02834208624258671 0.9663898133784015 0.5812433695074443 
325 1.527927533715559 0.028114875129776687 1.022456648889995 0.5688078739324987 
326 1.527927533715559 0.04150902160344783 1.0887341079422972 0.5375118073145825 
327 1.5282815198796138 0.04150902160344783 1.078368769510216 0.5548802960476165 
328 1.530432647642798 0.1365334815464266 1.0948326538654773 0.5182937929235208 
329 1.530432647642798 0.06636512218020975 1.1158590415567051 0.5001467113481891 
330 1.530432647642798 0.1104948470198103 1.2002574341703451 0.4669306940468312 
331 1.5306785411419497 0.20491025851957465 1.3179532533518619 0.38664906060777793 
332 1.5306785411419497 0.20621340993288043 1.2539726839421523 0.4573916328503803 
333 1.5306785411419497 0.09934905035911412 1.1668145870780882 0.5022237706457533 
334 1.5306785411419497 0.17049827776424945 1.2148901726776422 0.4906506181764414 
335 1.5306785411419497 0.18238003474062384 1.21587169387979 0.430722583750002 
336 1.5306785411419497 0.18231040945900265 1.073896448473716 0.5104089033138502 
337 1.5306785411419497 0.028115959163763374 1.090071633282556 0.47927972422133513 
338 1.5306785411419497 0.19012236372313618 1.1120335106362476 0.5004927466776891 
339 1.5306785411419497 0.163560871741803 1.155476717126149 0.48897351460088084 
340 1.5306785411419497 0.14896241200495924 1.222400260902716 0.45173271719160984 
341 1.5306785411419497 0.19619749302978498 1.0679049599314943 0.5144272555693233 
342 1.5306785411419497 0.1940873616758056 1.1795302577513984 0.45609373237019823 
343 1.5306785411419497 0.18312590828980652 1.0858682798497163 0.5145699855565866 
344 1.5306785411419497 0.033397064880621934 1.1989827964671864 0.4744385200312049 
345 1.5306785411419497 0.03182171073542434 1.1970670962804852 0.49422286140763055 
346 1.5306785411419497 0.053091224891744435 1.2212670341366012 0.4925986294537652 
347 1.5306785411419497 0.07632772367304011 1.1863293145614922 0.5262630604125595 
348 1.5306785411419497 0.16749331683875882 1.1950420180182206 0.49049376718178106 
349 1.5311889018366616 0.16749331683875882 1.2133749918746215 0.4752388816307573 
350 1.5311889018366616 0.028168683024320965 1.095485318127164 0.5538999065909429 
351 1.5311889018366616 0.029575203147645095 1.2564014820367002 0.4680182644053076 
352 1.5311889018366616 0.028937275377251607 1.1955967711209157 0.4892250469410139 
353 1.5311889018366616 0.20514588525529634 1.1233293205424493 0.4917864597172024 
354 1.534118941691476 0.1565978365097897 1.1288979248764315 0.5216178528364535 
355 1.534118941691476 0.08930815986709388 1.1140707451136036 0.5543376561604335 
356 1.5421929314959568 0.10606569707560404 1.2106048626595356 0.4802631021166816 
357 1.5421929314959568 0.028099444938361858 1.1660587043986175 0.49884327789630106 
358 1.5421929314959568 0.25633791058009925 1.2382988194084943 0.4575876759341017 
359 1.5421929314959568 0.11823327541244945 1.2146933711153565 0.4789628518496658 
360 1.5421929314959568 0.17579285834726954 1.1940495662318436 0.5123962061222507 
361 1.5421929314959568 0.202319002172452 1.3134475347861372 0.406512742522457 
362 1.5421929314959568 0.1842114987380988 1.2284707069597562 0.4988306334943844 
363 1.5421929314959568 0.21772535139118804 1.242095518744966 0.46976776530265635 
364 1.5421929314959568 0.04790868836369696 1.1634109161862127 0.5337423263986977 
365 1.5421929314959568 0.1561263546532547 1.191706536347702 0.4850551619111545 
366 1.5421929314959568 0.09302676922654435 1.1407286339174307 0.5324578937688026 
367 1.5423014569015685 0.23388420163606308 1.2148491558448735 0.5137830101436256 
368 1.5423014569015685 0.12818342259690282 1.1295352995634742 0.5682750035989524 
369 1.5423014569015685 0.101292262652018 1.0659129562294838 0.5726078275317832 
370 1.5423014569015685 0.04495850742491575 1.086226871457641 0.5562801740312412 
371 1.5423014569015685 0.1643056920920014 1.188314034347366 0.4923785153665364 
372 1.5423014569015685 0.049653684478039854 1.1285387956261075 0.5497415217207104 
373 1.5423014569015685 0.03472341675444654 1.1592260418331122 0.5294575313858982 
374 1.5423014569015685 0.06019225790900812 1.0829925086625334 0.5749215390713001 
375 1.5423014569015685 0.028265747794715846 1.253521868440672 0.48465274716863194 
376 1.5423014569015685 0.0632084338306071 1.1966091712598013 0.5336168001789532 
377 1.5423014569015685 0.19659867974227846 1.1642565576921244 0.49328353675281844 
378 1.5423014569015685 0.04624320695033619 1.0706025882841113 0.5582769752700669 
379 1.5479219875676409 0.18849416622725465 1.1686083577400677 0.4945454597777687 
380 1.5479219875676409 0.028379173023814312 1.1509913936908285 0.5036837279578392 
381 1.5479219875676409 0.0557566262815171 1.2318067458398854 0.4880706049362979 
382 1.5479219875676409 0.08930970200956985 1.0877486250557542 0.543841714932231 
383 1.5519152722495906 0.05975985367903749 1.1469474921133473 0.49747483360998035 
384 1.5519152722495906 0.17221026264709777 1.0860561764751502 0.5287493425353189 
385 1.5519152722495906 0.05707721705585677 1.1075012738753733 0.5539185613681022 
386 1.5519152722495906 0.17507483154339867 1.1396874884361876 0.5481857880739891 
387 1.5519152722495906 0.1570616997387646 1.2157118035591419 0.4754928050644242 
388 1.5519152722495906 0.19785284207121118 1.2242807984549209 0.46934095250567825 
389 1.5519152722495906 0.07335837922648868 1.100884015151418 0.5293389705301029 
390 1.5519152722495906 0.08058782820335585 1.162876543516289 0.49575730334457097 
391 1.5585569056113309 0.02812206381179518 1.2051393968662985 0.4898760046231606 
392 1.5585569056113309 0.028146269175695612 1.1333474334123508 0.5049191325875628 
393 1.5585569056113309 0.18319806442247885 1.18188099785582 0.5033769390467274 
394 1.5585569056113309 0.031765901433398754 1.1622737312630553 0.5549974163992819 
395 1.5585569056113309 0.13741051035331542 1.2023919734100053 0.5000197295226834 
396 1.5585569056113309 0.1833320836359237 1.171356323539058 0.4983352970180459 
397 1.5585569056113309 0.20915430282464645 1.1451190115018872 0.5202644184126521 
398 1.5624914598958457 0.1840004251608017 1.1403794224781612 0.49038517057090025 
399 1.5624914598958457 0.19792037464351153 1.1122529509161216 0.5130343905139356 
400 1.5624914598958457 0.0338522322271373 1.0699466878161354 0.5824461486735846 
401 1.5624914598958457 0.029731422043635485 1.098749173591949 0.5469409110047563 
402 1.5624914598958457 0.02811407376842398 1.0934116069345223 0.542455041780531 
403 1.5624914598958457 0.3030850813526522 1.2858770992310888 0.4156257213387407 
404 1.5624914598958457 0.0934890693446465 1.0943050828268617 0.5585300514242388 
405 1.5624914598958457 0.09023242976757613 1.1452822066103128 0.5557019992965816 
406 1.5624914598958457 0.0632485987095644 1.0792118665370634 0.5544908860398772 
407 1.5624914598958457 0.14973700257641193 1.1522949780235165 0.5441220820165821 
408 1.5624914598958457 0.03814836799295489 1.150270520758285 0.5481388568787305 
409 1.5624914598958457 0.07239117359330498 1.2050743551455003 0.5198298911656523 
410 1.5624914598958457 0.05831673364439008 1.2060895995087164 0.511657902888828 
411 1.5624914598958457 0.18478835304468838 1.1536671724134633 0.4900186054841418 
412 1.5624914598958457 0.09563440894120118 1.1408410993841132 0.5226750025716406 
413 1.5794139785222747 0.11426244821965421 1.2734842140079083 0.45406263165477984 
414 1.5794139785222747 0.10822337658098716 1.2713787415261129 0.46550875191865654 
415 1.5794139785222747 0.035829564013638224 1.2148416340816086 0.4981436413025147 
416 1.5794139785222747 0.02830371591830675 1.1367388467083455 0.5147892815197685 
417 1.5794139785222747 0.11216811972619377 1.2013446440145588 0.4945086331399299 
418 1.5794139785222747 0.08821197801843216 1.1233855754943123 0.5482771784442299 
419 1.6189973850488077 0.051044487036712265 1.091910014819993 0.5691535390434074 
420 1.6189973850488077 0.1477528292504968 1.0780213586405758 0.5416959470759847 
421 1.6189973850488077 0.02890698437036772 1.1481298025794073 0.5230205527166804 
422 1.6189973850488077 0.028655981655412784 1.1069541756548644 0.5878372118890562 
423 1.6438414811522408 0.1537682537348952 1.0874735871790608 0.5578661183218406 
424 1.6438414811522408 0.15791862262741055 1.1157348679114565 0.5718843881268737 
425 1.6438414811522408 0.18574359320290834 1.2229990143874563 0.5309979283309532 
426 1.6553579243584702 0.18574359320290834 1.1974032005742157 0.5368573216378456 
427 1.6553579243584702 0.05379536244450587 1.1595237201670328 0.5657570209323174 
428 1.6553579243584702 0.05741334955952448 1.141923650819478 0.5820088662996161 
429 1.6553579243584702 0.028255851673160574 1.1799158421572224 0.591130067280306 
430 1.6553579243584702 0.18218021910441048 1.1993898005107853 0.5334706769032856 
431 1.6553579243584702 0.09957437307247625 1.3155025472506414 0.48742035233262626 
432 1.6553579243584702 0.028134824841330466 1.2599610328355364 0.4993562482151978 
433 1.6562599334721224 0.10585418132481776 1.2356464410652221 0.5223349550225191 
434 1.6562599334721224 0.14261167963326082 1.177578855589828 0.5717255661046522 
435 1.6562599334721224 0.09557331452474811 1.2113413365301842 0.5643717378804658 
436 1.6562599334721224 0.05293314962050503 1.2209275522675 0.5760906485237169 
437 1.6562599334721224 0.029005759245529585 1.1614404545675725 0.6257995713325546 
438 1.6562599334721224 0.02815681182982642 1.1737140678514881 0.5735667488990287 
439 1.6562599334721224 0.042632988628286524 1.2888375238099081 0.5051831425098041 
440 1.6738183828228577 0.043098266526318166 1.2006926889251728 0.5713675878927934 
441 1.6738183828228577 0.1839344352940157 1.1892729159728999 0.5287081832782096 
442 1.6738183828228577 0.155915778991203 1.0494529600547908 0.5991080357985811 
443 1.6738183828228577 0.03772224662118448 1.0194956521539793 0.6492153216258844 
444 1.6738183828228577 0.1848205837842187 1.2570096703391966 0.564990219718314 
445 1.68390209618066 0.08005350959649499 1.2504463215246482 0.5799779961914645 
446 1.68390209618066 0.0993286167193142 1.2261048499955047 0.5971917645296914 
447 1.68390209618066 0.05252324930973689 1.292040309564693 0.5675131972464166 
448 1.68390209618066 0.031732056322294123 1.3135568844206231 0.5706527344667061 
449 1.68390209618066 0.04049344143443625 1.2601400958992848 0.5875757784548343 
450 1.68390209618066 0.18172578749768412 1.361453228758414 0.5036103471250823 
451 1.68390209618066 0.18131777091313328 1.1701397936837734 0.6159655146637921 
452 1.7244640357690915 0.18200611372990425 1.2680338826505706 0.5711559874269182 
453 1.7244640357690915 0.05438842296932184 1.3629658310230106 0.5433498110427195 
454 1.7244640357690915 0.036097544280696975 1.304821683234483 0.570645273443759 
455 1.7244640357690915 0.05586400138677474 1.3196492218078342 0.5714954797638903 
456 1.7244640357690915 0.04048207905185381 1.2453604021593034 0.584005218903061 
457 1.7244640357690915 0.02877741205179241 1.1980442822520043 0.6384117523938344 
458 1.755758954948456 0.06982508363007307 1.2653376266258562 0.5866523361704976 
459 1.755758954948456 0.07218432641386069 1.2245130653690826 0.5784516427015064 
460 1.755758954948456 0.028392850074557312 1.2845737772950228 0.5769350501692692 
461 1.7561345681975005 0.18383170706922874 1.3325783204514863 0.5168811047991417 
462 1.7561345681975005 0.2067626086011673 1.3506804011110136 0.5463222361519876 
463 1.7626297052191349 0.07541594767700895 1.279451781086365 0.5872643692292863 
464 1.7626297052191349 0.1472147092428003 1.186788868236123 0.6371852984982648 
465 1.7626297052191349 0.028251363507780725 1.2731383998554042 0.5775991372226057 
466 1.7626297052191349 0.046643733857785266 1.3173917444772445 0.6009399937962485 
467 1.7626297052191349 0.0436641867686173 1.1674841210923539 0.6500700977729217 
468 1.7626297052191349 0.09378100540429903 1.2866846446838716 0.6388506813497381 
469 1.7626297052191349 0.12018430265721236 1.260667555880818 0.6133616503268519 
470 1.7626297052191349 0.02812769524861086 1.2438932240410032 0.6338803869378852 
471 1.7629516589382521 0.031013963845733877 1.2088620033565318 0.6257017854628104 
472 1.7629516589382521 0.03505968909624067 1.2688353391867127 0.5804414368898847 
473 1.7629516589382521 0.054374359215857 1.1082088096105054 0.6895667264020445 
474 1.770440486706212 0.03239070619668162 1.206873665148847 0.6226178115660916 
475 1.770440486706212 0.0426550092913044 1.3524173346280315 0.5552832311556095 
476 1.7952561964467095 0.16688184779207207 1.3193767673910173 0.6053638893121155 
477 1.8129304665201902 0.03573643622190634 1.3487451890647835 0.6032649720707043 
478 1.820939740657965 0.03573643622190634 1.3918489880739537 0.5911795570834394 
479 1.820939740657965 0.13398587429274075 1.406548094566694 0.5903897036353707 
480 1.820939740657965 0.028199944379160943 1.2947554198329265 0.6976442001466129 
481 1.820939740657965 0.02819045263880601 1.296444589083056 0.6744690252961055 
482 1.820939740657965 0.12565988535018865 1.3541011204418174 0.633014374859568 
483 1.820939740657965 0.18154331516847197 1.509752201649835 0.5208325162651937 
484 1.8221099561608438 0.18958027970441924 1.5295605647661 0.48897626538798816 
485 1.8221099561608438 0.12947024124006376 1.493805275734229 0.585163197918361 
486 1.8221099561608438 0.1361933277212774 1.4105649920870578 0.612834594297119 
487 1.8221099561608438 0.09609784991038328 1.3708427382229607 0.6350864094158633 
488 1.833062593858684 0.16248573450485893 1.3193446324087108 0.6506104541678785 
489 1.833062593858684 0.16332763450136004 1.320536763989817 0.6328010705673619 
490 1.833062593858684 0.23066637540805662 1.3303633920538531 0.6512219069264931 
491 1.833062593858684 0.18276853704533766 1.397201432001091 0.5892425120332269 
492 1.833062593858684 0.06918235679652666 1.4159828071770706 0.5907317688871703 
493 1.833062593858684 0.08603586782358481 1.391581735223703 0.6300016891439998 
494 1.833062593858684 0.15310004515593206 1.431889970923836 0.6310394188783365 
495 1.833062593858684 0.12857342898743096 1.2662965962344037 0.6691886972264968 
496 1.8364094153156425 0.05642254938106963 1.338310738632267 0.661744732267228 
497 1.8364094153156425 0.18905280048644557 1.2579537539906949 0.6612748074082204 
498 1.8364094153156425 0.15459899459697105 1.2983603145082694 0.6744937216690841 
499 1.8364094153156425 0.04595709382794273 1.3948424821180185 0.6338449844649201 
500 1.866293790966857 0.19449312847738812 1.5232883172342166 0.5264747691946896 
501 1.866293790966857 0.038711784626264734 1.3690411751004954 0.6633075934520352 
502 1.866293790966857 0.2027880260220392 1.3110208470348588 0.6810625124737937 
503 1.877443210606718 0.1465177008172854 1.4799050934081597 0.6042216051231555 
504 1.877443210606718 0.02932930401035717 1.279205574104596 0.6426182466061463 
505 1.877443210606718 0.08998265121827173 1.3965758509991022 0.635493044203765 
506 1.877443210606718 0.02845126377013323 1.392328782929878 0.6666459957173212 
507 1.877443210606718 0.093503228253157 1.5817163442658753 0.5399214644732854 
508 1.877443210606718 0.028232510676697124 1.5429737945133948 0.5811736035648245 
509 1.8834030973815565 0.04897371735227559 1.4675640919278425 0.6408920138005698 
510 1.8834030973815565 0.028346573606350376 1.4072695116782479 0.7387893467950069 
511 1.8834030973815565 0.18318164286764602 1.4834916095151458 0.6422503989999296 
512 1.8834030973815565 0.03764423059373596 1.4199922959145364 0.6855034382798861 
513 1.8834030973815565 0.184486925988871 1.476111894924283 0.6372864179610346 
514 1.8834030973815565 0.12966772209520136 1.4873776681907334 0.6245640445023535 
515 1.884075685701711 0.190779928462112 1.3852237270659236 0.6188199330955444 
516 1.884075685701711 0.07353156013082417 1.4021157269006235 0.6122827004459821 
517 1.884075685701711 0.19006736006978486 1.5541359249232989 0.5477350943941309 
518 1.884075685701711 0.0752426843631416 1.397495517591438 0.6653208663552663 
519 1.884075685701711 0.028174051440681188 1.2985634348570385 0.6730263320315626 
520 1.884075685701711 0.11300199645236432 1.3204081556981249 0.6905663068521221 
521 1.884075685701711 0.19590049733495346 1.4930654912149435 0.5953992061411958 
522 1.8847624421475562 0.21824512220325526 1.4820420127964524 0.5871253362001447 
523 1.8847624421475562 0.10987077820129498 1.5103915888169595 0.6151375500040355 
524 1.8847624421475562 0.16837927948492876 1.491007077028762 0.5987289045078232 
525 1.8973914721925227 0.1262823081424335 1.5253774184064315 0.6200140382358478 
526 1.8973914721925227 0.08010425007003127 1.5555257613187552 0.5687406815792182 
527 1.8977989020114117 0.10250995078160934 1.416425425056477 0.6716541482974239 
528 1.8977989020114117 0.0893821983503519 1.1859666629801129 0.7624977642782196 
529 1.903473972657618 0.09545426655296017 1.4236559691045068 0.6572831395150517 
530 1.903473972657618 0.19332270312468194 1.5163703924575556 0.6314922677466867 
531 1.903473972657618 0.1296941228208979 1.5743957419101389 0.5986964719909057 
532 1.904151001633135 0.21339917948254825 1.5491861830643623 0.6261931036899027 
533 1.904151001633135 0.087849753694699 1.5974945640277645 0.5812639627837715 
534 1.904151001633135 0.15623758617021138 1.5513467034248212 0.5831145845753276 
535 1.904151001633135 0.0284219586096024 1.455534253425134 0.6214976940137882 
536 1.904151001633135 0.09384778644355596 1.3805999191698353 0.6841213835117314 
537 1.9065040001011127 0.05069301970097887 1.4007691948077539 0.7032885670094694 
538 1.9065040001011127 0.08828922905265882 1.5222317886128982 0.6310439328735691 
539 1.9065040001011127 0.07065966610650821 1.482570854439058 0.6700394169770802 
540 1.9157241049955378 0.028201635600982888 1.4159681422367023 0.7071010146683387 
541 1.9157241049955378 0.12980032712119494 1.3469696886328189 0.6722609365830517 
542 1.9230741717731479 0.08747959951231499 1.4422173083488932 0.6675454732040733 
543 1.9230741717731479 0.041081526160309904 1.4806301225914587 0.6447175745595431 
544 1.9230741717731479 0.05352363658969745 1.3495222069987447 0.7098744515216214 
545 1.9351267544127229 0.028663957096560565 1.2409315312602265 0.7425563643692585 
546 1.9351267544127229 0.18568275919084712 1.4597404688795177 0.6487825781297069 
547 1.9351267544127229 0.10158908755769155 1.4354181618650856 0.6519281935533234 
548 1.9351267544127229 0.028281349651499622 1.3250318858446328 0.7600234120714912 
549 1.9351267544127229 0.0810363867411119 1.4473600070450372 0.670569789975086 
550 1.9366507309460534 0.028624786027386398 1.5290701882986184 0.6442873087276899 
551 1.9366507309460534 0.029357815039673205 1.422405344221961 0.6905358936193664 
552 1.9366507309460534 0.20513797578268742 1.3995460433009546 0.6304501012713993 
553 1.9366507309460534 0.21517413085512563 1.349293958932678 0.668068227867317 
554 1.9366507309460534 0.18260701654926062 1.4584333808779777 0.6676795318778416 
555 1.9519824451622427 0.04813985796581096 1.394103435802068 0.6805769242486394 
556 1.9519824451622427 0.18580969764426244 1.4019238801055602 0.6455277574086149 
557 1.9519824451622427 0.06135967698473452 1.4350041515676863 0.6838303270400138 
558 1.9549369472749445 0.05085676366345995 1.5220202748599316 0.6696272090525782 
559 1.9549369472749445 0.10437546874621002 1.5612642378826904 0.6104333717314689 
560 1.9549369472749445 0.10856976092508884 1.5709933915938987 0.6168552015927289 
561 1.9549369472749445 0.028330991317210463 1.4945326572037443 0.5907243804855938 
562 1.9549369472749445 0.07448730091501483 1.3293912465613515 0.6710903972839893 
563 1.9549369472749445 0.04008226712923642 1.2387107082067907 0.7757266847592383 
564 1.9549369472749445 0.20330014628550508 1.448199542266311 0.664291479778864 
565 1.9549369472749445 0.15662083205728378 1.5626169714396922 0.6285746023129204 
566 1.9549369472749445 0.11040124582280897 1.4242503457929971 0.726323449498161 
567 1.967772399908237 0.09260930521376513 1.53104365230664 0.682446038391318 
568 1.967772399908237 0.17840298649255873 1.6025503498821894 0.6082494527885546 
569 1.967772399908237 0.15797551649265393 1.3481725629286094 0.7057008298426518 
570 1.967772399908237 0.05067404227595174 1.384110385014384 0.6889268591651941 
571 1.967772399908237 0.15512051139893568 1.3912159613191548 0.7093838164836115 
572 1.967772399908237 0.18843814941082304 1.3840778224688375 0.6929885843905724 
573 1.967772399908237 0.1098080750378704 1.2112048878253594 0.7075323333424375 
574 1.984230698292537 0.03324937425528449 1.3777297093039378 0.6890341794473647 
575 1.984230698292537 0.03446633485625047 1.2788476535487066 0.73639458559992 
576 1.984230698292537 0.029257364995481316 1.4114685380122547 0.705601375489766 
577 1.984230698292537 0.028712173814608923 1.461416983675465 0.6672681295376162 
578 1.984230698292537 0.16157665156423712 1.6374566287838923 0.5882981067869655 
579 1.984230698292537 0.04601110764302095 1.6157479493581273 0.5697267412763098 
580 1.984230698292537 0.1274016575573208 1.4095428735441646 0.7362927396123868 
581 1.984230698292537 0.028090548016322523 1.4193236347923772 0.7312704188372559 
582 1.984230698292537 0.19195985269800375 1.3621909160253216 0.7070871809254546 
583 1.9922758879827538 0.028130794205762557 1.4230049506104663 0.7464801442560822 
584 1.9922758879827538 0.19375093989474623 1.5839190178929619 0.6660752676469034 
585 2.0063872341064415 0.17167882062491804 1.5783651726097059 0.6455082381691167 
586 2.0427397654957264 0.12553053036416684 1.5115821690937274 0.7063220866724893 
587 2.0427397654957264 0.14819876216236033 1.5181177598786246 0.6419001425814926 
588 2.0427397654957264 0.18129405202308682 1.2683438070454132 0.7427236100260464 
589 2.0427397654957264 0.18878660367134514 1.4084886693839698 0.7252199596959166 
590 2.0835827634037813 0.028466728502773406 1.5840050290637564 0.7092739707273041 
591 2.0835827634037813 0.1672448047757219 1.5455578977888444 0.6845083063464997 
592 2.0835827634037813 0.07008485579133353 1.5456922796912826 0.6962346767805465 
593 2.0835827634037813 0.168818734130837 1.503491630347335 0.7724380646229068 
594 2.0835827634037813 0.18129689494954668 1.5118774589988075 0.6729760976505055 
595 2.111274602542558 0.17378412371240098 1.4226522296016701 0.7850236720824603 
596 2.111274602542558 0.02811404797858673 1.560275470618908 0.7120705280810442 
597 2.111274602542558 0.028106964373871945 1.4687444383314607 0.8031467752887674 
598 2.111274602542558 0.02824534424289223 1.5098675023864943 0.7737912766562566 
599 2.111274602542558 0.030099625988850146 1.3374423886077913 0.8432046697756432 
600 2.4338308104790904 0.02869067898732107 1.3133658354276023 0.8531153451697665 
601 2.4338308104790904 0.15321256142764775 1.5060099869473382 0.8225441954825883 
602 2.4338308104790904 0.1855784656389178 1.7039985124292378 0.7359215702319801 
603 2.4338308104790904 0.18127958843882985 1.520469189152946 0.8350020845410375 
604 2.4338308104790904 0.07253982423475311 1.8199884019564794 0.6998170211722647 
605 2.4338308104790904 0.09956354382826196 1.633029799423336 0.8694351925582272 
606 2.4434595264182106 0.05289453671567846 1.7612701432863829 0.836851224013136 
607 2.446609376585818 0.08871814518905478 1.8199050804675263 0.7946679578398553 
608 2.446609376585818 0.1488371967947756 1.8638085171547736 0.8668573821569961 
609 2.446609376585818 0.028550293075162776 1.641912321972286 0.9872743227474581 
610 2.446609376585818 0.12980922529921288 1.5878970017406229 0.999825382366087 
611 2.446609376585818 0.10129944024820962 1.709421736769588 0.986468652470375 
612 2.446609376585818 0.1849751087160384 1.6730029071498314 0.9346317362254013 
613 2.446609376585818 0.1461428896861737 1.7428862512452126 0.9310626532201041 
614 2.446609376585818 0.040853388221391854 1.769246875609187 0.9346646708850823 
615 2.448923439228831 0.05063392108437595 1.7119357685955456 0.9853682208833389 
616 2.451908681702 0.05447281962327324 1.6750616424367786 1.0159530910450911 
617 2.451908681702 0.18186162707568634 1.9351597340411306 0.8340765196124147 
618 2.451908681702 0.05929056019061423 1.9077799010009782 0.8874181588562036 
619 2.4691346304305344 0.18208407267654433 1.870465538019734 0.8972769949257814 
620 2.484102603256594 0.0319916529403444 1.730772801814126 0.9350946701053194 
621 2.484102603256594 0.13802457563812756 1.8811391225238268 0.8598460312294887 
622 2.484102603256594 0.19987623397793644 1.8678145647457134 0.8426074454578851 
623 2.4841390093047795 0.028521156000748657 1.7242908858940913 0.9305414353930027 
624 2.4841390093047795 0.05060728417159919 1.6816550972234086 0.9571966194367131 
625 2.4841390093047795 0.18235758502575775 1.7502392178971333 0.9315143574304287 
626 2.4841390093047795 0.11753906710556275 1.7687656657565254 0.9457286852293751 
627 2.4841390093047795 0.040560584757876786 1.8395533485139905 0.9423062826192816 
628 2.4841390093047795 0.18269931284909532 1.8218200264696156 0.9169345944714926 
629 2.4841390093047795 0.07428837960268109 1.986534384036782 0.8221758026320974 
630 2.4841390093047795 0.1820034991711194 1.9981701534694039 0.7809363243609327 
631 2.4841390093047795 0.055267049353318706 1.6810235047829707 0.9461999524608719 
632 2.4994674431739954 0.09110416827244461 1.7304189310929248 0.933453079672981 
633 2.4994674431739954 0.16591407532221775 1.9681734145712912 0.8193309561928047 
634 2.4994674431739954 0.028097688486475834 1.7730657874635025 0.8964964294383583 
635 2.4994674431739954 0.05613100027493152 1.9279500753143284 0.8392878008067449 
636 2.4994674431739954 0.10272698438755436 1.6573768890280827 0.9815378688851449 
637 2.4994674431739954 0.06496353855832021 1.760519058987304 0.964174200587505 
638 2.4996489724247564 0.028342898082402045 1.6726351442657397 0.994462274243316 
639 2.4996489724247564 0.1763847252896886 1.844417245502349 0.9320095558808076 
640 2.4996489724247564 0.18758851160076198 1.9145344998405358 0.8561692098064195 
641 2.4996489724247564 0.0317141944352167 1.7317374574308775 0.9774764972527077 
642 2.4996489724247564 0.07391989211220647 1.941738012999497 0.8729859873107768 
643 2.4996489724247564 0.189868333513919 2.088671616280878 0.7993841416927425 
644 2.4996489724247564 0.02893394922300398 1.6967693665565486 0.9208799701656633 
645 2.4996489724247564 0.028135814344636887 1.6556601168553247 0.9440480476478548 
646 2.4996489724247564 0.1503776358370904 1.886734061572482 0.8784396805011522 
647 2.499658013677539 0.18249998060593337 1.6972029364545624 0.9619100802982858 
648 2.499658013677539 0.030096378928051816 1.7817678589033468 0.9496384181398234 
649 2.499658013677539 0.15944201579531228 1.9225728126007187 0.9433990964139605 
650 2.499658013677539 0.03539960324186204 1.9469877556482555 0.8985178511682216 
651 2.499658013677539 0.04537917875612495 1.8643794427274887 0.9645907000359504 
652 2.520182568512478 0.1454577907284772 1.8616869900833821 0.9525512764682146 
653 2.520182568512478 0.21168067734852436 1.768703413861312 0.9408208603647782 
654 2.520182568512478 0.18539494519423963 1.758140986330069 0.9291760070946126 
655 2.520182568512478 0.16219188742214713 1.8339727345768697 0.9143693055086315 
656 2.520182568512478 0.08229115553114795 1.6126080252766721 1.0534923215351029 
657 2.520182568512478 0.09320183853941603 1.9645872887389693 0.8878520927356512 
658 2.520182568512478 0.039351435298622506 2.025338599453316 0.8648961234819753 
659 2.520182568512478 0.09705287591281303 2.0258925136655686 0.8822131107520587 
660 2.539214982152429 0.028131971079715188 1.8411140676424187 0.9095934768330137 
661 2.539214982152429 0.1428866921843313 1.9372075570350784 0.90798493588896 
662 2.539214982152429 0.08943011180133079 1.9344683657672208 0.8491479466739518 
663 2.539380411819241 0.028871986985588145 1.662936607541169 1.0048632382793694 
664 2.539380411819241 0.028414388032612863 1.823183533871918 0.938912002128532 
665 2.539380411819241 0.1517979947184132 1.9024670412497828 0.8842837179284894 
666 2.539380411819241 0.05460129125120869 1.8138901784078119 0.9436565250014799 
667 2.539380411819241 0.15244156451259386 2.0299499242330215 0.8652764222487643 
668 2.549791878174818 0.1746643745356658 1.9940625671939012 0.8795041016119521 
669 2.549791878174818 0.05630450361495548 1.6015170825267042 1.0144642731752906 
670 2.6298631391518614 0.05630450361495548 1.8175361622902935 0.9563813465832067 
671 2.6298631391518614 0.03888163583202572 1.5442959149520048 0.992571840756262 
672 2.6298631391518614 0.14632740521823834 1.725912158649711 0.9873464247852066 
673 2.6298631391518614 0.13022487931930543 2.0126269691850496 0.8804000340725147 
674 2.6300553762446968 0.18891715983580235 1.8572393010980257 0.937709986168442 
675 2.6300553762446968 0.08352000907685189 1.950127817832329 0.9702359923071028 
676 2.6300553762446968 0.21909436213822134 1.9940600479737773 0.8763234940624812 
677 2.745870452231831 0.19498750619621108 1.8814677628963417 0.9298874811353639 
678 2.7493153217441013 0.20148587828092293 1.902394367856529 0.9435270714939618 
679 2.7493153217441013 0.04646017646292402 1.924978186648889 0.9770946521215919 
680 2.7493153217441013 0.1889830875646135 1.9047759441112857 0.9439653176395668 
681 2.7493153217441013 0.08406246700353207 1.7016936411062558 0.972142229951505 
682 2.7497613780184125 0.0696336636875218 1.7794234725290918 0.9756673255121321 
683 2.7497613780184125 0.154967933400281 1.97430206529637 1.0011500606304033 
684 2.7497613780184125 0.031884243019687654 2.0603096991140073 0.8600633815975566 
685 2.7497613780184125 0.029652095786215183 1.9984472940457407 0.9344046199114605 
686 2.7497613780184125 0.02868471479604629 1.8547539413370178 1.0322358477538802 
687 2.7497613780184125 0.1690714091101574 1.9575468223479142 0.9940874348431351 
688 2.8171434972793454 0.059265568907532505 2.1230840051002513 0.9751769678679848 
689 2.9501707662045185 0.10611671914257187 1.9875019358011314 1.0611970942525892 
690 2.9501707662045185 0.1428687473521507 2.114977228853716 0.9526738736077217 
691 2.9501707662045185 0.14369105678133723 1.8694277097893237 1.1145506187004222 
692 2.9501707662045185 0.028165229532341227 2.0474409744025395 1.0795556604721064 
693 2.9501707662045185 0.19159388963875232 1.9603897166184547 1.1186292118858996 
694 2.9501707662045185 0.18057855579492504 2.196836064789613 1.0806737714376236 
695 2.9692084560533765 0.10614061403278865 2.13472899187723 1.0821262760748371 
696 3.0535247474658647 0.15269397799717105 2.3458141161021 0.9449169791070373 
697 3.0535247474658647 0.050573557211316233 2.460664039625529 0.7750603066071879 
698 3.0535247474658647 0.20101416623219182 1.970347745333078 1.1520014667072187 
699 3.0535247474658647 0.1309430336383437 2.091192845539347 1.0583645014812193 
700 3.0535247474658647 0.06506616144721611 1.959069980582076 1.1265486849349235 
701 3.057841902709662 0.1252330773786512 2.0401633331515154 1.1101769551506353 
702 3.057841902709662 0.041624172483078314 2.2832476382295983 1.0382897726748281 
703 3.057841902709662 0.1052337220149322 1.9734652055676065 1.150506091931415 
704 3.057841902709662 0.05934626005830987 2.2565572916700942 1.070380969785041 
705 3.0635953269701193 0.10694456665268269 2.1436621979625157 1.1741907971341883 
706 3.0635953269701193 0.18289396412184838 2.5070289704940283 0.8947856478582155 
707 3.0635953269701193 0.1571702653961271 2.1344037948358974 1.1764468356706193 
708 3.0635953269701193 0.15004675605504117 2.3077214671221116 1.1256172296832898 
709 3.0635953269701193 0.03043344574772673 2.3026643693976196 1.072409896357878 
710 3.0635953269701193 0.17814306952709263 2.243862619560631 1.1254591242910115 
711 3.0635953269701193 0.1469048308518952 1.9802560336754826 1.2100642142801314 
712 3.0635953269701193 0.1267130929840312 2.1942412425017976 1.1974096923589064 
713 3.0635953269701193 0.03781123569060299 2.2498407468711226 1.227215116169392 
714 3.0635953269701193 0.02839656083125448 2.3807951920586823 1.1356378934674405 
715 3.0635953269701193 0.12965219893496463 2.104813722922415 1.2341367314912717 
716 3.0635953269701193 0.18512105228351539 2.145954366135135 1.2193193298592766 
717 3.0635953269701193 0.03581147536526303 2.226308138603634 1.1515074500798008 
718 3.0635953269701193 0.16615924138506544 2.18899403445893 1.1990022699685041 
719 3.0635953269701193 0.11180414524523051 2.2407883005888802 1.1946197056632593 
720 3.386942937363692 0.05194838148916167 2.221145896331367 1.2088580849454231 
721 3.386942937363692 0.04017742014103887 2.2624008496525714 1.1611395221847383 
722 3.386942937363692 0.2010144481615397 2.147352622380548 1.2322030451854469 
723 3.386942937363692 0.21987751730340818 2.253254597027941 1.070920704181999 
724 3.386942937363692 0.18223054011418668 2.140566192784745 1.1223081681178448 
725 3.386942937363692 0.1409159208872404 2.227672554404892 1.0694212603301738 
726 3.386942937363692 0.05851265263223759 2.3865172384548163 1.0622195401620962 
727 3.386942937363692 0.18315090341345297 2.264067403742973 1.2563469025209915 
728 3.386942937363692 0.11157456378105522 2.421702419943585 1.2996520031301524 
729 3.386942937363692 0.032038429534168286 2.4128708449782716 1.3286493759693536 
730 3.386942937363692 0.12147340971862851 2.5500015428874763 1.2543396255613661 
731 3.386942937363692 0.1227574540591042 2.6855351467002424 1.203642933629996 
732 3.428044284287615 0.08969894152622725 2.8144501930063295 1.1491035554949796 
733 3.428044284287615 0.14664335670702197 2.2740178063560124 1.4128358296735923 
734 3.428044284287615 0.07383925689608732 2.4324553239248394 1.34471400264118 
735 3.428044284287615 0.18096729269054548 2.684075289657812 1.1630400135038355 
736 3.428044284287615 0.07516083397034873 2.433143957280352 1.3256415770913386 
737 3.428044284287615 0.18251699800696747 2.02545350140954 1.3954971320442895 
738 3.428044284287615 0.044865350112113754 2.7080597711244865 1.1792426726458078 
739 3.428044284287615 0.04968805459104544 2.3868852394092186 1.435011731240954 
740 3.433421887459005 0.03091072997459387 2.4515856627923864 1.415026583198451 
741 3.436042134014498 0.18763990641754882 2.4939270188000737 1.2777037626260392 
742 3.436042134014498 0.029531623537783804 2.34268174064033 1.3575235540402308 
743 3.436042134014498 0.05700235393451746 2.543919596862794 1.2728670424012876 
744 3.436042134014498 0.07604340380071874 2.523508318883352 1.3644479406832801 
745 3.436042134014498 0.19126093308075995 2.7733405982492423 1.208351424401051 
746 3.436042134014498 0.04598671378481144 2.63324209064633 1.3652188934626683 
747 3.436042134014498 0.029230576883040368 2.7040733274315403 1.2320464174366466 
748 3.436042134014498 0.08562871482640572 2.4700980068125675 1.3547895536514627 
749 3.436042134014498 0.0528953591542546 2.677089601094132 1.2562408353250951 
750 3.5579920498451263 0.06313502804745011 2.2916114371656864 1.3986674736903122 
751 3.5579920498451263 0.07662325037617805 2.4681521232948533 1.3434860419231662 
752 3.5579920498451263 0.18566337217054082 2.4179415129126904 1.2850858991415557 
753 3.5579920498451263 0.20612016682896128 2.6330627892583585 1.1992176521568512 
754 3.5579920498451263 0.07612980953500356 2.5478231008342083 1.297578986754136 
755 3.59196384410293 0.14681242487860705 2.7202292074388152 1.241090692055779 
756 3.59196384410293 0.2743420658436479 2.675117113771867 1.1465527362283328 
757 3.59196384410293 0.16429974384272106 2.5482858267201935 1.3533253035245834 
758 3.59196384410293 0.1816055293281069 2.5290644426750664 1.499736904079357 
759 3.6041691230634787 0.07137687933759093 2.8266741532606945 1.3020424609200187 
760 3.6041691230634787 0.02843611727002442 2.7319974216624825 1.4028881419856343 
761 3.6041691230634787 0.06459995947081383 2.8876585595081905 1.2631811349191273 
762 3.6041691230634787 0.05476382794673289 2.256401785918899 1.493383752299365 
763 3.6041691230634787 0.14747194901177368 2.2695043996412334 1.4553223296896363 
764 3.6059707552761955 0.12026099878498589 2.4422535911565744 1.483960488574971 
765 3.6059707552761955 0.09733202412608578 2.6300364081309744 1.4296072987806714 
766 3.6059707552761955 0.19421728795817786 2.3749919690261247 1.5518067874978314 
767 3.6059707552761955 0.19205800431907508 2.781255579488892 1.322401727062485 
768 3.6059707552761955 0.09399953875998074 2.5302162691393475 1.3778710989496612 
769 3.606119691923964 0.1469754575078526 2.376048812883464 1.3806349629870036 
770 3.606119691923964 0.1283480414108805 2.283177176434079 1.451022100464424 
771 3.606119691923964 0.029244826998635856 2.4338964405525623 1.4587064718572798 
772 3.606119691923964 0.16161867942610691 2.6759291984647087 1.3936640127666813 
773 3.606119691923964 0.05990728667989105 2.7057242620047948 1.370757462166813 
774 3.606119691923964 0.13704457631853456 2.7870307149558022 1.3374221149501753 
775 3.606119691923964 0.0739649607405331 2.735974674266676 1.3161734288718692 
776 3.606119691923964 0.047108656521168246 2.3646613753083416 1.4391857260490943 
777 3.6218513652932303 0.12109572113661014 2.6315620627534653 1.2944191215437644 
778 3.6218513652932303 0.052342700606994905 2.2608650259569 1.4438277707298826 
779 3.6218513652932303 0.11218443785135998 2.397710067206062 1.3176285459081458 
780 3.6218513652932303 0.05857577519060101 2.4813112063793863 1.3793662817108945 
781 3.6218513652932303 0.24321176122109026 2.652308535323913 1.2433860612126113 
782 3.6218513652932303 0.10016144497413847 2.4407828834662606 1.436649865701973 
783 3.6218513652932303 0.06152864596914211 2.6202221512779187 1.4433696466964328 
784 3.6662675435046546 0.1014055934579856 2.5210111133232185 1.5135074667463246 
785 3.6662675435046546 0.03177043107112272 2.5584054479039655 1.4571179230061848 
786 3.6662675435046546 0.05135300678448073 2.6786346852352354 1.3624489786835177 
787 3.6662675435046546 0.08303955273667721 2.6011417418919116 1.395168659856277 
788 3.666625594984349 0.1927216535638405 2.8049481593894723 1.280223350592709 
789 3.666625594984349 0.15790026693718598 2.5635002434016694 1.4483634625863815 
790 3.666625594984349 0.14843574572084406 2.505429678209117 1.464901270273913 
791 3.667147607502648 0.1808587117647376 2.6224987399036443 1.4126703022032099 
792 3.667147607502648 0.1358577019738364 2.545176216515844 1.471047120274695 
793 3.667147607502648 0.10314854359701593 2.8444618332881944 1.2554827090736627 
794 3.667147607502648 0.11869651098899411 2.5091278079641826 1.4668309459031235 
795 3.733978460620649 0.16216734616127026 2.7879167520873254 1.3511120400321779 
796 3.733978460620649 0.05660138680547409 2.5574196705614356 1.467479316027712 
797 3.733978460620649 0.18311910252796007 2.90990026063899 1.2484508251069253 
798 3.7483124021197307 0.07827811314422375 2.906856192388485 1.320618596236442 
799 3.7483124021197307 0.12371389203854745 2.8393911706463477 1.4501738053431557 
800 3.7483124021197307 0.16247136686240632 2.9220021739579054 1.3529915804891142 
801 3.7483124021197307 0.09033635172668782 2.601117387365324 1.4895259855295235 
802 3.7516708710709707 0.07291808295915186 2.6731856585112475 1.5047622715967468 
803 3.7516708710709707 0.16001565017214886 3.0101434899723825 1.307538019739264 
804 3.7516708710709707 0.04243011082745873 2.5338567677591324 1.5881354057478654 
805 3.7516708710709707 0.03614154868516618 2.5070060190735686 1.4926305769555448 
806 3.7516708710709707 0.03462692622618433 2.6180167241647676 1.405236128675396 
807 3.7516708710709707 0.04338747021049757 2.6717386146402116 1.4277222618740282 
808 3.7516708710709707 0.03206772885931019 2.4737424982241043 1.5003243473728243 
809 3.7516708710709707 0.05636441568549522 2.5950008655017958 1.4684227613804761 
810 3.7516708710709707 0.181960649658308 2.9449751554493293 1.3235976924562844 
811 3.7601980071052923 0.14237200375997214 2.802726306214768 1.471190936757553 
812 3.7601980071052923 0.03137424385192094 2.8210098059522863 1.4522520646449986 
813 3.7601980071052923 0.1491931384432767 2.9225110327407817 1.4355400500880349 
814 3.783323899720982 0.029107911525850287 2.3469759855095127 1.6110737737824472 
815 3.7860647571755206 0.028195626359989016 2.6741705323033638 1.5362834102819323 
816 3.786252188795969 0.05453363989757656 2.805427134001485 1.4517659758851047 
817 3.786252188795969 0.1673800750342664 2.817941111988203 1.3681328290576178 
818 3.786252188795969 0.10969186853043213 2.760942380481605 1.46230086157386 
819 3.786252188795969 0.058965406138608935 2.5169691553679017 1.5921826342214684 
820 3.786252188795969 0.07800876944917479 2.9938402123380983 1.3855503001585734 
821 3.786252188795969 0.1969973571494703 2.639799199521495 1.4871645012694912 
822 3.7885159719269783 0.08997629307129848 2.726244379791437 1.4953623909460745 
823 3.7885159719269783 0.12321881891441336 2.604057999746427 1.4864174684750837 
824 3.7885159719269783 0.13795826197080516 2.67263581023286 1.540982651395212 
825 3.7885159719269783 0.15700718516695172 2.834239414056596 1.3785748578958281 
826 3.7885159719269783 0.029982235344000897 2.727812154235983 1.473320624550136 
827 3.7885159719269783 0.07896760251515922 2.5963952100069725 1.489417418836169 
828 3.7885159719269783 0.13947845601835618 2.5651797379349155 1.566984263361629 
829 3.7885159719269783 0.1406648853535588 2.5960651179493253 1.4799238878743894 
830 3.795981036624376 0.12318362081307323 2.714033286853482 1.4415540931454078 
831 3.795981036624376 0.20611188468572167 2.857451451838677 1.4349045716494502 
832 3.795981036624376 0.17820667007472693 2.372237779574222 1.6400312546619624 
833 3.795981036624376 0.029119512081805993 2.608119774212054 1.4731966469751478 
834 3.795981036624376 0.1194107173838951 2.8195033266696123 1.4604143781370214 
835 3.795981036624376 0.09544161458642308 2.977532293780629 1.368256779527264 
836 3.795981036624376 0.1168991920872719 2.5387823093521025 1.625534658822161 
837 3.795981036624376 0.10064568965018716 2.628427846425402 1.6087332441509874 
838 3.795981036624376 0.057004357004330194 2.922904119414172 1.4181897810638455 
839 3.795981036624376 0.13816227728895072 2.5169386024064684 1.5615785664734814 
840 3.795981036624376 0.13370857585334586 2.652621468327415 1.4284769672348765 
841 3.795981036624376 0.030625124306330728 2.511618183362187 1.4744697045240611 
842 3.795981036624376 0.0291836948108806 2.5628682169325576 1.4738858685893288 
843 3.795981036624376 0.0753263152378046 2.7365662755232485 1.4476812128640932 
844 3.795981036624376 0.05896337885094695 2.660818820327985 1.4606353589234076 
845 3.795981036624376 0.0694068777269976 2.6682529740169882 1.5012054934700199 
846 3.795981036624376 0.06417944267624158 2.7334485813789 1.4989796022654298 
847 3.795981036624376 0.10010508470369094 2.829914969746294 1.3984521657301394 
848 3.795981036624376 0.11335341316879077 3.0207765738487704 1.26306687605609 
849 3.795981036624376 0.02991287572330176 2.5190647775572264 1.5142113259495171 
850 3.795981036624376 0.046850906799451086 2.238626053979337 1.5988116996000983 
851 3.795981036624376 0.18436621055141159 2.9524219968121175 1.3268645449098009 
852 3.795981036624376 0.06851619149141717 2.5996151988281544 1.5553161634057724 
853 3.795981036624376 0.06425717036925963 2.668580121848694 1.5633758610607682 
854 3.7972135840702146 0.05957193687978506 2.6641676488605732 1.5701927046919164 
855 3.7972135840702146 0.15233719638600277 3.0039712350746344 1.37510915344082 
856 3.7972135840702146 0.08591946538902408 3.1176108094235464 1.29634655802081 
857 3.7972135840702146 0.12797331172306978 2.779096214272907 1.5320101744399928 
858 3.7972135840702146 0.15223515371751384 2.6831315319947815 1.5134094691943099 
859 3.7972135840702146 0.08230315704386314 2.718939724920068 1.4659415878743889 
860 3.7972135840702146 0.12811299354620945 2.670771521869211 1.4432012856701932 
861 3.7972135840702146 0.072767731834607 2.392812532825981 1.5494462621776333 
862 3.7972135840702146 0.028142794647765517 2.65774160501567 1.5003793799308918 
863 3.7972135840702146 0.06628390064447812 2.8318196151632726 1.4760752661093521 
864 3.7972135840702146 0.05120176240080871 2.837407009142861 1.504056366543631 
865 3.7972135840702146 0.034609015492914855 2.701477431773343 1.5758187466576965 
866 3.7972135840702146 0.029944484935454166 2.7468692339863967 1.5409557052861629 
867 3.7972135840702146 0.1818081544209808 2.7622450770029765 1.4690853471298844 
868 3.7972135840702146 0.05979543676453039 2.7516826929780835 1.4881009247836738 
869 3.7972135840702146 0.0478980711891398 2.6524434916508204 1.5211295252005415 
870 3.7972135840702146 0.16797006774270198 2.63404189946413 1.5651173963235698 
871 3.7972135840702146 0.1435275769725482 2.804212043517061 1.5488256526623765 
872 3.7972135840702146 0.1242636218232356 2.9875836667259983 1.4569048999415948 
873 3.7972135840702146 0.05868980811218268 2.8219863375222007 1.5108709350378347 
874 3.8457344967409473 0.12218526424425974 2.6117956907200464 1.5730094267285235 
875 3.8457344967409473 0.04690562789190019 2.7893213765233016 1.5542793929411436 
876 3.8457344967409473 0.1880012807629958 3.0636528450649947 1.2704197997704574 
877 3.850905973388583 0.1752046347463701 3.116534215868863 1.2084365685958052 
878 3.850905973388583 0.24922724922680856 2.788596790703161 1.3821870775761158 
879 3.850905973388583 0.05138487697398247 2.791385410471712 1.46279187383389 
880 3.850905973388583 0.1272479882835496 2.913251161920216 1.4047835624919085 
881 3.850905973388583 0.10158003002063812 2.7463175374264144 1.487990247718042 
882 3.850905973388583 0.18191406943496466 2.990220660490374 1.420805210951158 
883 3.850905973388583 0.08099611645880486 2.9200103060798495 1.4036275717104258 
884 3.850905973388583 0.18483881195472623 3.09210212540272 1.3003347602005875 
885 3.8565785499316507 0.029311304554179088 2.4884809382636206 1.5966354337960111 
886 3.8565785499316507 0.16989719066533204 2.5160783199184986 1.6092568639740836 
887 3.861034542670685 0.08769043202637325 3.107644307598119 1.3571707970156373 
888 3.861034542670685 0.111026440508403 2.850763666971923 1.5052491093450031 
889 3.861034542670685 0.07031380276843097 2.553586773557838 1.6141724518514644 
890 3.861034542670685 0.028491874629969435 2.3915421443456584 1.7387402763897026 
891 3.861034542670685 0.03458077576748562 2.679079257075563 1.5482942249788945 
892 3.861034542670685 0.09683180411825625 2.7286519514839354 1.4960401178714735 
893 3.861034542670685 0.14354646078692548 2.84985390473116 1.490690766132712 
894 3.861034542670685 0.12481378851479241 2.749839679192227 1.5140930127645034 
895 3.861034542670685 0.040443429594176135 2.241667933508992 1.6697677527827324 
896 3.861034542670685 0.03455339776869442 2.6547854494912504 1.6109771586680193 
897 3.861034542670685 0.15258248203603433 2.799894117732153 1.5129176751509086 
898 3.861034542670685 0.028649369517299572 2.761708617264047 1.5525115213507485 
899 3.861034542670685 0.028301324653802775 2.9434784106671277 1.4458755009513595 
900 3.861034542670685 0.043086063695084637 2.7227621920101264 1.598533901636247 
901 3.861034542670685 0.1584607925157934 2.8933043008361428 1.5200756091568035 
902 3.861034542670685 0.09691537695949083 3.026052043670254 1.4371778737722831 
903 3.861034542670685 0.0283086461482167 2.787744951558508 1.549857016533619 
904 3.8657459404376073 0.11297125883845205 2.7316781455413057 1.5891703823971026 
905 3.8657459404376073 0.030186592854460768 2.9353239986165858 1.3949167769312618 
906 3.8657459404376073 0.0692705114559597 2.7379833601178536 1.5187301826865531 
907 3.8657459404376073 0.18808717415330842 2.725432658294332 1.5476313869715432 
908 3.8697598834572817 0.1854458026388821 3.090381870421597 1.3824726304983326 
909 3.8697598834572817 0.14111255067979855 2.678315737449249 1.5633136426927086 
910 3.8697598834572817 0.16988936344522965 2.85631626395821 1.5199745240486366 
911 3.8697598834572817 0.15250813449941175 3.180788067201817 1.3371566989610404 
912 3.8697598834572817 0.09375105795563557 3.070058374021927 1.4112347630925348 
913 3.8697598834572817 0.16349643841222158 3.011751387812201 1.3462543980548847 
914 3.8697598834572817 0.1265294955043092 2.9785986225469596 1.439825421378798 
915 3.8697598834572817 0.18363946856165345 2.8487516044878807 1.485783716720301 
916 3.8697598834572817 0.11310664068845656 3.0334100289354433 1.40623814405084 
917 3.8697598834572817 0.10944224350037221 2.847335899288437 1.5637099541403308 
918 3.8697598834572817 0.06083733132864225 3.01429095803274 1.4217487109782476 
919 3.8697598834572817 0.09048119702095145 2.928770250481889 1.4706515535273967 
920 3.88755130783344 0.032099077857255784 2.806381853372266 1.4961425438439484 
921 3.88755130783344 0.1907935652645116 3.1354011232169925 1.3487589055869198 
922 3.88755130783344 0.030276757291970165 2.9526506309558287 1.4647724391246675 
923 3.88755130783344 0.21111182228724773 2.930238421857665 1.4279142269243255 
924 3.88755130783344 0.11691344622679606 2.6809421147683246 1.4993957749245728 
925 3.88755130783344 0.04896552513130723 2.638123249336678 1.5761386068572263 
926 3.88755130783344 0.10651264037285345 2.955908255850831 1.3937888686595787 
927 3.8930641321707227 0.10747963542669313 2.72133523438627 1.588606340479717 
928 3.8930641321707227 0.028133267563231375 2.5902517395741516 1.622398029435416 
929 3.8930641321707227 0.18173241196391018 2.9277073051049896 1.4701626013349707 
930 3.8930641321707227 0.03066189905450334 2.708224361020738 1.6159129514468695 
931 3.8930641321707227 0.08423817669602342 2.525462574136703 1.6125114818262627 
932 3.8930641321707227 0.09387206605136345 2.7969558533804904 1.5193354607536693 
933 3.8930641321707227 0.17395781642812827 3.139583634248154 1.3985489221812892 
934 3.8930641321707227 0.09457223528850706 2.6167177788159313 1.6646483210787058 
935 3.8930641321707227 0.10107859554274774 2.8307120724977453 1.5015834693480221 
936 3.8930641321707227 0.06426842036085761 2.6932106371883515 1.589477947060759 
937 3.8930641321707227 0.04908081065790758 3.047489934829689 1.4459835077271652 
938 3.8930641321707227 0.16522207531814054 2.920982659225792 1.5030191240043485 
939 3.8987907254600436 0.028192523399395528 2.5469264894685115 1.7340191961911584 
940 3.8987907254600436 0.2011860216853019 3.2221011534613826 1.3081841308099929 
941 3.8987907254600436 0.11275932542334208 2.469003229067491 1.7276291569589295 
942 3.8987907254600436 0.028608997546784386 2.563429786925968 1.6691718186518774 
943 3.8987907254600436 0.1986828984451329 2.824488522745698 1.5322403728200982 
944 3.8987907254600436 0.04129725979047433 2.49996576917731 1.7338450460725316 
945 3.8987907254600436 0.030865729701044797 2.6722882398943075 1.6505816734760153 
946 3.8987907254600436 0.18479415498622495 2.8946603512049336 1.5284648327750268 
947 3.8987907254600436 0.04683381213538798 2.688913924779788 1.6234822900056818 
948 3.8987907254600436 0.02894285003764619 2.5338065377693257 1.7135852553254207 
949 3.9094634595498863 0.14261964002488955 2.683170652599263 1.6071227017943017 
950 3.9094634595498863 0.054586317081350096 2.759391535230257 1.5414344615972844 
951 3.9094634595498863 0.03132721314271484 2.56512074969222 1.6079018836245405 
952 3.9094634595498863 0.09354075748991886 2.6019101244136054 1.6326141953568274 
953 3.9094634595498863 0.04373841020248472 2.708860601844574 1.6035342188674873 
954 3.9094634595498863 0.18053289344106677 3.2163675229399846 1.254502917960273 
955 3.9094634595498863 0.14911154945389665 3.0660521249624617 1.4173740899813436 
956 3.9094634595498863 0.11885284327266502 3.0852237441095256 1.418014396334132 
957 3.9094634595498863 0.08076772946872336 3.0964551321277805 1.3753788510185154 
958 3.9094634595498863 0.06778973018967525 2.845669639166263 1.5401154208072605 
959 3.9094634595498863 0.12145822370868235 2.7198492426891647 1.574697413995198 
960 3.9094634595498863 0.11943057865064022 2.8021881591726405 1.516652035886002 
961 3.9094634595498863 0.19641549640682474 2.9314988797270796 1.4479673029805755 
962 3.9094634595498863 0.1012154872640421 2.6908541240970063 1.5856382112076401 
963 3.915481293271556 0.0571890487219185 2.7942712414850983 1.6111496700036636 
964 3.915481293271556 0.028145066819606063 2.726637876426223 1.7080249933156793 
965 3.915481293271556 0.1813120433181049 3.0738841392422516 1.4480643989710997 
966 3.915481293271556 0.1551586998488137 2.4745301958324575 1.6730950942982734 
967 3.915481293271556 0.1789412638610777 2.962661868883758 1.4990211174123118 
968 3.915481293271556 0.14255515687867235 3.0780522890889053 1.3702514056779573 
969 3.915481293271556 0.05649345973429475 2.7267832712784212 1.5932873310521634 
970 3.915481293271556 0.05290897787252041 2.917006157519859 1.4889552695258559 
971 3.915481293271556 0.17309918342286743 3.0171890579514105 1.5463793403198063 
972 3.915481293271556 0.1291283182777715 2.690607542508449 1.6375860133898104 
973 3.915481293271556 0.17158497728865102 2.9161862412218884 1.573450396516152 
974 3.915481293271556 0.1282808801760124 3.2104355570097365 1.3970654741327688 
975 3.915481293271556 0.04530136882472269 2.9335702859416175 1.5472351324355198 
976 3.915481293271556 0.06533641013975197 2.3373239402171806 1.8013332389104388 
977 3.915481293271556 0.1730903369888929 2.5896699213172165 1.660551251941645 
978 3.915481293271556 0.05515239993908971 2.7091461319238364 1.6948061654496454 
979 3.915481293271556 0.05886523256319466 2.954278791852086 1.5117075848864472 
980 3.915481293271556 0.0994432557399761 2.775585944394877 1.4669585987342486 
981 3.915481293271556 0.1606635394294835 2.9331884987431045 1.4286678238455117 
982 3.915481293271556 0.11932183265030852 2.684199202318405 1.6150455985332526 
983 3.915481293271556 0.16574823009242862 2.807131571467746 1.5645891688166231 
984 3.915481293271556 0.028651875123303507 2.871464364615461 1.556791644020056 
985 3.915481293271556 0.2004878642467943 3.0430910993054745 1.4374961964790474 
986 3.915481293271556 0.229885250806798 3.1029380488089937 1.4538102790892795 
987 3.915481293271556 0.07412095157888884 2.655644342822407 1.632056128657615 
988 3.915481293271556 0.09964406465284875 2.953420722401568 1.526320943345451 
989 3.917273432032685 0.13831848908969063 2.8994360013203693 1.5581011115440517 
990 3.917273432032685 0.19477917093763936 2.8594703064761147 1.5415677335819813 
991 3.917273432032685 0.029447972052451445 3.1234092382258036 1.408580825544802 
992 3.917273432032685 0.04246230848687945 2.7615701770111842 1.62538252899432 
993 3.9199182729037942 0.15518529003387874 2.9159817814801916 1.5331891937719362 
994 3.9199182729037942 0.058236964839744776 2.8510141864497753 1.5059842381535102 
995 3.9199182729037942 0.1903737695775934 2.9547790581661015 1.5139453094313482 
996 3.9199182729037942 0.25334565295475375 2.7260946561141894 1.5295746572579214 
997 3.9199182729037942 0.14043754608777928 2.7681481472303586 1.6337495973738405 
998 3.9199182729037942 0.09784045187005425 2.762417085335078 1.5310679049506746 
999 3.9199182729037942 0.0947968834011958 2.6341988576798254 1.6066682923162405 
