0 0.3786211539740428 0.15077255692215621 0.29865246540687507 0.05955266721626988 
1 0.3786211539740428 0.029450114819407625 0.2986326942418445 0.0727517232615977 
2 0.3786211539740428 0.06835092341965364 0.3269304117795615 0.06819889294755296 
3 0.3943571959011766 0.03156448566900541 0.33264013339299453 0.06720160557595764 
4 0.3954658787890361 0.07627048476651002 0.32815505264688255 0.07427534082636798 
5 0.3954658787890361 0.07024783131517949 0.34747107473724537 0.06547953319680866 
6 0.3954658787890361 0.03878174624219383 0.35191047391223734 0.0666272299776284 
7 0.40140985819557234 0.12318489328332986 0.35540177303520104 0.062211641578235534 
8 0.40140985819557234 0.06982232453475563 0.35596076606059773 0.07298868401475046 
9 0.40419202173133134 0.21515898090060653 0.35743856298817267 0.054264265862913406 
10 0.40419202173133134 0.04592622415161572 0.3496969686612155 0.08927528413015538 
11 0.40419202173133134 0.03201751459077382 0.36741608325282277 0.06780884320592978 
12 0.40419202173133134 0.04361674202361114 0.3528022566223212 0.08456595206327244 
13 0.40700937656351055 0.029870054937756397 0.3618323655872887 0.0740616706045696 
14 0.40700937656351055 0.028599950979319732 0.35637972777011495 0.08287490949495237 
15 0.4077519861627952 0.0757921758681424 0.3742779644643519 0.06194031936005299 
16 0.4077519861627952 0.2309497732453533 0.3883470459302921 0.03337979336250601 
17 0.4077519861627952 0.028751470690289688 0.3636915254778789 0.07518128103916247 
18 0.4077519861627952 0.03342585595787871 0.36275525631647015 0.06344832106706925 
19 0.4077519861627952 0.030112364620880863 0.33858340792054226 0.10068879132976981 
20 0.4077519861627952 0.033886610390382516 0.3541962948978257 0.07408875733138569 
21 0.4077519861627952 0.033886610390382516 0.33397413502545653 0.09516424566537432 
22 0.4127259550401372 0.0284800535456562 0.33805864497379745 0.09370596688884768 
23 0.4127259550401372 0.07008714710585918 0.3554629208118803 0.0745588814493388 
24 0.4127259550401372 0.03596303148903367 0.3366643410641277 0.09857422331786507 
25 0.4127267678602663 0.035875909113481326 0.36067832978344067 0.08703836092836836 
26 0.4176454182138732 0.03724322154646449 0.36408058618235717 0.08475291409391691 
27 0.4176454182138732 0.03438945329146424 0.3670426409332069 0.07458458535389856 
28 0.4176454182138732 0.15547717424139607 0.36930325488740023 0.07172461833357766 
29 0.4176454182138732 0.031143003616227904 0.3613008050378403 0.09905683371613974 
30 0.43135739708804366 0.05181521444171924 0.36888889141188924 0.0853312740158581 
31 0.43135739708804366 0.050308300300598546 0.37039438625584126 0.07882033028970031 
32 0.43135739708804366 0.12114429970424878 0.37362598959594323 0.07340319174939464 
33 0.43930762849944155 0.25562974466824223 0.3979309988821124 0.04453516490522202 
34 0.43930762849944155 0.05377041196619893 0.37568898884495955 0.08713950015509529 
35 0.4407325508376064 0.1344923514626672 0.385454788151649 0.076718735032311 
36 0.4407325508376064 0.19016038685468792 0.39255111351665223 0.07041687913927776 
37 0.4407325508376064 0.10180572082815495 0.39668276878002995 0.07952907672319362 
38 0.4553693178095384 0.19428319439444974 0.40030514321129407 0.06795033311102143 
39 0.4553693178095384 0.06764583453018147 0.37415834431497336 0.09101774639123922 
40 0.4553693178095384 0.0626515432448077 0.3825714257058622 0.08974515428276311 
41 0.4553693178095384 0.18781449151449078 0.4008422121563281 0.06789591819426008 
42 0.4854208257562361 0.06368649238036318 0.40334385193505046 0.07913673624755334 
43 0.498170469939827 0.03236557386794788 0.4084767067156003 0.09142473956128139 
44 0.498170469939827 0.15707486700085838 0.41051464390470177 0.08246264447507769 
45 0.498170469939827 0.06296097045327324 0.4130795700240139 0.09723526653579381 
46 0.498170469939827 0.1556374774503761 0.41768084150982254 0.08631080657027854 
47 0.498170469939827 0.03578654601518874 0.4267600392868597 0.10277400244737148 
48 0.5007961171950336 0.095084500983538 0.42544393713500306 0.10187840093340966 
49 0.5007961171950336 0.0625823798739782 0.4170988572695802 0.10478287662385079 
50 0.5257410733514892 0.02960062956176672 0.4303141149409633 0.10111925109628916 
51 0.5257410733514892 0.03294775141479738 0.4171603287256087 0.12066735869943891 
52 0.5257410733514892 0.21179636286339001 0.44192754191721906 0.07805161381473169 
53 0.5270571023962131 0.030196175194733017 0.44016436394354963 0.0997853037398817 
54 0.5270571023962131 0.03603465590381433 0.4275355858609181 0.13282119070886672 
55 0.5355193625149531 0.058815873556412296 0.4501260174489411 0.1142288550259531 
56 0.5355193625149531 0.06060056032530186 0.47331663381844036 0.0851259712288329 
57 0.5355193625149531 0.18216472061439562 0.45271728674990475 0.10334926144405948 
58 0.5355193625149531 0.06575082178118773 0.4376001476667364 0.12851586557511935 
59 0.5374255501561115 0.034112512345121374 0.4525873155022274 0.12497155041743989 
60 0.5374255501561115 0.028421046892646518 0.4558154098160108 0.1316919834495794 
61 0.5374255501561115 0.02844976651629333 0.4604778199500946 0.1204782325392156 
62 0.5374255501561115 0.06948556430422856 0.4592128615543886 0.12444441679939533 
63 0.5374255501561115 0.18977096733901358 0.46605993394794276 0.10195613143601209 
64 0.5374255501561115 0.09142627360961002 0.45637482820197545 0.10926414831419617 
65 0.5374255501561115 0.10538243500310762 0.453420709405755 0.11577287136689018 
66 0.5374255501561115 0.08246254172563794 0.4624228123678703 0.1138960897687526 
67 0.5468288250345948 0.1076645184493209 0.4613624291435722 0.10048909659372214 
68 0.5468288250345948 0.03189849989847422 0.4761030116648208 0.11415473775858648 
69 0.5531592715278524 0.03189849989847422 0.48963294576325667 0.09724388870926914 
70 0.5694457638685592 0.2119226647623304 0.4860311240693868 0.09912590308200271 
71 0.5694457638685592 0.21126114820604694 0.4801403747894379 0.10130885699309504 
72 0.5694457638685592 0.028653656107133878 0.4567180504888536 0.14556647760049962 
73 0.5694457638685592 0.08780867994710684 0.46398564369819884 0.12990878742464043 
74 0.5694457638685592 0.05984363270911283 0.47496000856580795 0.13693559335669428 
75 0.5694457638685592 0.11801228514997371 0.48853501064511007 0.11407483565798827 
76 0.5728568740298999 0.1194163499135616 0.5184674845930266 0.09922347594888543 
77 0.5824118672223538 0.16124166351562105 0.5276001386469342 0.08577844423145835 
78 0.5824118672223538 0.16124166351562105 0.5138269335161262 0.1068519446033048 
79 0.5824118672223538 0.1910804441622653 0.5092375907377084 0.09498467402511789 
80 0.5824118672223538 0.06307890705257789 0.4944660541424718 0.11532922816912843 
81 0.5824118672223538 0.03544459205725908 0.5064982389627586 0.11934304546209547 
82 0.5824118672223538 0.12700982597362243 0.5143186560614568 0.10597495276892063 
83 0.5824118672223538 0.2591390129335274 0.5244351087947963 0.08053029989900369 
84 0.6047002332903286 0.21781239161486596 0.5043665655862265 0.0997300947518391 
85 0.6047002332903286 0.11062500698668144 0.5130810454579069 0.1244034179325305 
86 0.6047002332903286 0.034385394709157156 0.49782833103864677 0.14596803440571382 
87 0.6047002332903286 0.06749328215732063 0.495247024342374 0.14296187278283534 
88 0.6514586381780447 0.0333302807847645 0.4968527676269852 0.15124913810693158 
89 0.6578001011329192 0.028749276514629548 0.5276889608108406 0.13121893267098106 
90 0.6578001011329192 0.19702026733360467 0.5292215218771288 0.11528796735939789 
91 0.6578001011329192 0.029311157376270592 0.5222863774073707 0.1365074667949295 
92 0.6578001011329192 0.20474967957607296 0.5224193703133772 0.1282436208314761 
93 0.6578001011329192 0.0370117530083291 0.5081388166263732 0.16288470879682002 
94 0.6606331671811546 0.07980092223223956 0.5713044497081851 0.14180567985516 
95 0.6715434133411853 0.031352476353509885 0.5510475148069806 0.17402658002213964 
96 0.6715434133411853 0.03287974723422975 0.5638504697757991 0.14136440592473282 
97 0.6715434133411853 0.03646689477800372 0.5390887357361648 0.16353549365885875 
98 0.6715434133411853 0.0613109507063834 0.5324991521357171 0.16209634482661267 
99 0.6782846630600331 0.2300368426529991 0.5524926618304442 0.1447341186337193 
100 0.6782846630600331 0.07177173343908154 0.5181231895718382 0.1799305419448804 
101 0.6782846630600331 0.20150049161413666 0.5653654754637152 0.14829546961093287 
102 0.6782846630600331 0.11548695975266478 0.5555571023134124 0.17520831261175732 
103 0.6782846630600331 0.07063477999681264 0.5916095939835464 0.16284601741251967 
104 0.6786284258153784 0.028403988800931094 0.5833487993255108 0.1893923191489861 
105 0.6786284258153784 0.12254343842827517 0.5926109380594418 0.1482113020757327 
106 0.7017681675317085 0.06908499736688418 0.6080667093134472 0.13349234648212005 
107 0.7017681675317085 0.05113980715473068 0.6048267398232604 0.1638666867125893 
108 0.7017681675317085 0.03344944697580007 0.5733867004091379 0.1939047635238001 
109 0.7017681675317085 0.0658803570167568 0.6009530583985261 0.1663472169010355 
110 0.7017681675317085 0.029186440959899973 0.5516983185127106 0.21693569137052715 
111 0.7017681675317085 0.0524857862080613 0.5650384633472776 0.1862791891126549 
112 0.7017681675317085 0.05299626914585225 0.5942813131661189 0.162031658805951 
113 0.7028202605715899 0.029688102777129733 0.5580003842364069 0.20064443649536431 
114 0.7093103880880625 0.05639748233917598 0.596784327367041 0.17491602003571954 
115 0.7093103880880625 0.0544552060353337 0.6053830479705378 0.16942517393242434 
116 0.7093103880880625 0.17007787892249435 0.5997037847478566 0.172237175033416 
117 0.7093103880880625 0.047938584130659524 0.5668976365045567 0.19671239473309673 
118 0.7093103880880625 0.08768530331692738 0.6072657407255379 0.1784309006394038 
119 0.7093103880880625 0.03265649875747856 0.6202024115614276 0.16835632963611583 
120 0.7093103880880625 0.11701398152342965 0.5996107574242535 0.1728220618774136 
121 0.7093103880880625 0.03136644244761305 0.5648106308653605 0.19400121523783512 
122 0.7210542707487062 0.02891540543665233 0.5668593033860094 0.21495377068269456 
123 0.7210542707487062 0.19325881235784784 0.6166991976799889 0.1597711521506991 
124 0.7210542707487062 0.18400313553935876 0.6127012781848239 0.1617126213982239 
125 0.7210542707487062 0.04317277130973848 0.6177498878124664 0.15423578380508884 
126 0.7210542707487062 0.035959500224556275 0.6050294839593968 0.16862701547311193 
127 0.7210542707487062 0.03689375381625015 0.6172143369929007 0.15339435594232237 
128 0.7210542707487062 0.030047574566707563 0.5936990065771443 0.17291215725081685 
129 0.7210542707487062 0.10670383804582595 0.5955193686061683 0.16132293327615813 
130 0.7210542707487062 0.042053136792468256 0.5680594151877201 0.2041157994066647 
131 0.7210542707487062 0.028295080014391957 0.5899011856806933 0.2050868629879181 
132 0.7260057881612122 0.030389721509346587 0.5909265110145235 0.19881491420550848 
133 0.7260057881612122 0.029252780271150323 0.6071041644762342 0.1990278733697927 
134 0.7273373191196467 0.07974980964180432 0.640586050381425 0.14407136081608055 
135 0.7316045198207743 0.15049108848080542 0.6339931108374068 0.14872690727672339 
136 0.7316045198207743 0.07352514473311395 0.6128239080525065 0.17039536504807823 
137 0.7316045198207743 0.052609918093615655 0.5993834859096653 0.1984942322884219 
138 0.7316045198207743 0.03549825326738459 0.6060089732886346 0.20187500443471806 
139 0.7316045198207743 0.0315579141343805 0.6221875963326517 0.1753817078373357 
140 0.7402067967787298 0.029294701455292844 0.6171261712387556 0.20144679088849143 
141 0.7402067967787298 0.09718522484391641 0.645485882108274 0.15723355374791423 
142 0.7402067967787298 0.03455418210102762 0.6495903151429953 0.16906232843604133 
143 0.7402067967787298 0.031055723913359534 0.6429586964577971 0.18492816112120083 
144 0.7417083556725363 0.042289921984739395 0.6494091684147505 0.15215346285775203 
145 0.7417083556725363 0.19681533069348148 0.6208097378276587 0.17480944830046244 
146 0.7417083556725363 0.07380988124129041 0.6289397707610338 0.15482758741423924 
147 0.7442980031434302 0.12298965675520346 0.6528274378158551 0.1494279369166002 
148 0.7442980031434302 0.10453636565120554 0.6285045629690027 0.19794585866232586 
149 0.7496194444799194 0.08809571290416875 0.6257335175923935 0.18306468338715215 
150 0.7496194444799194 0.02874967597123438 0.6533949224507279 0.15887626472196134 
151 0.7496194444799194 0.041308397969457025 0.63191786427148 0.18255766955703953 
152 0.7496194444799194 0.028755339154977123 0.6786806606641744 0.16070908136997922 
153 0.7496194444799194 0.06266986721140141 0.6241141480258994 0.2010884854295039 
154 0.749626529629189 0.10177784514330077 0.6401034088435024 0.1663785783631472 
155 0.749626529629189 0.03615438724769364 0.6223907975059537 0.19273170428706937 
156 0.749626529629189 0.030168296047651075 0.6421822544425232 0.1752195283078406 
157 0.749626529629189 0.06851937870939682 0.6365329131598189 0.18041397827474215 
158 0.7517945359026067 0.028376226278119906 0.6438086820380126 0.19665587867734236 
159 0.7517945359026067 0.037642921010063765 0.6601061530116872 0.15070747186169917 
160 0.7517945359026067 0.032292293678131474 0.6407847071151144 0.1721493075752479 
161 0.7517945359026067 0.18347136272974418 0.6166208507804427 0.1530641173149863 
162 0.7517945359026067 0.028546136551150316 0.5759136874623553 0.2057207692583116 
163 0.7517945359026067 0.21597601720550483 0.6027263238868904 0.18355336075774117 
164 0.7517945359026067 0.25966530388512243 0.6584794248969511 0.13155550710047648 
165 0.7519261872626218 0.15920965355369956 0.6196781203260773 0.17688975983776625 
166 0.7629826011687793 0.03232959018401805 0.5955522408901356 0.1778175560024127 
167 0.7782115253664241 0.08359449844519627 0.593366884667968 0.21470739314790174 
168 0.7782115253664241 0.35005283203942067 0.6891735800996704 0.11665949279961378 
169 0.7782115253664241 0.02829478863401064 0.6657368143003995 0.15874430515297272 
170 0.7782115253664241 0.11421628102041216 0.6503128335991099 0.17646521191404488 
171 0.7782115253664241 0.11421628102041216 0.6317005938624178 0.2042902578707288 
172 0.7782115253664241 0.07815674562402579 0.6369650168204389 0.19239002518265885 
173 0.7782115253664241 0.03765256213261944 0.6884233795193038 0.17700188061789202 
174 0.7782115253664241 0.028289939645323746 0.6401208974875292 0.19984681683313696 
175 0.8177032663304793 0.17971944818274874 0.6272451271646383 0.2093850519475295 
176 0.8177032663304793 0.1969249350022431 0.6466534173895021 0.19003339106625866 
177 0.8177032663304793 0.13853472337796746 0.6517173300319167 0.19417045322157045 
178 0.8177032663304793 0.08424118036949095 0.6415337498697948 0.20997888136219436 
179 0.8177032663304793 0.029139466577129083 0.6250098701772191 0.23430829742787704 
180 0.8177032663304793 0.09082590923249494 0.653864508242858 0.19925967866712896 
181 0.8177032663304793 0.18586317709949834 0.6492855264997728 0.2083593172868595 
182 0.8177032663304793 0.11414772788087862 0.6365371373139114 0.22851160328883371 
183 0.8248771555932044 0.18931879860948886 0.6524189810449521 0.20738779143980204 
184 0.8248771555932044 0.06764300627560652 0.6710484028487412 0.20723198271921267 
185 0.8248771555932044 0.04957727453809368 0.6899938223914126 0.20014746034118414 
186 0.8248771555932044 0.030291829241969808 0.6466527687996361 0.22530261647520944 
187 0.8343836278470992 0.0282413382186363 0.710890206754419 0.19473735627321978 
188 0.8343836278470992 0.029280768858692137 0.7029240833854649 0.22099365601770238 
189 0.8343836278470992 0.04985153668713552 0.6736251867207073 0.23868775863423367 
190 0.8343836278470992 0.031358385947993804 0.6226361383480634 0.25823996914592595 
191 0.8343836278470992 0.07990760501909933 0.6953431198727257 0.21724650851995655 
192 0.8417294444555459 0.031044146136908382 0.6464213024021066 0.26816571142018186 
193 0.8556123453361445 0.07042786648529036 0.6741905758341491 0.2255699373073579 
194 0.8556123453361445 0.034506798078749824 0.6830379380672552 0.2422436269553567 
195 0.8556123453361445 0.06903613296692122 0.7222757448038616 0.1937808267147426 
196 0.8556123453361445 0.16526021930958049 0.6853429976184843 0.20304164076244796 
197 0.8556123453361445 0.0452949261345412 0.6626411902030342 0.2691369333367527 
198 0.8556123453361445 0.05233345364526321 0.6458984900127022 0.254529554565651 
199 0.8556123453361445 0.031134039569243068 0.6795254398084414 0.2514715404489222 
200 0.8556123453361445 0.03491515084161867 0.6801303276505265 0.24640834906095277 
201 0.8572099880004536 0.05464434064960803 0.6298893609991225 0.2722482114077494 
202 0.8646847995423522 0.04177240511697394 0.6740289502669282 0.26856658748584256 
203 0.8646847995423522 0.1466043871143871 0.660812960715478 0.26570783242598445 
204 0.8646847995423522 0.05304145461695066 0.6767911372228897 0.25460112275402114 
205 0.8646847995423522 0.0386701570154723 0.7061974778879709 0.23655276767493028 
206 0.8646847995423522 0.06442103341427498 0.6700564325047332 0.2448903628909989 
207 0.8780426532578745 0.06442103341427498 0.6709231840332032 0.23453078248505374 
208 0.8780426532578745 0.06689842956000895 0.6461773017700373 0.262858602504203 
209 0.8780426532578745 0.05224643848938336 0.6747076702280818 0.23245375941309918 
210 0.8780426532578745 0.21128865947232217 0.7323688011190005 0.20314731640884715 
211 0.8780426532578745 0.10542948354593028 0.7185702509853855 0.23912128191752796 
212 0.8780426532578745 0.0804125948462927 0.7132501308896406 0.24362260534784477 
213 0.9140879255584373 0.057800588787526835 0.7188607710463792 0.24919398361625159 
214 0.9192828263081374 0.05980971295230899 0.7344196529731426 0.24395195034293815 
215 0.9192828263081374 0.06724188419297371 0.7154308826441302 0.2726092736535074 
216 0.9192828263081374 0.19266398028573314 0.758073725382805 0.2215437356980153 
217 0.9192828263081374 0.04782071309327766 0.7385927444106186 0.2649256680589256 
218 0.9192828263081374 0.028981845453682754 0.7147350969687793 0.28596503876032026 
219 1.0462605980038044 0.07402613939879615 0.7526764223766432 0.2654246261995823 
220 1.0462605980038044 0.07402613939879615 0.7831019540366887 0.2636203505785351 
221 1.0462605980038044 0.10342792212936944 0.8164488458516839 0.21761218277142438 
222 1.0462605980038044 0.04865943994845356 0.7552538724779114 0.2658901787636566 
223 1.0462605980038044 0.061719322939536324 0.7335429317056709 0.3133667923999394 
224 1.0462605980038044 0.1351300478683683 0.7405342160915864 0.3266668314848205 
225 1.0462605980038044 0.07248422545240844 0.8011821531451768 0.3071915459636642 
226 1.0462605980038044 0.02981772049220982 0.8372582105478534 0.2951253300461486 
227 1.0462605980038044 0.06570843881234274 0.799037313794747 0.35140789513405407 
228 1.1035261393789246 0.040067396070676754 0.8221223648978978 0.3239248712829131 
229 1.1035261393789246 0.14754424180907932 0.8546742510808243 0.309737574286689 
230 1.1035261393789246 0.029696667831072974 0.8858830627368344 0.3012745500820852 
231 1.1035261393789246 0.1961432955827883 0.9810607303504426 0.1920583478145039 
232 1.1035261393789246 0.19200036799557305 0.8845257224394368 0.303327501250287 
233 1.1035261393789246 0.18648014322806483 0.8965744115399255 0.2714933312666456 
234 1.1048971749598648 0.23933699159578944 0.8531494605401774 0.29263575766220123 
235 1.1178056644840157 0.04285342280091797 0.8659969435883835 0.32438244000414573 
236 1.1178056644840157 0.10885436495885434 0.9164125064731585 0.27845386006200995 
237 1.1178056644840157 0.0775675451881497 0.866429147455223 0.3210954519308924 
238 1.1178056644840157 0.12384994850887422 0.8737647307593335 0.3252519100831223 
239 1.1178056644840157 0.19364653324979486 0.9425954101028846 0.2681731804914785 
240 1.1178056644840157 0.028471665930663217 0.9255004177794361 0.3060318582494719 
241 1.1438681759405058 0.04019774950817439 0.8366020846322192 0.36096126474448664 
242 1.1438681759405058 0.03117987534331479 0.9107592311766234 0.34662089615318836 
243 1.1438681759405058 0.1366928327222973 0.8968120517081904 0.3042016099036774 
244 1.1438681759405058 0.0785172339347951 0.8963019686831533 0.293267117435172 
245 1.1438681759405058 0.06067066488030768 0.8073295872410586 0.36627884818570405 
246 1.1438681759405058 0.09180825157811248 0.8692392959292173 0.3659117730097905 
247 1.1438681759405058 0.09180825157811248 0.8842787567797201 0.38029976304103935 
248 1.1438681759405058 0.10056211267620407 0.9229680428640068 0.3431601020636868 
249 1.1438681759405058 0.08891826439923281 1.0058255796590763 0.27461693205475973 
250 1.1438681759405058 0.05130516732784961 0.8536863471649448 0.3823123187029033 
251 1.1438681759405058 0.03687120099219683 0.9053020098457214 0.3651988949078547 
252 1.1438681759405058 0.14915685530596534 0.9343386307528269 0.3433397571942652 
253 1.1438681759405058 0.0534539907171562 0.8873778392209951 0.3766778806141597 
254 1.1438681759405058 0.0534539907171562 0.9074137182603648 0.376981114259743 
255 1.1599581555201899 0.04763116671808265 0.9722866429525479 0.30740668099467683 
256 1.1599581555201899 0.03648695332570565 0.8797195808971773 0.3306072242809763 
257 1.1599581555201899 0.0704316160394809 0.9194791609790793 0.3513970147302821 
258 1.1599581555201899 0.09285562859833281 0.9122636360471803 0.35840390320393467 
259 1.1599581555201899 0.04580294795558352 0.9284206685278353 0.3563799692109047 
260 1.1599581555201899 0.14500922475192066 0.9532178142228831 0.3431368472539059 
261 1.1599581555201899 0.0585555815640319 0.9207831858412033 0.3441009122006289 
262 1.1599581555201899 0.053884690179371655 0.9647986295096802 0.318767845613575 
263 1.1612780756936354 0.16364652416408643 0.9075207979737926 0.3388475827166767 
264 1.1652720874284193 0.0760155508025809 0.8981549998921375 0.34752987239192645 
265 1.1652720874284193 0.07494448576379446 0.9551377422981773 0.31643939274057664 
266 1.1652720874284193 0.11803975263955152 0.9757537611262616 0.2874809600182066 
267 1.1652720874284193 0.031185385031835596 0.8633677847228196 0.3719677410455792 
268 1.1655882186693867 0.07380182025735549 0.954141372136947 0.33189256381215576 
269 1.1655882186693867 0.17244174294179154 0.9782502190326922 0.29250766942122464 
270 1.1655882186693867 0.08579852641736128 0.9619579604611944 0.33981008724986705 
271 1.1655882186693867 0.03246167034481145 0.9525256245187248 0.3333136941837408 
272 1.1655882186693867 0.09476392848156165 0.9740026051468352 0.31374748013123827 
273 1.1655882186693867 0.035464488630025964 0.9112353478340699 0.38041023134369295 
274 1.1655882186693867 0.028658150250962067 0.9602840316103177 0.3535615839768827 
275 1.1655882186693867 0.17689483342072637 1.020928030170989 0.289923949178149 
276 1.1655882186693867 0.05942967704416378 1.0000616232482096 0.3071772913035873 
277 1.1677365182559403 0.06895839837714626 0.9330964613116909 0.3601555951810451 
278 1.1677365182559403 0.03186257919003361 0.9325011984236281 0.3569621855316173 
279 1.1677365182559403 0.038315695141787155 0.8942440171814714 0.3871246927639033 
280 1.1677365182559403 0.06836065089541395 0.9399361489083525 0.34699210181602924 
281 1.1677365182559403 0.10196225993369944 0.975437222081173 0.3334846711243989 
282 1.1677365182559403 0.20495284548502715 0.9430312995112687 0.3343146520342593 
283 1.1677365182559403 0.0791769798493821 0.9053231681952922 0.3816453775399835 
284 1.1719536119723266 0.03453494157091534 0.879555695471153 0.37217870437806233 
285 1.1719536119723266 0.12639767599219404 0.9837978746904567 0.3019612648212499 
286 1.1719536119723266 0.05697467366502643 0.8931917677714603 0.38793465976351466 
287 1.1719536119723266 0.034807848200633255 0.8925489784667551 0.42357667859675274 
288 1.1719536119723266 0.07250623623428028 1.0374333421793156 0.2843612014312142 
289 1.1719536119723266 0.07086082533440101 0.9542402625320083 0.3691140986858596 
290 1.1719536119723266 0.06603223952024845 1.020724079287668 0.30698867520236117 
291 1.1719536119723266 0.1038334702551765 0.9756878552690147 0.3580211872982335 
292 1.1719536119723266 0.03394254461579086 0.9421476251439492 0.3584909309841913 
293 1.1923489083080003 0.2228999369737018 1.020374762367343 0.30224866357362545 
294 1.1923489083080003 0.03343884471145635 1.006977350104815 0.2890428753388751 
295 1.1923489083080003 0.12969129390304668 0.8723866598927701 0.3788771201447587 
296 1.1923489083080003 0.15695976802395337 1.0047878544124733 0.3019690046781375 
297 1.2048658551478841 0.07487653213546797 0.9539755881851769 0.35058696911381493 
298 1.21819365686873 0.09593833377557646 0.9217634049620131 0.37436290931696226 
299 1.21819365686873 0.19924665315487092 0.9822675489068319 0.3293946431262668 
300 1.21819365686873 0.20497562650170795 0.9166101017373355 0.3594917780391716 
301 1.21819365686873 0.04451523907950329 0.8127259571600051 0.43323652552649244 
302 1.21819365686873 0.03638219550272804 0.9127498397949055 0.41617760376074625 
303 1.21819365686873 0.05472284922023795 0.9835374994667263 0.36742200069750475 
304 1.2335636295875125 0.10318898214576733 0.9322215341210409 0.38417416554303585 
305 1.239471258377636 0.09610148014548583 0.928476259348169 0.40727561523639944 
306 1.239471258377636 0.1870583322648768 0.9314082365429507 0.39117158997835194 
307 1.239471258377636 0.02843850362719152 0.9901841783109393 0.3648549879720914 
308 1.239471258377636 0.14254118657725076 0.9169331249325636 0.40993275364393905 
309 1.239471258377636 0.20257173651696486 1.0143818127091242 0.33749681523988073 
310 1.239471258377636 0.06060531453958986 0.9887853098570907 0.38868751072170293 
311 1.239471258377636 0.23446618117176435 1.0484275049283867 0.3216915649902605 
312 1.249932064402263 0.04416930099279444 0.953829009059035 0.4077741703455136 
313 1.249932064402263 0.18665817612663357 1.0290211867918884 0.3573479033559709 
314 1.3219839119380528 0.029755440151401115 1.110537837195337 0.29340546958460545 
315 1.3219839119380528 0.09525665318411332 1.003773762428926 0.3777367771622068 
316 1.3219839119380528 0.05943798840914768 1.0684285524494195 0.328885578765318 
317 1.3219839119380528 0.04110027923967568 0.959741092590086 0.38963950345360937 
318 1.3219839119380528 0.03111075232338459 1.0457973116908361 0.3489412304183808 
319 1.3219839119380528 0.2424536729435576 1.1196689590698905 0.3035898766431986 
320 1.3219839119380528 0.19006445021633206 1.0002246935167707 0.390355402747016 
321 1.3219839119380528 0.1300622187312863 1.0908822084163523 0.3427328557053336 
322 1.3219839119380528 0.05153576276155017 1.1074871231355896 0.33938089141516925 
323 1.3219839119380528 0.2741715635563052 1.1549914895447453 0.2976079517629393 
324 1.3219839119380528 0.18485640342361404 1.1001927384056283 0.37410676750238087 
325 1.3219839119380528 0.06241262561566419 1.0279149611633573 0.44799476371125646 
326 1.3219839119380528 0.04541276219404356 1.0208141300209026 0.45559046324532576 
327 1.32369714823964 0.042958270747861876 1.057173297006251 0.42803373416919993 
328 1.32369714823964 0.1842094596583922 1.0907338545040786 0.3824316354121486 
329 1.3306569455728092 0.04448115774838835 1.12342810329207 0.3911967186624955 
330 1.3306569455728092 0.04712834854112617 1.0380773647312531 0.4050341390821504 
331 1.3306569455728092 0.1969537872207308 1.0104265862654045 0.408798434000112 
332 1.3306569455728092 0.02853607940901804 1.0747714010765457 0.37265109550796555 
333 1.3306569455728092 0.09540274825567505 1.0114378890282585 0.43777180227243295 
334 1.3306569455728092 0.05140779216192211 1.0087941169409202 0.43758069929896964 
335 1.3306569455728092 0.07287391531880351 1.0228284466938051 0.4398071101384751 
336 1.3787626312461132 0.10777728190590811 1.0278832212826265 0.43198898309667993 
337 1.3787626312461132 0.03047120896189541 1.0625684024629023 0.4046841067231104 
338 1.3787626312461132 0.02893997130325605 0.9817574555262466 0.4590537069580975 
339 1.3787626312461132 0.04752531080938573 1.0682055053975168 0.4428002020054107 
340 1.3787626312461132 0.15981933573050067 1.1228244351140708 0.3895629898189366 
341 1.3787626312461132 0.1933636671240335 1.102043262421409 0.4201714506153947 
342 1.3827789143838916 0.057588670548480644 1.0653773424532618 0.46440426099645343 
343 1.3827789143838916 0.04191008607531822 1.0969756926578116 0.46958107150962103 
344 1.3827789143838916 0.05142954262327091 1.1840540091679423 0.3704128124000296 
345 1.3827789143838916 0.044138976438538854 1.0859442031154636 0.46149241092989546 
346 1.3866062577133664 0.08325904671551866 1.1685720777959532 0.4072867417143793 
347 1.3866062577133664 0.18504879223137793 1.2497986176077092 0.2821144865439221 
348 1.3866062577133664 0.07806718135466331 1.190170915909356 0.3528912204235858 
349 1.3866062577133664 0.08874980245939326 1.175383856000303 0.34905199060303344 
350 1.3866062577133664 0.04393294765596874 1.1761469853238788 0.3566553340548913 
351 1.3866062577133664 0.04140648739482806 1.1043778581368173 0.40986305068006634 
352 1.38735858291292 0.2501262608177747 1.1760035394370758 0.3430868066172756 
353 1.38735858291292 0.1119812535953298 1.1045982575667534 0.4294627489541871 
354 1.38735858291292 0.047099368093769904 1.1237124703606571 0.4223074902937374 
355 1.3887212968680411 0.1335700728892724 1.1792991149158107 0.35977489521052214 
356 1.3887212968680411 0.17940557378839672 1.1220571103524954 0.41144774079807905 
357 1.3887212968680411 0.1812753541355269 1.0713649183453213 0.4478342360898117 
358 1.3887212968680411 0.05672674032399154 1.0817914466866236 0.44165165665785727 
359 1.3887212968680411 0.039398411409274296 1.07146242890144 0.44704924571152554 
360 1.3887212968680411 0.06301746716335288 1.2013979996394313 0.33927850059872716 
361 1.3903803528319194 0.0926131954565233 1.087012433657811 0.42416748842705615 
362 1.3903803528319194 0.19377361066438703 1.108503669080911 0.3838617893751781 
363 1.3903803528319194 0.19040649796266476 1.0502542010393712 0.4242892256262445 
364 1.4006573133943254 0.04271448201267625 1.044293954028194 0.4321402262615294 
365 1.4006573133943254 0.1883842548364152 1.0475991837236813 0.45760378748639796 
366 1.4006573133943254 0.0630480728492178 1.0277352290909811 0.48759333592784615 
367 1.4006573133943254 0.048705696131031075 1.0661072973865982 0.4545636144436934 
368 1.4006573133943254 0.11700405587539565 1.0157603532442425 0.47546886651496173 
369 1.4006573133943254 0.053158570316801906 1.0450458837929164 0.4850480053115365 
370 1.4068031485005987 0.053158570316801906 1.1215389629547519 0.44476597894804976 
371 1.4068031485005987 0.18654270264676295 1.156618525118371 0.4202965555649317 
372 1.4068031485005987 0.1395062223182269 1.1194800078825322 0.4430740154077973 
373 1.4068031485005987 0.1752314831572999 1.1792792941835868 0.39576657572950225 
374 1.4068031485005987 0.048142089792491335 1.1662486280292645 0.4118183343771396 
375 1.4068031485005987 0.07707046343284868 1.0693441757753028 0.49350456227196643 
376 1.4071625198400644 0.07376977526848992 1.0929636707111603 0.45715353464226194 
377 1.4071625198400644 0.04844055215498919 1.23934996938627 0.3505022101729879 
378 1.4071625198400644 0.06625858969402237 1.1370010474174577 0.3960557803773306 
379 1.4071625198400644 0.18900492422005435 1.0712283962514877 0.4539210694557378 
380 1.4071625198400644 0.04167698783001382 1.1068153305824873 0.4398788107493656 
381 1.4071625198400644 0.04179586805994855 1.1153764600877702 0.43937249702585085 
382 1.4071625198400644 0.172247479835023 1.1395204258662637 0.4043984468596991 
383 1.4071625198400644 0.07030717812135229 1.2338207531869108 0.36697644941715585 
384 1.4071625198400644 0.18384827331572678 1.1309505327114193 0.44687623762080386 
385 1.4071625198400644 0.031128428880635717 1.0952543592464616 0.4887672637803156 
386 1.4074074139011012 0.05030709193697476 1.1827825178753713 0.3776640998662166 
387 1.4270037698627982 0.03600802010948641 1.0839552701261925 0.45360877414498907 
388 1.4270037698627982 0.10470307560172644 1.1899923759920126 0.3961771963284696 
389 1.4270037698627982 0.06496754972356537 1.201997460379175 0.41158570225354135 
390 1.4270037698627982 0.06216990428756013 1.1399491798947425 0.4552136839971013 
391 1.4270037698627982 0.02945696676091113 1.1987001828476738 0.3892680803510078 
392 1.4280768495182339 0.2084731022522726 1.1262979157784454 0.4279398632838773 
393 1.488739874936599 0.09529278391346167 1.1343870468139443 0.4566868901062336 
394 1.488739874936599 0.06745177035389323 1.1596313299933654 0.4751423609022781 
395 1.488739874936599 0.0396810159487936 1.047325224198368 0.510368690165717 
396 1.488739874936599 0.19047549262414945 1.1976837163440506 0.43448180729261865 
397 1.4916921314349525 0.06923456360257524 1.1332573207444687 0.4941464588904099 
398 1.5033715463660182 0.12562574336995236 1.1890214378181017 0.4454807254419453 
399 1.5033715463660182 0.0762092178916368 1.121696416474519 0.4516167067891645 
400 1.5033715463660182 0.07728034725780357 1.1719695904208793 0.4411363973418761 
401 1.5033715463660182 0.10602989659709025 1.2145926964438747 0.41545993107039614 
402 1.5033715463660182 0.061209378120848396 1.2088670435949245 0.4632774448493656 
403 1.5033715463660182 0.08268885958028697 1.1524594264060775 0.4819891963024783 
404 1.5033715463660182 0.20246018143186578 1.201103228250655 0.4341393432148619 
405 1.5033715463660182 0.19526373467663508 1.147145050888299 0.5116699486572118 
406 1.503724132071427 0.04089914047078949 1.2020494171019094 0.47610738294310223 
407 1.503724132071427 0.16132554045918793 1.1365787881153808 0.4753859537449556 
408 1.5038638242034137 0.08669090838566945 1.116035021978256 0.5239186167993114 
409 1.5038638242034137 0.03004228303142987 1.1310737104841324 0.5206039279732076 
410 1.5038638242034137 0.030843290931108807 1.1539120043015225 0.5314466888053945 
411 1.5038638242034137 0.18788664092579443 1.2713092607544458 0.4138928129596721 
412 1.5038638242034137 0.030547580616202157 1.2664331541579998 0.46521960511389054 
413 1.5038638242034137 0.099452711296359 1.2863830469439437 0.44503677234295097 
414 1.5038638242034137 0.05400500368433592 1.2420652202749012 0.5004378782193426 
415 1.5038638242034137 0.034108805073291205 1.1597091677428772 0.5338342852991991 
416 1.5394117985528482 0.14390122748637452 1.247356263807882 0.45967065895961157 
417 1.5394117985528482 0.04546669763944907 1.2920060256734385 0.3855101280733695 
418 1.5394117985528482 0.18736032331379474 1.3314623771470318 0.361313077274701 
419 1.5394117985528482 0.1263932114321453 1.2780880574983018 0.45934309422851183 
420 1.5602885665587305 0.15142926673696283 1.2397668255700784 0.4670047832813505 
421 1.5602885665587305 0.15362187408773123 1.2681291321305372 0.4141340173183357 
422 1.5602885665587305 0.058902522411107584 1.1754646443605872 0.5200327938192332 
423 1.5602885665587305 0.04155658232662706 1.2366854223980965 0.4259012102030956 
424 1.5602885665587305 0.042298093881924334 1.2824903583748184 0.400622849052757 
425 1.5602885665587305 0.028869392934822338 1.215015779896485 0.5366072677709596 
426 1.5602885665587305 0.02854147346335199 1.1482850272867746 0.5642813542378611 
427 1.5602885665587305 0.030814608855009102 1.2004204588844831 0.5077359881147329 
428 1.5602885665587305 0.02880453274772062 1.2628897352490638 0.46991396746471487 
429 1.5735990238927526 0.03349476501082803 1.3769258588661315 0.3882917250111958 
430 1.5735990238927526 0.18441364553625939 1.3266458316991474 0.41675316907699533 
431 1.5735990238927526 0.192821674828297 1.260804221890925 0.4635678002303082 
432 1.596549030837522 0.028513259473190233 1.1789447094797851 0.5724966807769442 
433 1.596549030837522 0.2185244020172019 1.2460418246424316 0.5090306653614167 
434 1.596549030837522 0.03813455010875462 1.3197407352677466 0.49872849904704053 
435 1.596549030837522 0.03173663592405576 1.2016926414054223 0.5430881257061186 
436 1.596549030837522 0.15263416773854047 1.2645827221522272 0.506898509834188 
437 1.596549030837522 0.15263416773854047 1.1800231328855812 0.538936686052394 
438 1.596549030837522 0.2825622803555214 1.3469612164621685 0.41686509783810793 
439 1.596549030837522 0.16247329557687604 1.211668145939251 0.552789055364922 
440 1.596549030837522 0.08705021885040723 1.192360448754158 0.5641825018654798 
441 1.596549030837522 0.13867579054141402 1.2892188761304373 0.48294283394405607 
442 1.596549030837522 0.04733196196567152 1.1843936576621692 0.5618717797522373 
443 1.596549030837522 0.07698076203663988 1.2120983419347258 0.5224374002403915 
444 1.596549030837522 0.05332602369219303 1.1875629491164446 0.5490465687618558 
445 1.596549030837522 0.26509858796260993 1.2607788055636344 0.45742440137806506 
446 1.596549030837522 0.25421231346564144 1.2702923572208022 0.4992121786732524 
447 1.596549030837522 0.03852791099882456 1.1635411464652694 0.5571337213189739 
448 1.596549030837522 0.07486199263651334 1.2067253153770294 0.5630180286386425 
449 1.596549030837522 0.037297708014380156 1.288788066526983 0.5021748523085526 
450 1.596646767533997 0.19955199334835796 1.2426452093349323 0.5011364042224494 
451 1.596646767533997 0.13480089977356036 1.3541545419341259 0.4014135844563653 
452 1.6245821078240077 0.14114166175502066 1.3908813355530774 0.3812070737792658 
453 1.6245821078240077 0.19015672183506638 1.2227372178706248 0.5164033293130402 
454 1.6245821078240077 0.2040904078927022 1.3799823917599736 0.40888301736064464 
455 1.6245821078240077 0.0965018964485708 1.3376250206247282 0.43747152719837124 
456 1.6245821078240077 0.12198701497968147 1.2358944186325782 0.5520989290338798 
457 1.6245821078240077 0.08328440624260322 1.2433209020735905 0.5293127214404137 
458 1.6245821078240077 0.1838180062139741 1.2915335622509363 0.4819154519695975 
459 1.6245821078240077 0.05189489810501825 1.247487184920548 0.504359149819017 
460 1.6245821078240077 0.22999467884598646 1.3107848481299353 0.43350932846115986 
461 1.6245821078240077 0.03621455294996531 1.2672134148025864 0.5181201413993919 
462 1.6245821078240077 0.18664787592081308 1.2035269205990522 0.5281586273893101 
463 1.6245821078240077 0.043144040842098524 1.304238354356961 0.49865594841821764 
464 1.6245821078240077 0.05661515223795003 1.2728389419479387 0.5606937525354507 
465 1.6245821078240077 0.09716647259930983 1.2216559753837457 0.582261676042601 
466 1.6245821078240077 0.1600471938455237 1.32042882726287 0.5077152583103587 
467 1.6245821078240077 0.187116166123442 1.283872030087926 0.5140654741575075 
468 1.6245821078240077 0.18964769372541324 1.329293202086472 0.477888424005659 
469 1.6245821078240077 0.05186861730105108 1.2314430761175403 0.5725131703698734 
470 1.6245821078240077 0.06928893094690032 1.2070535595889906 0.5560943440109481 
471 1.6245821078240077 0.11568632511227751 1.2530137973886033 0.5615521611529568 
472 1.6245821078240077 0.1883159062852736 1.2105426996634288 0.5518564539015227 
473 1.6267736488571223 0.1446663040529473 1.3908087767394144 0.44471313858615696 
474 1.6333134037991912 0.15901733422161382 1.3122742634450835 0.48254289807384576 
475 1.6333134037991912 0.07342760752949752 1.159873355980312 0.5414675663054731 
476 1.6333134037991912 0.03104209503624908 1.1102989163690744 0.5870287081402781 
477 1.662887233620272 0.053391065668183565 1.2505050245585037 0.5235076607899595 
478 1.662887233620272 0.20916520692641472 1.2665275142379 0.4987270847137077 
479 1.662887233620272 0.05964409711713523 1.2761589788387122 0.5210619333329489 
480 1.662887233620272 0.11164379698724726 1.3735943687361643 0.44617004292030016 
481 1.662887233620272 0.08970714497300293 1.3884845149824607 0.4674031864466238 
482 1.662887233620272 0.08963891761570442 1.3671118147996781 0.4838360161146521 
483 1.662887233620272 0.1951985751899372 1.3202556370654093 0.5244067304927592 
484 1.662887233620272 0.07833866422901735 1.3021761563079155 0.5614207742642708 
485 1.662887233620272 0.03900218302768133 1.401187981629032 0.44871210576109616 
486 1.662887233620272 0.09358838532875552 1.3687999939780726 0.4681795158886419 
487 1.662887233620272 0.11452087700386933 1.4413008162665073 0.4143319030116512 
488 1.662887233620272 0.07500983389024436 1.3488538034584396 0.5061657528790126 
489 1.662887233620272 0.0752689352882271 1.2795010433741263 0.5342209206044697 
490 1.6644904851726037 0.17794561410835694 1.3225086082898652 0.5238824579714321 
491 1.6644904851726037 0.1945535488204196 1.3558571355072542 0.4710074585306492 
492 1.6644904851726037 0.04135009338842358 1.2593691641361304 0.6085823015323797 
493 1.6644904851726037 0.06753862666747101 1.348662218046377 0.5355767235107493 
494 1.6644904851726037 0.02890814272701433 1.2921197937236852 0.5874606558817566 
495 1.6644904851726037 0.03774021779601995 1.2548563248969478 0.5843153474307146 
496 1.6691174910618696 0.08444918005378943 1.2988315893886226 0.5664784471508999 
497 1.6691174910618696 0.056910512407462525 1.2557169339290581 0.6027599000717957 
498 1.6691174910618696 0.03824895754593428 1.2608767193665076 0.5778509932073035 
499 1.6691174910618696 0.08099484041305585 1.3173457368848633 0.5307447025822382 
500 1.6691174910618696 0.0468946892968045 1.2501329985832585 0.5655362125751769 
501 1.6691174910618696 0.09536151822020283 1.3387006683610683 0.5233307112561492 
502 1.6691174910618696 0.20841244367053213 1.3491435161436889 0.5206517313151119 
503 1.6691174910618696 0.055223808213472864 1.3397631911570624 0.5588122036540398 
504 1.6691174910618696 0.053044463568464775 1.2682196236020984 0.587507836458908 
505 1.6691174910618696 0.08483998937357537 1.2659455861141593 0.5651961102009424 
506 1.6691174910618696 0.10507640887708114 1.241315788145112 0.5645234462995318 
507 1.6691174910618696 0.26981541340114124 1.4159875206926886 0.4430684919762974 
508 1.6691174910618696 0.13405633956865437 1.4740033019072836 0.3927521472394245 
509 1.6691174910618696 0.13405633956865437 1.338116475187176 0.5147961416052145 
510 1.6691174910618696 0.14057365649624173 1.280630328457761 0.500317106411727 
511 1.6691174910618696 0.03469005276643495 1.313268945018567 0.5176028724748855 
512 1.6691174910618696 0.0992356608044838 1.2276476187743621 0.5434140393897475 
513 1.6691174910618696 0.029739240187609414 1.2649384652761693 0.5684067684137344 
514 1.6691174910618696 0.040098451306144686 1.2306076742492775 0.5654934198483192 
515 1.6691174910618696 0.12097413438056397 1.355093769685534 0.49864833472094144 
516 1.6691174910618696 0.06404873030419737 1.4175276238939019 0.41278593687456744 
517 1.6691174910618696 0.05390711018470455 1.3528364906520818 0.4872809375971731 
518 1.6691174910618696 0.2206410395770522 1.424441131159868 0.4379311127653058 
519 1.6691174910618696 0.1167495001818425 1.2902765407132297 0.539003105640315 
520 1.6691174910618696 0.19892031436719934 1.4003974913472577 0.47085797000023766 
521 1.6691174910618696 0.18817273056970119 1.4291359565030817 0.4604454533539581 
522 1.6691174910618696 0.12680958873923176 1.358918070245122 0.5235584288861347 
523 1.6691174910618696 0.050819437725226096 1.283939084434393 0.574054191373632 
524 1.6691174910618696 0.14419473121149184 1.1709023088941457 0.5570219174461145 
525 1.6691174910618696 0.10829506679620311 1.3273583009495589 0.4842278582723995 
526 1.6691174910618696 0.02942105160908289 1.2320298668124359 0.5307428337160106 
527 1.6691174910618696 0.0700192825213991 1.370164229378998 0.4974970850920607 
528 1.6691174910618696 0.07731694086946145 1.2841798175680343 0.5861986843052084 
529 1.6723094586683227 0.05115151512554305 1.342934990179966 0.5394125785885553 
530 1.6723094586683227 0.22374454558866638 1.2003088044896275 0.5660953536914285 
531 1.6723094586683227 0.25302530141780843 1.3126110464268583 0.5400483711820262 
532 1.6723094586683227 0.05903678512018318 1.3130230839834058 0.5534391818290233 
533 1.6723094586683227 0.1800889565349703 1.309424384801829 0.5657079722125892 
534 1.6723094586683227 0.03141898642504737 1.2901678401405392 0.5969980111083731 
535 1.6723094586683227 0.2813110904377249 1.4095612074112311 0.47693262814872484 
536 1.6814940757629708 0.17809050098465073 1.3518437783598016 0.530237596123427 
537 1.7209993318325014 0.04200759769890124 1.337958617813514 0.5715067181931397 
538 1.7209993318325014 0.08902495087079619 1.3678092407177826 0.5556280137946152 
539 1.7209993318325014 0.20132050405345447 1.3511836361660419 0.5317989765410334 
540 1.7209993318325014 0.17313395151274866 1.3715943582199341 0.517043912570583 
541 1.7209993318325014 0.032779838294671286 1.384709673575102 0.5584651910744248 
542 1.7209993318325014 0.11171346795446811 1.3682145091674482 0.5354586642174526 
543 1.7209993318325014 0.04852944698375337 1.3171905535762052 0.5888131586383638 
544 1.7209993318325014 0.19930209040675345 1.443542570912343 0.4548742937329935 
545 1.7209993318325014 0.07946627643281347 1.2870022620204462 0.5730761398006565 
546 1.7209993318325014 0.10299834806218942 1.1880945967928527 0.6252792363335229 
547 1.7209993318325014 0.04972196312186272 1.3668032961891554 0.5277187849815467 
548 1.7209993318325014 0.24553579987640664 1.4667152618945811 0.4675251030004871 
549 1.7209993318325014 0.06983928232014541 1.3084208604399237 0.5857507214299673 
550 1.7209993318325014 0.1860915411295682 1.360489683465852 0.5297225490893034 
551 1.7209993318325014 0.1949411612146807 1.28426325904698 0.5746556978467094 
552 1.7680075141340472 0.040276368631946176 1.3201321677111966 0.5697197986979441 
553 1.7680075141340472 0.031764592443716884 1.4393393145754607 0.5003599533849729 
554 1.7680075141340472 0.18155495727537166 1.2979301129232839 0.5706745678172609 
555 1.7680075141340472 0.10217715832586505 1.3946816847678734 0.5690769624854567 
556 1.7680075141340472 0.06293666041125047 1.385489711436077 0.576451109969404 
557 1.7680075141340472 0.028730217604256487 1.2999094951942523 0.658516012277226 
558 1.7680075141340472 0.17073386590502057 1.532394941319615 0.47555706375777435 
559 1.7680075141340472 0.0754887048008534 1.4761897653369387 0.5371580592883269 
560 1.780545804855249 0.0825208503709602 1.3882221408656301 0.6075196869756813 
561 1.780545804855249 0.18674463067464514 1.5334596903201883 0.48665218914490393 
562 1.780545804855249 0.18661923751568674 1.3746042411645578 0.5654740318954761 
563 1.780545804855249 0.18262692403791633 1.4507424205312964 0.5437605140274526 
564 1.780545804855249 0.02937906508541244 1.4218724157986031 0.5415350284394456 
565 1.780545804855249 0.14751422994392493 1.4264929506962056 0.5752790374406564 
566 1.780545804855249 0.03451810016715258 1.368118012971574 0.5998197183258659 
567 1.780545804855249 0.08126322957200133 1.3197146481146171 0.6239981083882178 
568 1.780545804855249 0.21877577496188164 1.447558608807577 0.5349719595766093 
569 1.780545804855249 0.19697983516907358 1.3981594280213394 0.5738886279809841 
570 1.780545804855249 0.02920367257380724 1.4305653949052048 0.5632774513196123 
571 1.780545804855249 0.1863776199080434 1.442684019203372 0.5840568191663211 
572 1.780545804855249 0.1745919091409579 1.5179378456967192 0.4710698045018021 
573 1.780545804855249 0.044159765482705046 1.2918719067608322 0.6289162549296081 
574 1.784401356407024 0.07544666397976874 1.2609606111153557 0.6361857054165799 
575 1.784401356407024 0.16027812682244819 1.4277762728559422 0.5104829148832155 
576 1.784401356407024 0.05474711965371316 1.3370559195049236 0.5811008173270814 
577 1.784401356407024 0.1881697820212922 1.3763107574026523 0.5731224647200996 
578 1.7845473845937114 0.07467311076873602 1.434953289051173 0.5898088500012907 
579 1.7845473845937114 0.19954151119139601 1.5658476941926673 0.45951238167860065 
580 1.7845473845937114 0.18465713529507213 1.3194693689455843 0.6328343478549666 
581 1.7845473845937114 0.04044379219664278 1.3436081902670653 0.6489446301080102 
582 1.7845473845937114 0.04695505564647955 1.365886944161569 0.6038734552421058 
583 1.7845473845937114 0.04435965530293166 1.3562389617751929 0.5997996441066887 
584 1.7845473845937114 0.07657759385479944 1.2964374483946675 0.6259523431795665 
585 1.790407482952907 0.07961426976514256 1.4907563223671936 0.4936828701060475 
586 1.790407482952907 0.11238540185716095 1.314858957384704 0.5763215846271889 
587 1.790407482952907 0.08447256339357587 1.3958185813854935 0.5399991985683378 
588 1.790407482952907 0.1742023756143884 1.437258429788488 0.5274510141579334 
589 1.790407482952907 0.1876182591701961 1.4125970747538699 0.5449777570084827 
590 1.790407482952907 0.06979239583544139 1.4545822304085687 0.5070359191843932 
591 1.790407482952907 0.02996625185599438 1.3646072057581562 0.6144693634268309 
592 1.790407482952907 0.04253618296740312 1.3302716088157447 0.6306423626533293 
593 1.790407482952907 0.08814295493572925 1.272512461704768 0.6178577798324366 
594 1.790407482952907 0.03266967916605538 1.264812804157559 0.6301241223303864 
595 1.7946638484745514 0.16013591071729194 1.3527079185923525 0.5848289164786712 
596 1.7946638484745514 0.08852691137619033 1.2827910103021027 0.6557820456033921 
597 1.7946638484745514 0.02909440721432573 1.3619214480680293 0.6357665011600592 
598 1.7946638484745514 0.08616418595028938 1.5332613266770774 0.5009128361981936 
599 1.7946638484745514 0.1689173712707583 1.4292103901618705 0.6058026968109739 
600 1.7946638484745514 0.059774305128398236 1.4725516405008452 0.5524599688444227 
601 1.7946638484745514 0.036318023627415784 1.4683197754220463 0.5579709042333725 
602 1.7946638484745514 0.18258823823979198 1.5068491994082212 0.5498096235334263 
603 1.7967691213531691 0.18326502153239288 1.442056235811555 0.5570005722654497 
604 1.7967691213531691 0.09890690234668185 1.4498054146148875 0.5827891840588568 
605 1.7967691213531691 0.029066565189888628 1.3530555155623127 0.6518226879020554 
606 1.7967691213531691 0.045615236626884284 1.4496623443765808 0.5456376796313784 
607 1.7967691213531691 0.15448200921017158 1.3817282263017379 0.5391500859290943 
608 1.7967691213531691 0.06497292447623958 1.2064522077271325 0.6488590428187548 
609 1.7967691213531691 0.03400131017202585 1.36227647964663 0.5914054751243815 
610 1.7967691213531691 0.034801453668352425 1.3893101216758104 0.5849490183812998 
611 1.7967691213531691 0.0287048624134078 1.4038939231446508 0.5829112723200884 
612 1.7967691213531691 0.11750123350832606 1.3724163354674492 0.5890667115853315 
613 1.7967691213531691 0.05536508094393952 1.3544594499401919 0.5908727343382366 
614 1.7967691213531691 0.22396176171856144 1.461161966587902 0.5086330493588254 
615 1.7993571000980677 0.0317656697766914 1.311416742161362 0.6315287861580263 
616 1.7993571000980677 0.25069615157741454 1.5023901671053883 0.41105267937816126 
617 1.8489341583672 0.15974939204981226 1.3050031913453308 0.5837171657498795 
618 1.8489341583672 0.050349578523166356 1.414215053505366 0.5679579883488586 
619 1.8489341583672 0.07303605352604173 1.344172041353743 0.6360172207622328 
620 1.8489341583672 0.07541287788196878 1.5001287511706707 0.5524801613726681 
621 1.8489341583672 0.18538772161062034 1.4841806594121207 0.529433275554355 
622 1.8489341583672 0.03299127919512701 1.446735344914116 0.6207293925981456 
623 1.8489341583672 0.040868200511204045 1.3417478430366783 0.6838383472512645 
624 1.8489341583672 0.07536782367739475 1.2574619136828387 0.7381088647521928 
625 1.8489341583672 0.1351889356833245 1.378768295268422 0.6510845864906305 
626 1.8489341583672 0.18661224238753077 1.4247221969424595 0.560159522316386 
627 1.8489341583672 0.034370500426114135 1.4636825164493372 0.6017110466496762 
628 1.8489341583672 0.0941123747473001 1.510472243134735 0.5726788281581319 
629 1.8489341583672 0.08299942889220718 1.4124498763627769 0.6679109620711421 
630 1.8489341583672 0.19263813950145253 1.5816146154273143 0.5538539191193071 
631 1.8502338568200363 0.22628859818873948 1.5587407954062618 0.5141501645155846 
632 1.8502338568200363 0.19827800828689407 1.553236224424744 0.5516389607346733 
633 1.8523737777216245 0.050082146922862295 1.3787487260219302 0.6754932332182024 
634 1.8523737777216245 0.1046301248962996 1.4334617516166086 0.6274362798268556 
635 1.8523737777216245 0.16384134666629602 1.5049393090753473 0.6160526623096245 
636 1.8523737777216245 0.2166638095163504 1.5981498425190819 0.5044236157670727 
637 1.8523737777216245 0.2031315987810266 1.5435271598905973 0.5332640290565299 
638 1.871285580533858 0.09591757694666954 1.4824047153381188 0.5947768027530225 
639 1.871285580533858 0.17497591554509695 1.447307995542189 0.5959005039448682 
640 1.871285580533858 0.048523877103533807 1.5411599395391364 0.5654345919140582 
641 1.871285580533858 0.13150979012558262 1.4499909246413094 0.6093286962127326 
642 1.871285580533858 0.20215588773005574 1.5416174347722726 0.5415524300156859 
643 1.871285580533858 0.20514473430797323 1.5435177816272572 0.5538408104128392 
644 1.871285580533858 0.1953391939731383 1.4802045224279714 0.5667750476127611 
645 1.8977792724314113 0.0688832438304418 1.5243252193817236 0.5576383410611707 
646 1.8977792724314113 0.03937921996421148 1.4670916182591596 0.606239598530999 
647 1.8977792724314113 0.29366952331548096 1.5803373611245597 0.5001840358873703 
648 1.8977792724314113 0.08027503545498975 1.4986704561986315 0.5652243946693228 
649 1.8977792724314113 0.14096954828923797 1.5159662535864662 0.6182441426306207 
650 1.8977792724314113 0.0721254074630267 1.4253252777571173 0.6739105091985279 
651 1.8977792724314113 0.05519174803173373 1.4117034781069697 0.7134661109437832 
652 1.8977792724314113 0.1848364611039185 1.444688776741775 0.6337161950403751 
653 1.8977792724314113 0.38141301452011334 1.5281656986786591 0.5573115293323085 
654 1.9115044897800784 0.07803187634161952 1.473936638161854 0.6039770118639951 
655 1.9115044897800784 0.14066674442044302 1.3943129955972275 0.65448170692869 
656 1.9115044897800784 0.18981742759205514 1.490433630566589 0.5855175958209153 
657 1.9115044897800784 0.03439701435319443 1.5424464006352718 0.6158784667136259 
658 1.9160728735750332 0.18427581614771824 1.509662405648613 0.5920484029850835 
659 1.9160728735750332 0.07214992667455457 1.689581296129532 0.5158784327177057 
660 1.9160728735750332 0.06579774232632772 1.4872402533113485 0.7004517568853448 
661 1.9160728735750332 0.049141663444903484 1.4777108040596567 0.6739617827963708 
662 1.9372198080024199 0.17104161269323445 1.472874380339848 0.6379048567003037 
663 1.9372198080024199 0.15358679976858058 1.473917898630569 0.6860095415258229 
664 1.9372198080024199 0.028787112642448973 1.462134123075696 0.7136292598153806 
665 1.9372198080024199 0.21265966425583263 1.5129824396274716 0.6386299546599752 
666 1.9372198080024199 0.057435725709981476 1.3476082637538878 0.723996265110548 
667 1.9372198080024199 0.031321521925409136 1.471135315166888 0.7056921440358822 
668 1.9372198080024199 0.10813182079599824 1.540639707768232 0.6397358336054455 
669 1.9372198080024199 0.09214302248693307 1.5086585918244126 0.6779150651576765 
670 1.9372198080024199 0.1418475501313702 1.5825889138857467 0.5918930128522306 
671 1.9372198080024199 0.0718907012028841 1.5807137502322202 0.5862617628183953 
672 1.9372198080024199 0.09845379832182061 1.5508186780399227 0.6022199932591832 
673 1.9372198080024199 0.051585142461019064 1.5855578483000974 0.592381427307303 
674 1.9372198080024199 0.1879468733307065 1.5591114452828247 0.5557726220066431 
675 1.9372198080024199 0.06763142962090855 1.5110491161369457 0.6146196598128988 
676 1.9372198080024199 0.10665174109320867 1.601153385675045 0.6013888934410444 
677 1.9372198080024199 0.0947908909151978 1.7200632253833315 0.5220249091541249 
678 1.9398807733209726 0.06850709228003117 1.6431405734258864 0.5847380583993336 
679 1.9398807733209726 0.04265827213810109 1.51655908774078 0.6515285567899994 
680 1.9398807733209726 0.07441679626872402 1.5705822548654238 0.6482144993037433 
681 1.9398807733209726 0.04893574803911673 1.4735788799961491 0.6570830139076197 
682 1.9398807733209726 0.057524137113014746 1.4371477008611406 0.7152995536040959 
683 1.9398807733209726 0.2058306658147604 1.5617095551037383 0.61625782563017 
684 1.9398807733209726 0.05776062585139139 1.4916201187965432 0.6599984803227972 
685 1.9398807733209726 0.2308784450988917 1.5491413370404514 0.6243881865607454 
686 1.9398807733209726 0.041673271247076045 1.6224595313104335 0.5929383265485707 
687 1.9398807733209726 0.18403988500437032 1.621936457301722 0.5961046288035532 
688 1.9398807733209726 0.2143853816491667 1.673942387406799 0.5209331620104171 
689 1.9398807733209726 0.06051996026062238 1.418187012859451 0.7083108114954332 
690 1.9398807733209726 0.1034169547002217 1.5650696164873468 0.6179064995859016 
691 1.9398807733209726 0.18469567154521765 1.5196243245784156 0.6458342458525822 
692 1.9522958128949588 0.043754026837102 1.6274422363380656 0.6114694186638611 
693 1.9522958128949588 0.044991619214412006 1.4557622655466913 0.7345550303736503 
694 1.9522958128949588 0.08539438240016226 1.503452981776933 0.6853557449735874 
695 1.9522958128949588 0.0730640207927566 1.487906185533784 0.6576757644709255 
696 1.9522958128949588 0.2361941214136659 1.4476511132688734 0.6630703877132518 
697 1.9522958128949588 0.08312540189644022 1.49081385245865 0.6466859816568262 
698 1.9522958128949588 0.18428769221570196 1.5301232972884273 0.6115971331398222 
699 2.1468312229452184 0.08669152385264187 1.4385419453843176 0.658761167891825 
700 2.1468312229452184 0.02931127067426205 1.4357597765622905 0.742755852244872 
701 2.1468312229452184 0.03823367470967889 1.6295766692522404 0.6228758460554183 
702 2.1468312229452184 0.14656313734501797 1.4976248421900338 0.6721225618255701 
703 2.1468312229452184 0.060294345579132214 1.554478906942791 0.7159092287111172 
704 2.1472249996441213 0.2220154624787507 1.6149271178659512 0.63901589057228 
705 2.1472249996441213 0.10604656888791171 1.5121288693935777 0.7481630238928969 
706 2.1472249996441213 0.08583936998691359 1.6659166988716403 0.7104203792169194 
707 2.173723916088233 0.02894177680318134 1.5515437584478862 0.8064087947424523 
708 2.173723916088233 0.041577274262471035 1.570648020124878 0.7932391400626189 
709 2.173723916088233 0.08720666554406097 1.4235196234913192 0.8279078622481033 
710 2.173723916088233 0.07217698997865449 1.5920770077629696 0.7566852199447015 
711 2.173723916088233 0.11681539814039046 1.5132716402837996 0.7787999993555106 
712 2.173723916088233 0.25349431474890294 1.759430843469786 0.6358085894663201 
713 2.173723916088233 0.2047116449789699 1.672806566552316 0.7055043514822713 
714 2.192081138224634 0.030910614711693242 1.7569990340432209 0.7045103023744465 
715 2.192081138224634 0.12541392939707832 1.6963682653647871 0.6924746826217658 
716 2.192081138224634 0.23528963841327424 1.7161976128553929 0.6987722389988607 
717 2.192081138224634 0.348539769138375 1.7110265010014227 0.6940783910805971 
718 2.192081138224634 0.05108677422539283 1.7857589057496024 0.6940098359560521 
719 2.192081138224634 0.19680165226349366 1.6918547590903923 0.7217238812711276 
720 2.192081138224634 0.18695344811985004 1.762803350575542 0.6857081740486419 
721 2.192081138224634 0.1716747300310641 1.6860805942098918 0.705856877352611 
722 2.192081138224634 0.05156832470428012 1.595035818259579 0.7780239325450529 
723 2.192081138224634 0.1875746426500765 1.870560572332682 0.6032887734941836 
724 2.192081138224634 0.20690399807021684 1.599714236705328 0.7834062301328051 
725 2.192081138224634 0.0807779650044123 1.6576261963162746 0.7665507733581258 
726 2.192081138224634 0.0449704862918465 1.5510903976404913 0.7825592220369508 
727 2.192081138224634 0.029117470298458025 1.5085594486465073 0.8457926964648507 
728 2.192081138224634 0.1217061946953843 1.8498480274836413 0.6473670239480525 
729 2.192081138224634 0.0844598151340028 1.707016906709708 0.7684348533864042 
730 2.192081138224634 0.08402231901337669 1.808710404604505 0.6986316500632489 
731 2.192081138224634 0.0885920989588454 1.658025867687706 0.804781198497766 
732 2.192081138224634 0.07033524926956992 1.7572939135617263 0.7194597140195205 
733 2.192081138224634 0.1981345967271183 1.8386013428804362 0.656577440842258 
734 2.192081138224634 0.03565594036397891 1.6322342903344114 0.7899268746658383 
735 2.192081138224634 0.08157737713254136 1.993511410311879 0.4931317775581676 
736 2.192081138224634 0.1499638217676626 1.5880546010407932 0.7879130478474112 
737 2.192081138224634 0.0775570896792032 1.7000202925266636 0.7261590223788763 
738 2.192081138224634 0.03863375215334285 1.7628517478746097 0.6909088956037791 
739 2.192081138224634 0.17835645973946612 1.7753051046414112 0.725544039669103 
740 2.192081138224634 0.19638639245359585 1.821801272450025 0.6617613284418179 
741 2.192081138224634 0.04377203376987212 1.6936592126090557 0.770062139136073 
742 2.192081138224634 0.04356443901840902 1.6493324555154203 0.8259271363966475 
743 2.192081138224634 0.1701263886502277 1.8683184575450968 0.6319974182305915 
744 2.192081138224634 0.19180157503451223 1.7280617714584336 0.7456882183542541 
745 2.192081138224634 0.04400652266830205 1.6641066497945844 0.7959484716517583 
746 2.192081138224634 0.07187727016338998 1.619825436820978 0.7651495853937521 
747 2.192081138224634 0.19749717989455104 1.6374237102039062 0.7469961263818667 
748 2.194655946806099 0.05418062938007793 1.696230274366326 0.7217301346769387 
749 2.194655946806099 0.22384288338239117 1.599126302381166 0.7273847983793947 
750 2.194655946806099 0.20621437031355283 1.7028106402105432 0.6960563341745869 
751 2.194655946806099 0.03216106700994024 1.7124595825229987 0.7043952815262047 
752 2.194655946806099 0.08726982803341878 1.6621480119073786 0.7112950904233316 
753 2.194655946806099 0.07012851223999962 1.654383581212668 0.7756061359631886 
754 2.194655946806099 0.1863542945719501 1.786272050871112 0.7103279326774031 
755 2.194655946806099 0.051760039694693546 1.736822874650596 0.7766164302011896 
756 2.194655946806099 0.04880928413745246 1.7639957450799895 0.7464578491636399 
757 2.194655946806099 0.15523461120756488 1.4797702029800772 0.8020797470623465 
758 2.194655946806099 0.07475512193682174 1.7673176857947182 0.7047544730509296 
759 2.194655946806099 0.0731284253884299 1.8128297918464666 0.6493067509984328 
760 2.194655946806099 0.057772983790239305 1.6473365708060637 0.7290993981155273 
761 2.194655946806099 0.02896450915891589 1.7229182880512512 0.6656185390088735 
762 2.194655946806099 0.19909224180876434 1.7838595289135204 0.6585394125008227 
763 2.194655946806099 0.16930224509685038 1.841751540399489 0.6739884731868748 
764 2.194655946806099 0.14776775459531272 1.6810939272714576 0.7482249012618066 
765 2.194655946806099 0.07505175480981852 1.6466892227100116 0.7813293846708431 
766 2.194655946806099 0.13603650961302644 1.7729388824147554 0.7456716197683368 
767 2.194655946806099 0.060036922857117994 1.7076846090784488 0.7902517605639918 
768 2.194655946806099 0.1967184107485137 1.7741368777978868 0.7005748926394733 
769 2.194655946806099 0.12583553305357506 1.6790622228677772 0.7207310930943184 
770 2.194655946806099 0.09052953656148205 1.719165939720581 0.6696371850480459 
771 2.194655946806099 0.1566611576278688 1.8269480044472668 0.6077831787240834 
772 2.194655946806099 0.03143693521904354 1.636244701867321 0.8068973665982867 
773 2.194655946806099 0.07535896348940513 1.7069025842009216 0.7472500837531377 
774 2.194655946806099 0.08770184517071875 1.6411163471210164 0.7754261806987875 
775 2.1996559923355843 0.10271342760924777 1.8328163876133738 0.7394026322088559 
776 2.1996559923355843 0.028914634728580187 1.8166356850722587 0.70000324696605 
777 2.1996559923355843 0.10883450498155221 1.7292900149932169 0.7173741337964502 
778 2.1996559923355843 0.1990799395955278 1.5437568265043506 0.8215927264100522 
779 2.1996559923355843 0.18369768520999005 1.682711582029307 0.781704823143277 
780 2.1996559923355843 0.10267475450456406 1.675069097493495 0.7697066723361191 
781 2.1996559923355843 0.20865111563954086 1.5251247709700502 0.8059216319905718 
782 2.1996559923355843 0.028627315253916586 1.5923779102293971 0.7535797823151449 
783 2.1996559923355843 0.03016991104186983 1.5761764135664222 0.8385076829256021 
784 2.1996559923355843 0.0684372950814444 1.6493917830441391 0.8143607020399344 
785 2.1996559923355843 0.19071027114517922 1.766241099040152 0.7321106342933527 
786 2.1996559923355843 0.06911536927989262 1.6701586543859552 0.7632010247013346 
787 2.2033278329638075 0.13947021108962465 1.7044224356045754 0.7501707736235809 
788 2.2033278329638075 0.028412588841971516 1.554843543032121 0.805141025492511 
789 2.2033278329638075 0.16150741683346118 1.87176826850882 0.5589052072025956 
790 2.2033278329638075 0.05880271910508699 1.7658741047120008 0.7437581766117994 
791 2.2033278329638075 0.17589977814868207 1.6022376169483623 0.8383105994599637 
792 2.2033278329638075 0.0462666230714202 1.782463526076119 0.7841211644057496 
793 2.2033278329638075 0.08687002807362972 1.8753399371497854 0.6549267160497102 
794 2.2033278329638075 0.029530046344119362 1.7481390166408377 0.7108247631429012 
795 2.2033278329638075 0.029530046344119362 1.777276213687299 0.7220040840294408 
796 2.2033278329638075 0.12713053591733264 1.688722704326922 0.7562206396552936 
797 2.2033278329638075 0.18882775311480998 1.7691638777538128 0.6920008007168983 
798 2.2033278329638075 0.3039796611563378 1.7675485507635402 0.684329070857065 
799 2.2033278329638075 0.03463312699534568 1.6503370544071836 0.7349861480145405 
800 2.2033278329638075 0.032573410549121856 1.6467081612541699 0.7856966664008729 
801 2.2033278329638075 0.05223994711523069 1.7442838259014417 0.70871021875235 
802 2.2033278329638075 0.02981003351148202 1.7468573344578857 0.704702657857039 
803 2.2033278329638075 0.07314498143948862 1.5638364347226315 0.7990377471273072 
804 2.2033278329638075 0.2566743797245282 1.6744510353876314 0.7269843731929968 
805 2.2033278329638075 0.05900098667592886 1.5958177541812097 0.7675656429602095 
806 2.2033278329638075 0.18178968696722675 1.7928303229015323 0.6761877163073885 
807 2.2033278329638075 0.16971887681725376 1.6693200496313094 0.7557546725560176 
808 2.2033278329638075 0.05032602724712239 1.657133277632211 0.727568296749501 
809 2.2033278329638075 0.04902187361284546 1.67932546798948 0.7337171616397216 
810 2.2033278329638075 0.18142834678957967 1.891416115535647 0.5695129930275108 
811 2.2033278329638075 0.11967233687177549 1.6744944248291853 0.7049686977621843 
812 2.2033278329638075 0.121644023011351 1.5902683655932022 0.799579229440426 
813 2.2033278329638075 0.06541722521415375 1.6532544481379234 0.7451348277783327 
814 2.2228219327071175 0.192217432316061 1.7035203808126373 0.7446002308001808 
815 2.2228219327071175 0.076459747623631 1.7641123657898403 0.753492277688364 
816 2.2228219327071175 0.1973177773830978 1.7253304372574523 0.7451532973020843 
817 2.2228219327071175 0.12601099389857418 1.831156708642233 0.6434069962474894 
818 2.2228219327071175 0.2788866969290867 1.9684843788582103 0.5137753964733373 
819 2.2228219327071175 0.1893366404459098 1.6441403993883315 0.7998553303486254 
820 2.2228219327071175 0.07124771903319148 1.742581132812967 0.7740295506014605 
821 2.2228219327071175 0.047932375499848634 1.690018050663808 0.774938245174586 
822 2.2228219327071175 0.05599290455899384 1.649265540345161 0.8024420626644239 
823 2.2246616515475552 0.053670049365307365 1.8471615740085467 0.6464071977827516 
824 2.2246616515475552 0.1969904219524278 1.708467022933461 0.7484002875962311 
825 2.2246616515475552 0.04575444968657425 1.766536674588529 0.7691252598582706 
826 2.2303841165300535 0.062441495702602 1.6064449587420124 0.8133527596686084 
827 2.2303841165300535 0.049721527674016774 1.6892022416030061 0.8437344260865858 
828 2.2303841165300535 0.19852315761612524 1.9451121135848655 0.6325666494800143 
829 2.2303841165300535 0.20063642120938677 1.8291083554685899 0.6447925798488675 
830 2.2303841165300535 0.05548661449840193 1.7009351553772523 0.7572107347492674 
831 2.2303841165300535 0.07843919694629259 1.5854084945330806 0.8138385536471706 
832 2.2303841165300535 0.03835249714088358 1.5278775464466294 0.8353160735084312 
833 2.2303841165300535 0.19881618577730203 1.7132031214753778 0.7670581985045344 
834 2.2303841165300535 0.1789287606073026 1.7574223469657446 0.7473654618967775 
835 2.2303841165300535 0.032506263780052294 1.7208265783739518 0.7263960753939559 
836 2.2303841165300535 0.048353096001728615 1.8646227484325189 0.6556076237578797 
837 2.2303841165300535 0.1469097738709519 1.610826911118071 0.8005896281803844 
838 2.2303841165300535 0.05815188135702563 1.6250684987757245 0.7986250794707991 
839 2.2303841165300535 0.042803789173194766 1.6010128368081018 0.8350492606772386 
840 2.2303841165300535 0.05154101737388666 1.6944364167402526 0.7755411962508032 
841 2.2303841165300535 0.046202469256676364 1.6056574107831703 0.8343419035704661 
842 2.2303841165300535 0.07084879092230714 1.564387896522049 0.8453591992070713 
843 2.2303841165300535 0.08067347195812315 1.9263158403962006 0.6124162252981387 
844 2.2303841165300535 0.07066728539211872 1.794457600989835 0.7448157233870103 
845 2.2303841165300535 0.04968936273826081 1.6963320354388607 0.8203015400013761 
846 2.2303841165300535 0.04407762142997934 1.817706665854685 0.6864984170277219 
847 2.2303841165300535 0.11516417839672818 1.7901818526834423 0.6795457661981484 
848 2.2303841165300535 0.046541693790266805 1.7163860110777047 0.7438924288000691 
849 2.2303841165300535 0.1940266719179267 1.6685731959076824 0.7530651403626759 
850 2.2310138403339694 0.19820390968575133 1.854724954087838 0.6591949592456307 
851 2.2310138403339694 0.22689292925997162 1.881295710383666 0.6582975130953208 
852 2.2310138403339694 0.33083959803050333 1.8743022918391103 0.6612681267540209 
853 2.2310138403339694 0.18334449556391982 1.5711242886537642 0.8607622433140039 
854 2.2310138403339694 0.037504972284463714 1.583824120644395 0.8741247804353715 
855 2.2310138403339694 0.08983186987680539 1.5386132793093141 0.8787244517228379 
856 2.2310138403339694 0.07203391245331942 1.678026661010659 0.8042839381447885 
857 2.2310138403339694 0.030521278201891096 1.6199214873658578 0.8700211205655286 
858 2.2310138403339694 0.07058688087119022 1.8092094391905642 0.7570372256534937 
859 2.2310138403339694 0.06429757130344299 1.7103714976725426 0.7650806890947088 
860 2.2310138403339694 0.19555405999817074 1.7758989947349373 0.6842120086093586 
861 2.2310138403339694 0.04326379038212808 1.4693149214043322 0.8337114757841955 
862 2.2310138403339694 0.05971469586760333 1.5621013076930497 0.8230930244907827 
863 2.2310138403339694 0.182569552861032 1.759352769766219 0.7351258046956763 
864 2.2310138403339694 0.05890090276285798 1.7013794560236768 0.7806161188256355 
865 2.2310138403339694 0.03156028842433577 1.791753122660043 0.7582615111227086 
866 2.2310138403339694 0.07605862953054743 1.7658574353292382 0.7285682706866049 
867 2.2310189465898627 0.07201094416068199 1.7333080526410969 0.7844037839412348 
868 2.2310189465898627 0.054498864012234076 1.7131821980200475 0.7893933501514468 
869 2.2310189465898627 0.2596302687513337 1.8119550618558877 0.6523359728135416 
870 2.2310189465898627 0.07725016271901389 1.5198838005702042 0.8243029722885046 
871 2.2310189465898627 0.11107087992258449 1.5892537871747492 0.846200033062227 
872 2.2310189465898627 0.1847867321060844 1.7001299202610198 0.7766926330585807 
873 2.2310189465898627 0.031980158665276606 1.500132186258643 0.8799272039501035 
874 2.2310189465898627 0.035958550978578606 1.7944582007090601 0.7061508659255346 
875 2.2310189465898627 0.035958550978578606 1.6782893057352732 0.7756766561826693 
876 2.233784475246754 0.11896296024146182 1.6972280178723003 0.7486116409976903 
877 2.233784475246754 0.03814625248259288 1.748709358773995 0.7295608352436863 
878 2.233784475246754 0.0874411584032675 1.7346242739862512 0.7060070116408849 
879 2.233784475246754 0.1908032113266415 1.694059788730782 0.79710687784878 
880 2.233784475246754 0.04337829172857618 1.7827269441590519 0.7783902350236285 
881 2.233784475246754 0.06601590628101225 1.7760644997048005 0.809631204643628 
882 2.233784475246754 0.0503473460224466 1.8208419260889315 0.7419470110361011 
883 2.233784475246754 0.04173165974376839 1.7310483096549318 0.8233884736731817 
884 2.233784475246754 0.12316689450561953 1.7821773180134517 0.7974986884660812 
885 2.233784475246754 0.15007684062059487 1.7580895844520354 0.8054101052121705 
886 2.2343354776222393 0.18852678976245285 1.8575382154320423 0.7167254610313208 
887 2.2343354776222393 0.18681119277729735 1.7296294825792522 0.7479398903182425 
888 2.2343354776222393 0.07044555757257137 1.5503731869155801 0.8839506611391628 
889 2.2343354776222393 0.08931561054344521 1.8097440254578163 0.7083633879224067 
890 2.2343354776222393 0.09503916179615436 1.8372919728692287 0.638824539051334 
891 2.2343354776222393 0.16234402442335596 1.600008499585854 0.7613285169562791 
892 2.2343354776222393 0.09139629855256576 1.582829695266203 0.7877977988678142 
893 2.2343354776222393 0.037930565666733466 1.6105212376791795 0.8094159820568587 
894 2.2343354776222393 0.21984400230667794 1.7134000886968932 0.7557366018130142 
895 2.2343354776222393 0.07472281068434687 1.7603439365000928 0.7415141262697854 
896 2.2343354776222393 0.03720802864915495 1.6967806101962881 0.7301229610962897 
897 2.2343354776222393 0.2072582627427415 1.6452639268079499 0.7750987319638418 
898 2.234569315457313 0.10986340123022731 1.6918604449065158 0.7905050651581425 
899 2.234569315457313 0.18213177635416045 1.8022689525496474 0.7253348713655816 
900 2.234569315457313 0.10011990883353672 1.8132330289693903 0.7246968161125747 
901 2.234569315457313 0.06484620131118174 1.6836088258205117 0.7864692047551645 
902 2.234569315457313 0.22082235698369324 1.8547376493739545 0.6851262681288788 
903 2.234569315457313 0.07130180194637448 1.7183844346228627 0.7651332379794201 
904 2.234569315457313 0.06211000558738297 1.7079708467568717 0.7773753266614107 
905 2.234569315457313 0.10946175439173293 1.6304627626468131 0.8185695136523198 
906 2.234569315457313 0.14558974287355608 1.730664046469357 0.7396478360887419 
907 2.234569315457313 0.18316738382804573 1.786829792288959 0.7186156443440246 
908 2.234569315457313 0.20207413566630184 1.6965809733074033 0.7725261595878706 
909 2.234569315457313 0.07991791516432696 1.6648518559706613 0.7936867851941027 
910 2.234569315457313 0.29082944589892634 1.7007193534768361 0.7133376990267425 
911 2.234569315457313 0.20245563138941633 1.7953513275901953 0.7245719563192303 
912 2.235236131125556 0.04016984165415818 1.6107381030696182 0.8371984126150456 
913 2.235236131125556 0.18533863386346888 1.6762517512712867 0.7815814614196314 
914 2.235236131125556 0.057312957846844384 1.739699805266527 0.7603919527735127 
915 2.235236131125556 0.11605539617506123 1.8262154312765355 0.7250949240721338 
916 2.235236131125556 0.11390398881053868 1.5964466414850003 0.817670688181266 
917 2.235236131125556 0.04713918982067675 1.6448326504023496 0.7828709541219248 
918 2.235236131125556 0.1693613151477943 1.8071319729753132 0.6640551864350935 
919 2.235236131125556 0.10684098070996234 1.8018601797603018 0.689540085112417 
920 2.235236131125556 0.07369664763186078 1.6040753661492413 0.8663420296633108 
921 2.248584508943824 0.18564823779570144 1.8637938822961446 0.6814927201993513 
922 2.248584508943824 0.14535265160793623 1.6566244094600426 0.7687458325619391 
923 2.248584508943824 0.10326248332929687 1.760080152518749 0.7021078924168684 
924 2.248584508943824 0.037375689534473684 1.6411290850407776 0.8127018560800696 
925 2.248584508943824 0.2534816187599516 1.7959162327021803 0.7006920101182613 
926 2.248584508943824 0.04680275187131689 1.6418133020985768 0.8001680760931508 
927 2.248584508943824 0.12471005326528667 1.767207198543223 0.7256151153135508 
928 2.248584508943824 0.21782717111048314 1.8440425952715875 0.6399952977620196 
929 2.248584508943824 0.197893239766947 1.8244976001591768 0.6903666691326675 
930 2.248584508943824 0.03148806777085405 1.7447438337669932 0.7352045538562497 
931 2.248584508943824 0.046628252764581726 1.8504961712448451 0.6937765773109176 
932 2.2526190403992805 0.1860347744139931 1.7482970781090066 0.7441530017024954 
933 2.2526190403992805 0.03319280349691869 1.6137178156268392 0.8818359309899517 
934 2.2526190403992805 0.13560047273423032 1.7800069737526092 0.7725906138790273 
935 2.2526190403992805 0.041974525625218494 1.8796887115873036 0.6783638690344872 
936 2.2526190403992805 0.10813040059622019 1.670922925764972 0.7941156338251032 
937 2.2526190403992805 0.1717571959104483 1.7721443754193362 0.6637089115878956 
938 2.2526190403992805 0.048339440950734495 1.7159024320510103 0.7937558567843958 
939 2.2526190403992805 0.05456021205070264 1.7348587608302208 0.7490181520875938 
940 2.2526190403992805 0.031226886175712763 1.8229945978931212 0.7556312141919588 
941 2.2526190403992805 0.21461775918257855 1.9052978084238013 0.6570488963922329 
942 2.2526190403992805 0.09635396312928629 1.8246895903779836 0.7251010515796669 
943 2.2526190403992805 0.045858157772627396 1.803914353055455 0.7220135335714974 
944 2.2526190403992805 0.20042551209478618 1.7713747226615328 0.7569928588705298 
945 2.2526190403992805 0.08125181637380073 1.7676688848206463 0.7506953626174353 
946 2.252767032844655 0.21696020534262173 1.8467115437209765 0.695564562301199 
947 2.252767032844655 0.12184351769577104 1.649219147520216 0.8097005080380778 
948 2.252767032844655 0.05083169835848775 1.9019684417945097 0.6751875860071493 
949 2.252767032844655 0.11310442562561948 1.8093031904729284 0.7343056998973704 
950 2.252767032844655 0.06099148251953396 1.7072318062982037 0.7946657512849564 
951 2.252767032844655 0.11064128760147342 1.8160153382315654 0.7483050908355791 
952 2.252767032844655 0.19599907356108698 1.8042859651144705 0.7289433089693708 
953 2.252767032844655 0.053907764725303044 1.758594904511289 0.7956427679037915 
954 2.252767032844655 0.21913932680192244 1.7133942623963252 0.7686619846005793 
955 2.252767032844655 0.3059744177001472 1.7733326635603495 0.7425685770578703 
956 2.252767032844655 0.06563746317053712 1.6135388347976298 0.8503914848136245 
957 2.252767032844655 0.18846148299571164 1.675413868098688 0.8095113944053612 
958 2.252767032844655 0.16040830678753001 1.8558915420379682 0.6550051527616009 
959 2.252767032844655 0.030005612128240787 1.7411410074184739 0.7637281474158665 
960 2.252767032844655 0.18617308709740446 1.7261967919251096 0.8325470915101472 
961 2.252767032844655 0.03151440414380031 1.8486630092376377 0.7440393451305447 
962 2.252767032844655 0.0928154994054221 1.751228850212879 0.7890937231312157 
963 2.252767032844655 0.22441332942498946 1.753974931722156 0.7524382046114299 
964 2.252767032844655 0.18424324734110603 1.562980335739009 0.8552277898107434 
965 2.252767032844655 0.03723777167769476 1.776577970673813 0.7476861117818561 
966 2.252767032844655 0.028645873244302306 1.770734202702178 0.7623417029424026 
967 2.2534880463694864 0.07068952392316312 1.7573402880649382 0.7393945830087273 
968 2.2534880463694864 0.05467428642309661 1.6738815233596067 0.7837192637858668 
969 2.2534880463694864 0.26101090534985755 1.9083872702930669 0.6675068956868813 
970 2.2534880463694864 0.15018292132648337 1.8041891028471204 0.7487880882518183 
971 2.2534880463694864 0.03486881895613165 1.8958782208246083 0.6817102802390439 
972 2.2534880463694864 0.04646892463361351 1.8947190023857572 0.7008520369898963 
973 2.2534880463694864 0.18823951307237058 1.9652216866204972 0.6322765651453175 
974 2.2534880463694864 0.17866234558439634 1.8449513315454433 0.6953219959035558 
975 2.2534880463694864 0.07306711938395823 1.7997917761021969 0.7159656856149651 
976 2.2534880463694864 0.03722637070379095 1.5607091025005329 0.8336403695663359 
977 2.2534880463694864 0.060372343057584314 1.88951200872058 0.6648323605490034 
978 2.2534880463694864 0.1827787696278962 1.768243657306853 0.6397872108635209 
979 2.2534880463694864 0.034037038717438385 1.7176869326440607 0.8126524313401734 
980 2.254957730197621 0.1912640881627425 1.6516090820115314 0.8274754525621847 
981 2.254957730197621 0.13360279236509703 1.75021107762246 0.7724635357082436 
982 2.254957730197621 0.0863525553899035 1.9499274587291386 0.6460556837036094 
983 2.278859933132719 0.19232931709779608 1.8694219356857833 0.6678644555583654 
984 2.278859933132719 0.04291538846458367 1.7580088123922362 0.7601947539344973 
985 2.278859933132719 0.1672689389511444 1.8018943829523257 0.7727435069846361 
986 2.278859933132719 0.08152711283009205 1.9138397909881522 0.7141184710613039 
987 2.278859933132719 0.07635446508934259 1.9880257168142104 0.6110683184425595 
988 2.2864606999592523 0.029234176343477962 1.9018419191439677 0.7324794878877628 
989 2.2864606999592523 0.11556116659434441 1.8532715583987773 0.7193021752778718 
990 2.2864606999592523 0.12069014330029229 2.058569569537003 0.6093341119192989 
991 2.2864606999592523 0.1901981039035485 1.840298119467757 0.7586232950383458 
992 2.2864606999592523 0.1901981039035485 1.7279436591918875 0.8147213153821602 
993 2.2864606999592523 0.1505217709810391 1.782656309343255 0.8013606027705624 
994 2.2864606999592523 0.093285681309611 1.6669260532973758 0.8344908327612077 
995 2.2864606999592523 0.06677440035325027 1.6863706674889132 0.8424555956948441 
996 2.2864606999592523 0.044465919640725785 1.7054887593512271 0.8463016373164904 
997 2.2864606999592523 0.17013479409712853 1.9051365306885966 0.7497123016809142 
998 2.2864606999592523 0.1829695062742111 1.796831356285222 0.8339312393196141 
999 2.2864606999592523 0.3876309675467178 1.9896487911057683 0.60489203543521 
