This is pdfTeX, Version 3.1415926-2.3-1.40.12 (TeX Live 2011) (format=pdflatex 2011.7.3)  12 APR 2012 00:05
entering extended mode
 restricted \write18 enabled.
 %&-line parsing enabled.
**informePS.tex
(./informePS.tex
LaTeX2e <2009/09/24>
Babel <v3.8l> and hyphenation patterns for english, dumylang, nohyphenation, ge
rman-x-2009-06-19, ngerman-x-2009-06-19, afrikaans, ancientgreek, ibycus, arabi
c, armenian, basque, bulgarian, catalan, pinyin, coptic, croatian, czech, danis
h, dutch, ukenglish, usenglishmax, esperanto, estonian, ethiopic, farsi, finnis
h, french, galician, german, ngerman, swissgerman, monogreek, greek, hungarian,
 icelandic, assamese, bengali, gujarati, hindi, kannada, malayalam, marathi, or
iya, panjabi, tamil, telugu, indonesian, interlingua, irish, italian, kurmanji,
 lao, latin, latvian, lithuanian, mongolian, mongolianlmc, bokmal, nynorsk, pol
ish, portuguese, romanian, russian, sanskrit, serbian, serbianc, slovak, sloven
ian, spanish, swedish, turkish, turkmen, ukrainian, uppersorbian, welsh, loaded
.
(./sig-alternate.cls
(/usr/local/texlive/2011/texmf-dist/tex/latex/graphics/epsfig.sty
Package: epsfig 1999/02/16 v1.7a (e)psfig emulation (SPQR)

(/usr/local/texlive/2011/texmf-dist/tex/latex/graphics/graphicx.sty
Package: graphicx 1999/02/16 v1.0f Enhanced LaTeX Graphics (DPC,SPQR)

(/usr/local/texlive/2011/texmf-dist/tex/latex/graphics/keyval.sty
Package: keyval 1999/03/16 v1.13 key=value parser (DPC)
\KV@toks@=\toks14
)
(/usr/local/texlive/2011/texmf-dist/tex/latex/graphics/graphics.sty
Package: graphics 2009/02/05 v1.0o Standard LaTeX Graphics (DPC,SPQR)

(/usr/local/texlive/2011/texmf-dist/tex/latex/graphics/trig.sty
Package: trig 1999/03/16 v1.09 sin cos tan (DPC)
)
(/usr/local/texlive/2011/texmf-dist/tex/latex/latexconfig/graphics.cfg
File: graphics.cfg 2010/04/23 v1.9 graphics configuration of TeX Live
)
Package graphics Info: Driver file: pdftex.def on input line 91.

(/usr/local/texlive/2011/texmf-dist/tex/latex/pdftex-def/pdftex.def
File: pdftex.def 2011/05/27 v0.06d Graphics/color for pdfTeX

(/usr/local/texlive/2011/texmf-dist/tex/generic/oberdiek/infwarerr.sty
Package: infwarerr 2010/04/08 v1.3 Providing info/warning/message (HO)
)
(/usr/local/texlive/2011/texmf-dist/tex/generic/oberdiek/ltxcmds.sty
Package: ltxcmds 2011/04/18 v1.20 LaTeX kernel commands for general use (HO)
)
\Gread@gobject=\count79
))
\Gin@req@height=\dimen102
\Gin@req@width=\dimen103
)
\epsfxsize=\dimen104
\epsfysize=\dimen105
)
(/usr/local/texlive/2011/texmf-dist/tex/latex/amsfonts/amssymb.sty
Package: amssymb 2009/06/22 v3.00

(/usr/local/texlive/2011/texmf-dist/tex/latex/amsfonts/amsfonts.sty
Package: amsfonts 2009/06/22 v3.00 Basic AMSFonts support
\@emptytoks=\toks15
\symAMSa=\mathgroup4
\symAMSb=\mathgroup5
LaTeX Font Info:    Overwriting math alphabet `\mathfrak' in version `bold'
(Font)                  U/euf/m/n --> U/euf/b/n on input line 96.
))
(/usr/local/texlive/2011/texmf-dist/tex/latex/amsmath/amsmath.sty
Package: amsmath 2000/07/18 v2.13 AMS math features
\@mathmargin=\skip41

For additional information on amsmath, use the `?' option.
(/usr/local/texlive/2011/texmf-dist/tex/latex/amsmath/amstext.sty
Package: amstext 2000/06/29 v2.01

(/usr/local/texlive/2011/texmf-dist/tex/latex/amsmath/amsgen.sty
File: amsgen.sty 1999/11/30 v2.0
\@emptytoks=\toks16
\ex@=\dimen106
))
(/usr/local/texlive/2011/texmf-dist/tex/latex/amsmath/amsbsy.sty
Package: amsbsy 1999/11/29 v1.2d
\pmbraise@=\dimen107
)
(/usr/local/texlive/2011/texmf-dist/tex/latex/amsmath/amsopn.sty
Package: amsopn 1999/12/14 v2.01 operator names
)
\inf@bad=\count80
LaTeX Info: Redefining \frac on input line 211.
\uproot@=\count81
\leftroot@=\count82
LaTeX Info: Redefining \overline on input line 307.
\classnum@=\count83
\DOTSCASE@=\count84
LaTeX Info: Redefining \ldots on input line 379.
LaTeX Info: Redefining \dots on input line 382.
LaTeX Info: Redefining \cdots on input line 467.
\Mathstrutbox@=\box26
\strutbox@=\box27
\big@size=\dimen108
LaTeX Font Info:    Redeclaring font encoding OML on input line 567.
LaTeX Font Info:    Redeclaring font encoding OMS on input line 568.
\macc@depth=\count85
\c@MaxMatrixCols=\count86
\dotsspace@=\muskip10
\c@parentequation=\count87
\dspbrk@lvl=\count88
\tag@help=\toks17
\row@=\count89
\column@=\count90
\maxfields@=\count91
\andhelp@=\toks18
\eqnshift@=\dimen109
\alignsep@=\dimen110
\tagshift@=\dimen111
\tagwidth@=\dimen112
\totwidth@=\dimen113
\lineht@=\dimen114
\@envbody=\toks19
\multlinegap=\skip42
\multlinetaggap=\skip43
\mathdisplay@stack=\toks20
LaTeX Info: Redefining \[ on input line 2666.
LaTeX Info: Redefining \] on input line 2667.
)
Document Class 'sig-alternate' <7th. June '07>. Modified by G.K.M. Tobin/Gerry 
Murray
Based in part upon document Style `acmconf' <22 May 89>. Hacked 4/91 by
shivers@cs.cmu.edu, 4/93 by theobald@cs.mcgill.ca
Excerpts were taken from (Journal Style) 'esub2acm.cls'.
****** Bugs/comments/suggestions/technicalities to Gerry Murray -- murray@hq.ac
m.org ******
Questions on the style, SIGS policies, etc. to Adrienne Griscti griscti@acm.org

\footheight=\dimen115
\@maxsep=\dimen116
\@dblmaxsep=\dimen117
\aucount=\count92
\originalaucount=\count93
\auwidth=\dimen118
\auskip=\dimen119
\auskipcount=\count94
\auskip=\dimen120
\allauboxes=\dimen121
\addauthors=\toks21
\addauflag=\count95
\subtitletext=\toks22
\savesection=\count96
\sectioncntr=\count97
\c@figure=\count98
\c@table=\count99
\titleboxnotes=\toks23
\titleboxnoteflag=\count100
Document Class: sig-alternate 2007/06/07 - V2.3 - based on acmproc.cls V1.3 <No
v. 30 '99>
(/usr/local/texlive/2011/texmf-dist/tex/latex/base/latexsym.sty
Package: latexsym 1998/08/17 v2.2e Standard LaTeX package (lasy symbols)
\symlasy=\mathgroup6
LaTeX Font Info:    Overwriting symbol font `lasy' in version `bold'
(Font)                  U/lasy/m/n --> U/lasy/b/n on input line 47.
)
\@acmtitlebox=\box28
\titlenotecount=\count101
\tntoks=\toks24
\tntokstwo=\toks25
\tntoksthree=\toks26
\tntoksfour=\toks27
\tntoksfive=\toks28
\catcount=\count102
\copyrightnotice=\toks29
\conf=\toks30
\confinfo=\toks31
\c@part=\count103
\c@section=\count104
\c@subsection=\count105
\c@subsubsection=\count106
\c@paragraph=\count107

Using 'Abbrev' bibliography style
\bibindent=\dimen122
\colcntr=\count108
\savebox=\box29
(/usr/local/texlive/2011/texmf-dist/tex/latex/base/fontenc.sty
Package: fontenc 2005/09/27 v1.99g Standard LaTeX package

(/usr/local/texlive/2011/texmf-dist/tex/latex/base/t1enc.def
File: t1enc.def 2005/09/27 v1.99g Standard LaTeX file
LaTeX Font Info:    Redeclaring font encoding T1 on input line 43.
)
LaTeX Font Info:    Try loading font information for T1+aer on input line 100.

(/usr/local/texlive/2011/texmf-dist/tex/latex/ae/t1aer.fd
File: t1aer.fd 1997/11/16 Font definitions for T1/aer.
)))
(/usr/local/texlive/2011/texmf-dist/tex/latex/base/textcomp.sty
Package: textcomp 2005/09/27 v1.99g Standard LaTeX package
Package textcomp Info: Sub-encoding information:
(textcomp)               5 = only ISO-Adobe without \textcurrency
(textcomp)               4 = 5 + \texteuro
(textcomp)               3 = 4 + \textohm
(textcomp)               2 = 3 + \textestimated + \textcurrency
(textcomp)               1 = TS1 - \textcircled - \t
(textcomp)               0 = TS1 (full)
(textcomp)             Font families with sub-encoding setting implement
(textcomp)             only a restricted character set as indicated.
(textcomp)             Family '?' is the default used for unknown fonts.
(textcomp)             See the documentation for details.
Package textcomp Info: Setting ? sub-encoding to TS1/1 on input line 71.

(/usr/local/texlive/2011/texmf-dist/tex/latex/base/ts1enc.def
File: ts1enc.def 2001/06/05 v3.0e (jk/car/fm) Standard LaTeX file
)
LaTeX Info: Redefining \oldstylenums on input line 266.
Package textcomp Info: Setting cmr sub-encoding to TS1/0 on input line 281.
Package textcomp Info: Setting cmss sub-encoding to TS1/0 on input line 282.
Package textcomp Info: Setting cmtt sub-encoding to TS1/0 on input line 283.
Package textcomp Info: Setting cmvtt sub-encoding to TS1/0 on input line 284.
Package textcomp Info: Setting cmbr sub-encoding to TS1/0 on input line 285.
Package textcomp Info: Setting cmtl sub-encoding to TS1/0 on input line 286.
Package textcomp Info: Setting ccr sub-encoding to TS1/0 on input line 287.
Package textcomp Info: Setting ptm sub-encoding to TS1/4 on input line 288.
Package textcomp Info: Setting pcr sub-encoding to TS1/4 on input line 289.
Package textcomp Info: Setting phv sub-encoding to TS1/4 on input line 290.
Package textcomp Info: Setting ppl sub-encoding to TS1/3 on input line 291.
Package textcomp Info: Setting pag sub-encoding to TS1/4 on input line 292.
Package textcomp Info: Setting pbk sub-encoding to TS1/4 on input line 293.
Package textcomp Info: Setting pnc sub-encoding to TS1/4 on input line 294.
Package textcomp Info: Setting pzc sub-encoding to TS1/4 on input line 295.
Package textcomp Info: Setting bch sub-encoding to TS1/4 on input line 296.
Package textcomp Info: Setting put sub-encoding to TS1/5 on input line 297.
Package textcomp Info: Setting uag sub-encoding to TS1/5 on input line 298.
Package textcomp Info: Setting ugq sub-encoding to TS1/5 on input line 299.
Package textcomp Info: Setting ul8 sub-encoding to TS1/4 on input line 300.
Package textcomp Info: Setting ul9 sub-encoding to TS1/4 on input line 301.
Package textcomp Info: Setting augie sub-encoding to TS1/5 on input line 302.
Package textcomp Info: Setting dayrom sub-encoding to TS1/3 on input line 303.
Package textcomp Info: Setting dayroms sub-encoding to TS1/3 on input line 304.

Package textcomp Info: Setting pxr sub-encoding to TS1/0 on input line 305.
Package textcomp Info: Setting pxss sub-encoding to TS1/0 on input line 306.
Package textcomp Info: Setting pxtt sub-encoding to TS1/0 on input line 307.
Package textcomp Info: Setting txr sub-encoding to TS1/0 on input line 308.
Package textcomp Info: Setting txss sub-encoding to TS1/0 on input line 309.
Package textcomp Info: Setting txtt sub-encoding to TS1/0 on input line 310.
Package textcomp Info: Setting futs sub-encoding to TS1/4 on input line 311.
Package textcomp Info: Setting futx sub-encoding to TS1/4 on input line 312.
Package textcomp Info: Setting futj sub-encoding to TS1/4 on input line 313.
Package textcomp Info: Setting hlh sub-encoding to TS1/3 on input line 314.
Package textcomp Info: Setting hls sub-encoding to TS1/3 on input line 315.
Package textcomp Info: Setting hlst sub-encoding to TS1/3 on input line 316.
Package textcomp Info: Setting hlct sub-encoding to TS1/5 on input line 317.
Package textcomp Info: Setting hlx sub-encoding to TS1/5 on input line 318.
Package textcomp Info: Setting hlce sub-encoding to TS1/5 on input line 319.
Package textcomp Info: Setting hlcn sub-encoding to TS1/5 on input line 320.
Package textcomp Info: Setting hlcw sub-encoding to TS1/5 on input line 321.
Package textcomp Info: Setting hlcf sub-encoding to TS1/5 on input line 322.
Package textcomp Info: Setting pplx sub-encoding to TS1/3 on input line 323.
Package textcomp Info: Setting pplj sub-encoding to TS1/3 on input line 324.
Package textcomp Info: Setting ptmx sub-encoding to TS1/4 on input line 325.
Package textcomp Info: Setting ptmj sub-encoding to TS1/4 on input line 326.
)
(./informePS.aux

LaTeX Warning: Label `fig:tanh' multiply defined.


LaTeX Warning: Label `fig:lineal' multiply defined.


LaTeX Warning: Label `fig:step' multiply defined.

)
\openout1 = `informePS.aux'.

LaTeX Font Info:    Checking defaults for OML/cmm/m/it on input line 5.
LaTeX Font Info:    ... okay on input line 5.
LaTeX Font Info:    Checking defaults for T1/cmr/m/n on input line 5.
LaTeX Font Info:    ... okay on input line 5.
LaTeX Font Info:    Checking defaults for OT1/cmr/m/n on input line 5.
LaTeX Font Info:    ... okay on input line 5.
LaTeX Font Info:    Checking defaults for OMS/cmsy/m/n on input line 5.
LaTeX Font Info:    ... okay on input line 5.
LaTeX Font Info:    Checking defaults for OMX/cmex/m/n on input line 5.
LaTeX Font Info:    ... okay on input line 5.
LaTeX Font Info:    Checking defaults for U/cmr/m/n on input line 5.
LaTeX Font Info:    ... okay on input line 5.
LaTeX Font Info:    Checking defaults for TS1/cmr/m/n on input line 5.
LaTeX Font Info:    Try loading font information for TS1+cmr on input line 5.
 (/usr/local/texlive/2011/texmf-dist/tex/latex/base/ts1cmr.fd
File: ts1cmr.fd 1999/05/25 v2.5h Standard LaTeX font definitions
)
LaTeX Font Info:    ... okay on input line 5.

(/usr/local/texlive/2011/texmf-dist/tex/context/base/supp-pdf.mkii
[Loading MPS to PDF converter (version 2006.09.02).]
\scratchcounter=\count109
\scratchdimen=\dimen123
\scratchbox=\box30
\nofMPsegments=\count110
\nofMParguments=\count111
\everyMPshowfont=\toks32
\MPscratchCnt=\count112
\MPscratchDim=\dimen124
\MPnumerator=\count113
\makeMPintoPDFobject=\count114
\everyMPtoPDFconversion=\toks33
) (/usr/local/texlive/2011/texmf-dist/tex/generic/oberdiek/pdftexcmds.sty
Package: pdftexcmds 2011/04/22 v0.16 Utilities of pdfTeX for LuaTeX (HO)

(/usr/local/texlive/2011/texmf-dist/tex/generic/oberdiek/ifluatex.sty
Package: ifluatex 2010/03/01 v1.3 Provides the ifluatex switch (HO)
Package ifluatex Info: LuaTeX not detected.
)
(/usr/local/texlive/2011/texmf-dist/tex/generic/oberdiek/ifpdf.sty
Package: ifpdf 2011/01/30 v2.3 Provides the ifpdf switch (HO)
Package ifpdf Info: pdfTeX in PDF mode is detected.
)
Package pdftexcmds Info: LuaTeX not detected.
Package pdftexcmds Info: \pdf@primitive is available.
Package pdftexcmds Info: \pdf@ifprimitive is available.
Package pdftexcmds Info: \pdfdraftmode found.
)
(/usr/local/texlive/2011/texmf-dist/tex/latex/oberdiek/epstopdf-base.sty
Package: epstopdf-base 2010/02/09 v2.5 Base part for package epstopdf

(/usr/local/texlive/2011/texmf-dist/tex/latex/oberdiek/grfext.sty
Package: grfext 2010/08/19 v1.1 Managing graphics extensions (HO)

(/usr/local/texlive/2011/texmf-dist/tex/generic/oberdiek/kvdefinekeys.sty
Package: kvdefinekeys 2011/04/07 v1.3 Defining keys (HO)
))
(/usr/local/texlive/2011/texmf-dist/tex/latex/oberdiek/kvoptions.sty
Package: kvoptions 2010/12/23 v3.10 Keyval support for LaTeX options (HO)

(/usr/local/texlive/2011/texmf-dist/tex/generic/oberdiek/kvsetkeys.sty
Package: kvsetkeys 2011/04/07 v1.13 Key value parser (HO)

(/usr/local/texlive/2011/texmf-dist/tex/generic/oberdiek/etexcmds.sty
Package: etexcmds 2011/02/16 v1.5 Prefix for e-TeX command names (HO)
Package etexcmds Info: Could not find \expanded.
(etexcmds)             That can mean that you are not using pdfTeX 1.50 or
(etexcmds)             that some package has redefined \expanded.
(etexcmds)             In the latter case, load this package earlier.
)))
Package grfext Info: Graphics extension search list:
(grfext)             [.png,.pdf,.jpg,.mps,.jpeg,.jbig2,.jb2,.PNG,.PDF,.JPG,.JPE
G,.JBIG2,.JB2,.eps]
(grfext)             \AppendGraphicsExtensions on input line 452.

(/usr/local/texlive/2011/texmf-dist/tex/latex/latexconfig/epstopdf-sys.cfg
File: epstopdf-sys.cfg 2010/07/13 v1.3 Configuration of (r)epstopdf for TeX Liv
e
))
LaTeX Font Info:    Try loading font information for U+msa on input line 20.

(/usr/local/texlive/2011/texmf-dist/tex/latex/amsfonts/umsa.fd
File: umsa.fd 2009/06/22 v3.00 AMS symbols A
)
LaTeX Font Info:    Try loading font information for U+msb on input line 20.

(/usr/local/texlive/2011/texmf-dist/tex/latex/amsfonts/umsb.fd
File: umsb.fd 2009/06/22 v3.00 AMS symbols B
)
LaTeX Font Info:    Try loading font information for U+lasy on input line 20.

(/usr/local/texlive/2011/texmf-dist/tex/latex/base/ulasy.fd
File: ulasy.fd 1998/08/17 v2.2e LaTeX symbol font definitions
)
Underfull \hbox (badness 10000) in paragraph at lines 23--25

 []

Package epstopdf Info: Source file: <images/PuriAnd/AND_N5_err001_tanh.eps>
(epstopdf)                    date: 2012-04-11 23:21:17
(epstopdf)                    size: 47739 bytes
(epstopdf)             Output file: <images/PuriAnd/AND_N5_err001_tanh-eps-conv
erted-to.pdf>
(epstopdf)                    date: 2012-04-11 23:52:39
(epstopdf)                    size: 14244 bytes
(epstopdf)             Command: <repstopdf --outfile=images/PuriAnd/AND_N5_err0
01_tanh-eps-converted-to.pdf images/PuriAnd/AND_N5_err001_tanh.eps>
(epstopdf)             \includegraphics on input line 62.
Package epstopdf Info: Output file is already uptodate.

<images/PuriAnd/AND_N5_err001_tanh-eps-converted-to.pdf, id=1, 449.68pt x 338.2
6375pt>
File: images/PuriAnd/AND_N5_err001_tanh-eps-converted-to.pdf Graphic file (type
 pdf)
 <use images/PuriAnd/AND_N5_err001_tanh-eps-converted-to.pdf>
Package pdftex.def Info: images/PuriAnd/AND_N5_err001_tanh-eps-converted-to.pdf
 used on input line 62.
(pdftex.def)             Requested size: 224.83945pt x 169.13145pt.
Package epstopdf Info: Source file: <images/PuriAnd/AND_N5_err001_lineal__error
.eps>
(epstopdf)                    date: 2012-04-11 23:14:36
(epstopdf)                    size: 16102 bytes
(epstopdf)             Output file: <images/PuriAnd/AND_N5_err001_lineal__error
-eps-converted-to.pdf>
(epstopdf)                    date: 2012-04-11 23:52:55
(epstopdf)                    size: 10073 bytes
(epstopdf)             Command: <repstopdf --outfile=images/PuriAnd/AND_N5_err0
01_lineal__error-eps-converted-to.pdf images/PuriAnd/AND_N5_err001_lineal__erro
r.eps>
(epstopdf)             \includegraphics on input line 68.
Package epstopdf Info: Output file is already uptodate.

<images/PuriAnd/AND_N5_err001_lineal__error-eps-converted-to.pdf, id=2, 449.68p
t x 338.26375pt>
File: images/PuriAnd/AND_N5_err001_lineal__error-eps-converted-to.pdf Graphic f
ile (type pdf)

<use images/PuriAnd/AND_N5_err001_lineal__error-eps-converted-to.pdf>
Package pdftex.def Info: images/PuriAnd/AND_N5_err001_lineal__error-eps-convert
ed-to.pdf used on input line 68.
(pdftex.def)             Requested size: 224.83945pt x 169.13145pt.
Package epstopdf Info: Source file: <images/PuriAnd/AND_N5_err001_step.eps>
(epstopdf)                    date: 2012-04-11 23:18:11
(epstopdf)                    size: 12253 bytes
(epstopdf)             Output file: <images/PuriAnd/AND_N5_err001_step-eps-conv
erted-to.pdf>
(epstopdf)                    date: 2012-04-11 23:52:40
(epstopdf)                    size: 7810 bytes
(epstopdf)             Command: <repstopdf --outfile=images/PuriAnd/AND_N5_err0
01_step-eps-converted-to.pdf images/PuriAnd/AND_N5_err001_step.eps>
(epstopdf)             \includegraphics on input line 74.
Package epstopdf Info: Output file is already uptodate.

<images/PuriAnd/AND_N5_err001_step-eps-converted-to.pdf, id=3, 449.68pt x 338.2
6375pt>
File: images/PuriAnd/AND_N5_err001_step-eps-converted-to.pdf Graphic file (type
 pdf)
 <use images/PuriAnd/AND_N5_err001_step-eps-converted-to.pdf>
Package pdftex.def Info: images/PuriAnd/AND_N5_err001_step-eps-converted-to.pdf
 used on input line 74.
(pdftex.def)             Requested size: 224.83945pt x 169.13145pt.
Package epstopdf Info: Source file: <images/PuriOr/OR_N5_err001_tanh.eps>
(epstopdf)                    date: 2012-04-11 23:33:14
(epstopdf)                    size: 47800 bytes
(epstopdf)             Output file: <images/PuriOr/OR_N5_err001_tanh-eps-conver
ted-to.pdf>
(epstopdf)                    date: 2012-04-11 23:55:13
(epstopdf)                    size: 13426 bytes
(epstopdf)             Command: <repstopdf --outfile=images/PuriOr/OR_N5_err001
_tanh-eps-converted-to.pdf images/PuriOr/OR_N5_err001_tanh.eps>
(epstopdf)             \includegraphics on input line 80.
Package epstopdf Info: Output file is already uptodate.

<images/PuriOr/OR_N5_err001_tanh-eps-converted-to.pdf, id=4, 449.68pt x 338.263
75pt>
File: images/PuriOr/OR_N5_err001_tanh-eps-converted-to.pdf Graphic file (type p
df)
 <use images/PuriOr/OR_N5_err001_tanh-eps-converted-to.pdf>
Package pdftex.def Info: images/PuriOr/OR_N5_err001_tanh-eps-converted-to.pdf u
sed on input line 80.
(pdftex.def)             Requested size: 224.83945pt x 169.13145pt.
Package epstopdf Info: Source file: <images/PuriOr/OR_N5_err001_lineal__error.e
ps>
(epstopdf)                    date: 2012-04-11 23:37:51
(epstopdf)                    size: 16166 bytes
(epstopdf)             Output file: <images/PuriOr/OR_N5_err001_lineal__error-e
ps-converted-to.pdf>
(epstopdf)                    date: 2012-04-11 23:55:14
(epstopdf)                    size: 10064 bytes
(epstopdf)             Command: <repstopdf --outfile=images/PuriOr/OR_N5_err001
_lineal__error-eps-converted-to.pdf images/PuriOr/OR_N5_err001_lineal__error.ep
s>
(epstopdf)             \includegraphics on input line 86.
Package epstopdf Info: Output file is already uptodate.

<images/PuriOr/OR_N5_err001_lineal__error-eps-converted-to.pdf, id=5, 449.68pt 
x 338.26375pt>
File: images/PuriOr/OR_N5_err001_lineal__error-eps-converted-to.pdf Graphic fil
e (type pdf)

<use images/PuriOr/OR_N5_err001_lineal__error-eps-converted-to.pdf>
Package pdftex.def Info: images/PuriOr/OR_N5_err001_lineal__error-eps-converted
-to.pdf used on input line 86.
(pdftex.def)             Requested size: 224.83945pt x 169.13145pt.
Package epstopdf Info: Source file: <images/PuriOr/OR_N5_err001_step.eps>
(epstopdf)                    date: 2012-04-11 23:33:48
(epstopdf)                    size: 12005 bytes
(epstopdf)             Output file: <images/PuriOr/OR_N5_err001_step-eps-conver
ted-to.pdf>
(epstopdf)                    date: 2012-04-11 23:55:14
(epstopdf)                    size: 7694 bytes
(epstopdf)             Command: <repstopdf --outfile=images/PuriOr/OR_N5_err001
_step-eps-converted-to.pdf images/PuriOr/OR_N5_err001_step.eps>
(epstopdf)             \includegraphics on input line 92.
Package epstopdf Info: Output file is already uptodate.

<images/PuriOr/OR_N5_err001_step-eps-converted-to.pdf, id=6, 449.68pt x 338.263
75pt>
File: images/PuriOr/OR_N5_err001_step-eps-converted-to.pdf Graphic file (type p
df)
 <use images/PuriOr/OR_N5_err001_step-eps-converted-to.pdf>
Package pdftex.def Info: images/PuriOr/OR_N5_err001_step-eps-converted-to.pdf u
sed on input line 92.
(pdftex.def)             Requested size: 224.83945pt x 169.13145pt.
Package epstopdf Info: Source file: <images/PuriAnd/AND_N3_err001_tanh.eps>
(epstopdf)                    date: 2012-04-11 23:19:39
(epstopdf)                    size: 22229 bytes
(epstopdf)             Output file: <images/PuriAnd/AND_N3_err001_tanh-eps-conv
erted-to.pdf>
(epstopdf)             Command: <repstopdf --outfile=images/PuriAnd/AND_N3_err0
01_tanh-eps-converted-to.pdf images/PuriAnd/AND_N3_err001_tanh.eps>
(epstopdf)             \includegraphics on input line 99.
runsystem(repstopdf --outfile=images/PuriAnd/AND_N3_err001_tanh-eps-converted-t
o.pdf images/PuriAnd/AND_N3_err001_tanh.eps)...executed safely (allowed).

Package epstopdf Info: Result file: <images/PuriAnd/AND_N3_err001_tanh-eps-conv
erted-to.pdf>
(epstopdf)                    date: 2012-04-12 00:05:08
(epstopdf)                    size: 11005 bytes.

<images/PuriAnd/AND_N3_err001_tanh-eps-converted-to.pdf, id=7, 449.68pt x 338.2
6375pt>
File: images/PuriAnd/AND_N3_err001_tanh-eps-converted-to.pdf Graphic file (type
 pdf)
 <use images/PuriAnd/AND_N3_err001_tanh-eps-converted-to.pdf>
Package pdftex.def Info: images/PuriAnd/AND_N3_err001_tanh-eps-converted-to.pdf
 used on input line 99.
(pdftex.def)             Requested size: 224.83945pt x 169.13145pt.
Package epstopdf Info: Source file: <images/PuriAnd/AND_N3_err001_lineal__error
.eps>
(epstopdf)                    date: 2012-04-11 23:13:48
(epstopdf)                    size: 25726 bytes
(epstopdf)             Output file: <images/PuriAnd/AND_N3_err001_lineal__error
-eps-converted-to.pdf>
(epstopdf)             Command: <repstopdf --outfile=images/PuriAnd/AND_N3_err0
01_lineal__error-eps-converted-to.pdf images/PuriAnd/AND_N3_err001_lineal__erro
r.eps>
(epstopdf)             \includegraphics on input line 105.
runsystem(repstopdf --outfile=images/PuriAnd/AND_N3_err001_lineal__error-eps-co
nverted-to.pdf images/PuriAnd/AND_N3_err001_lineal__error.eps)...executed safel
y (allowed).

Package epstopdf Info: Result file: <images/PuriAnd/AND_N3_err001_lineal__error
-eps-converted-to.pdf>
(epstopdf)                    date: 2012-04-12 00:05:09
(epstopdf)                    size: 16793 bytes.

<images/PuriAnd/AND_N3_err001_lineal__error-eps-converted-to.pdf, id=8, 449.68p
t x 338.26375pt>
File: images/PuriAnd/AND_N3_err001_lineal__error-eps-converted-to.pdf Graphic f
ile (type pdf)

<use images/PuriAnd/AND_N3_err001_lineal__error-eps-converted-to.pdf>
Package pdftex.def Info: images/PuriAnd/AND_N3_err001_lineal__error-eps-convert
ed-to.pdf used on input line 105.
(pdftex.def)             Requested size: 224.83945pt x 169.13145pt.
Package epstopdf Info: Source file: <images/PuriAnd/AND_N3_err001_step.eps>
(epstopdf)                    date: 2012-04-11 23:16:57
(epstopdf)                    size: 10518 bytes
(epstopdf)             Output file: <images/PuriAnd/AND_N3_err001_step-eps-conv
erted-to.pdf>
(epstopdf)             Command: <repstopdf --outfile=images/PuriAnd/AND_N3_err0
01_step-eps-converted-to.pdf images/PuriAnd/AND_N3_err001_step.eps>
(epstopdf)             \includegraphics on input line 111.
runsystem(repstopdf --outfile=images/PuriAnd/AND_N3_err001_step-eps-converted-t
o.pdf images/PuriAnd/AND_N3_err001_step.eps)...executed safely (allowed).

Package epstopdf Info: Result file: <images/PuriAnd/AND_N3_err001_step-eps-conv
erted-to.pdf>
(epstopdf)                    date: 2012-04-12 00:05:10
(epstopdf)                    size: 7319 bytes.

<images/PuriAnd/AND_N3_err001_step-eps-converted-to.pdf, id=9, 449.68pt x 338.2
6375pt>
File: images/PuriAnd/AND_N3_err001_step-eps-converted-to.pdf Graphic file (type
 pdf)
 <use images/PuriAnd/AND_N3_err001_step-eps-converted-to.pdf>
Package pdftex.def Info: images/PuriAnd/AND_N3_err001_step-eps-converted-to.pdf
 used on input line 111.
(pdftex.def)             Requested size: 224.83945pt x 169.13145pt.
Package epstopdf Info: Source file: <images/PuriOr/OR_N3_err001_tanh.eps>
(epstopdf)                    date: 2012-04-11 23:32:05
(epstopdf)                    size: 22352 bytes
(epstopdf)             Output file: <images/PuriOr/OR_N3_err001_tanh-eps-conver
ted-to.pdf>
(epstopdf)             Command: <repstopdf --outfile=images/PuriOr/OR_N3_err001
_tanh-eps-converted-to.pdf images/PuriOr/OR_N3_err001_tanh.eps>
(epstopdf)             \includegraphics on input line 117.
runsystem(repstopdf --outfile=images/PuriOr/OR_N3_err001_tanh-eps-converted-to.
pdf images/PuriOr/OR_N3_err001_tanh.eps)...executed safely (allowed).

Package epstopdf Info: Result file: <images/PuriOr/OR_N3_err001_tanh-eps-conver
ted-to.pdf>
(epstopdf)                    date: 2012-04-12 00:05:11
(epstopdf)                    size: 10438 bytes.

<images/PuriOr/OR_N3_err001_tanh-eps-converted-to.pdf, id=10, 449.68pt x 338.26
375pt>
File: images/PuriOr/OR_N3_err001_tanh-eps-converted-to.pdf Graphic file (type p
df)
 <use images/PuriOr/OR_N3_err001_tanh-eps-converted-to.pdf>
Package pdftex.def Info: images/PuriOr/OR_N3_err001_tanh-eps-converted-to.pdf u
sed on input line 117.
(pdftex.def)             Requested size: 224.83945pt x 169.13145pt.
Package epstopdf Info: Source file: <images/PuriOr/OR_N3_err001_lineal__error.e
ps>
(epstopdf)                    date: 2012-04-11 23:36:30
(epstopdf)                    size: 25851 bytes
(epstopdf)             Output file: <images/PuriOr/OR_N3_err001_lineal__error-e
ps-converted-to.pdf>
(epstopdf)             Command: <repstopdf --outfile=images/PuriOr/OR_N3_err001
_lineal__error-eps-converted-to.pdf images/PuriOr/OR_N3_err001_lineal__error.ep
s>
(epstopdf)             \includegraphics on input line 123.
runsystem(repstopdf --outfile=images/PuriOr/OR_N3_err001_lineal__error-eps-conv
erted-to.pdf images/PuriOr/OR_N3_err001_lineal__error.eps)...executed safely (a
llowed).

Package epstopdf Info: Result file: <images/PuriOr/OR_N3_err001_lineal__error-e
ps-converted-to.pdf>
(epstopdf)                    date: 2012-04-12 00:05:11
(epstopdf)                    size: 16588 bytes.

<images/PuriOr/OR_N3_err001_lineal__error-eps-converted-to.pdf, id=11, 449.68pt
 x 338.26375pt>
File: images/PuriOr/OR_N3_err001_lineal__error-eps-converted-to.pdf Graphic fil
e (type pdf)

<use images/PuriOr/OR_N3_err001_lineal__error-eps-converted-to.pdf>
Package pdftex.def Info: images/PuriOr/OR_N3_err001_lineal__error-eps-converted
-to.pdf used on input line 123.
(pdftex.def)             Requested size: 224.83945pt x 169.13145pt.
Package epstopdf Info: Source file: <images/PuriOr/OR_N3_err001_step.eps>
(epstopdf)                    date: 2012-04-11 23:34:15
(epstopdf)                    size: 10710 bytes
(epstopdf)             Output file: <images/PuriOr/OR_N3_err001_step-eps-conver
ted-to.pdf>
(epstopdf)             Command: <repstopdf --outfile=images/PuriOr/OR_N3_err001
_step-eps-converted-to.pdf images/PuriOr/OR_N3_err001_step.eps>
(epstopdf)             \includegraphics on input line 129.
runsystem(repstopdf --outfile=images/PuriOr/OR_N3_err001_step-eps-converted-to.
pdf images/PuriOr/OR_N3_err001_step.eps)...executed safely (allowed).

Package epstopdf Info: Result file: <images/PuriOr/OR_N3_err001_step-eps-conver
ted-to.pdf>
(epstopdf)                    date: 2012-04-12 00:05:12
(epstopdf)                    size: 7358 bytes.

<images/PuriOr/OR_N3_err001_step-eps-converted-to.pdf, id=12, 449.68pt x 338.26
375pt>
File: images/PuriOr/OR_N3_err001_step-eps-converted-to.pdf Graphic file (type p
df)
 <use images/PuriOr/OR_N3_err001_step-eps-converted-to.pdf>
Package pdftex.def Info: images/PuriOr/OR_N3_err001_step-eps-converted-to.pdf u
sed on input line 129.
(pdftex.def)             Requested size: 224.83945pt x 169.13145pt.
 [1{/usr/local/texlive/2011/texmf-var/fonts/map/pdftex/updmap/pdftex.map}


] [2 <./images/PuriAnd/AND_N5_err001_tanh-eps-converted-to.pdf> <./images/PuriA
nd/AND_N5_err001_lineal__error-eps-converted-to.pdf> <./images/PuriAnd/AND_N5_e
rr001_step-eps-converted-to.pdf> <./images/PuriOr/OR_N5_err001_tanh-eps-convert
ed-to.pdf> <./images/PuriOr/OR_N5_err001_lineal__error-eps-converted-to.pdf> <.
/images/PuriOr/OR_N5_err001_step-eps-converted-to.pdf>] [3 <./images/PuriAnd/AN
D_N3_err001_tanh-eps-converted-to.pdf> <./images/PuriAnd/AND_N3_err001_lineal__
error-eps-converted-to.pdf> <./images/PuriAnd/AND_N3_err001_step-eps-converted-
to.pdf> <./images/PuriOr/OR_N3_err001_tanh-eps-converted-to.pdf> <./images/Puri
Or/OR_N3_err001_lineal__error-eps-converted-to.pdf> <./images/PuriOr/OR_N3_err0
01_step-eps-converted-to.pdf>] (./informePS.aux)

LaTeX Warning: There were multiply-defined labels.

 ) 
Here is how much of TeX's memory you used:
 3232 strings out of 493633
 44716 string characters out of 3143378
 99892 words of memory out of 3000000
 6444 multiletter control sequences out of 15000+200000
 50309 words of font info for 66 fonts, out of 3000000 for 9000
 831 hyphenation exceptions out of 8191
 41i,10n,26p,703b,240s stack positions out of 5000i,500n,10000p,200000b,50000s
{/usr/local/texlive/2011/texmf-dist/fonts/enc/dvips/base/8r.enc}</usr/local/t
exlive/2011/texmf-dist/fonts/type1/public/amsfonts/cm/cmbx9.pfb></usr/local/tex
live/2011/texmf-dist/fonts/type1/public/amsfonts/cm/cmmi6.pfb></usr/local/texli
ve/2011/texmf-dist/fonts/type1/public/amsfonts/cm/cmmi9.pfb></usr/local/texlive
/2011/texmf-dist/fonts/type1/public/amsfonts/cm/cmr9.pfb></usr/local/texlive/20
11/texmf-dist/fonts/type1/public/amsfonts/cm/cmsy6.pfb></usr/local/texlive/2011
/texmf-dist/fonts/type1/public/amsfonts/cm/cmsy9.pfb></usr/local/texlive/2011/t
exmf-dist/fonts/type1/public/amsfonts/cm/cmti9.pfb></usr/local/texlive/2011/tex
mf-dist/fonts/type1/urw/helvetic/uhvb8a.pfb></usr/local/texlive/2011/texmf-dist
/fonts/type1/urw/helvetic/uhvr8a.pfb></usr/local/texlive/2011/texmf-dist/fonts/
type1/urw/times/utmb8a.pfb>
Output written on informePS.pdf (3 pages, 197915 bytes).
PDF statistics:
 127 PDF objects out of 1000 (max. 8388607)
 87 compressed objects within 1 object stream
 0 named destinations out of 1000 (max. 500000)
 61 words of extra memory for PDF output out of 10000 (max. 10000000)

